<?xml version="1.0" encoding="UTF-8"?>
<!-- Generated by org.testng.reporters.JUnitXMLReporter -->
<testsuite ignored="0" hostname="MacBook-Pro.local" failures="3" tests="3" name="API Tests" time="763.429" errors="0" timestamp="2026-04-05T22:14:57 TRT">
  <testcase classname="io.cucumber.testng.AbstractTestNGCucumberTests" name="runScenario" time="664.109">
    <failure type="java.lang.AssertionError" message="Expected status code 200 but got 422
Response body: {&amp;quot;status&amp;quot;:&amp;quot;FAILURE&amp;quot;,&amp;quot;requestId&amp;quot;:&amp;quot;06478919-f9d2-4f52-870d-b857cf8c3152&amp;quot;,&amp;quot;datetime&amp;quot;:&amp;quot;05-04-2026 22:13:18&amp;quot;,&amp;quot;error&amp;quot;:{&amp;quot;errorInfo&amp;quot;:&amp;quot;err.empty&amp;quot;}} expected [200] but found [422]">
      <![CDATA[java.lang.AssertionError: Expected status code 200 but got 422
Response body: {"status":"FAILURE","requestId":"06478919-f9d2-4f52-870d-b857cf8c3152","datetime":"05-04-2026 22:13:18","error":{"errorInfo":"err.empty"}} expected [200] but found [422]
at stepDefinitions.ApiLoginStepDefinitions.apiResponseStatusCodeShouldBe(ApiLoginStepDefinitions.java:48)
at ✽.API response status code should be 200(file:///Users/yusuf/software/test/CucumberProjects/selenium-project-main/src/test/resources/Features/ApiLogin.feature:7)
... Removed 5 stack frames]]>
    </failure>
  </testcase> <!-- runScenario -->
  <testcase classname="io.cucumber.testng.AbstractTestNGCucumberTests" name="runScenario" time="53.101">
    <failure type="java.lang.AssertionError" message="Expected status code 200 but got 422
Response body: {&amp;quot;status&amp;quot;:&amp;quot;FAILURE&amp;quot;,&amp;quot;requestId&amp;quot;:&amp;quot;3fec6c76-b9c8-4efa-b29a-dd52655475e9&amp;quot;,&amp;quot;datetime&amp;quot;:&amp;quot;05-04-2026 22:14:12&amp;quot;,&amp;quot;error&amp;quot;:{&amp;quot;errorInfo&amp;quot;:&amp;quot;err.empty&amp;quot;}} expected [200] but found [422]">
      <![CDATA[java.lang.AssertionError: Expected status code 200 but got 422
Response body: {"status":"FAILURE","requestId":"3fec6c76-b9c8-4efa-b29a-dd52655475e9","datetime":"05-04-2026 22:14:12","error":{"errorInfo":"err.empty"}} expected [200] but found [422]
at stepDefinitions.ApiLoginStepDefinitions.apiResponseStatusCodeShouldBe(ApiLoginStepDefinitions.java:48)
at ✽.API response status code should be 200(file:///Users/yusuf/software/test/CucumberProjects/selenium-project-main/src/test/resources/Features/ApiLogin.feature:7)
... Removed 5 stack frames]]>
    </failure>
  </testcase> <!-- runScenario -->
  <testcase classname="io.cucumber.testng.AbstractTestNGCucumberTests" name="runScenario" time="43.327">
    <failure type="java.lang.AssertionError" message="Expected status code 200 but got 422
Response body: {&amp;quot;status&amp;quot;:&amp;quot;FAILURE&amp;quot;,&amp;quot;requestId&amp;quot;:&amp;quot;8e37b733-f4e3-4ad5-b980-43833c5d67bd&amp;quot;,&amp;quot;datetime&amp;quot;:&amp;quot;05-04-2026 22:14:55&amp;quot;,&amp;quot;error&amp;quot;:{&amp;quot;errorInfo&amp;quot;:&amp;quot;err.empty&amp;quot;}} expected [200] but found [422]">
      <![CDATA[java.lang.AssertionError: Expected status code 200 but got 422
Response body: {"status":"FAILURE","requestId":"8e37b733-f4e3-4ad5-b980-43833c5d67bd","datetime":"05-04-2026 22:14:55","error":{"errorInfo":"err.empty"}} expected [200] but found [422]
at stepDefinitions.ApiLoginStepDefinitions.apiResponseStatusCodeShouldBe(ApiLoginStepDefinitions.java:48)
at ✽.API response status code should be 200(file:///Users/yusuf/software/test/CucumberProjects/selenium-project-main/src/test/resources/Features/ApiLogin.feature:7)
... Removed 5 stack frames]]>
    </failure>
  </testcase> <!-- runScenario -->
</testsuite> <!-- API Tests -->
