<?xml version="1.0" encoding="UTF-8"?>
<!-- Generated by org.testng.reporters.JUnitXMLReporter -->
<testsuite ignored="0" hostname="MacBook-Pro.local" failures="1" tests="1" name="Cucumber" time="24.051" errors="0" timestamp="2024-11-18T21:23:23 GMT+03:00">
  <testcase classname="io.cucumber.testng.AbstractTestNGCucumberTests" name="runScenario" time="20.774">
    <failure type="org.openqa.selenium.TimeoutException" message="timeout: Timed out receiving message from renderer: 10.000
  (Session info: chrome=131.0.6778.70)
Build info: version: &amp;apos;4.14.0&amp;apos;, revision: &amp;apos;e5a96349ce&amp;apos;
System info: os.name: &amp;apos;Mac OS X&amp;apos;, os.arch: &amp;apos;aarch64&amp;apos;, os.version: &amp;apos;14.6.1&amp;apos;, java.version: &amp;apos;23.0.1&amp;apos;
Driver info: org.openqa.selenium.chrome.ChromeDriver
Command: [cbc6686c7ab2dedf2bedbc2e98ae358e, clickElement {id=f.3AE241A7FB5389C4E035A4E2B5979660.d.B0A96BF7822773317730FB1E9F45928A.e.169}]
Capabilities {acceptInsecureCerts: false, browserName: chrome, browserVersion: 131.0.6778.70, chrome: {chromedriverVersion: 131.0.6778.69 (77e2244bbcda..., userDataDir: /var/folders/t1/rl_v5fcd6bg...}, fedcm:accounts: true, goog:chromeOptions: {debuggerAddress: localhost:51588}, networkConnectionEnabled: false, pageLoadStrategy: normal, platformName: mac, proxy: Proxy(), se:cdp: ws://localhost:51588/devtoo..., se:cdpVersion: 131.0.6778.70, setWindowRect: true, strictFileInteractability: false, timeouts: {implicit: 0, pageLoad: 300000, script: 30000}, unhandledPromptBehavior: dismiss and notify, webauthn:extension:credBlob: true, webauthn:extension:largeBlob: true, webauthn:extension:minPinLength: true, webauthn:extension:prf: true, webauthn:virtualAuthenticators: true}
Element: [[ChromeDriver: chrome on mac (cbc6686c7ab2dedf2bedbc2e98ae358e)] -&amp;gt; xpath: //span[normalize-space()=&amp;apos;Sanal Oyunlar&amp;apos;]]
Session ID: cbc6686c7ab2dedf2bedbc2e98ae358e">
      <![CDATA[org.openqa.selenium.TimeoutException: timeout: Timed out receiving message from renderer: 10.000
  (Session info: chrome=131.0.6778.70)
Build info: version: '4.14.0', revision: 'e5a96349ce'
System info: os.name: 'Mac OS X', os.arch: 'aarch64', os.version: '14.6.1', java.version: '23.0.1'
Driver info: org.openqa.selenium.chrome.ChromeDriver
Command: [cbc6686c7ab2dedf2bedbc2e98ae358e, clickElement {id=f.3AE241A7FB5389C4E035A4E2B5979660.d.B0A96BF7822773317730FB1E9F45928A.e.169}]
Capabilities {acceptInsecureCerts: false, browserName: chrome, browserVersion: 131.0.6778.70, chrome: {chromedriverVersion: 131.0.6778.69 (77e2244bbcda..., userDataDir: /var/folders/t1/rl_v5fcd6bg...}, fedcm:accounts: true, goog:chromeOptions: {debuggerAddress: localhost:51588}, networkConnectionEnabled: false, pageLoadStrategy: normal, platformName: mac, proxy: Proxy(), se:cdp: ws://localhost:51588/devtoo..., se:cdpVersion: 131.0.6778.70, setWindowRect: true, strictFileInteractability: false, timeouts: {implicit: 0, pageLoad: 300000, script: 30000}, unhandledPromptBehavior: dismiss and notify, webauthn:extension:credBlob: true, webauthn:extension:largeBlob: true, webauthn:extension:minPinLength: true, webauthn:extension:prf: true, webauthn:virtualAuthenticators: true}
Element: [[ChromeDriver: chrome on mac (cbc6686c7ab2dedf2bedbc2e98ae358e)] -> xpath: //span[normalize-space()='Sanal Oyunlar']]
Session ID: cbc6686c7ab2dedf2bedbc2e98ae358e
at org.openqa.selenium.remote.codec.w3c.W3CHttpResponseCodec.createException(W3CHttpResponseCodec.java:200)
at org.openqa.selenium.remote.codec.w3c.W3CHttpResponseCodec.decode(W3CHttpResponseCodec.java:133)
at org.openqa.selenium.remote.codec.w3c.W3CHttpResponseCodec.decode(W3CHttpResponseCodec.java:52)
at org.openqa.selenium.remote.HttpCommandExecutor.execute(HttpCommandExecutor.java:191)
at org.openqa.selenium.remote.service.DriverCommandExecutor.invokeExecute(DriverCommandExecutor.java:196)
at org.openqa.selenium.remote.service.DriverCommandExecutor.execute(DriverCommandExecutor.java:171)
at org.openqa.selenium.remote.RemoteWebDriver.execute(RemoteWebDriver.java:602)
at org.openqa.selenium.remote.RemoteWebElement.execute(RemoteWebElement.java:224)
at org.openqa.selenium.remote.RemoteWebElement.click(RemoteWebElement.java:77)
at org.openqa.selenium.support.pagefactory.internal.LocatingElementHandler.invoke(LocatingElementHandler.java:51)
at jdk.proxy2/jdk.proxy2.$Proxy25.click(Unknown Source)
at util.ElementHelper.click(ElementHelper.java:34)
at Pages.VirtualGame.navigateToVirtualGamePage(VirtualGame.java:48)
at stepDefinitions.VirtualGameStepDefinitions.userNavigatesToVirtualGamesPage(VirtualGameStepDefinitions.java:17)
at ✽.User navigates to the Sanal Oyunlar page(file:///Users/yusuf/software/test/CucumberProjects/Cucumber-Milli-Piyango/src/test/resources/Features/VirtualGame.feature:6)
... Removed 5 stack frames]]>
    </failure>
  </testcase> <!-- runScenario -->
</testsuite> <!-- Cucumber -->
