<?xml version="1.0" encoding="UTF-8"?>
<!-- Generated by org.testng.reporters.JUnitXMLReporter -->
<testsuite ignored="0" hostname="TUR034P21S" failures="1" tests="1" name="Cucumber" time="24.548" errors="0" timestamp="2025-01-01T19:34:07 GMT+03:00">
  <testcase classname="io.cucumber.testng.AbstractTestNGCucumberTests" name="runScenario" time="22.234">
    <failure type="org.openqa.selenium.ElementClickInterceptedException" message="element click intercepted: Element &amp;lt;img src=&amp;quot;/area-riservata/assets/Arrow-Small-Right-Blue-B3s2ZO0S.svg&amp;quot; alt=&amp;quot;Next arrow icon&amp;quot;&amp;gt; is not clickable at point (1420, 327). Other element would receive the click: &amp;lt;div aria-hidden=&amp;quot;true&amp;quot; class=&amp;quot;MuiBackdrop-root css-2n0bt3-backdrop&amp;quot; style=&amp;quot;opacity: 1; transition: opacity 225ms cubic-bezier(0.4, 0, 0.2, 1);&amp;quot;&amp;gt;...&amp;lt;/div&amp;gt;
  (Session info: chrome=131.0.6778.205)
Build info: version: &amp;apos;4.14.0&amp;apos;, revision: &amp;apos;e5a96349ce&amp;apos;
System info: os.name: &amp;apos;Windows 10&amp;apos;, os.arch: &amp;apos;amd64&amp;apos;, os.version: &amp;apos;10.0&amp;apos;, java.version: &amp;apos;23.0.1&amp;apos;
Driver info: org.openqa.selenium.chrome.ChromeDriver
Command: [be7735fc03c4717f7535499f52cc622b, clickElement {id=f.2CB4CFDDC0B43060FF75006166FCDB97.d.F539A984CAAE154B10C753AA60AB191E.e.299}]
Capabilities {acceptInsecureCerts: false, browserName: chrome, browserVersion: 131.0.6778.205, chrome: {chromedriverVersion: 131.0.6778.204 (52183f9e99a..., userDataDir: C:\Users\demirci\AppData\Lo...}, fedcm:accounts: true, goog:chromeOptions: {debuggerAddress: localhost:60635}, networkConnectionEnabled: false, pageLoadStrategy: normal, platformName: windows, proxy: Proxy(), se:cdp: ws://localhost:60635/devtoo..., se:cdpVersion: 131.0.6778.205, setWindowRect: true, strictFileInteractability: false, timeouts: {implicit: 0, pageLoad: 300000, script: 30000}, unhandledPromptBehavior: dismiss and notify, webauthn:extension:credBlob: true, webauthn:extension:largeBlob: true, webauthn:extension:minPinLength: true, webauthn:extension:prf: true, webauthn:virtualAuthenticators: true}
Element: [[ChromeDriver: chrome on windows (be7735fc03c4717f7535499f52cc622b)] -&amp;gt; css selector: img[alt=&amp;apos;Next arrow icon&amp;apos;]]
Session ID: be7735fc03c4717f7535499f52cc622b">
      <![CDATA[org.openqa.selenium.ElementClickInterceptedException: element click intercepted: Element <img src="/area-riservata/assets/Arrow-Small-Right-Blue-B3s2ZO0S.svg" alt="Next arrow icon"> is not clickable at point (1420, 327). Other element would receive the click: <div aria-hidden="true" class="MuiBackdrop-root css-2n0bt3-backdrop" style="opacity: 1; transition: opacity 225ms cubic-bezier(0.4, 0, 0.2, 1);">...</div>
  (Session info: chrome=131.0.6778.205)
Build info: version: '4.14.0', revision: 'e5a96349ce'
System info: os.name: 'Windows 10', os.arch: 'amd64', os.version: '10.0', java.version: '23.0.1'
Driver info: org.openqa.selenium.chrome.ChromeDriver
Command: [be7735fc03c4717f7535499f52cc622b, clickElement {id=f.2CB4CFDDC0B43060FF75006166FCDB97.d.F539A984CAAE154B10C753AA60AB191E.e.299}]
Capabilities {acceptInsecureCerts: false, browserName: chrome, browserVersion: 131.0.6778.205, chrome: {chromedriverVersion: 131.0.6778.204 (52183f9e99a..., userDataDir: C:\Users\demirci\AppData\Lo...}, fedcm:accounts: true, goog:chromeOptions: {debuggerAddress: localhost:60635}, networkConnectionEnabled: false, pageLoadStrategy: normal, platformName: windows, proxy: Proxy(), se:cdp: ws://localhost:60635/devtoo..., se:cdpVersion: 131.0.6778.205, setWindowRect: true, strictFileInteractability: false, timeouts: {implicit: 0, pageLoad: 300000, script: 30000}, unhandledPromptBehavior: dismiss and notify, webauthn:extension:credBlob: true, webauthn:extension:largeBlob: true, webauthn:extension:minPinLength: true, webauthn:extension:prf: true, webauthn:virtualAuthenticators: true}
Element: [[ChromeDriver: chrome on windows (be7735fc03c4717f7535499f52cc622b)] -> css selector: img[alt='Next arrow icon']]
Session ID: be7735fc03c4717f7535499f52cc622b
at org.openqa.selenium.remote.codec.w3c.W3CHttpResponseCodec.createException(W3CHttpResponseCodec.java:200)
at org.openqa.selenium.remote.codec.w3c.W3CHttpResponseCodec.decode(W3CHttpResponseCodec.java:133)
at org.openqa.selenium.remote.codec.w3c.W3CHttpResponseCodec.decode(W3CHttpResponseCodec.java:52)
at org.openqa.selenium.remote.HttpCommandExecutor.execute(HttpCommandExecutor.java:191)
at org.openqa.selenium.remote.service.DriverCommandExecutor.invokeExecute(DriverCommandExecutor.java:196)
at org.openqa.selenium.remote.service.DriverCommandExecutor.execute(DriverCommandExecutor.java:171)
at org.openqa.selenium.remote.RemoteWebDriver.execute(RemoteWebDriver.java:602)
at org.openqa.selenium.remote.RemoteWebElement.execute(RemoteWebElement.java:224)
at org.openqa.selenium.remote.RemoteWebElement.click(RemoteWebElement.java:77)
at org.openqa.selenium.support.pagefactory.internal.LocatingElementHandler.invoke(LocatingElementHandler.java:51)
at jdk.proxy2/jdk.proxy2.$Proxy25.click(Unknown Source)
at util.ElementHelper.click(ElementHelper.java:32)
at Pages.TicketFilteringPage.selectOnNumaraGameFilter(TicketFilteringPage.java:50)
at stepDefinitions.TicketFilteringStepDefinitions.theUserFiltersBySelectingTheOnNumaraGame(TicketFilteringStepDefinitions.java:23)
at ✽.The user filters by selecting the On Numara game(file:///C:/Users/demirci/OneDrive%20-%20SISAL%20SPA/Desktop/selenium-project/src/test/resources/Features/CheckTicketDetail.feature:7)
... Removed 5 stack frames]]>
    </failure>
  </testcase> <!-- runScenario -->
</testsuite> <!-- Cucumber -->
