<?xml version="1.0" encoding="UTF-8"?>
<!-- Generated by org.testng.reporters.JUnitXMLReporter -->
<testsuite ignored="0" hostname="MacBook-Pro.local" failures="2" tests="2" name="Failed Scenarios Tests" time="19.309" errors="0" timestamp="2025-12-06T18:20:46 TRT">
  <testcase classname="io.cucumber.testng.AbstractTestNGCucumberTests" name="runScenario" time="8.423">
    <failure type="org.openqa.selenium.ElementClickInterceptedException" message="element click intercepted: Element &amp;lt;button type=&amp;quot;submit&amp;quot; id=&amp;quot;frg-button&amp;quot; class=&amp;quot;btn-login&amp;quot; data-sitekey=&amp;quot;6LdVl7MaAAAAAB99j0O1rzBTVEviZW5WdSBYylWn&amp;quot;&amp;gt;...&amp;lt;/button&amp;gt; is not clickable at point (680, 458). Other element would receive the click: &amp;lt;td class=&amp;quot;day&amp;quot;&amp;gt;...&amp;lt;/td&amp;gt;
  (Session info: chrome=142.0.7444.176)
Build info: version: &amp;apos;4.27.0&amp;apos;, revision: &amp;apos;d6e718d134&amp;apos;
System info: os.name: &amp;apos;Mac OS X&amp;apos;, os.arch: &amp;apos;aarch64&amp;apos;, os.version: &amp;apos;26.0.1&amp;apos;, java.version: &amp;apos;17.0.15&amp;apos;
Driver info: org.openqa.selenium.chrome.ChromeDriver
Command: [d38509a7d75bd9fa9304d7d0a2e34616, clickElement {id=f.2D7B48F292851F2F00F1CF7F7BB5E900.d.84E06EC4865A72FF2C102611A3CB88B1.e.41}]
Capabilities {acceptInsecureCerts: false, browserName: chrome, browserVersion: 142.0.7444.176, chrome: {chromedriverVersion: 142.0.7444.175 (302067f14a4..., userDataDir: /var/folders/t1/rl_v5fcd6bg...}, fedcm:accounts: true, goog:chromeOptions: {debuggerAddress: localhost:49455}, goog:processID: 5836, networkConnectionEnabled: false, pageLoadStrategy: normal, platformName: mac, proxy: Proxy(), se:cdp: ws://localhost:49455/devtoo..., se:cdpVersion: 142.0.7444.176, setWindowRect: true, strictFileInteractability: false, timeouts: {implicit: 0, pageLoad: 300000, script: 30000}, unhandledPromptBehavior: dismiss and notify, webauthn:extension:credBlob: true, webauthn:extension:largeBlob: true, webauthn:extension:minPinLength: true, webauthn:extension:prf: true, webauthn:virtualAuthenticators: true}
Element: [[ChromeDriver: chrome on mac (d38509a7d75bd9fa9304d7d0a2e34616)] -&amp;gt; id: frg-button]
Session ID: d38509a7d75bd9fa9304d7d0a2e34616">
      <![CDATA[org.openqa.selenium.ElementClickInterceptedException: element click intercepted: Element <button type="submit" id="frg-button" class="btn-login" data-sitekey="6LdVl7MaAAAAAB99j0O1rzBTVEviZW5WdSBYylWn">...</button> is not clickable at point (680, 458). Other element would receive the click: <td class="day">...</td>
  (Session info: chrome=142.0.7444.176)
Build info: version: '4.27.0', revision: 'd6e718d134'
System info: os.name: 'Mac OS X', os.arch: 'aarch64', os.version: '26.0.1', java.version: '17.0.15'
Driver info: org.openqa.selenium.chrome.ChromeDriver
Command: [d38509a7d75bd9fa9304d7d0a2e34616, clickElement {id=f.2D7B48F292851F2F00F1CF7F7BB5E900.d.84E06EC4865A72FF2C102611A3CB88B1.e.41}]
Capabilities {acceptInsecureCerts: false, browserName: chrome, browserVersion: 142.0.7444.176, chrome: {chromedriverVersion: 142.0.7444.175 (302067f14a4..., userDataDir: /var/folders/t1/rl_v5fcd6bg...}, fedcm:accounts: true, goog:chromeOptions: {debuggerAddress: localhost:49455}, goog:processID: 5836, networkConnectionEnabled: false, pageLoadStrategy: normal, platformName: mac, proxy: Proxy(), se:cdp: ws://localhost:49455/devtoo..., se:cdpVersion: 142.0.7444.176, setWindowRect: true, strictFileInteractability: false, timeouts: {implicit: 0, pageLoad: 300000, script: 30000}, unhandledPromptBehavior: dismiss and notify, webauthn:extension:credBlob: true, webauthn:extension:largeBlob: true, webauthn:extension:minPinLength: true, webauthn:extension:prf: true, webauthn:virtualAuthenticators: true}
Element: [[ChromeDriver: chrome on mac (d38509a7d75bd9fa9304d7d0a2e34616)] -> id: frg-button]
Session ID: d38509a7d75bd9fa9304d7d0a2e34616
at org.openqa.selenium.remote.ErrorCodec.decode(ErrorCodec.java:167)
at org.openqa.selenium.remote.codec.w3c.W3CHttpResponseCodec.decode(W3CHttpResponseCodec.java:138)
at org.openqa.selenium.remote.codec.w3c.W3CHttpResponseCodec.decode(W3CHttpResponseCodec.java:50)
at org.openqa.selenium.remote.HttpCommandExecutor.execute(HttpCommandExecutor.java:190)
at org.openqa.selenium.remote.service.DriverCommandExecutor.invokeExecute(DriverCommandExecutor.java:216)
at org.openqa.selenium.remote.service.DriverCommandExecutor.execute(DriverCommandExecutor.java:174)
at org.openqa.selenium.remote.RemoteWebDriver.execute(RemoteWebDriver.java:545)
at org.openqa.selenium.remote.RemoteWebElement.execute(RemoteWebElement.java:223)
at org.openqa.selenium.remote.RemoteWebElement.click(RemoteWebElement.java:76)
at org.openqa.selenium.support.pagefactory.internal.LocatingElementHandler.invoke(LocatingElementHandler.java:51)
at jdk.proxy2/jdk.proxy2.$Proxy25.click(Unknown Source)
at util.ElementHelper.click(ElementHelper.java:44)
at Pages.PasswordRetrievalPage.fillPasswordRetrievalForm(PasswordRetrievalPage.java:73)
at stepDefinitions.LoginPageStepDefinitions.userFillsThePasswordRetrievalFormWith(LoginPageStepDefinitions.java:69)
at ✽.User fills the Password Retrieval form with "correcttcid" "10122001" "correctEmail"(file:///Users/yusuf/software/test/CucumberProjects/selenium-project-main/src/test/resources/Features/Login.feature:63)
... Removed 9 stack frames]]>
    </failure>
  </testcase> <!-- runScenario -->
  <testcase classname="io.cucumber.testng.AbstractTestNGCucumberTests" name="runScenario" time="8.237">
    <failure type="org.openqa.selenium.ElementClickInterceptedException" message="element click intercepted: Element &amp;lt;button type=&amp;quot;submit&amp;quot; id=&amp;quot;frg-button&amp;quot; class=&amp;quot;btn-login&amp;quot; data-sitekey=&amp;quot;6LdVl7MaAAAAAB99j0O1rzBTVEviZW5WdSBYylWn&amp;quot;&amp;gt;...&amp;lt;/button&amp;gt; is not clickable at point (680, 458). Other element would receive the click: &amp;lt;td class=&amp;quot;day&amp;quot;&amp;gt;...&amp;lt;/td&amp;gt;
  (Session info: chrome=142.0.7444.176)
Build info: version: &amp;apos;4.27.0&amp;apos;, revision: &amp;apos;d6e718d134&amp;apos;
System info: os.name: &amp;apos;Mac OS X&amp;apos;, os.arch: &amp;apos;aarch64&amp;apos;, os.version: &amp;apos;26.0.1&amp;apos;, java.version: &amp;apos;17.0.15&amp;apos;
Driver info: org.openqa.selenium.chrome.ChromeDriver
Command: [949f49c9387d2743effedf60502e5e70, clickElement {id=f.C90A57F33CCB439BE31F5B3E9CC0709D.d.62FF7802E6A86B3CBDA3C0B856D38F58.e.39}]
Capabilities {acceptInsecureCerts: false, browserName: chrome, browserVersion: 142.0.7444.176, chrome: {chromedriverVersion: 142.0.7444.175 (302067f14a4..., userDataDir: /var/folders/t1/rl_v5fcd6bg...}, fedcm:accounts: true, goog:chromeOptions: {debuggerAddress: localhost:49510}, goog:processID: 5967, networkConnectionEnabled: false, pageLoadStrategy: normal, platformName: mac, proxy: Proxy(), se:cdp: ws://localhost:49510/devtoo..., se:cdpVersion: 142.0.7444.176, setWindowRect: true, strictFileInteractability: false, timeouts: {implicit: 0, pageLoad: 300000, script: 30000}, unhandledPromptBehavior: dismiss and notify, webauthn:extension:credBlob: true, webauthn:extension:largeBlob: true, webauthn:extension:minPinLength: true, webauthn:extension:prf: true, webauthn:virtualAuthenticators: true}
Element: [[ChromeDriver: chrome on mac (949f49c9387d2743effedf60502e5e70)] -&amp;gt; id: frg-button]
Session ID: 949f49c9387d2743effedf60502e5e70">
      <![CDATA[org.openqa.selenium.ElementClickInterceptedException: element click intercepted: Element <button type="submit" id="frg-button" class="btn-login" data-sitekey="6LdVl7MaAAAAAB99j0O1rzBTVEviZW5WdSBYylWn">...</button> is not clickable at point (680, 458). Other element would receive the click: <td class="day">...</td>
  (Session info: chrome=142.0.7444.176)
Build info: version: '4.27.0', revision: 'd6e718d134'
System info: os.name: 'Mac OS X', os.arch: 'aarch64', os.version: '26.0.1', java.version: '17.0.15'
Driver info: org.openqa.selenium.chrome.ChromeDriver
Command: [949f49c9387d2743effedf60502e5e70, clickElement {id=f.C90A57F33CCB439BE31F5B3E9CC0709D.d.62FF7802E6A86B3CBDA3C0B856D38F58.e.39}]
Capabilities {acceptInsecureCerts: false, browserName: chrome, browserVersion: 142.0.7444.176, chrome: {chromedriverVersion: 142.0.7444.175 (302067f14a4..., userDataDir: /var/folders/t1/rl_v5fcd6bg...}, fedcm:accounts: true, goog:chromeOptions: {debuggerAddress: localhost:49510}, goog:processID: 5967, networkConnectionEnabled: false, pageLoadStrategy: normal, platformName: mac, proxy: Proxy(), se:cdp: ws://localhost:49510/devtoo..., se:cdpVersion: 142.0.7444.176, setWindowRect: true, strictFileInteractability: false, timeouts: {implicit: 0, pageLoad: 300000, script: 30000}, unhandledPromptBehavior: dismiss and notify, webauthn:extension:credBlob: true, webauthn:extension:largeBlob: true, webauthn:extension:minPinLength: true, webauthn:extension:prf: true, webauthn:virtualAuthenticators: true}
Element: [[ChromeDriver: chrome on mac (949f49c9387d2743effedf60502e5e70)] -> id: frg-button]
Session ID: 949f49c9387d2743effedf60502e5e70
at org.openqa.selenium.remote.ErrorCodec.decode(ErrorCodec.java:167)
at org.openqa.selenium.remote.codec.w3c.W3CHttpResponseCodec.decode(W3CHttpResponseCodec.java:138)
at org.openqa.selenium.remote.codec.w3c.W3CHttpResponseCodec.decode(W3CHttpResponseCodec.java:50)
at org.openqa.selenium.remote.HttpCommandExecutor.execute(HttpCommandExecutor.java:190)
at org.openqa.selenium.remote.service.DriverCommandExecutor.invokeExecute(DriverCommandExecutor.java:216)
at org.openqa.selenium.remote.service.DriverCommandExecutor.execute(DriverCommandExecutor.java:174)
at org.openqa.selenium.remote.RemoteWebDriver.execute(RemoteWebDriver.java:545)
at org.openqa.selenium.remote.RemoteWebElement.execute(RemoteWebElement.java:223)
at org.openqa.selenium.remote.RemoteWebElement.click(RemoteWebElement.java:76)
at org.openqa.selenium.support.pagefactory.internal.LocatingElementHandler.invoke(LocatingElementHandler.java:51)
at jdk.proxy2/jdk.proxy2.$Proxy25.click(Unknown Source)
at util.ElementHelper.click(ElementHelper.java:44)
at Pages.PasswordRetrievalPage.fillPasswordRetrievalForm(PasswordRetrievalPage.java:73)
at stepDefinitions.LoginPageStepDefinitions.userFillsThePasswordRetrievalFormWith(LoginPageStepDefinitions.java:69)
at ✽.User fills the Password Retrieval form with "correctTcID" "10122001" "correctEmail"(file:///Users/yusuf/software/test/CucumberProjects/selenium-project-main/src/test/resources/Features/Login.feature:63)
... Removed 9 stack frames]]>
    </failure>
  </testcase> <!-- runScenario -->
</testsuite> <!-- Failed Scenarios Tests -->
