[{"line":2,"elements":[{"line":4,"name":"","description":"","type":"background","keyword":"Background","steps":[{"result":{"duration":4677000,"status":"passed"},"line":5,"name":"User at home page","match":{"location":"stepDefinitions.LoginPageStepDefinitions.userAtHomePage()"},"after":[{"result":{"duration":1142000,"status":"passed"},"match":{"location":"util.Hooks.takeScreenshotOnFailure(io.cucumber.java.Scenario)"}}],"keyword":"Given "},{"result":{"duration":89867000,"status":"passed"},"line":6,"name":"Click member login button","match":{"location":"stepDefinitions.LoginPageStepDefinitions.clickMemberLoginButton()"},"after":[{"result":{"duration":135000,"status":"passed"},"match":{"location":"util.Hooks.takeScreenshotOnFailure(io.cucumber.java.Scenario)"}}],"keyword":"When "}]},{"start_timestamp":"2025-11-28T15:07:50.843Z","before":[{"result":{"duration":10688021000,"status":"passed"},"match":{"location":"util.Hooks.beforeScenario()"}}],"line":50,"name":"User verifies Password Retrieval form is not submittable when with \"correctTcID\" TC ID, \"empty\" Birth Date, \"correctEmail\" email missing data","description":"","id":"milli-piyango-login-check-test-cases;user-verifies-password-retrieval-form-is-not-submittable-when-with-\"<tcid>\"-tc-id--\"<birthdate>\"-birth-date--\"<email>\"-email-missing-data;;2","after":[{"result":{"duration":101122000,"status":"passed"},"match":{"location":"util.Hooks.tearDown()"}}],"type":"scenario","keyword":"Scenario Outline","steps":[{"result":{"duration":85829000,"status":"passed"},"line":45,"name":"User navigates to the Pasword Retrieval Page","match":{"location":"stepDefinitions.LoginPageStepDefinitions.userNavigatesToThePaswordRetrievalPage()"},"after":[{"result":{"duration":408000,"status":"passed"},"match":{"location":"util.Hooks.takeScreenshotOnFailure(io.cucumber.java.Scenario)"}}],"keyword":"And "},{"result":{"duration":779087000,"status":"passed"},"line":46,"name":"User verifies Password Retrieval form is not submittable when with \"correctTcID\" TC ID, \"empty\" Birth Date, \"correctEmail\" email missing data","match":{"arguments":[{"val":"\"correctTcID\"","offset":67},{"val":"\"empty\"","offset":88},{"val":"\"correctEmail\"","offset":108}],"location":"stepDefinitions.LoginPageStepDefinitions.userVerifiesPasswordRetrievalFormIsNotSubmittableWhenWithTCIDBirthDateEmailMissingData(java.lang.String,java.lang.String,java.lang.String)"},"after":[{"result":{"duration":139000,"status":"passed"},"match":{"location":"util.Hooks.takeScreenshotOnFailure(io.cucumber.java.Scenario)"}}],"keyword":"Then "}],"tags":[{"name":"@MilliPiyangoLogin"},{"name":"@RetrievalWebFormMissingData"},{"name":"@missingBirthDate"}]},{"line":4,"name":"","description":"","type":"background","keyword":"Background","steps":[{"result":{"duration":59000,"status":"skipped"},"line":5,"name":"User at home page","match":{"location":"stepDefinitions.LoginPageStepDefinitions.userAtHomePage()"},"after":[{"result":{"duration":35000,"status":"skipped"},"match":{"location":"util.Hooks.takeScreenshotOnFailure(io.cucumber.java.Scenario)"}}],"keyword":"Given "},{"result":{"duration":33000,"status":"skipped"},"line":6,"name":"Click member login button","match":{"location":"stepDefinitions.LoginPageStepDefinitions.clickMemberLoginButton()"},"after":[{"result":{"duration":36000,"status":"skipped"},"match":{"location":"util.Hooks.takeScreenshotOnFailure(io.cucumber.java.Scenario)"}}],"keyword":"When "}]},{"start_timestamp":"2025-11-28T15:08:02.617Z","before":[{"result":{"error_message":"org.openqa.selenium.TimeoutException: timeout: Timed out receiving message from renderer: 10.000\n  (Session info: chrome=142.0.7444.176)\nBuild info: version: '4.27.0', revision: 'd6e718d134'\nSystem info: os.name: 'Mac OS X', os.arch: 'aarch64', os.version: '26.0.1', java.version: '17.0.15'\nDriver info: org.openqa.selenium.chrome.ChromeDriver\nCommand: [a57e143966e062bd05b8157a9252b909, findElement {using=xpath, value=//*[@id=\"onetrust-close-btn-container\"]/button}]\nCapabilities {acceptInsecureCerts: false, browserName: chrome, browserVersion: 142.0.7444.176, chrome: {chromedriverVersion: 142.0.7444.175 (302067f14a4..., userDataDir: /var/folders/t1/rl_v5fcd6bg...}, fedcm:accounts: true, goog:chromeOptions: {debuggerAddress: localhost:54237}, goog:processID: 86427, networkConnectionEnabled: false, pageLoadStrategy: normal, platformName: mac, proxy: Proxy(), se:cdp: ws://localhost:54237/devtoo..., se:cdpVersion: 142.0.7444.176, setWindowRect: true, strictFileInteractability: false, timeouts: {implicit: 0, pageLoad: 300000, script: 30000}, unhandledPromptBehavior: dismiss and notify, webauthn:extension:credBlob: true, webauthn:extension:largeBlob: true, webauthn:extension:minPinLength: true, webauthn:extension:prf: true, webauthn:virtualAuthenticators: true}\nSession ID: a57e143966e062bd05b8157a9252b909\n\tat java.base/jdk.internal.reflect.NativeConstructorAccessorImpl.newInstance0(Native Method)\n\tat java.base/jdk.internal.reflect.NativeConstructorAccessorImpl.newInstance(NativeConstructorAccessorImpl.java:77)\n\tat java.base/jdk.internal.reflect.DelegatingConstructorAccessorImpl.newInstance(DelegatingConstructorAccessorImpl.java:45)\n\tat java.base/java.lang.reflect.Constructor.newInstanceWithCaller(Constructor.java:500)\n\tat java.base/java.lang.reflect.Constructor.newInstance(Constructor.java:481)\n\tat org.openqa.selenium.remote.ErrorCodec.decode(ErrorCodec.java:167)\n\tat org.openqa.selenium.remote.codec.w3c.W3CHttpResponseCodec.decode(W3CHttpResponseCodec.java:138)\n\tat org.openqa.selenium.remote.codec.w3c.W3CHttpResponseCodec.decode(W3CHttpResponseCodec.java:50)\n\tat org.openqa.selenium.remote.HttpCommandExecutor.execute(HttpCommandExecutor.java:190)\n\tat org.openqa.selenium.remote.service.DriverCommandExecutor.invokeExecute(DriverCommandExecutor.java:216)\n\tat org.openqa.selenium.remote.service.DriverCommandExecutor.execute(DriverCommandExecutor.java:174)\n\tat org.openqa.selenium.remote.RemoteWebDriver.execute(RemoteWebDriver.java:545)\n\tat org.openqa.selenium.remote.ElementLocation$ElementFinder$2.findElement(ElementLocation.java:165)\n\tat org.openqa.selenium.remote.ElementLocation.findElement(ElementLocation.java:59)\n\tat org.openqa.selenium.remote.RemoteWebDriver.findElement(RemoteWebDriver.java:368)\n\tat org.openqa.selenium.remote.RemoteWebDriver.findElement(RemoteWebDriver.java:362)\n\tat org.openqa.selenium.support.pagefactory.DefaultElementLocator.findElement(DefaultElementLocator.java:68)\n\tat org.openqa.selenium.support.pagefactory.internal.LocatingElementHandler.invoke(LocatingElementHandler.java:38)\n\tat jdk.proxy2/jdk.proxy2.$Proxy25.isDisplayed(Unknown Source)\n\tat org.openqa.selenium.support.ui.ExpectedConditions.elementIfVisible(ExpectedConditions.java:304)\n\tat org.openqa.selenium.support.ui.ExpectedConditions$10.apply(ExpectedConditions.java:290)\n\tat org.openqa.selenium.support.ui.ExpectedConditions$10.apply(ExpectedConditions.java:287)\n\tat org.openqa.selenium.support.ui.ExpectedConditions$23.apply(ExpectedConditions.java:656)\n\tat org.openqa.selenium.support.ui.ExpectedConditions$23.apply(ExpectedConditions.java:652)\n\tat org.openqa.selenium.support.ui.FluentWait.until(FluentWait.java:203)\n\tat util.ElementHelper.checkClickable(ElementHelper.java:27)\n\tat util.ElementHelper.click(ElementHelper.java:37)\n\tat Pages.CookiePage.closeCookiePopup(CookiePage.java:29)\n\tat util.Hooks.initializeDriverAndHandleCookies(Hooks.java:19)\n\tat util.Hooks.beforeScenario(Hooks.java:24)\n","duration":15279268000,"status":"failed"},"match":{"location":"util.Hooks.beforeScenario()"}}],"line":54,"name":"User verifies Password Retrieval form is not submittable when with \"empty\" TC ID, \"01122001\" Birth Date, \"correctEmail\" email missing data","description":"","id":"milli-piyango-login-check-test-cases;user-verifies-password-retrieval-form-is-not-submittable-when-with-\"<tcid>\"-tc-id--\"<birthdate>\"-birth-date--\"<email>\"-email-missing-data;;2","after":[{"result":{"duration":84209000,"status":"passed"},"match":{"location":"util.Hooks.tearDown()"}}],"type":"scenario","keyword":"Scenario Outline","steps":[{"result":{"duration":36000,"status":"skipped"},"line":45,"name":"User navigates to the Pasword Retrieval Page","match":{"location":"stepDefinitions.LoginPageStepDefinitions.userNavigatesToThePaswordRetrievalPage()"},"after":[{"result":{"duration":36000,"status":"skipped"},"match":{"location":"util.Hooks.takeScreenshotOnFailure(io.cucumber.java.Scenario)"}}],"keyword":"And "},{"result":{"duration":33000,"status":"skipped"},"line":46,"name":"User verifies Password Retrieval form is not submittable when with \"empty\" TC ID, \"01122001\" Birth Date, \"correctEmail\" email missing data","match":{"arguments":[{"val":"\"empty\"","offset":67},{"val":"\"01122001\"","offset":82},{"val":"\"correctEmail\"","offset":105}],"location":"stepDefinitions.LoginPageStepDefinitions.userVerifiesPasswordRetrievalFormIsNotSubmittableWhenWithTCIDBirthDateEmailMissingData(java.lang.String,java.lang.String,java.lang.String)"},"after":[{"result":{"duration":35000,"status":"skipped"},"match":{"location":"util.Hooks.takeScreenshotOnFailure(io.cucumber.java.Scenario)"}}],"keyword":"Then "}],"tags":[{"name":"@MilliPiyangoLogin"},{"name":"@RetrievalWebFormMissingData"},{"name":"@missingTcId"}]},{"line":4,"name":"","description":"","type":"background","keyword":"Background","steps":[{"result":{"duration":90000,"status":"skipped"},"line":5,"name":"User at home page","match":{"location":"stepDefinitions.LoginPageStepDefinitions.userAtHomePage()"},"after":[{"result":{"duration":58000,"status":"skipped"},"match":{"location":"util.Hooks.takeScreenshotOnFailure(io.cucumber.java.Scenario)"}}],"keyword":"Given "},{"result":{"duration":46000,"status":"skipped"},"line":6,"name":"Click member login button","match":{"location":"stepDefinitions.LoginPageStepDefinitions.clickMemberLoginButton()"},"after":[{"result":{"duration":49000,"status":"skipped"},"match":{"location":"util.Hooks.takeScreenshotOnFailure(io.cucumber.java.Scenario)"}}],"keyword":"When "}]},{"start_timestamp":"2025-11-28T15:08:17.994Z","before":[{"result":{"error_message":"org.openqa.selenium.TimeoutException: timeout: Timed out receiving message from renderer: 10.000\n  (Session info: chrome=142.0.7444.176)\nBuild info: version: '4.27.0', revision: 'd6e718d134'\nSystem info: os.name: 'Mac OS X', os.arch: 'aarch64', os.version: '26.0.1', java.version: '17.0.15'\nDriver info: org.openqa.selenium.chrome.ChromeDriver\nCommand: [fe3c62005c1f69ab14327d04c5afc288, findElement {using=xpath, value=//*[@id=\"onetrust-close-btn-container\"]/button}]\nCapabilities {acceptInsecureCerts: false, browserName: chrome, browserVersion: 142.0.7444.176, chrome: {chromedriverVersion: 142.0.7444.175 (302067f14a4..., userDataDir: /var/folders/t1/rl_v5fcd6bg...}, fedcm:accounts: true, goog:chromeOptions: {debuggerAddress: localhost:54334}, goog:processID: 86544, networkConnectionEnabled: false, pageLoadStrategy: normal, platformName: mac, proxy: Proxy(), se:cdp: ws://localhost:54334/devtoo..., se:cdpVersion: 142.0.7444.176, setWindowRect: true, strictFileInteractability: false, timeouts: {implicit: 0, pageLoad: 300000, script: 30000}, unhandledPromptBehavior: dismiss and notify, webauthn:extension:credBlob: true, webauthn:extension:largeBlob: true, webauthn:extension:minPinLength: true, webauthn:extension:prf: true, webauthn:virtualAuthenticators: true}\nSession ID: fe3c62005c1f69ab14327d04c5afc288\n\tat java.base/jdk.internal.reflect.NativeConstructorAccessorImpl.newInstance0(Native Method)\n\tat java.base/jdk.internal.reflect.NativeConstructorAccessorImpl.newInstance(NativeConstructorAccessorImpl.java:77)\n\tat java.base/jdk.internal.reflect.DelegatingConstructorAccessorImpl.newInstance(DelegatingConstructorAccessorImpl.java:45)\n\tat java.base/java.lang.reflect.Constructor.newInstanceWithCaller(Constructor.java:500)\n\tat java.base/java.lang.reflect.Constructor.newInstance(Constructor.java:481)\n\tat org.openqa.selenium.remote.ErrorCodec.decode(ErrorCodec.java:167)\n\tat org.openqa.selenium.remote.codec.w3c.W3CHttpResponseCodec.decode(W3CHttpResponseCodec.java:138)\n\tat org.openqa.selenium.remote.codec.w3c.W3CHttpResponseCodec.decode(W3CHttpResponseCodec.java:50)\n\tat org.openqa.selenium.remote.HttpCommandExecutor.execute(HttpCommandExecutor.java:190)\n\tat org.openqa.selenium.remote.service.DriverCommandExecutor.invokeExecute(DriverCommandExecutor.java:216)\n\tat org.openqa.selenium.remote.service.DriverCommandExecutor.execute(DriverCommandExecutor.java:174)\n\tat org.openqa.selenium.remote.RemoteWebDriver.execute(RemoteWebDriver.java:545)\n\tat org.openqa.selenium.remote.ElementLocation$ElementFinder$2.findElement(ElementLocation.java:165)\n\tat org.openqa.selenium.remote.ElementLocation.findElement(ElementLocation.java:59)\n\tat org.openqa.selenium.remote.RemoteWebDriver.findElement(RemoteWebDriver.java:368)\n\tat org.openqa.selenium.remote.RemoteWebDriver.findElement(RemoteWebDriver.java:362)\n\tat org.openqa.selenium.support.pagefactory.DefaultElementLocator.findElement(DefaultElementLocator.java:68)\n\tat org.openqa.selenium.support.pagefactory.internal.LocatingElementHandler.invoke(LocatingElementHandler.java:38)\n\tat jdk.proxy2/jdk.proxy2.$Proxy25.isDisplayed(Unknown Source)\n\tat org.openqa.selenium.support.ui.ExpectedConditions.elementIfVisible(ExpectedConditions.java:304)\n\tat org.openqa.selenium.support.ui.ExpectedConditions$10.apply(ExpectedConditions.java:290)\n\tat org.openqa.selenium.support.ui.ExpectedConditions$10.apply(ExpectedConditions.java:287)\n\tat org.openqa.selenium.support.ui.ExpectedConditions$23.apply(ExpectedConditions.java:656)\n\tat org.openqa.selenium.support.ui.ExpectedConditions$23.apply(ExpectedConditions.java:652)\n\tat org.openqa.selenium.support.ui.FluentWait.until(FluentWait.java:203)\n\tat util.ElementHelper.checkClickable(ElementHelper.java:27)\n\tat util.ElementHelper.click(ElementHelper.java:37)\n\tat Pages.CookiePage.closeCookiePopup(CookiePage.java:29)\n\tat util.Hooks.initializeDriverAndHandleCookies(Hooks.java:19)\n\tat util.Hooks.beforeScenario(Hooks.java:24)\n","duration":15903950000,"status":"failed"},"match":{"location":"util.Hooks.beforeScenario()"}}],"line":58,"name":"User verifies Password Retrieval form is not submittable when with \"correctTcID\" TC ID, \"01122001\" Birth Date, \"empty\" email missing data","description":"","id":"milli-piyango-login-check-test-cases;user-verifies-password-retrieval-form-is-not-submittable-when-with-\"<tcid>\"-tc-id--\"<birthdate>\"-birth-date--\"<email>\"-email-missing-data;;2","after":[{"result":{"duration":88225000,"status":"passed"},"match":{"location":"util.Hooks.tearDown()"}}],"type":"scenario","keyword":"Scenario Outline","steps":[{"result":{"duration":45000,"status":"skipped"},"line":45,"name":"User navigates to the Pasword Retrieval Page","match":{"location":"stepDefinitions.LoginPageStepDefinitions.userNavigatesToThePaswordRetrievalPage()"},"after":[{"result":{"duration":51000,"status":"skipped"},"match":{"location":"util.Hooks.takeScreenshotOnFailure(io.cucumber.java.Scenario)"}}],"keyword":"And "},{"result":{"duration":41000,"status":"skipped"},"line":46,"name":"User verifies Password Retrieval form is not submittable when with \"correctTcID\" TC ID, \"01122001\" Birth Date, \"empty\" email missing data","match":{"arguments":[{"val":"\"correctTcID\"","offset":67},{"val":"\"01122001\"","offset":88},{"val":"\"empty\"","offset":111}],"location":"stepDefinitions.LoginPageStepDefinitions.userVerifiesPasswordRetrievalFormIsNotSubmittableWhenWithTCIDBirthDateEmailMissingData(java.lang.String,java.lang.String,java.lang.String)"},"after":[{"result":{"duration":44000,"status":"skipped"},"match":{"location":"util.Hooks.takeScreenshotOnFailure(io.cucumber.java.Scenario)"}}],"keyword":"Then "}],"tags":[{"name":"@MilliPiyangoLogin"},{"name":"@RetrievalWebFormMissingData"},{"name":"@missingEmail"}]}],"name":"Milli Piyango Login Check Test Cases","description":"","id":"milli-piyango-login-check-test-cases","keyword":"Feature","uri":"file:src/test/resources/Features/Login.feature","tags":[{"name":"@MilliPiyangoLogin","type":"Tag","location":{"line":1,"column":1}}]}]