<?xml version="1.0" encoding="UTF-8"?>
<testsuite xmlns:xsi="http://www.w3.org/2001/XMLSchema-instance" xsi:noNamespaceSchemaLocation="https://maven.apache.org/surefire/maven-surefire-plugin/xsd/surefire-test-report-3.0.xsd" version="3.0" name="TestSuite" time="98.598" tests="3" errors="0" skipped="0" failures="3">
  <properties>
[...]
</properties>
  <testcase name="runScenario[&quot;Correct Username &amp; Password for login and Successful Withdrawal&quot;, &quot;Milli Piyango Withdrawal Check Test Cases&quot;](1)" classname="testRunners.runner" time="46.508">
    <failure message="Username or password not set. Please provide them using -Dusername and -Dpassword." type="java.lang.RuntimeException"><![CDATA[java.lang.RuntimeException: Username or password not set. Please provide them using -Dusername and -Dpassword.
	at util.Hooks.beforeSkipLogin(Hooks.java:36)
]]></failure>
    <system-out><![CDATA[
@MilliPiyangoWithdrawal @SuccessfulWithdrawals @SkipLogin
Scenario Outline: Correct Username & Password for login and Successful Withdrawal &amp#27;[90m# src/test/resources/Features/Withdrawal.feature:14&amp#27;[0m
      &amp#27;[31mjava.lang.RuntimeException: Username or password not set. Please provide them using -Dusername and -Dpassword.
	at util.Hooks.beforeSkipLogin(Hooks.java:36)
&amp#27;[0m
  &amp#27;[36mGiven &amp#27;[0m&amp#27;[36mUser navigates to the 'Para Çekme' page&amp#27;[0m                                   &amp#27;[90m# stepDefinitions.WithdrawalStepDefinitions.userNavigatesToParaCekmePage()&amp#27;[0m
  &amp#27;[36mAnd &amp#27;[0m&amp#27;[36mUser adds a new IBAN with &amp#27;[0m&amp#27;[36m&amp#27;[1m"ibanNo"&amp#27;[0m&amp#27;[36m and &amp#27;[0m&amp#27;[36m&amp#27;[1m"shortName1"&amp#27;[0m                         &amp#27;[90m# stepDefinitions.WithdrawalStepDefinitions.userAddsNewIban(java.lang.String,java.lang.String)&amp#27;[0m
  &amp#27;[36mAnd &amp#27;[0m&amp#27;[36mUser withdraws &amp#27;[0m&amp#27;[36m&amp#27;[1m"price"&amp#27;[0m                                                      &amp#27;[90m# stepDefinitions.WithdrawalStepDefinitions.userWithdraws(java.lang.String)&amp#27;[0m
  &amp#27;[36mThen &amp#27;[0m&amp#27;[36mCheck Successful withdrawal&amp#27;[0m                                                &amp#27;[90m# stepDefinitions.WithdrawalStepDefinitions.checkSuccessfulWithdrawal()&amp#27;[0m
]]></system-out>
    <system-err><![CDATA[log4j:WARN No appenders could be found for logger (org.testng.TestNG).
log4j:WARN Please initialize the log4j system properly.
log4j:WARN See http://logging.apache.org/log4j/1.2/faq.html#noconfig for more info.
Oct 24, 2024 10:36:24 PM org.openqa.selenium.devtools.CdpVersionFinder findNearestMatch
WARNING: Unable to find CDP implementation matching 130
Oct 24, 2024 10:36:24 PM org.openqa.selenium.chromium.ChromiumDriver lambda$new$5
WARNING: Unable to find version of CDP to use for 130.0.6723.60. You may need to include a dependency on a specific version of the CDP using something similar to `org.seleniumhq.selenium:selenium-devtools-v86:4.14.0` where the version ("v86") matches the version of the chromium-based browser you're using and the version number of the artifact is the same as Selenium's.
Oct 24, 2024 10:36:34 PM org.openqa.selenium.devtools.CdpVersionFinder findNearestMatch
WARNING: Unable to find CDP implementation matching 130
Oct 24, 2024 10:36:34 PM org.openqa.selenium.chromium.ChromiumDriver lambda$new$5
WARNING: Unable to find version of CDP to use for 130.0.6723.60. You may need to include a dependency on a specific version of the CDP using something similar to `org.seleniumhq.selenium:selenium-devtools-v86:4.14.0` where the version ("v86") matches the version of the chromium-based browser you're using and the version number of the artifact is the same as Selenium's.
]]></system-err>
  </testcase>
  <testcase name="runScenario[&quot;Correct Username &amp; Password for login and Successful Withdrawal&quot;, &quot;Milli Piyango Withdrawal Check Test Cases&quot;](2)" classname="testRunners.runner" time="46.557">
    <failure message="no such window: target window already closed&#10;from unknown error: web view not found&#10;  (Session info: chrome=130.0.6723.60)&#10;Build info: version: &apos;4.14.0&apos;, revision: &apos;e5a96349ce&apos;&#10;System info: os.name: &apos;Mac OS X&apos;, os.arch: &apos;aarch64&apos;, os.version: &apos;14.6.1&apos;, java.version: &apos;22.0.2&apos;&#10;Driver info: org.openqa.selenium.chrome.ChromeDriver&#10;Command: [aee61fc47dac969acf22cf8aee368f95, findElement {using=xpath, value=//*[@id=&quot;onetrust-close-btn-container&quot;]/button}]&#10;Capabilities {acceptInsecureCerts: false, browserName: chrome, browserVersion: 130.0.6723.60, chrome: {chromedriverVersion: 130.0.6723.69 (3ec172b971b9..., userDataDir: /var/folders/t1/rl_v5fcd6bg...}, fedcm:accounts: true, goog:chromeOptions: {debuggerAddress: localhost:52611}, networkConnectionEnabled: false, pageLoadStrategy: normal, platformName: mac, proxy: Proxy(), se:cdp: ws://localhost:52611/devtoo..., se:cdpVersion: 130.0.6723.60, setWindowRect: true, strictFileInteractability: false, timeouts: {implicit: 0, pageLoad: 300000, script: 30000}, unhandledPromptBehavior: dismiss and notify, webauthn:extension:credBlob: true, webauthn:extension:largeBlob: true, webauthn:extension:minPinLength: true, webauthn:extension:prf: true, webauthn:virtualAuthenticators: true}&#10;Session ID: aee61fc47dac969acf22cf8aee368f95" type="org.openqa.selenium.NoSuchWindowException"><![CDATA[org.openqa.selenium.NoSuchWindowException: 
no such window: target window already closed
from unknown error: web view not found
  (Session info: chrome=130.0.6723.60)
Build info: version: '4.14.0', revision: 'e5a96349ce'
System info: os.name: 'Mac OS X', os.arch: 'aarch64', os.version: '14.6.1', java.version: '22.0.2'
Driver info: org.openqa.selenium.chrome.ChromeDriver
Command: [aee61fc47dac969acf22cf8aee368f95, findElement {using=xpath, value=//*[@id="onetrust-close-btn-container"]/button}]
Capabilities {acceptInsecureCerts: false, browserName: chrome, browserVersion: 130.0.6723.60, chrome: {chromedriverVersion: 130.0.6723.69 (3ec172b971b9..., userDataDir: /var/folders/t1/rl_v5fcd6bg...}, fedcm:accounts: true, goog:chromeOptions: {debuggerAddress: localhost:52611}, networkConnectionEnabled: false, pageLoadStrategy: normal, platformName: mac, proxy: Proxy(), se:cdp: ws://localhost:52611/devtoo..., se:cdpVersion: 130.0.6723.60, setWindowRect: true, strictFileInteractability: false, timeouts: {implicit: 0, pageLoad: 300000, script: 30000}, unhandledPromptBehavior: dismiss and notify, webauthn:extension:credBlob: true, webauthn:extension:largeBlob: true, webauthn:extension:minPinLength: true, webauthn:extension:prf: true, webauthn:virtualAuthenticators: true}
Session ID: aee61fc47dac969acf22cf8aee368f95
	at java.base/jdk.internal.reflect.DirectConstructorHandleAccessor.newInstance(DirectConstructorHandleAccessor.java:62)
	at java.base/java.lang.reflect.Constructor.newInstanceWithCaller(Constructor.java:502)
	at java.base/java.lang.reflect.Constructor.newInstance(Constructor.java:486)
	at org.openqa.selenium.remote.codec.w3c.W3CHttpResponseCodec.createException(W3CHttpResponseCodec.java:200)
	at org.openqa.selenium.remote.codec.w3c.W3CHttpResponseCodec.decode(W3CHttpResponseCodec.java:133)
	at org.openqa.selenium.remote.codec.w3c.W3CHttpResponseCodec.decode(W3CHttpResponseCodec.java:52)
	at org.openqa.selenium.remote.HttpCommandExecutor.execute(HttpCommandExecutor.java:191)
	at org.openqa.selenium.remote.service.DriverCommandExecutor.invokeExecute(DriverCommandExecutor.java:196)
	at org.openqa.selenium.remote.service.DriverCommandExecutor.execute(DriverCommandExecutor.java:171)
	at org.openqa.selenium.remote.RemoteWebDriver.execute(RemoteWebDriver.java:602)
	at org.openqa.selenium.remote.ElementLocation$ElementFinder$2.findElement(ElementLocation.java:165)
	at org.openqa.selenium.remote.ElementLocation.findElement(ElementLocation.java:59)
	at org.openqa.selenium.remote.RemoteWebDriver.findElement(RemoteWebDriver.java:359)
	at org.openqa.selenium.remote.RemoteWebDriver.findElement(RemoteWebDriver.java:353)
	at org.openqa.selenium.support.pagefactory.DefaultElementLocator.findElement(DefaultElementLocator.java:68)
	at org.openqa.selenium.support.pagefactory.internal.LocatingElementHandler.invoke(LocatingElementHandler.java:38)
	at jdk.proxy2/jdk.proxy2.$Proxy25.toString(Unknown Source)
	at java.base/java.lang.StringConcatHelper.stringOf(StringConcatHelper.java:465)
	at java.base/java.lang.StringConcatHelper.simpleConcat(StringConcatHelper.java:420)
	at org.openqa.selenium.support.ui.ExpectedConditions$23.toString(ExpectedConditions.java:669)
	at java.base/java.lang.StringConcatHelper.stringOf(StringConcatHelper.java:465)
	at java.base/java.lang.StringConcatHelper.simpleConcat(StringConcatHelper.java:420)
	at org.openqa.selenium.support.ui.FluentWait.until(FluentWait.java:227)
	at util.ElementHelper.click(ElementHelper.java:29)
	at Pages.CookiePage.closeCookiePopup(CookiePage.java:31)
	at util.Hooks.initializeDriverAndHandleCookies(Hooks.java:21)
	at util.Hooks.beforeSkipLogin(Hooks.java:29)
]]></failure>
    <system-out><![CDATA[
@MilliPiyangoWithdrawal @SuccessfulWithdrawals @SkipLogin
Scenario Outline: Correct Username & Password for login and Successful Withdrawal &amp#27;[90m# src/test/resources/Features/Withdrawal.feature:15&amp#27;[0m
      &amp#27;[31morg.openqa.selenium.NoSuchWindowException: no such window: target window already closed
from unknown error: web view not found
  (Session info: chrome=130.0.6723.60)
Build info: version: '4.14.0', revision: 'e5a96349ce'
System info: os.name: 'Mac OS X', os.arch: 'aarch64', os.version: '14.6.1', java.version: '22.0.2'
Driver info: org.openqa.selenium.chrome.ChromeDriver
Command: [aee61fc47dac969acf22cf8aee368f95, findElement {using=xpath, value=//*[@id="onetrust-close-btn-container"]/button}]
Capabilities {acceptInsecureCerts: false, browserName: chrome, browserVersion: 130.0.6723.60, chrome: {chromedriverVersion: 130.0.6723.69 (3ec172b971b9..., userDataDir: /var/folders/t1/rl_v5fcd6bg...}, fedcm:accounts: true, goog:chromeOptions: {debuggerAddress: localhost:52611}, networkConnectionEnabled: false, pageLoadStrategy: normal, platformName: mac, proxy: Proxy(), se:cdp: ws://localhost:52611/devtoo..., se:cdpVersion: 130.0.6723.60, setWindowRect: true, strictFileInteractability: false, timeouts: {implicit: 0, pageLoad: 300000, script: 30000}, unhandledPromptBehavior: dismiss and notify, webauthn:extension:credBlob: true, webauthn:extension:largeBlob: true, webauthn:extension:minPinLength: true, webauthn:extension:prf: true, webauthn:virtualAuthenticators: true}
Session ID: aee61fc47dac969acf22cf8aee368f95
	at java.base/jdk.internal.reflect.DirectConstructorHandleAccessor.newInstance(DirectConstructorHandleAccessor.java:62)
	at java.base/java.lang.reflect.Constructor.newInstanceWithCaller(Constructor.java:502)
	at java.base/java.lang.reflect.Constructor.newInstance(Constructor.java:486)
	at org.openqa.selenium.remote.codec.w3c.W3CHttpResponseCodec.createException(W3CHttpResponseCodec.java:200)
	at org.openqa.selenium.remote.codec.w3c.W3CHttpResponseCodec.decode(W3CHttpResponseCodec.java:133)
	at org.openqa.selenium.remote.codec.w3c.W3CHttpResponseCodec.decode(W3CHttpResponseCodec.java:52)
	at org.openqa.selenium.remote.HttpCommandExecutor.execute(HttpCommandExecutor.java:191)
	at org.openqa.selenium.remote.service.DriverCommandExecutor.invokeExecute(DriverCommandExecutor.java:196)
	at org.openqa.selenium.remote.service.DriverCommandExecutor.execute(DriverCommandExecutor.java:171)
	at org.openqa.selenium.remote.RemoteWebDriver.execute(RemoteWebDriver.java:602)
	at org.openqa.selenium.remote.ElementLocation$ElementFinder$2.findElement(ElementLocation.java:165)
	at org.openqa.selenium.remote.ElementLocation.findElement(ElementLocation.java:59)
	at org.openqa.selenium.remote.RemoteWebDriver.findElement(RemoteWebDriver.java:359)
	at org.openqa.selenium.remote.RemoteWebDriver.findElement(RemoteWebDriver.java:353)
	at org.openqa.selenium.support.pagefactory.DefaultElementLocator.findElement(DefaultElementLocator.java:68)
	at org.openqa.selenium.support.pagefactory.internal.LocatingElementHandler.invoke(LocatingElementHandler.java:38)
	at jdk.proxy2/jdk.proxy2.$Proxy25.toString(Unknown Source)
	at java.base/java.lang.StringConcatHelper.stringOf(StringConcatHelper.java:465)
	at java.base/java.lang.StringConcatHelper.simpleConcat(StringConcatHelper.java:420)
	at org.openqa.selenium.support.ui.ExpectedConditions$23.toString(ExpectedConditions.java:669)
	at java.base/java.lang.StringConcatHelper.stringOf(StringConcatHelper.java:465)
	at java.base/java.lang.StringConcatHelper.simpleConcat(StringConcatHelper.java:420)
	at org.openqa.selenium.support.ui.FluentWait.until(FluentWait.java:227)
	at util.ElementHelper.click(ElementHelper.java:29)
	at Pages.CookiePage.closeCookiePopup(CookiePage.java:31)
	at util.Hooks.initializeDriverAndHandleCookies(Hooks.java:21)
	at util.Hooks.beforeSkipLogin(Hooks.java:29)
&amp#27;[0m
      &amp#27;[31morg.openqa.selenium.NoSuchWindowException: no such window: target window already closed
from unknown error: web view not found
  (Session info: chrome=130.0.6723.60)
Build info: version: '4.14.0', revision: 'e5a96349ce'
System info: os.name: 'Mac OS X', os.arch: 'aarch64', os.version: '14.6.1', java.version: '22.0.2'
Driver info: org.openqa.selenium.chrome.ChromeDriver
Command: [c04921f8b1944a79d256b38c1a72e4c4, maximizeCurrentWindow {}]
Capabilities {acceptInsecureCerts: false, browserName: chrome, browserVersion: 130.0.6723.60, chrome: {chromedriverVersion: 130.0.6723.69 (3ec172b971b9..., userDataDir: /var/folders/t1/rl_v5fcd6bg...}, fedcm:accounts: true, goog:chromeOptions: {debuggerAddress: localhost:52678}, networkConnectionEnabled: false, pageLoadStrategy: normal, platformName: mac, proxy: Proxy(), se:cdp: ws://localhost:52678/devtoo..., se:cdpVersion: 130.0.6723.60, setWindowRect: true, strictFileInteractability: false, timeouts: {implicit: 0, pageLoad: 300000, script: 30000}, unhandledPromptBehavior: dismiss and notify, webauthn:extension:credBlob: true, webauthn:extension:largeBlob: true, webauthn:extension:minPinLength: true, webauthn:extension:prf: true, webauthn:virtualAuthenticators: true}
Session ID: c04921f8b1944a79d256b38c1a72e4c4
	at java.base/jdk.internal.reflect.DirectConstructorHandleAccessor.newInstance(DirectConstructorHandleAccessor.java:62)
	at java.base/java.lang.reflect.Constructor.newInstanceWithCaller(Constructor.java:502)
	at java.base/java.lang.reflect.Constructor.newInstance(Constructor.java:486)
	at org.openqa.selenium.remote.codec.w3c.W3CHttpResponseCodec.createException(W3CHttpResponseCodec.java:200)
	at org.openqa.selenium.remote.codec.w3c.W3CHttpResponseCodec.decode(W3CHttpResponseCodec.java:133)
	at org.openqa.selenium.remote.codec.w3c.W3CHttpResponseCodec.decode(W3CHttpResponseCodec.java:52)
	at org.openqa.selenium.remote.HttpCommandExecutor.execute(HttpCommandExecutor.java:191)
	at org.openqa.selenium.remote.service.DriverCommandExecutor.invokeExecute(DriverCommandExecutor.java:196)
	at org.openqa.selenium.remote.service.DriverCommandExecutor.execute(DriverCommandExecutor.java:171)
	at org.openqa.selenium.remote.RemoteWebDriver.execute(RemoteWebDriver.java:602)
	at org.openqa.selenium.remote.RemoteWebDriver.execute(RemoteWebDriver.java:675)
	at org.openqa.selenium.remote.RemoteWebDriver.execute(RemoteWebDriver.java:679)
	at org.openqa.selenium.remote.RemoteWebDriver$RemoteWebDriverOptions$RemoteWindow.maximize(RemoteWebDriver.java:1073)
	at util.DriverFactory.initialize_Driver(DriverFactory.java:43)
	at util.Hooks.initializeDriverAndHandleCookies(Hooks.java:18)
	at util.Hooks.before(Hooks.java:25)
&amp#27;[0m
  &amp#27;[36mGiven &amp#27;[0m&amp#27;[36mUser navigates to the 'Para Çekme' page&amp#27;[0m                                   &amp#27;[90m# stepDefinitions.WithdrawalStepDefinitions.userNavigatesToParaCekmePage()&amp#27;[0m
  &amp#27;[36mAnd &amp#27;[0m&amp#27;[36mUser adds a new IBAN with &amp#27;[0m&amp#27;[36m&amp#27;[1m"ibanNo"&amp#27;[0m&amp#27;[36m and &amp#27;[0m&amp#27;[36m&amp#27;[1m"shortName2"&amp#27;[0m                         &amp#27;[90m# stepDefinitions.WithdrawalStepDefinitions.userAddsNewIban(java.lang.String,java.lang.String)&amp#27;[0m
  &amp#27;[36mAnd &amp#27;[0m&amp#27;[36mUser withdraws &amp#27;[0m&amp#27;[36m&amp#27;[1m"price"&amp#27;[0m                                                      &amp#27;[90m# stepDefinitions.WithdrawalStepDefinitions.userWithdraws(java.lang.String)&amp#27;[0m
  &amp#27;[36mThen &amp#27;[0m&amp#27;[36mCheck Successful withdrawal&amp#27;[0m                                                &amp#27;[90m# stepDefinitions.WithdrawalStepDefinitions.checkSuccessfulWithdrawal()&amp#27;[0m
]]></system-out>
    <system-err><![CDATA[Oct 24, 2024 10:37:10 PM org.openqa.selenium.devtools.CdpVersionFinder findNearestMatch
WARNING: Unable to find CDP implementation matching 130
Oct 24, 2024 10:37:10 PM org.openqa.selenium.chromium.ChromiumDriver lambda$new$5
WARNING: Unable to find version of CDP to use for 130.0.6723.60. You may need to include a dependency on a specific version of the CDP using something similar to `org.seleniumhq.selenium:selenium-devtools-v86:4.14.0` where the version ("v86") matches the version of the chromium-based browser you're using and the version number of the artifact is the same as Selenium's.
Oct 24, 2024 10:37:55 PM org.openqa.selenium.devtools.CdpVersionFinder findNearestMatch
WARNING: Unable to find CDP implementation matching 130
Oct 24, 2024 10:37:55 PM org.openqa.selenium.chromium.ChromiumDriver lambda$new$5
WARNING: Unable to find version of CDP to use for 130.0.6723.60. You may need to include a dependency on a specific version of the CDP using something similar to `org.seleniumhq.selenium:selenium-devtools-v86:4.14.0` where the version ("v86") matches the version of the chromium-based browser you're using and the version number of the artifact is the same as Selenium's.
]]></system-err>
  </testcase>
  <testcase name="runScenario[&quot;Correct Username &amp; Password for login and Successful Withdrawal&quot;, &quot;Milli Piyango Withdrawal Check Test Cases&quot;](3)" classname="testRunners.runner" time="2.445">
    <failure message="no such window: target window already closed&#10;from unknown error: web view not found&#10;  (Session info: chrome=130.0.6723.60)&#10;Build info: version: &apos;4.14.0&apos;, revision: &apos;e5a96349ce&apos;&#10;System info: os.name: &apos;Mac OS X&apos;, os.arch: &apos;aarch64&apos;, os.version: &apos;14.6.1&apos;, java.version: &apos;22.0.2&apos;&#10;Driver info: org.openqa.selenium.chrome.ChromeDriver&#10;Command: [fc45d376541102d19b754e11d53450c5, maximizeCurrentWindow {}]&#10;Capabilities {acceptInsecureCerts: false, browserName: chrome, browserVersion: 130.0.6723.60, chrome: {chromedriverVersion: 130.0.6723.69 (3ec172b971b9..., userDataDir: /var/folders/t1/rl_v5fcd6bg...}, fedcm:accounts: true, goog:chromeOptions: {debuggerAddress: localhost:52722}, networkConnectionEnabled: false, pageLoadStrategy: normal, platformName: mac, proxy: Proxy(), se:cdp: ws://localhost:52722/devtoo..., se:cdpVersion: 130.0.6723.60, setWindowRect: true, strictFileInteractability: false, timeouts: {implicit: 0, pageLoad: 300000, script: 30000}, unhandledPromptBehavior: dismiss and notify, webauthn:extension:credBlob: true, webauthn:extension:largeBlob: true, webauthn:extension:minPinLength: true, webauthn:extension:prf: true, webauthn:virtualAuthenticators: true}&#10;Session ID: fc45d376541102d19b754e11d53450c5" type="org.openqa.selenium.NoSuchWindowException"><![CDATA[org.openqa.selenium.NoSuchWindowException: 
no such window: target window already closed
from unknown error: web view not found
  (Session info: chrome=130.0.6723.60)
Build info: version: '4.14.0', revision: 'e5a96349ce'
System info: os.name: 'Mac OS X', os.arch: 'aarch64', os.version: '14.6.1', java.version: '22.0.2'
Driver info: org.openqa.selenium.chrome.ChromeDriver
Command: [fc45d376541102d19b754e11d53450c5, maximizeCurrentWindow {}]
Capabilities {acceptInsecureCerts: false, browserName: chrome, browserVersion: 130.0.6723.60, chrome: {chromedriverVersion: 130.0.6723.69 (3ec172b971b9..., userDataDir: /var/folders/t1/rl_v5fcd6bg...}, fedcm:accounts: true, goog:chromeOptions: {debuggerAddress: localhost:52722}, networkConnectionEnabled: false, pageLoadStrategy: normal, platformName: mac, proxy: Proxy(), se:cdp: ws://localhost:52722/devtoo..., se:cdpVersion: 130.0.6723.60, setWindowRect: true, strictFileInteractability: false, timeouts: {implicit: 0, pageLoad: 300000, script: 30000}, unhandledPromptBehavior: dismiss and notify, webauthn:extension:credBlob: true, webauthn:extension:largeBlob: true, webauthn:extension:minPinLength: true, webauthn:extension:prf: true, webauthn:virtualAuthenticators: true}
Session ID: fc45d376541102d19b754e11d53450c5
	at java.base/jdk.internal.reflect.DirectConstructorHandleAccessor.newInstance(DirectConstructorHandleAccessor.java:62)
	at java.base/java.lang.reflect.Constructor.newInstanceWithCaller(Constructor.java:502)
	at java.base/java.lang.reflect.Constructor.newInstance(Constructor.java:486)
	at org.openqa.selenium.remote.codec.w3c.W3CHttpResponseCodec.createException(W3CHttpResponseCodec.java:200)
	at org.openqa.selenium.remote.codec.w3c.W3CHttpResponseCodec.decode(W3CHttpResponseCodec.java:133)
	at org.openqa.selenium.remote.codec.w3c.W3CHttpResponseCodec.decode(W3CHttpResponseCodec.java:52)
	at org.openqa.selenium.remote.HttpCommandExecutor.execute(HttpCommandExecutor.java:191)
	at org.openqa.selenium.remote.service.DriverCommandExecutor.invokeExecute(DriverCommandExecutor.java:196)
	at org.openqa.selenium.remote.service.DriverCommandExecutor.execute(DriverCommandExecutor.java:171)
	at org.openqa.selenium.remote.RemoteWebDriver.execute(RemoteWebDriver.java:602)
	at org.openqa.selenium.remote.RemoteWebDriver.execute(RemoteWebDriver.java:675)
	at org.openqa.selenium.remote.RemoteWebDriver.execute(RemoteWebDriver.java:679)
	at org.openqa.selenium.remote.RemoteWebDriver$RemoteWebDriverOptions$RemoteWindow.maximize(RemoteWebDriver.java:1073)
	at util.DriverFactory.initialize_Driver(DriverFactory.java:43)
	at util.Hooks.initializeDriverAndHandleCookies(Hooks.java:18)
	at util.Hooks.beforeSkipLogin(Hooks.java:29)
]]></failure>
    <system-out><![CDATA[
@MilliPiyangoWithdrawal @SuccessfulWithdrawals @SkipLogin
Scenario Outline: Correct Username & Password for login and Successful Withdrawal &amp#27;[90m# src/test/resources/Features/Withdrawal.feature:16&amp#27;[0m
      &amp#27;[31morg.openqa.selenium.NoSuchWindowException: no such window: target window already closed
from unknown error: web view not found
  (Session info: chrome=130.0.6723.60)
Build info: version: '4.14.0', revision: 'e5a96349ce'
System info: os.name: 'Mac OS X', os.arch: 'aarch64', os.version: '14.6.1', java.version: '22.0.2'
Driver info: org.openqa.selenium.chrome.ChromeDriver
Command: [fc45d376541102d19b754e11d53450c5, maximizeCurrentWindow {}]
Capabilities {acceptInsecureCerts: false, browserName: chrome, browserVersion: 130.0.6723.60, chrome: {chromedriverVersion: 130.0.6723.69 (3ec172b971b9..., userDataDir: /var/folders/t1/rl_v5fcd6bg...}, fedcm:accounts: true, goog:chromeOptions: {debuggerAddress: localhost:52722}, networkConnectionEnabled: false, pageLoadStrategy: normal, platformName: mac, proxy: Proxy(), se:cdp: ws://localhost:52722/devtoo..., se:cdpVersion: 130.0.6723.60, setWindowRect: true, strictFileInteractability: false, timeouts: {implicit: 0, pageLoad: 300000, script: 30000}, unhandledPromptBehavior: dismiss and notify, webauthn:extension:credBlob: true, webauthn:extension:largeBlob: true, webauthn:extension:minPinLength: true, webauthn:extension:prf: true, webauthn:virtualAuthenticators: true}
Session ID: fc45d376541102d19b754e11d53450c5
	at java.base/jdk.internal.reflect.DirectConstructorHandleAccessor.newInstance(DirectConstructorHandleAccessor.java:62)
	at java.base/java.lang.reflect.Constructor.newInstanceWithCaller(Constructor.java:502)
	at java.base/java.lang.reflect.Constructor.newInstance(Constructor.java:486)
	at org.openqa.selenium.remote.codec.w3c.W3CHttpResponseCodec.createException(W3CHttpResponseCodec.java:200)
	at org.openqa.selenium.remote.codec.w3c.W3CHttpResponseCodec.decode(W3CHttpResponseCodec.java:133)
	at org.openqa.selenium.remote.codec.w3c.W3CHttpResponseCodec.decode(W3CHttpResponseCodec.java:52)
	at org.openqa.selenium.remote.HttpCommandExecutor.execute(HttpCommandExecutor.java:191)
	at org.openqa.selenium.remote.service.DriverCommandExecutor.invokeExecute(DriverCommandExecutor.java:196)
	at org.openqa.selenium.remote.service.DriverCommandExecutor.execute(DriverCommandExecutor.java:171)
	at org.openqa.selenium.remote.RemoteWebDriver.execute(RemoteWebDriver.java:602)
	at org.openqa.selenium.remote.RemoteWebDriver.execute(RemoteWebDriver.java:675)
	at org.openqa.selenium.remote.RemoteWebDriver.execute(RemoteWebDriver.java:679)
	at org.openqa.selenium.remote.RemoteWebDriver$RemoteWebDriverOptions$RemoteWindow.maximize(RemoteWebDriver.java:1073)
	at util.DriverFactory.initialize_Driver(DriverFactory.java:43)
	at util.Hooks.initializeDriverAndHandleCookies(Hooks.java:18)
	at util.Hooks.beforeSkipLogin(Hooks.java:29)
&amp#27;[0m
      &amp#27;[31morg.openqa.selenium.remote.UnreachableBrowserException: Error communicating with the remote browser. It may have died.
Build info: version: '4.14.0', revision: 'e5a96349ce'
System info: os.name: 'Mac OS X', os.arch: 'aarch64', os.version: '14.6.1', java.version: '22.0.2'
Driver info: org.openqa.selenium.chrome.ChromeDriver
Command: [03c6326710e630dd22666ccec8f0f4d6, get [url]]
Capabilities {acceptInsecureCerts: false, browserName: chrome, browserVersion: 130.0.6723.60, chrome: {chromedriverVersion: 130.0.6723.69 (3ec172b971b9..., userDataDir: /var/folders/t1/rl_v5fcd6bg...}, fedcm:accounts: true, goog:chromeOptions: {debuggerAddress: localhost:52749}, networkConnectionEnabled: false, pageLoadStrategy: normal, platformName: mac, proxy: Proxy(), se:cdp: ws://localhost:52749/devtoo..., se:cdpVersion: 130.0.6723.60, setWindowRect: true, strictFileInteractability: false, timeouts: {implicit: 0, pageLoad: 300000, script: 30000}, unhandledPromptBehavior: dismiss and notify, webauthn:extension:credBlob: true, webauthn:extension:largeBlob: true, webauthn:extension:minPinLength: true, webauthn:extension:prf: true, webauthn:virtualAuthenticators: true}
Session ID: 03c6326710e630dd22666ccec8f0f4d6
	at org.openqa.selenium.remote.RemoteWebDriver.execute(RemoteWebDriver.java:629)
	at org.openqa.selenium.remote.RemoteWebDriver.get(RemoteWebDriver.java:304)
	at util.DriverFactory.initialize_Driver(DriverFactory.java:42)
	at util.Hooks.initializeDriverAndHandleCookies(Hooks.java:18)
	at util.Hooks.before(Hooks.java:25)
Caused by: java.io.UncheckedIOException: java.io.IOException: HTTP/1.1 header parser received no bytes
	at org.openqa.selenium.remote.http.jdk.JdkHttpClient.execute0(JdkHttpClient.java:437)
	at org.openqa.selenium.remote.http.AddSeleniumUserAgent.lambda$apply$0(AddSeleniumUserAgent.java:42)
	at org.openqa.selenium.remote.http.Filter.lambda$andFinally$1(Filter.java:55)
	at org.openqa.selenium.remote.http.jdk.JdkHttpClient.execute(JdkHttpClient.java:353)
	at org.openqa.selenium.remote.HttpCommandExecutor.execute(HttpCommandExecutor.java:188)
	at org.openqa.selenium.remote.service.DriverCommandExecutor.invokeExecute(DriverCommandExecutor.java:196)
	at org.openqa.selenium.remote.service.DriverCommandExecutor.execute(DriverCommandExecutor.java:171)
	at org.openqa.selenium.remote.RemoteWebDriver.execute(RemoteWebDriver.java:602)
	at org.openqa.selenium.remote.RemoteWebDriver.get(RemoteWebDriver.java:304)
	at util.DriverFactory.initialize_Driver(DriverFactory.java:42)
	at util.Hooks.initializeDriverAndHandleCookies(Hooks.java:18)
	at util.Hooks.before(Hooks.java:25)
	at java.base/jdk.internal.reflect.DirectMethodHandleAccessor.invoke(DirectMethodHandleAccessor.java:103)
	at java.base/java.lang.reflect.Method.invoke(Method.java:580)
	at io.cucumber.java.Invoker.doInvoke(Invoker.java:66)
	at io.cucumber.java.Invoker.invoke(Invoker.java:24)
	at io.cucumber.java.AbstractGlueDefinition.invokeMethod(AbstractGlueDefinition.java:47)
	at io.cucumber.java.JavaHookDefinition.execute(JavaHookDefinition.java:64)
	at io.cucumber.core.runner.CoreHookDefinition.execute(CoreHookDefinition.java:46)
	at io.cucumber.core.runner.HookDefinitionMatch.runStep(HookDefinitionMatch.java:21)
	at io.cucumber.core.runner.ExecutionMode$1.execute(ExecutionMode.java:10)
	at io.cucumber.core.runner.TestStep.executeStep(TestStep.java:85)
	at io.cucumber.core.runner.TestStep.run(TestStep.java:57)
	at io.cucumber.core.runner.TestCase.run(TestCase.java:78)
	at io.cucumber.core.runner.Runner.runPickle(Runner.java:75)
	at io.cucumber.testng.TestNGCucumberRunner.lambda$runScenario$1(TestNGCucumberRunner.java:132)
	at io.cucumber.core.runtime.CucumberExecutionContext.lambda$runTestCase$5(CucumberExecutionContext.java:129)
	at io.cucumber.core.runtime.RethrowingThrowableCollector.executeAndThrow(RethrowingThrowableCollector.java:23)
	at io.cucumber.core.runtime.CucumberExecutionContext.runTestCase(CucumberExecutionContext.java:129)
	at io.cucumber.testng.TestNGCucumberRunner.runScenario(TestNGCucumberRunner.java:129)
	at io.cucumber.testng.AbstractTestNGCucumberTests.runScenario(AbstractTestNGCucumberTests.java:35)
	at java.base/jdk.internal.reflect.DirectMethodHandleAccessor.invoke(DirectMethodHandleAccessor.java:103)
	at java.base/java.lang.reflect.Method.invoke(Method.java:580)
	at org.testng.internal.invokers.MethodInvocationHelper.invokeMethod(MethodInvocationHelper.java:135)
	at org.testng.internal.invokers.TestInvoker.invokeMethod(TestInvoker.java:673)
	at org.testng.internal.invokers.TestInvoker.invokeTestMethod(TestInvoker.java:220)
	at org.testng.internal.invokers.MethodRunner.runInSequence(MethodRunner.java:50)
	at org.testng.internal.invokers.TestInvoker$MethodInvocationAgent.invoke(TestInvoker.java:945)
	at org.testng.internal.invokers.TestInvoker.invokeTestMethods(TestInvoker.java:193)
	at org.testng.internal.invokers.TestMethodWorker.invokeTestMethods(TestMethodWorker.java:146)
	at org.testng.internal.invokers.TestMethodWorker.run(TestMethodWorker.java:128)
	at java.base/java.util.ArrayList.forEach(ArrayList.java:1597)
	at org.testng.TestRunner.privateRun(TestRunner.java:808)
	at org.testng.TestRunner.run(TestRunner.java:603)
	at org.testng.SuiteRunner.runTest(SuiteRunner.java:429)
	at org.testng.SuiteRunner.runSequentially(SuiteRunner.java:423)
	at org.testng.SuiteRunner.privateRun(SuiteRunner.java:383)
	at org.testng.SuiteRunner.run(SuiteRunner.java:326)
	at org.testng.SuiteRunnerWorker.runSuite(SuiteRunnerWorker.java:52)
	at org.testng.SuiteRunnerWorker.run(SuiteRunnerWorker.java:95)
	at org.testng.TestNG.runSuitesSequentially(TestNG.java:1249)
	at org.testng.TestNG.runSuitesLocally(TestNG.java:1169)
	at org.testng.TestNG.runSuites(TestNG.java:1092)
	at org.testng.TestNG.run(TestNG.java:1060)
	at org.apache.maven.surefire.testng.TestNGExecutor.run(TestNGExecutor.java:308)
	at org.apache.maven.surefire.testng.TestNGXmlTestSuite.execute(TestNGXmlTestSuite.java:71)
	at org.apache.maven.surefire.testng.TestNGProvider.invoke(TestNGProvider.java:113)
	at org.apache.maven.surefire.booter.ForkedBooter.runSuitesInProcess(ForkedBooter.java:385)
	at org.apache.maven.surefire.booter.ForkedBooter.execute(ForkedBooter.java:162)
	at org.apache.maven.surefire.booter.ForkedBooter.run(ForkedBooter.java:507)
	at org.apache.maven.surefire.booter.ForkedBooter.main(ForkedBooter.java:495)
Caused by: java.io.IOException: HTTP/1.1 header parser received no bytes
	at java.net.http/jdk.internal.net.http.common.Utils.wrapWithExtraDetail(Utils.java:440)
	at java.net.http/jdk.internal.net.http.Http1Response$HeadersReader.onReadError(Http1Response.java:590)
	at java.net.http/jdk.internal.net.http.Http1AsyncReceiver.checkForErrors(Http1AsyncReceiver.java:302)
	at java.net.http/jdk.internal.net.http.Http1AsyncReceiver.flush(Http1AsyncReceiver.java:268)
	at java.net.http/jdk.internal.net.http.common.SequentialScheduler$LockingRestartableTask.run(SequentialScheduler.java:182)
	at java.net.http/jdk.internal.net.http.common.SequentialScheduler$CompleteRestartableTask.run(SequentialScheduler.java:149)
	at java.net.http/jdk.internal.net.http.common.SequentialScheduler$SchedulableTask.run(SequentialScheduler.java:207)
	at java.base/java.util.concurrent.ThreadPoolExecutor.runWorker(ThreadPoolExecutor.java:1144)
	at java.base/java.util.concurrent.ThreadPoolExecutor$Worker.run(ThreadPoolExecutor.java:642)
	at java.base/java.lang.Thread.run(Thread.java:1570)
Caused by: java.io.EOFException: EOF reached while reading
	at java.net.http/jdk.internal.net.http.Http1AsyncReceiver$Http1TubeSubscriber.onComplete(Http1AsyncReceiver.java:601)
	at java.net.http/jdk.internal.net.http.SocketTube$InternalReadPublisher$ReadSubscription.signalCompletion(SocketTube.java:648)
	at java.net.http/jdk.internal.net.http.SocketTube$InternalReadPublisher$InternalReadSubscription.read(SocketTube.java:853)
	at java.net.http/jdk.internal.net.http.SocketTube$SocketFlowTask.run(SocketTube.java:181)
	at java.net.http/jdk.internal.net.http.common.SequentialScheduler$SchedulableTask.run(SequentialScheduler.java:207)
	at java.net.http/jdk.internal.net.http.common.SequentialScheduler.runOrSchedule(SequentialScheduler.java:280)
	at java.net.http/jdk.internal.net.http.common.SequentialScheduler.runOrSchedule(SequentialScheduler.java:233)
	at java.net.http/jdk.internal.net.http.SocketTube$InternalReadPublisher$InternalReadSubscription.signalReadable(SocketTube.java:782)
	at java.net.http/jdk.internal.net.http.SocketTube$InternalReadPublisher$ReadEvent.signalEvent(SocketTube.java:965)
	at java.net.http/jdk.internal.net.http.SocketTube$SocketFlowEvent.handle(SocketTube.java:253)
	at java.net.http/jdk.internal.net.http.HttpClientImpl$SelectorManager.handleEvent(HttpClientImpl.java:1476)
	at java.net.http/jdk.internal.net.http.HttpClientImpl$SelectorManager.lambda$run$3(HttpClientImpl.java:1421)
	at java.base/java.util.ArrayList.forEach(ArrayList.java:1597)
	at java.net.http/jdk.internal.net.http.HttpClientImpl$SelectorManager.run(HttpClientImpl.java:1421)
&amp#27;[0m
  &amp#27;[36mGiven &amp#27;[0m&amp#27;[36mUser navigates to the 'Para Çekme' page&amp#27;[0m                                   &amp#27;[90m# stepDefinitions.WithdrawalStepDefinitions.userNavigatesToParaCekmePage()&amp#27;[0m
  &amp#27;[36mAnd &amp#27;[0m&amp#27;[36mUser adds a new IBAN with &amp#27;[0m&amp#27;[36m&amp#27;[1m"ibanNo"&amp#27;[0m&amp#27;[36m and &amp#27;[0m&amp#27;[36m&amp#27;[1m"shortName3"&amp#27;[0m                         &amp#27;[90m# stepDefinitions.WithdrawalStepDefinitions.userAddsNewIban(java.lang.String,java.lang.String)&amp#27;[0m
  &amp#27;[36mAnd &amp#27;[0m&amp#27;[36mUser withdraws &amp#27;[0m&amp#27;[36m&amp#27;[1m"price"&amp#27;[0m                                                      &amp#27;[90m# stepDefinitions.WithdrawalStepDefinitions.userWithdraws(java.lang.String)&amp#27;[0m
  &amp#27;[36mThen &amp#27;[0m&amp#27;[36mCheck Successful withdrawal&amp#27;[0m                                                &amp#27;[90m# stepDefinitions.WithdrawalStepDefinitions.checkSuccessfulWithdrawal()&amp#27;[0m
      &amp#27;[31mjava.lang.NullPointerException: Cannot invoke "org.openqa.selenium.WebDriver.quit()" because "this.driver" is null
	at util.Hooks.after(Hooks.java:56)
&amp#27;[0m
]]></system-out>
    <system-err><![CDATA[Oct 24, 2024 10:37:57 PM org.openqa.selenium.devtools.CdpVersionFinder findNearestMatch
WARNING: Unable to find CDP implementation matching 130
Oct 24, 2024 10:37:57 PM org.openqa.selenium.chromium.ChromiumDriver lambda$new$5
WARNING: Unable to find version of CDP to use for 130.0.6723.60. You may need to include a dependency on a specific version of the CDP using something similar to `org.seleniumhq.selenium:selenium-devtools-v86:4.14.0` where the version ("v86") matches the version of the chromium-based browser you're using and the version number of the artifact is the same as Selenium's.
Oct 24, 2024 10:37:58 PM org.openqa.selenium.devtools.CdpVersionFinder findNearestMatch
WARNING: Unable to find CDP implementation matching 130
Oct 24, 2024 10:37:58 PM org.openqa.selenium.chromium.ChromiumDriver lambda$new$5
WARNING: Unable to find version of CDP to use for 130.0.6723.60. You may need to include a dependency on a specific version of the CDP using something similar to `org.seleniumhq.selenium:selenium-devtools-v86:4.14.0` where the version ("v86") matches the version of the chromium-based browser you're using and the version number of the artifact is the same as Selenium's.
]]></system-err>
  </testcase>
</testsuite>