<?xml version="1.0" encoding="UTF-8"?>
<testsuite xmlns:xsi="http://www.w3.org/2001/XMLSchema-instance" xsi:noNamespaceSchemaLocation="https://maven.apache.org/surefire/maven-surefire-plugin/xsd/surefire-test-report-3.0.xsd" version="3.0" name="TestSuite" time="78.153" tests="5" errors="0" skipped="0" failures="4">
  <properties>
[...]
</properties>
  <testcase name="runScenario[&quot;User verifies Password Retrieval form is not submittable when with &quot;correctTcID&quot; TC ID, &quot;empty&quot; Birth Date, &quot;correctEmail&quot; email missing data&quot;, &quot;Milli Piyango Login Check Test Cases&quot;](1)" classname="testRunners.runner" time="11.806"/>
  <testcase name="runScenario[&quot;User verifies Password Retrieval form is not submittable when with &quot;empty&quot; TC ID, &quot;01122001&quot; Birth Date, &quot;correctEmail&quot; email missing data&quot;, &quot;Milli Piyango Login Check Test Cases&quot;](2)" classname="testRunners.runner" time="15.41">
    <failure message="timeout: Timed out receiving message from renderer: 10.000&#10;  (Session info: chrome=142.0.7444.176)&#10;Build info: version: &apos;4.27.0&apos;, revision: &apos;d6e718d134&apos;&#10;System info: os.name: &apos;Mac OS X&apos;, os.arch: &apos;aarch64&apos;, os.version: &apos;26.0.1&apos;, java.version: &apos;17.0.15&apos;&#10;Driver info: org.openqa.selenium.chrome.ChromeDriver&#10;Command: [a57e143966e062bd05b8157a9252b909, findElement {using=xpath, value=//*[@id=&quot;onetrust-close-btn-container&quot;]/button}]&#10;Capabilities {acceptInsecureCerts: false, browserName: chrome, browserVersion: 142.0.7444.176, chrome: {chromedriverVersion: 142.0.7444.175 (302067f14a4..., userDataDir: /var/folders/t1/rl_v5fcd6bg...}, fedcm:accounts: true, goog:chromeOptions: {debuggerAddress: localhost:54237}, goog:processID: 86427, networkConnectionEnabled: false, pageLoadStrategy: normal, platformName: mac, proxy: Proxy(), se:cdp: ws://localhost:54237/devtoo..., se:cdpVersion: 142.0.7444.176, setWindowRect: true, strictFileInteractability: false, timeouts: {implicit: 0, pageLoad: 300000, script: 30000}, unhandledPromptBehavior: dismiss and notify, webauthn:extension:credBlob: true, webauthn:extension:largeBlob: true, webauthn:extension:minPinLength: true, webauthn:extension:prf: true, webauthn:virtualAuthenticators: true}&#10;Session ID: a57e143966e062bd05b8157a9252b909" type="org.openqa.selenium.TimeoutException"><![CDATA[org.openqa.selenium.TimeoutException: 
timeout: Timed out receiving message from renderer: 10.000
  (Session info: chrome=142.0.7444.176)
Build info: version: '4.27.0', revision: 'd6e718d134'
System info: os.name: 'Mac OS X', os.arch: 'aarch64', os.version: '26.0.1', java.version: '17.0.15'
Driver info: org.openqa.selenium.chrome.ChromeDriver
Command: [a57e143966e062bd05b8157a9252b909, findElement {using=xpath, value=//*[@id="onetrust-close-btn-container"]/button}]
Capabilities {acceptInsecureCerts: false, browserName: chrome, browserVersion: 142.0.7444.176, chrome: {chromedriverVersion: 142.0.7444.175 (302067f14a4..., userDataDir: /var/folders/t1/rl_v5fcd6bg...}, fedcm:accounts: true, goog:chromeOptions: {debuggerAddress: localhost:54237}, goog:processID: 86427, networkConnectionEnabled: false, pageLoadStrategy: normal, platformName: mac, proxy: Proxy(), se:cdp: ws://localhost:54237/devtoo..., se:cdpVersion: 142.0.7444.176, setWindowRect: true, strictFileInteractability: false, timeouts: {implicit: 0, pageLoad: 300000, script: 30000}, unhandledPromptBehavior: dismiss and notify, webauthn:extension:credBlob: true, webauthn:extension:largeBlob: true, webauthn:extension:minPinLength: true, webauthn:extension:prf: true, webauthn:virtualAuthenticators: true}
Session ID: a57e143966e062bd05b8157a9252b909
	at java.base/jdk.internal.reflect.NativeConstructorAccessorImpl.newInstance0(Native Method)
	at java.base/jdk.internal.reflect.NativeConstructorAccessorImpl.newInstance(NativeConstructorAccessorImpl.java:77)
	at java.base/jdk.internal.reflect.DelegatingConstructorAccessorImpl.newInstance(DelegatingConstructorAccessorImpl.java:45)
	at java.base/java.lang.reflect.Constructor.newInstanceWithCaller(Constructor.java:500)
	at java.base/java.lang.reflect.Constructor.newInstance(Constructor.java:481)
	at org.openqa.selenium.remote.ErrorCodec.decode(ErrorCodec.java:167)
	at org.openqa.selenium.remote.codec.w3c.W3CHttpResponseCodec.decode(W3CHttpResponseCodec.java:138)
	at org.openqa.selenium.remote.codec.w3c.W3CHttpResponseCodec.decode(W3CHttpResponseCodec.java:50)
	at org.openqa.selenium.remote.HttpCommandExecutor.execute(HttpCommandExecutor.java:190)
	at org.openqa.selenium.remote.service.DriverCommandExecutor.invokeExecute(DriverCommandExecutor.java:216)
	at org.openqa.selenium.remote.service.DriverCommandExecutor.execute(DriverCommandExecutor.java:174)
	at org.openqa.selenium.remote.RemoteWebDriver.execute(RemoteWebDriver.java:545)
	at org.openqa.selenium.remote.ElementLocation$ElementFinder$2.findElement(ElementLocation.java:165)
	at org.openqa.selenium.remote.ElementLocation.findElement(ElementLocation.java:59)
	at org.openqa.selenium.remote.RemoteWebDriver.findElement(RemoteWebDriver.java:368)
	at org.openqa.selenium.remote.RemoteWebDriver.findElement(RemoteWebDriver.java:362)
	at org.openqa.selenium.support.pagefactory.DefaultElementLocator.findElement(DefaultElementLocator.java:68)
	at org.openqa.selenium.support.pagefactory.internal.LocatingElementHandler.invoke(LocatingElementHandler.java:38)
	at jdk.proxy2/jdk.proxy2.$Proxy25.isDisplayed(Unknown Source)
	at org.openqa.selenium.support.ui.ExpectedConditions.elementIfVisible(ExpectedConditions.java:304)
	at org.openqa.selenium.support.ui.ExpectedConditions$10.apply(ExpectedConditions.java:290)
	at org.openqa.selenium.support.ui.ExpectedConditions$10.apply(ExpectedConditions.java:287)
	at org.openqa.selenium.support.ui.ExpectedConditions$23.apply(ExpectedConditions.java:656)
	at org.openqa.selenium.support.ui.ExpectedConditions$23.apply(ExpectedConditions.java:652)
	at org.openqa.selenium.support.ui.FluentWait.until(FluentWait.java:203)
	at util.ElementHelper.checkClickable(ElementHelper.java:27)
	at util.ElementHelper.click(ElementHelper.java:37)
	at Pages.CookiePage.closeCookiePopup(CookiePage.java:29)
	at util.Hooks.initializeDriverAndHandleCookies(Hooks.java:19)
	at util.Hooks.beforeScenario(Hooks.java:24)
]]></failure>
    <system-out><![CDATA[
@MilliPiyangoLogin @RetrievalWebFormMissingData @missingTcId
Scenario Outline: User verifies Password Retrieval form is not submittable when with "empty" TC ID, "01122001" Birth Date, "correctEmail" email missing data &amp#27;[90m# src/test/resources/Features/Login.feature:54&amp#27;[0m
      &amp#27;[31morg.openqa.selenium.TimeoutException: timeout: Timed out receiving message from renderer: 10.000
  (Session info: chrome=142.0.7444.176)
Build info: version: '4.27.0', revision: 'd6e718d134'
System info: os.name: 'Mac OS X', os.arch: 'aarch64', os.version: '26.0.1', java.version: '17.0.15'
Driver info: org.openqa.selenium.chrome.ChromeDriver
Command: [a57e143966e062bd05b8157a9252b909, findElement {using=xpath, value=//*[@id="onetrust-close-btn-container"]/button}]
Capabilities {acceptInsecureCerts: false, browserName: chrome, browserVersion: 142.0.7444.176, chrome: {chromedriverVersion: 142.0.7444.175 (302067f14a4..., userDataDir: /var/folders/t1/rl_v5fcd6bg...}, fedcm:accounts: true, goog:chromeOptions: {debuggerAddress: localhost:54237}, goog:processID: 86427, networkConnectionEnabled: false, pageLoadStrategy: normal, platformName: mac, proxy: Proxy(), se:cdp: ws://localhost:54237/devtoo..., se:cdpVersion: 142.0.7444.176, setWindowRect: true, strictFileInteractability: false, timeouts: {implicit: 0, pageLoad: 300000, script: 30000}, unhandledPromptBehavior: dismiss and notify, webauthn:extension:credBlob: true, webauthn:extension:largeBlob: true, webauthn:extension:minPinLength: true, webauthn:extension:prf: true, webauthn:virtualAuthenticators: true}
Session ID: a57e143966e062bd05b8157a9252b909
	at java.base/jdk.internal.reflect.NativeConstructorAccessorImpl.newInstance0(Native Method)
	at java.base/jdk.internal.reflect.NativeConstructorAccessorImpl.newInstance(NativeConstructorAccessorImpl.java:77)
	at java.base/jdk.internal.reflect.DelegatingConstructorAccessorImpl.newInstance(DelegatingConstructorAccessorImpl.java:45)
	at java.base/java.lang.reflect.Constructor.newInstanceWithCaller(Constructor.java:500)
	at java.base/java.lang.reflect.Constructor.newInstance(Constructor.java:481)
	at org.openqa.selenium.remote.ErrorCodec.decode(ErrorCodec.java:167)
	at org.openqa.selenium.remote.codec.w3c.W3CHttpResponseCodec.decode(W3CHttpResponseCodec.java:138)
	at org.openqa.selenium.remote.codec.w3c.W3CHttpResponseCodec.decode(W3CHttpResponseCodec.java:50)
	at org.openqa.selenium.remote.HttpCommandExecutor.execute(HttpCommandExecutor.java:190)
	at org.openqa.selenium.remote.service.DriverCommandExecutor.invokeExecute(DriverCommandExecutor.java:216)
	at org.openqa.selenium.remote.service.DriverCommandExecutor.execute(DriverCommandExecutor.java:174)
	at org.openqa.selenium.remote.RemoteWebDriver.execute(RemoteWebDriver.java:545)
	at org.openqa.selenium.remote.ElementLocation$ElementFinder$2.findElement(ElementLocation.java:165)
	at org.openqa.selenium.remote.ElementLocation.findElement(ElementLocation.java:59)
	at org.openqa.selenium.remote.RemoteWebDriver.findElement(RemoteWebDriver.java:368)
	at org.openqa.selenium.remote.RemoteWebDriver.findElement(RemoteWebDriver.java:362)
	at org.openqa.selenium.support.pagefactory.DefaultElementLocator.findElement(DefaultElementLocator.java:68)
	at org.openqa.selenium.support.pagefactory.internal.LocatingElementHandler.invoke(LocatingElementHandler.java:38)
	at jdk.proxy2/jdk.proxy2.$Proxy25.isDisplayed(Unknown Source)
	at org.openqa.selenium.support.ui.ExpectedConditions.elementIfVisible(ExpectedConditions.java:304)
	at org.openqa.selenium.support.ui.ExpectedConditions$10.apply(ExpectedConditions.java:290)
	at org.openqa.selenium.support.ui.ExpectedConditions$10.apply(ExpectedConditions.java:287)
	at org.openqa.selenium.support.ui.ExpectedConditions$23.apply(ExpectedConditions.java:656)
	at org.openqa.selenium.support.ui.ExpectedConditions$23.apply(ExpectedConditions.java:652)
	at org.openqa.selenium.support.ui.FluentWait.until(FluentWait.java:203)
	at util.ElementHelper.checkClickable(ElementHelper.java:27)
	at util.ElementHelper.click(ElementHelper.java:37)
	at Pages.CookiePage.closeCookiePopup(CookiePage.java:29)
	at util.Hooks.initializeDriverAndHandleCookies(Hooks.java:19)
	at util.Hooks.beforeScenario(Hooks.java:24)
&amp#27;[0m
  &amp#27;[36mGiven &amp#27;[0m&amp#27;[36mUser at home page&amp#27;[0m                                                                                                                                    &amp#27;[90m# stepDefinitions.LoginPageStepDefinitions.userAtHomePage()&amp#27;[0m
  &amp#27;[36mWhen &amp#27;[0m&amp#27;[36mClick member login button&amp#27;[0m                                                                                                                             &amp#27;[90m# stepDefinitions.LoginPageStepDefinitions.clickMemberLoginButton()&amp#27;[0m
  &amp#27;[36mAnd &amp#27;[0m&amp#27;[36mUser navigates to the Pasword Retrieval Page&amp#27;[0m                                                                                                           &amp#27;[90m# stepDefinitions.LoginPageStepDefinitions.userNavigatesToThePaswordRetrievalPage()&amp#27;[0m
  &amp#27;[36mThen &amp#27;[0m&amp#27;[36mUser verifies Password Retrieval form is not submittable when with &amp#27;[0m&amp#27;[36m&amp#27;[1m"empty"&amp#27;[0m&amp#27;[36m TC ID, &amp#27;[0m&amp#27;[36m&amp#27;[1m"01122001"&amp#27;[0m&amp#27;[36m Birth Date, &amp#27;[0m&amp#27;[36m&amp#27;[1m"correctEmail"&amp#27;[0m&amp#27;[36m email missing data&amp#27;[0m            &amp#27;[90m# stepDefinitions.LoginPageStepDefinitions.userVerifiesPasswordRetrievalFormIsNotSubmittableWhenWithTCIDBirthDateEmailMissingData(java.lang.String,java.lang.String,java.lang.String)&amp#27;[0m
]]></system-out>
    <system-err><![CDATA[Nov 28, 2025 6:08:03 PM org.openqa.selenium.devtools.CdpVersionFinder findNearestMatch
WARNING: Unable to find CDP implementation matching 142
Nov 28, 2025 6:08:03 PM org.openqa.selenium.chromium.ChromiumDriver lambda$new$5
WARNING: Unable to find version of CDP to use for 142.0.7444.176. You may need to include a dependency on a specific version of the CDP using something similar to `org.seleniumhq.selenium:selenium-devtools-v86:4.27.0` where the version ("v86") matches the version of the chromium-based browser you're using and the version number of the artifact is the same as Selenium's.
]]></system-err>
  </testcase>
  <testcase name="runScenario[&quot;User verifies Password Retrieval form is not submittable when with &quot;correctTcID&quot; TC ID, &quot;01122001&quot; Birth Date, &quot;empty&quot; email missing data&quot;, &quot;Milli Piyango Login Check Test Cases&quot;](3)" classname="testRunners.runner" time="15.974">
    <failure message="timeout: Timed out receiving message from renderer: 10.000&#10;  (Session info: chrome=142.0.7444.176)&#10;Build info: version: &apos;4.27.0&apos;, revision: &apos;d6e718d134&apos;&#10;System info: os.name: &apos;Mac OS X&apos;, os.arch: &apos;aarch64&apos;, os.version: &apos;26.0.1&apos;, java.version: &apos;17.0.15&apos;&#10;Driver info: org.openqa.selenium.chrome.ChromeDriver&#10;Command: [fe3c62005c1f69ab14327d04c5afc288, findElement {using=xpath, value=//*[@id=&quot;onetrust-close-btn-container&quot;]/button}]&#10;Capabilities {acceptInsecureCerts: false, browserName: chrome, browserVersion: 142.0.7444.176, chrome: {chromedriverVersion: 142.0.7444.175 (302067f14a4..., userDataDir: /var/folders/t1/rl_v5fcd6bg...}, fedcm:accounts: true, goog:chromeOptions: {debuggerAddress: localhost:54334}, goog:processID: 86544, networkConnectionEnabled: false, pageLoadStrategy: normal, platformName: mac, proxy: Proxy(), se:cdp: ws://localhost:54334/devtoo..., se:cdpVersion: 142.0.7444.176, setWindowRect: true, strictFileInteractability: false, timeouts: {implicit: 0, pageLoad: 300000, script: 30000}, unhandledPromptBehavior: dismiss and notify, webauthn:extension:credBlob: true, webauthn:extension:largeBlob: true, webauthn:extension:minPinLength: true, webauthn:extension:prf: true, webauthn:virtualAuthenticators: true}&#10;Session ID: fe3c62005c1f69ab14327d04c5afc288" type="org.openqa.selenium.TimeoutException"><![CDATA[org.openqa.selenium.TimeoutException: 
timeout: Timed out receiving message from renderer: 10.000
  (Session info: chrome=142.0.7444.176)
Build info: version: '4.27.0', revision: 'd6e718d134'
System info: os.name: 'Mac OS X', os.arch: 'aarch64', os.version: '26.0.1', java.version: '17.0.15'
Driver info: org.openqa.selenium.chrome.ChromeDriver
Command: [fe3c62005c1f69ab14327d04c5afc288, findElement {using=xpath, value=//*[@id="onetrust-close-btn-container"]/button}]
Capabilities {acceptInsecureCerts: false, browserName: chrome, browserVersion: 142.0.7444.176, chrome: {chromedriverVersion: 142.0.7444.175 (302067f14a4..., userDataDir: /var/folders/t1/rl_v5fcd6bg...}, fedcm:accounts: true, goog:chromeOptions: {debuggerAddress: localhost:54334}, goog:processID: 86544, networkConnectionEnabled: false, pageLoadStrategy: normal, platformName: mac, proxy: Proxy(), se:cdp: ws://localhost:54334/devtoo..., se:cdpVersion: 142.0.7444.176, setWindowRect: true, strictFileInteractability: false, timeouts: {implicit: 0, pageLoad: 300000, script: 30000}, unhandledPromptBehavior: dismiss and notify, webauthn:extension:credBlob: true, webauthn:extension:largeBlob: true, webauthn:extension:minPinLength: true, webauthn:extension:prf: true, webauthn:virtualAuthenticators: true}
Session ID: fe3c62005c1f69ab14327d04c5afc288
	at java.base/jdk.internal.reflect.NativeConstructorAccessorImpl.newInstance0(Native Method)
	at java.base/jdk.internal.reflect.NativeConstructorAccessorImpl.newInstance(NativeConstructorAccessorImpl.java:77)
	at java.base/jdk.internal.reflect.DelegatingConstructorAccessorImpl.newInstance(DelegatingConstructorAccessorImpl.java:45)
	at java.base/java.lang.reflect.Constructor.newInstanceWithCaller(Constructor.java:500)
	at java.base/java.lang.reflect.Constructor.newInstance(Constructor.java:481)
	at org.openqa.selenium.remote.ErrorCodec.decode(ErrorCodec.java:167)
	at org.openqa.selenium.remote.codec.w3c.W3CHttpResponseCodec.decode(W3CHttpResponseCodec.java:138)
	at org.openqa.selenium.remote.codec.w3c.W3CHttpResponseCodec.decode(W3CHttpResponseCodec.java:50)
	at org.openqa.selenium.remote.HttpCommandExecutor.execute(HttpCommandExecutor.java:190)
	at org.openqa.selenium.remote.service.DriverCommandExecutor.invokeExecute(DriverCommandExecutor.java:216)
	at org.openqa.selenium.remote.service.DriverCommandExecutor.execute(DriverCommandExecutor.java:174)
	at org.openqa.selenium.remote.RemoteWebDriver.execute(RemoteWebDriver.java:545)
	at org.openqa.selenium.remote.ElementLocation$ElementFinder$2.findElement(ElementLocation.java:165)
	at org.openqa.selenium.remote.ElementLocation.findElement(ElementLocation.java:59)
	at org.openqa.selenium.remote.RemoteWebDriver.findElement(RemoteWebDriver.java:368)
	at org.openqa.selenium.remote.RemoteWebDriver.findElement(RemoteWebDriver.java:362)
	at org.openqa.selenium.support.pagefactory.DefaultElementLocator.findElement(DefaultElementLocator.java:68)
	at org.openqa.selenium.support.pagefactory.internal.LocatingElementHandler.invoke(LocatingElementHandler.java:38)
	at jdk.proxy2/jdk.proxy2.$Proxy25.isDisplayed(Unknown Source)
	at org.openqa.selenium.support.ui.ExpectedConditions.elementIfVisible(ExpectedConditions.java:304)
	at org.openqa.selenium.support.ui.ExpectedConditions$10.apply(ExpectedConditions.java:290)
	at org.openqa.selenium.support.ui.ExpectedConditions$10.apply(ExpectedConditions.java:287)
	at org.openqa.selenium.support.ui.ExpectedConditions$23.apply(ExpectedConditions.java:656)
	at org.openqa.selenium.support.ui.ExpectedConditions$23.apply(ExpectedConditions.java:652)
	at org.openqa.selenium.support.ui.FluentWait.until(FluentWait.java:203)
	at util.ElementHelper.checkClickable(ElementHelper.java:27)
	at util.ElementHelper.click(ElementHelper.java:37)
	at Pages.CookiePage.closeCookiePopup(CookiePage.java:29)
	at util.Hooks.initializeDriverAndHandleCookies(Hooks.java:19)
	at util.Hooks.beforeScenario(Hooks.java:24)
]]></failure>
    <system-out><![CDATA[
@MilliPiyangoLogin @RetrievalWebFormMissingData @missingEmail
Scenario Outline: User verifies Password Retrieval form is not submittable when with "correctTcID" TC ID, "01122001" Birth Date, "empty" email missing data &amp#27;[90m# src/test/resources/Features/Login.feature:58&amp#27;[0m
      &amp#27;[31morg.openqa.selenium.TimeoutException: timeout: Timed out receiving message from renderer: 10.000
  (Session info: chrome=142.0.7444.176)
Build info: version: '4.27.0', revision: 'd6e718d134'
System info: os.name: 'Mac OS X', os.arch: 'aarch64', os.version: '26.0.1', java.version: '17.0.15'
Driver info: org.openqa.selenium.chrome.ChromeDriver
Command: [fe3c62005c1f69ab14327d04c5afc288, findElement {using=xpath, value=//*[@id="onetrust-close-btn-container"]/button}]
Capabilities {acceptInsecureCerts: false, browserName: chrome, browserVersion: 142.0.7444.176, chrome: {chromedriverVersion: 142.0.7444.175 (302067f14a4..., userDataDir: /var/folders/t1/rl_v5fcd6bg...}, fedcm:accounts: true, goog:chromeOptions: {debuggerAddress: localhost:54334}, goog:processID: 86544, networkConnectionEnabled: false, pageLoadStrategy: normal, platformName: mac, proxy: Proxy(), se:cdp: ws://localhost:54334/devtoo..., se:cdpVersion: 142.0.7444.176, setWindowRect: true, strictFileInteractability: false, timeouts: {implicit: 0, pageLoad: 300000, script: 30000}, unhandledPromptBehavior: dismiss and notify, webauthn:extension:credBlob: true, webauthn:extension:largeBlob: true, webauthn:extension:minPinLength: true, webauthn:extension:prf: true, webauthn:virtualAuthenticators: true}
Session ID: fe3c62005c1f69ab14327d04c5afc288
	at java.base/jdk.internal.reflect.NativeConstructorAccessorImpl.newInstance0(Native Method)
	at java.base/jdk.internal.reflect.NativeConstructorAccessorImpl.newInstance(NativeConstructorAccessorImpl.java:77)
	at java.base/jdk.internal.reflect.DelegatingConstructorAccessorImpl.newInstance(DelegatingConstructorAccessorImpl.java:45)
	at java.base/java.lang.reflect.Constructor.newInstanceWithCaller(Constructor.java:500)
	at java.base/java.lang.reflect.Constructor.newInstance(Constructor.java:481)
	at org.openqa.selenium.remote.ErrorCodec.decode(ErrorCodec.java:167)
	at org.openqa.selenium.remote.codec.w3c.W3CHttpResponseCodec.decode(W3CHttpResponseCodec.java:138)
	at org.openqa.selenium.remote.codec.w3c.W3CHttpResponseCodec.decode(W3CHttpResponseCodec.java:50)
	at org.openqa.selenium.remote.HttpCommandExecutor.execute(HttpCommandExecutor.java:190)
	at org.openqa.selenium.remote.service.DriverCommandExecutor.invokeExecute(DriverCommandExecutor.java:216)
	at org.openqa.selenium.remote.service.DriverCommandExecutor.execute(DriverCommandExecutor.java:174)
	at org.openqa.selenium.remote.RemoteWebDriver.execute(RemoteWebDriver.java:545)
	at org.openqa.selenium.remote.ElementLocation$ElementFinder$2.findElement(ElementLocation.java:165)
	at org.openqa.selenium.remote.ElementLocation.findElement(ElementLocation.java:59)
	at org.openqa.selenium.remote.RemoteWebDriver.findElement(RemoteWebDriver.java:368)
	at org.openqa.selenium.remote.RemoteWebDriver.findElement(RemoteWebDriver.java:362)
	at org.openqa.selenium.support.pagefactory.DefaultElementLocator.findElement(DefaultElementLocator.java:68)
	at org.openqa.selenium.support.pagefactory.internal.LocatingElementHandler.invoke(LocatingElementHandler.java:38)
	at jdk.proxy2/jdk.proxy2.$Proxy25.isDisplayed(Unknown Source)
	at org.openqa.selenium.support.ui.ExpectedConditions.elementIfVisible(ExpectedConditions.java:304)
	at org.openqa.selenium.support.ui.ExpectedConditions$10.apply(ExpectedConditions.java:290)
	at org.openqa.selenium.support.ui.ExpectedConditions$10.apply(ExpectedConditions.java:287)
	at org.openqa.selenium.support.ui.ExpectedConditions$23.apply(ExpectedConditions.java:656)
	at org.openqa.selenium.support.ui.ExpectedConditions$23.apply(ExpectedConditions.java:652)
	at org.openqa.selenium.support.ui.FluentWait.until(FluentWait.java:203)
	at util.ElementHelper.checkClickable(ElementHelper.java:27)
	at util.ElementHelper.click(ElementHelper.java:37)
	at Pages.CookiePage.closeCookiePopup(CookiePage.java:29)
	at util.Hooks.initializeDriverAndHandleCookies(Hooks.java:19)
	at util.Hooks.beforeScenario(Hooks.java:24)
&amp#27;[0m
  &amp#27;[36mGiven &amp#27;[0m&amp#27;[36mUser at home page&amp#27;[0m                                                                                                                                   &amp#27;[90m# stepDefinitions.LoginPageStepDefinitions.userAtHomePage()&amp#27;[0m
  &amp#27;[36mWhen &amp#27;[0m&amp#27;[36mClick member login button&amp#27;[0m                                                                                                                            &amp#27;[90m# stepDefinitions.LoginPageStepDefinitions.clickMemberLoginButton()&amp#27;[0m
  &amp#27;[36mAnd &amp#27;[0m&amp#27;[36mUser navigates to the Pasword Retrieval Page&amp#27;[0m                                                                                                          &amp#27;[90m# stepDefinitions.LoginPageStepDefinitions.userNavigatesToThePaswordRetrievalPage()&amp#27;[0m
  &amp#27;[36mThen &amp#27;[0m&amp#27;[36mUser verifies Password Retrieval form is not submittable when with &amp#27;[0m&amp#27;[36m&amp#27;[1m"correctTcID"&amp#27;[0m&amp#27;[36m TC ID, &amp#27;[0m&amp#27;[36m&amp#27;[1m"01122001"&amp#27;[0m&amp#27;[36m Birth Date, &amp#27;[0m&amp#27;[36m&amp#27;[1m"empty"&amp#27;[0m&amp#27;[36m email missing data&amp#27;[0m            &amp#27;[90m# stepDefinitions.LoginPageStepDefinitions.userVerifiesPasswordRetrievalFormIsNotSubmittableWhenWithTCIDBirthDateEmailMissingData(java.lang.String,java.lang.String,java.lang.String)&amp#27;[0m
]]></system-out>
    <system-err><![CDATA[Nov 28, 2025 6:08:19 PM org.openqa.selenium.devtools.CdpVersionFinder findNearestMatch
WARNING: Unable to find CDP implementation matching 142
Nov 28, 2025 6:08:19 PM org.openqa.selenium.chromium.ChromiumDriver lambda$new$5
WARNING: Unable to find version of CDP to use for 142.0.7444.176. You may need to include a dependency on a specific version of the CDP using something similar to `org.seleniumhq.selenium:selenium-devtools-v86:4.27.0` where the version ("v86") matches the version of the chromium-based browser you're using and the version number of the artifact is the same as Selenium's.
]]></system-err>
  </testcase>
  <testcase name="runScenario[&quot;User verifies Password Retrieval form is not submittable when with &quot;empty&quot; TC ID, &quot;01122001&quot; Birth Date, &quot;correctEmail&quot; email missing data&quot;, &quot;Milli Piyango Login Check Test Cases&quot;](1)" classname="testRunners.FailedScenariosRunner" time="11.16">
    <failure message="timeout: Timed out receiving message from renderer: 7.189&#10;  (Session info: chrome=142.0.7444.176)&#10;Build info: version: &apos;4.27.0&apos;, revision: &apos;d6e718d134&apos;&#10;System info: os.name: &apos;Mac OS X&apos;, os.arch: &apos;aarch64&apos;, os.version: &apos;26.0.1&apos;, java.version: &apos;17.0.15&apos;&#10;Driver info: org.openqa.selenium.chrome.ChromeDriver&#10;Command: [d072bd2801990067c73edadd54d55ff1, get {url=http://test-www.millipiyangoonline.com/}]&#10;Capabilities {acceptInsecureCerts: false, browserName: chrome, browserVersion: 142.0.7444.176, chrome: {chromedriverVersion: 142.0.7444.175 (302067f14a4..., userDataDir: /var/folders/t1/rl_v5fcd6bg...}, fedcm:accounts: true, goog:chromeOptions: {debuggerAddress: localhost:54449}, goog:processID: 86768, networkConnectionEnabled: false, pageLoadStrategy: normal, platformName: mac, proxy: Proxy(), se:cdp: ws://localhost:54449/devtoo..., se:cdpVersion: 142.0.7444.176, setWindowRect: true, strictFileInteractability: false, timeouts: {implicit: 0, pageLoad: 300000, script: 30000}, unhandledPromptBehavior: dismiss and notify, webauthn:extension:credBlob: true, webauthn:extension:largeBlob: true, webauthn:extension:minPinLength: true, webauthn:extension:prf: true, webauthn:virtualAuthenticators: true}&#10;Session ID: d072bd2801990067c73edadd54d55ff1" type="org.openqa.selenium.TimeoutException"><![CDATA[org.openqa.selenium.TimeoutException: 
timeout: Timed out receiving message from renderer: 7.189
  (Session info: chrome=142.0.7444.176)
Build info: version: '4.27.0', revision: 'd6e718d134'
System info: os.name: 'Mac OS X', os.arch: 'aarch64', os.version: '26.0.1', java.version: '17.0.15'
Driver info: org.openqa.selenium.chrome.ChromeDriver
Command: [d072bd2801990067c73edadd54d55ff1, get {url=http://test-www.millipiyangoonline.com/}]
Capabilities {acceptInsecureCerts: false, browserName: chrome, browserVersion: 142.0.7444.176, chrome: {chromedriverVersion: 142.0.7444.175 (302067f14a4..., userDataDir: /var/folders/t1/rl_v5fcd6bg...}, fedcm:accounts: true, goog:chromeOptions: {debuggerAddress: localhost:54449}, goog:processID: 86768, networkConnectionEnabled: false, pageLoadStrategy: normal, platformName: mac, proxy: Proxy(), se:cdp: ws://localhost:54449/devtoo..., se:cdpVersion: 142.0.7444.176, setWindowRect: true, strictFileInteractability: false, timeouts: {implicit: 0, pageLoad: 300000, script: 30000}, unhandledPromptBehavior: dismiss and notify, webauthn:extension:credBlob: true, webauthn:extension:largeBlob: true, webauthn:extension:minPinLength: true, webauthn:extension:prf: true, webauthn:virtualAuthenticators: true}
Session ID: d072bd2801990067c73edadd54d55ff1
	at java.base/jdk.internal.reflect.NativeConstructorAccessorImpl.newInstance0(Native Method)
	at java.base/jdk.internal.reflect.NativeConstructorAccessorImpl.newInstance(NativeConstructorAccessorImpl.java:77)
	at java.base/jdk.internal.reflect.DelegatingConstructorAccessorImpl.newInstance(DelegatingConstructorAccessorImpl.java:45)
	at java.base/java.lang.reflect.Constructor.newInstanceWithCaller(Constructor.java:500)
	at java.base/java.lang.reflect.Constructor.newInstance(Constructor.java:481)
	at org.openqa.selenium.remote.ErrorCodec.decode(ErrorCodec.java:167)
	at org.openqa.selenium.remote.codec.w3c.W3CHttpResponseCodec.decode(W3CHttpResponseCodec.java:138)
	at org.openqa.selenium.remote.codec.w3c.W3CHttpResponseCodec.decode(W3CHttpResponseCodec.java:50)
	at org.openqa.selenium.remote.HttpCommandExecutor.execute(HttpCommandExecutor.java:190)
	at org.openqa.selenium.remote.service.DriverCommandExecutor.invokeExecute(DriverCommandExecutor.java:216)
	at org.openqa.selenium.remote.service.DriverCommandExecutor.execute(DriverCommandExecutor.java:174)
	at org.openqa.selenium.remote.RemoteWebDriver.execute(RemoteWebDriver.java:545)
	at org.openqa.selenium.remote.RemoteWebDriver.get(RemoteWebDriver.java:313)
	at util.DriverFactory.initializeDriver(DriverFactory.java:44)
	at util.Hooks.initializeDriverAndHandleCookies(Hooks.java:16)
	at util.Hooks.beforeScenario(Hooks.java:24)
]]></failure>
    <system-out><![CDATA[
&amp#27;[31mFailed scenarios:&amp#27;[0m
file:///Users/yusuf/software/test/CucumberProjects/selenium-project-main/src/test/resources/Features/Login.feature:54 # User verifies Password Retrieval form is not submittable when with "empty" TC ID, "01122001" Birth Date, "correctEmail" email missing data
file:///Users/yusuf/software/test/CucumberProjects/selenium-project-main/src/test/resources/Features/Login.feature:58 # User verifies Password Retrieval form is not submittable when with "correctTcID" TC ID, "01122001" Birth Date, "empty" email missing data

3 Scenarios (&amp#27;[31m2 failed&amp#27;[0m, &amp#27;[32m1 passed&amp#27;[0m)
12 Steps (&amp#27;[36m8 skipped&amp#27;[0m, &amp#27;[32m4 passed&amp#27;[0m)
0m43.250s


org.openqa.selenium.TimeoutException: timeout: Timed out receiving message from renderer: 10.000
  (Session info: chrome=142.0.7444.176)
Build info: version: '4.27.0', revision: 'd6e718d134'
System info: os.name: 'Mac OS X', os.arch: 'aarch64', os.version: '26.0.1', java.version: '17.0.15'
Driver info: org.openqa.selenium.chrome.ChromeDriver
Command: [a57e143966e062bd05b8157a9252b909, findElement {using=xpath, value=//*[@id="onetrust-close-btn-container"]/button}]
Capabilities {acceptInsecureCerts: false, browserName: chrome, browserVersion: 142.0.7444.176, chrome: {chromedriverVersion: 142.0.7444.175 (302067f14a4..., userDataDir: /var/folders/t1/rl_v5fcd6bg...}, fedcm:accounts: true, goog:chromeOptions: {debuggerAddress: localhost:54237}, goog:processID: 86427, networkConnectionEnabled: false, pageLoadStrategy: normal, platformName: mac, proxy: Proxy(), se:cdp: ws://localhost:54237/devtoo..., se:cdpVersion: 142.0.7444.176, setWindowRect: true, strictFileInteractability: false, timeouts: {implicit: 0, pageLoad: 300000, script: 30000}, unhandledPromptBehavior: dismiss and notify, webauthn:extension:credBlob: true, webauthn:extension:largeBlob: true, webauthn:extension:minPinLength: true, webauthn:extension:prf: true, webauthn:virtualAuthenticators: true}
Session ID: a57e143966e062bd05b8157a9252b909
	at java.base/jdk.internal.reflect.NativeConstructorAccessorImpl.newInstance0(Native Method)
	at java.base/jdk.internal.reflect.NativeConstructorAccessorImpl.newInstance(NativeConstructorAccessorImpl.java:77)
	at java.base/jdk.internal.reflect.DelegatingConstructorAccessorImpl.newInstance(DelegatingConstructorAccessorImpl.java:45)
	at java.base/java.lang.reflect.Constructor.newInstanceWithCaller(Constructor.java:500)
	at java.base/java.lang.reflect.Constructor.newInstance(Constructor.java:481)
	at org.openqa.selenium.remote.ErrorCodec.decode(ErrorCodec.java:167)
	at org.openqa.selenium.remote.codec.w3c.W3CHttpResponseCodec.decode(W3CHttpResponseCodec.java:138)
	at org.openqa.selenium.remote.codec.w3c.W3CHttpResponseCodec.decode(W3CHttpResponseCodec.java:50)
	at org.openqa.selenium.remote.HttpCommandExecutor.execute(HttpCommandExecutor.java:190)
	at org.openqa.selenium.remote.service.DriverCommandExecutor.invokeExecute(DriverCommandExecutor.java:216)
	at org.openqa.selenium.remote.service.DriverCommandExecutor.execute(DriverCommandExecutor.java:174)
	at org.openqa.selenium.remote.RemoteWebDriver.execute(RemoteWebDriver.java:545)
	at org.openqa.selenium.remote.ElementLocation$ElementFinder$2.findElement(ElementLocation.java:165)
	at org.openqa.selenium.remote.ElementLocation.findElement(ElementLocation.java:59)
	at org.openqa.selenium.remote.RemoteWebDriver.findElement(RemoteWebDriver.java:368)
	at org.openqa.selenium.remote.RemoteWebDriver.findElement(RemoteWebDriver.java:362)
	at org.openqa.selenium.support.pagefactory.DefaultElementLocator.findElement(DefaultElementLocator.java:68)
	at org.openqa.selenium.support.pagefactory.internal.LocatingElementHandler.invoke(LocatingElementHandler.java:38)
	at jdk.proxy2/jdk.proxy2.$Proxy25.isDisplayed(Unknown Source)
	at org.openqa.selenium.support.ui.ExpectedConditions.elementIfVisible(ExpectedConditions.java:304)
	at org.openqa.selenium.support.ui.ExpectedConditions$10.apply(ExpectedConditions.java:290)
	at org.openqa.selenium.support.ui.ExpectedConditions$10.apply(ExpectedConditions.java:287)
	at org.openqa.selenium.support.ui.ExpectedConditions$23.apply(ExpectedConditions.java:656)
	at org.openqa.selenium.support.ui.ExpectedConditions$23.apply(ExpectedConditions.java:652)
	at org.openqa.selenium.support.ui.FluentWait.until(FluentWait.java:203)
	at util.ElementHelper.checkClickable(ElementHelper.java:27)
	at util.ElementHelper.click(ElementHelper.java:37)
	at Pages.CookiePage.closeCookiePopup(CookiePage.java:29)
	at util.Hooks.initializeDriverAndHandleCookies(Hooks.java:19)
	at util.Hooks.beforeScenario(Hooks.java:24)

org.openqa.selenium.TimeoutException: timeout: Timed out receiving message from renderer: 10.000
  (Session info: chrome=142.0.7444.176)
Build info: version: '4.27.0', revision: 'd6e718d134'
System info: os.name: 'Mac OS X', os.arch: 'aarch64', os.version: '26.0.1', java.version: '17.0.15'
Driver info: org.openqa.selenium.chrome.ChromeDriver
Command: [fe3c62005c1f69ab14327d04c5afc288, findElement {using=xpath, value=//*[@id="onetrust-close-btn-container"]/button}]
Capabilities {acceptInsecureCerts: false, browserName: chrome, browserVersion: 142.0.7444.176, chrome: {chromedriverVersion: 142.0.7444.175 (302067f14a4..., userDataDir: /var/folders/t1/rl_v5fcd6bg...}, fedcm:accounts: true, goog:chromeOptions: {debuggerAddress: localhost:54334}, goog:processID: 86544, networkConnectionEnabled: false, pageLoadStrategy: normal, platformName: mac, proxy: Proxy(), se:cdp: ws://localhost:54334/devtoo..., se:cdpVersion: 142.0.7444.176, setWindowRect: true, strictFileInteractability: false, timeouts: {implicit: 0, pageLoad: 300000, script: 30000}, unhandledPromptBehavior: dismiss and notify, webauthn:extension:credBlob: true, webauthn:extension:largeBlob: true, webauthn:extension:minPinLength: true, webauthn:extension:prf: true, webauthn:virtualAuthenticators: true}
Session ID: fe3c62005c1f69ab14327d04c5afc288
	at java.base/jdk.internal.reflect.NativeConstructorAccessorImpl.newInstance0(Native Method)
	at java.base/jdk.internal.reflect.NativeConstructorAccessorImpl.newInstance(NativeConstructorAccessorImpl.java:77)
	at java.base/jdk.internal.reflect.DelegatingConstructorAccessorImpl.newInstance(DelegatingConstructorAccessorImpl.java:45)
	at java.base/java.lang.reflect.Constructor.newInstanceWithCaller(Constructor.java:500)
	at java.base/java.lang.reflect.Constructor.newInstance(Constructor.java:481)
	at org.openqa.selenium.remote.ErrorCodec.decode(ErrorCodec.java:167)
	at org.openqa.selenium.remote.codec.w3c.W3CHttpResponseCodec.decode(W3CHttpResponseCodec.java:138)
	at org.openqa.selenium.remote.codec.w3c.W3CHttpResponseCodec.decode(W3CHttpResponseCodec.java:50)
	at org.openqa.selenium.remote.HttpCommandExecutor.execute(HttpCommandExecutor.java:190)
	at org.openqa.selenium.remote.service.DriverCommandExecutor.invokeExecute(DriverCommandExecutor.java:216)
	at org.openqa.selenium.remote.service.DriverCommandExecutor.execute(DriverCommandExecutor.java:174)
	at org.openqa.selenium.remote.RemoteWebDriver.execute(RemoteWebDriver.java:545)
	at org.openqa.selenium.remote.ElementLocation$ElementFinder$2.findElement(ElementLocation.java:165)
	at org.openqa.selenium.remote.ElementLocation.findElement(ElementLocation.java:59)
	at org.openqa.selenium.remote.RemoteWebDriver.findElement(RemoteWebDriver.java:368)
	at org.openqa.selenium.remote.RemoteWebDriver.findElement(RemoteWebDriver.java:362)
	at org.openqa.selenium.support.pagefactory.DefaultElementLocator.findElement(DefaultElementLocator.java:68)
	at org.openqa.selenium.support.pagefactory.internal.LocatingElementHandler.invoke(LocatingElementHandler.java:38)
	at jdk.proxy2/jdk.proxy2.$Proxy25.isDisplayed(Unknown Source)
	at org.openqa.selenium.support.ui.ExpectedConditions.elementIfVisible(ExpectedConditions.java:304)
	at org.openqa.selenium.support.ui.ExpectedConditions$10.apply(ExpectedConditions.java:290)
	at org.openqa.selenium.support.ui.ExpectedConditions$10.apply(ExpectedConditions.java:287)
	at org.openqa.selenium.support.ui.ExpectedConditions$23.apply(ExpectedConditions.java:656)
	at org.openqa.selenium.support.ui.ExpectedConditions$23.apply(ExpectedConditions.java:652)
	at org.openqa.selenium.support.ui.FluentWait.until(FluentWait.java:203)
	at util.ElementHelper.checkClickable(ElementHelper.java:27)
	at util.ElementHelper.click(ElementHelper.java:37)
	at Pages.CookiePage.closeCookiePopup(CookiePage.java:29)
	at util.Hooks.initializeDriverAndHandleCookies(Hooks.java:19)
	at util.Hooks.beforeScenario(Hooks.java:24)



@MilliPiyangoLogin @RetrievalWebFormMissingData @missingTcId
Scenario Outline: User verifies Password Retrieval form is not submittable when with "empty" TC ID, "01122001" Birth Date, "correctEmail" email missing data &amp#27;[90m# src/test/resources/Features/Login.feature:54&amp#27;[0m
      &amp#27;[31morg.openqa.selenium.TimeoutException: timeout: Timed out receiving message from renderer: 7.189
  (Session info: chrome=142.0.7444.176)
Build info: version: '4.27.0', revision: 'd6e718d134'
System info: os.name: 'Mac OS X', os.arch: 'aarch64', os.version: '26.0.1', java.version: '17.0.15'
Driver info: org.openqa.selenium.chrome.ChromeDriver
Command: [d072bd2801990067c73edadd54d55ff1, get {url=http://test-www.millipiyangoonline.com/}]
Capabilities {acceptInsecureCerts: false, browserName: chrome, browserVersion: 142.0.7444.176, chrome: {chromedriverVersion: 142.0.7444.175 (302067f14a4..., userDataDir: /var/folders/t1/rl_v5fcd6bg...}, fedcm:accounts: true, goog:chromeOptions: {debuggerAddress: localhost:54449}, goog:processID: 86768, networkConnectionEnabled: false, pageLoadStrategy: normal, platformName: mac, proxy: Proxy(), se:cdp: ws://localhost:54449/devtoo..., se:cdpVersion: 142.0.7444.176, setWindowRect: true, strictFileInteractability: false, timeouts: {implicit: 0, pageLoad: 300000, script: 30000}, unhandledPromptBehavior: dismiss and notify, webauthn:extension:credBlob: true, webauthn:extension:largeBlob: true, webauthn:extension:minPinLength: true, webauthn:extension:prf: true, webauthn:virtualAuthenticators: true}
Session ID: d072bd2801990067c73edadd54d55ff1
	at java.base/jdk.internal.reflect.NativeConstructorAccessorImpl.newInstance0(Native Method)
	at java.base/jdk.internal.reflect.NativeConstructorAccessorImpl.newInstance(NativeConstructorAccessorImpl.java:77)
	at java.base/jdk.internal.reflect.DelegatingConstructorAccessorImpl.newInstance(DelegatingConstructorAccessorImpl.java:45)
	at java.base/java.lang.reflect.Constructor.newInstanceWithCaller(Constructor.java:500)
	at java.base/java.lang.reflect.Constructor.newInstance(Constructor.java:481)
	at org.openqa.selenium.remote.ErrorCodec.decode(ErrorCodec.java:167)
	at org.openqa.selenium.remote.codec.w3c.W3CHttpResponseCodec.decode(W3CHttpResponseCodec.java:138)
	at org.openqa.selenium.remote.codec.w3c.W3CHttpResponseCodec.decode(W3CHttpResponseCodec.java:50)
	at org.openqa.selenium.remote.HttpCommandExecutor.execute(HttpCommandExecutor.java:190)
	at org.openqa.selenium.remote.service.DriverCommandExecutor.invokeExecute(DriverCommandExecutor.java:216)
	at org.openqa.selenium.remote.service.DriverCommandExecutor.execute(DriverCommandExecutor.java:174)
	at org.openqa.selenium.remote.RemoteWebDriver.execute(RemoteWebDriver.java:545)
	at org.openqa.selenium.remote.RemoteWebDriver.get(RemoteWebDriver.java:313)
	at util.DriverFactory.initializeDriver(DriverFactory.java:44)
	at util.Hooks.initializeDriverAndHandleCookies(Hooks.java:16)
	at util.Hooks.beforeScenario(Hooks.java:24)
&amp#27;[0m
  &amp#27;[36mGiven &amp#27;[0m&amp#27;[36mUser at home page&amp#27;[0m                                                                                                                                    &amp#27;[90m# stepDefinitions.LoginPageStepDefinitions.userAtHomePage()&amp#27;[0m
  &amp#27;[36mWhen &amp#27;[0m&amp#27;[36mClick member login button&amp#27;[0m                                                                                                                             &amp#27;[90m# stepDefinitions.LoginPageStepDefinitions.clickMemberLoginButton()&amp#27;[0m
  &amp#27;[36mAnd &amp#27;[0m&amp#27;[36mUser navigates to the Pasword Retrieval Page&amp#27;[0m                                                                                                           &amp#27;[90m# stepDefinitions.LoginPageStepDefinitions.userNavigatesToThePaswordRetrievalPage()&amp#27;[0m
  &amp#27;[36mThen &amp#27;[0m&amp#27;[36mUser verifies Password Retrieval form is not submittable when with &amp#27;[0m&amp#27;[36m&amp#27;[1m"empty"&amp#27;[0m&amp#27;[36m TC ID, &amp#27;[0m&amp#27;[36m&amp#27;[1m"01122001"&amp#27;[0m&amp#27;[36m Birth Date, &amp#27;[0m&amp#27;[36m&amp#27;[1m"correctEmail"&amp#27;[0m&amp#27;[36m email missing data&amp#27;[0m            &amp#27;[90m# stepDefinitions.LoginPageStepDefinitions.userVerifiesPasswordRetrievalFormIsNotSubmittableWhenWithTCIDBirthDateEmailMissingData(java.lang.String,java.lang.String,java.lang.String)&amp#27;[0m
]]></system-out>
    <system-err><![CDATA[&amp#27;[1m&amp#27;[32m┌──────────────────────────────────────────────────────────────────────────┐&amp#27;[39m&amp#27;[22m
&amp#27;[1m&amp#27;[32m│&amp#27;[39m&amp#27;[22m View your Cucumber Report at:                                            &amp#27;[1m&amp#27;[32m│&amp#27;[39m&amp#27;[22m
&amp#27;[1m&amp#27;[32m│&amp#27;[39m&amp#27;[22m &amp#27;[1m&amp#27;[4m&amp#27;[36mhttps://reports.cucumber.io/reports/2fe89be9-d570-46a2-a881-c720df28166d&amp#27;[39m&amp#27;[24m&amp#27;[22m &amp#27;[1m&amp#27;[32m│&amp#27;[39m&amp#27;[22m
&amp#27;[1m&amp#27;[32m│&amp#27;[39m&amp#27;[22m                                                                          &amp#27;[1m&amp#27;[32m│&amp#27;[39m&amp#27;[22m
&amp#27;[1m&amp#27;[32m│&amp#27;[39m&amp#27;[22m &amp#27;[1mThis report will self-destruct in 24h.&amp#27;[22m                                   &amp#27;[1m&amp#27;[32m│&amp#27;[39m&amp#27;[22m
&amp#27;[1m&amp#27;[32m└──────────────────────────────────────────────────────────────────────────┘&amp#27;[39m&amp#27;[22mNov 28, 2025 6:08:38 PM org.openqa.selenium.devtools.CdpVersionFinder findNearestMatch
WARNING: Unable to find CDP implementation matching 142
Nov 28, 2025 6:08:38 PM org.openqa.selenium.chromium.ChromiumDriver lambda$new$5
WARNING: Unable to find version of CDP to use for 142.0.7444.176. You may need to include a dependency on a specific version of the CDP using something similar to `org.seleniumhq.selenium:selenium-devtools-v86:4.27.0` where the version ("v86") matches the version of the chromium-based browser you're using and the version number of the artifact is the same as Selenium's.
]]></system-err>
  </testcase>
  <testcase name="runScenario[&quot;User verifies Password Retrieval form is not submittable when with &quot;correctTcID&quot; TC ID, &quot;01122001&quot; Birth Date, &quot;empty&quot; email missing data&quot;, &quot;Milli Piyango Login Check Test Cases&quot;](2)" classname="testRunners.FailedScenariosRunner" time="11.042">
    <failure message="timeout: Timed out receiving message from renderer: 7.968&#10;  (Session info: chrome=142.0.7444.176)&#10;Build info: version: &apos;4.27.0&apos;, revision: &apos;d6e718d134&apos;&#10;System info: os.name: &apos;Mac OS X&apos;, os.arch: &apos;aarch64&apos;, os.version: &apos;26.0.1&apos;, java.version: &apos;17.0.15&apos;&#10;Driver info: org.openqa.selenium.chrome.ChromeDriver&#10;Command: [af7843498c274ebe07ac4afe74347d10, get {url=http://test-www.millipiyangoonline.com/}]&#10;Capabilities {acceptInsecureCerts: false, browserName: chrome, browserVersion: 142.0.7444.176, chrome: {chromedriverVersion: 142.0.7444.175 (302067f14a4..., userDataDir: /var/folders/t1/rl_v5fcd6bg...}, fedcm:accounts: true, goog:chromeOptions: {debuggerAddress: localhost:54520}, goog:processID: 86889, networkConnectionEnabled: false, pageLoadStrategy: normal, platformName: mac, proxy: Proxy(), se:cdp: ws://localhost:54520/devtoo..., se:cdpVersion: 142.0.7444.176, setWindowRect: true, strictFileInteractability: false, timeouts: {implicit: 0, pageLoad: 300000, script: 30000}, unhandledPromptBehavior: dismiss and notify, webauthn:extension:credBlob: true, webauthn:extension:largeBlob: true, webauthn:extension:minPinLength: true, webauthn:extension:prf: true, webauthn:virtualAuthenticators: true}&#10;Session ID: af7843498c274ebe07ac4afe74347d10" type="org.openqa.selenium.TimeoutException"><![CDATA[org.openqa.selenium.TimeoutException: 
timeout: Timed out receiving message from renderer: 7.968
  (Session info: chrome=142.0.7444.176)
Build info: version: '4.27.0', revision: 'd6e718d134'
System info: os.name: 'Mac OS X', os.arch: 'aarch64', os.version: '26.0.1', java.version: '17.0.15'
Driver info: org.openqa.selenium.chrome.ChromeDriver
Command: [af7843498c274ebe07ac4afe74347d10, get {url=http://test-www.millipiyangoonline.com/}]
Capabilities {acceptInsecureCerts: false, browserName: chrome, browserVersion: 142.0.7444.176, chrome: {chromedriverVersion: 142.0.7444.175 (302067f14a4..., userDataDir: /var/folders/t1/rl_v5fcd6bg...}, fedcm:accounts: true, goog:chromeOptions: {debuggerAddress: localhost:54520}, goog:processID: 86889, networkConnectionEnabled: false, pageLoadStrategy: normal, platformName: mac, proxy: Proxy(), se:cdp: ws://localhost:54520/devtoo..., se:cdpVersion: 142.0.7444.176, setWindowRect: true, strictFileInteractability: false, timeouts: {implicit: 0, pageLoad: 300000, script: 30000}, unhandledPromptBehavior: dismiss and notify, webauthn:extension:credBlob: true, webauthn:extension:largeBlob: true, webauthn:extension:minPinLength: true, webauthn:extension:prf: true, webauthn:virtualAuthenticators: true}
Session ID: af7843498c274ebe07ac4afe74347d10
	at java.base/jdk.internal.reflect.NativeConstructorAccessorImpl.newInstance0(Native Method)
	at java.base/jdk.internal.reflect.NativeConstructorAccessorImpl.newInstance(NativeConstructorAccessorImpl.java:77)
	at java.base/jdk.internal.reflect.DelegatingConstructorAccessorImpl.newInstance(DelegatingConstructorAccessorImpl.java:45)
	at java.base/java.lang.reflect.Constructor.newInstanceWithCaller(Constructor.java:500)
	at java.base/java.lang.reflect.Constructor.newInstance(Constructor.java:481)
	at org.openqa.selenium.remote.ErrorCodec.decode(ErrorCodec.java:167)
	at org.openqa.selenium.remote.codec.w3c.W3CHttpResponseCodec.decode(W3CHttpResponseCodec.java:138)
	at org.openqa.selenium.remote.codec.w3c.W3CHttpResponseCodec.decode(W3CHttpResponseCodec.java:50)
	at org.openqa.selenium.remote.HttpCommandExecutor.execute(HttpCommandExecutor.java:190)
	at org.openqa.selenium.remote.service.DriverCommandExecutor.invokeExecute(DriverCommandExecutor.java:216)
	at org.openqa.selenium.remote.service.DriverCommandExecutor.execute(DriverCommandExecutor.java:174)
	at org.openqa.selenium.remote.RemoteWebDriver.execute(RemoteWebDriver.java:545)
	at org.openqa.selenium.remote.RemoteWebDriver.get(RemoteWebDriver.java:313)
	at util.DriverFactory.initializeDriver(DriverFactory.java:44)
	at util.Hooks.initializeDriverAndHandleCookies(Hooks.java:16)
	at util.Hooks.beforeScenario(Hooks.java:24)
]]></failure>
    <system-out><![CDATA[
@MilliPiyangoLogin @RetrievalWebFormMissingData @missingEmail
Scenario Outline: User verifies Password Retrieval form is not submittable when with "correctTcID" TC ID, "01122001" Birth Date, "empty" email missing data &amp#27;[90m# src/test/resources/Features/Login.feature:58&amp#27;[0m
      &amp#27;[31morg.openqa.selenium.TimeoutException: timeout: Timed out receiving message from renderer: 7.968
  (Session info: chrome=142.0.7444.176)
Build info: version: '4.27.0', revision: 'd6e718d134'
System info: os.name: 'Mac OS X', os.arch: 'aarch64', os.version: '26.0.1', java.version: '17.0.15'
Driver info: org.openqa.selenium.chrome.ChromeDriver
Command: [af7843498c274ebe07ac4afe74347d10, get {url=http://test-www.millipiyangoonline.com/}]
Capabilities {acceptInsecureCerts: false, browserName: chrome, browserVersion: 142.0.7444.176, chrome: {chromedriverVersion: 142.0.7444.175 (302067f14a4..., userDataDir: /var/folders/t1/rl_v5fcd6bg...}, fedcm:accounts: true, goog:chromeOptions: {debuggerAddress: localhost:54520}, goog:processID: 86889, networkConnectionEnabled: false, pageLoadStrategy: normal, platformName: mac, proxy: Proxy(), se:cdp: ws://localhost:54520/devtoo..., se:cdpVersion: 142.0.7444.176, setWindowRect: true, strictFileInteractability: false, timeouts: {implicit: 0, pageLoad: 300000, script: 30000}, unhandledPromptBehavior: dismiss and notify, webauthn:extension:credBlob: true, webauthn:extension:largeBlob: true, webauthn:extension:minPinLength: true, webauthn:extension:prf: true, webauthn:virtualAuthenticators: true}
Session ID: af7843498c274ebe07ac4afe74347d10
	at java.base/jdk.internal.reflect.NativeConstructorAccessorImpl.newInstance0(Native Method)
	at java.base/jdk.internal.reflect.NativeConstructorAccessorImpl.newInstance(NativeConstructorAccessorImpl.java:77)
	at java.base/jdk.internal.reflect.DelegatingConstructorAccessorImpl.newInstance(DelegatingConstructorAccessorImpl.java:45)
	at java.base/java.lang.reflect.Constructor.newInstanceWithCaller(Constructor.java:500)
	at java.base/java.lang.reflect.Constructor.newInstance(Constructor.java:481)
	at org.openqa.selenium.remote.ErrorCodec.decode(ErrorCodec.java:167)
	at org.openqa.selenium.remote.codec.w3c.W3CHttpResponseCodec.decode(W3CHttpResponseCodec.java:138)
	at org.openqa.selenium.remote.codec.w3c.W3CHttpResponseCodec.decode(W3CHttpResponseCodec.java:50)
	at org.openqa.selenium.remote.HttpCommandExecutor.execute(HttpCommandExecutor.java:190)
	at org.openqa.selenium.remote.service.DriverCommandExecutor.invokeExecute(DriverCommandExecutor.java:216)
	at org.openqa.selenium.remote.service.DriverCommandExecutor.execute(DriverCommandExecutor.java:174)
	at org.openqa.selenium.remote.RemoteWebDriver.execute(RemoteWebDriver.java:545)
	at org.openqa.selenium.remote.RemoteWebDriver.get(RemoteWebDriver.java:313)
	at util.DriverFactory.initializeDriver(DriverFactory.java:44)
	at util.Hooks.initializeDriverAndHandleCookies(Hooks.java:16)
	at util.Hooks.beforeScenario(Hooks.java:24)
&amp#27;[0m
  &amp#27;[36mGiven &amp#27;[0m&amp#27;[36mUser at home page&amp#27;[0m                                                                                                                                   &amp#27;[90m# stepDefinitions.LoginPageStepDefinitions.userAtHomePage()&amp#27;[0m
  &amp#27;[36mWhen &amp#27;[0m&amp#27;[36mClick member login button&amp#27;[0m                                                                                                                            &amp#27;[90m# stepDefinitions.LoginPageStepDefinitions.clickMemberLoginButton()&amp#27;[0m
  &amp#27;[36mAnd &amp#27;[0m&amp#27;[36mUser navigates to the Pasword Retrieval Page&amp#27;[0m                                                                                                          &amp#27;[90m# stepDefinitions.LoginPageStepDefinitions.userNavigatesToThePaswordRetrievalPage()&amp#27;[0m
  &amp#27;[36mThen &amp#27;[0m&amp#27;[36mUser verifies Password Retrieval form is not submittable when with &amp#27;[0m&amp#27;[36m&amp#27;[1m"correctTcID"&amp#27;[0m&amp#27;[36m TC ID, &amp#27;[0m&amp#27;[36m&amp#27;[1m"01122001"&amp#27;[0m&amp#27;[36m Birth Date, &amp#27;[0m&amp#27;[36m&amp#27;[1m"empty"&amp#27;[0m&amp#27;[36m email missing data&amp#27;[0m            &amp#27;[90m# stepDefinitions.LoginPageStepDefinitions.userVerifiesPasswordRetrievalFormIsNotSubmittableWhenWithTCIDBirthDateEmailMissingData(java.lang.String,java.lang.String,java.lang.String)&amp#27;[0m
]]></system-out>
    <system-err><![CDATA[Nov 28, 2025 6:08:49 PM org.openqa.selenium.devtools.CdpVersionFinder findNearestMatch
WARNING: Unable to find CDP implementation matching 142
Nov 28, 2025 6:08:49 PM org.openqa.selenium.chromium.ChromiumDriver lambda$new$5
WARNING: Unable to find version of CDP to use for 142.0.7444.176. You may need to include a dependency on a specific version of the CDP using something similar to `org.seleniumhq.selenium:selenium-devtools-v86:4.27.0` where the version ("v86") matches the version of the chromium-based browser you're using and the version number of the artifact is the same as Selenium's.
]]></system-err>
  </testcase>
</testsuite>