<?xml version="1.0" encoding="UTF-8"?>
<testng-results ignored="0" total="3" passed="3" failed="0" skipped="0">
  <reporter-output>
  </reporter-output>
  <suite started-at="2024-11-06T22:09:47 TRT" name="Cucumber Project" finished-at="2024-11-06T22:10:14 TRT" duration-ms="27420">
    <groups>
      <group name="cucumber">
        <method signature="AbstractTestNGCucumberTests.runScenario(io.cucumber.testng.PickleWrapper,io.cucumber.testng.FeatureWrapper)[pri:0, instance:testRunners.runner@7e07db1f]" name="runScenario" class="io.cucumber.testng.AbstractTestNGCucumberTests"/>
      </group> <!-- cucumber -->
    </groups>
    <test started-at="2024-11-06T22:09:47 TRT" name="Cucumber" finished-at="2024-11-06T22:10:14 TRT" duration-ms="27420">
      <class name="testRunners.runner">
        <test-method is-config="true" signature="setUpClass(org.testng.ITestContext)[pri:0, instance:testRunners.runner@7e07db1f]" started-at="2024-11-06T22:09:47 TRT" name="setUpClass" finished-at="2024-11-06T22:09:47 TRT" duration-ms="453" status="PASS">
          <params>
            <param index="0">
              <value>
                <![CDATA[org.testng.TestRunner@37ceb1df]]>
              </value>
            </param>
          </params>
          <reporter-output>
          </reporter-output>
        </test-method> <!-- setUpClass -->
        <test-method signature="runScenario(io.cucumber.testng.PickleWrapper,io.cucumber.testng.FeatureWrapper)[pri:0, instance:testRunners.runner@7e07db1f]" started-at="2024-11-06T22:09:47 TRT" name="runScenario" description="Runs Cucumber Scenarios" data-provider="scenarios" finished-at="2024-11-06T22:09:56 TRT" duration-ms="9412" status="PASS">
          <params>
            <param index="0">
              <value>
                <![CDATA["Check  "empty" username "empty" password for login"]]>
              </value>
            </param>
            <param index="1">
              <value>
                <![CDATA["Milli Piyango Login Check Test Cases"]]>
              </value>
            </param>
          </params>
          <reporter-output>
          </reporter-output>
        </test-method> <!-- runScenario -->
        <test-method signature="runScenario(io.cucumber.testng.PickleWrapper,io.cucumber.testng.FeatureWrapper)[pri:0, instance:testRunners.runner@7e07db1f]" started-at="2024-11-06T22:09:56 TRT" name="runScenario" description="Runs Cucumber Scenarios" data-provider="scenarios" finished-at="2024-11-06T22:10:04 TRT" duration-ms="7788" status="PASS">
          <params>
            <param index="0">
              <value>
                <![CDATA["Check  "abcdefg" username "empty" password for login"]]>
              </value>
            </param>
            <param index="1">
              <value>
                <![CDATA["Milli Piyango Login Check Test Cases"]]>
              </value>
            </param>
          </params>
          <reporter-output>
          </reporter-output>
        </test-method> <!-- runScenario -->
        <test-method signature="runScenario(io.cucumber.testng.PickleWrapper,io.cucumber.testng.FeatureWrapper)[pri:0, instance:testRunners.runner@7e07db1f]" started-at="2024-11-06T22:10:04 TRT" name="runScenario" description="Runs Cucumber Scenarios" data-provider="scenarios" finished-at="2024-11-06T22:10:12 TRT" duration-ms="8207" status="PASS">
          <params>
            <param index="0">
              <value>
                <![CDATA["Check  "empty" username "123456" password for login"]]>
              </value>
            </param>
            <param index="1">
              <value>
                <![CDATA["Milli Piyango Login Check Test Cases"]]>
              </value>
            </param>
          </params>
          <reporter-output>
          </reporter-output>
        </test-method> <!-- runScenario -->
        <test-method is-config="true" signature="tearDownClass()[pri:0, instance:testRunners.runner@7e07db1f]" started-at="2024-11-06T22:10:12 TRT" name="tearDownClass" finished-at="2024-11-06T22:10:14 TRT" duration-ms="1538" status="PASS">
          <reporter-output>
          </reporter-output>
        </test-method> <!-- tearDownClass -->
      </class> <!-- testRunners.runner -->
    </test> <!-- Cucumber -->
  </suite> <!-- Cucumber Project -->
</testng-results>
