<?xml version="1.0" encoding="UTF-8"?>
<testng-results ignored="0" total="1" passed="1" failed="0" skipped="0">
  <reporter-output>
  </reporter-output>
  <suite started-at="2024-10-14T16:55:35 TRT" name="Cucumber Project" finished-at="2024-10-14T16:56:03 TRT" duration-ms="28080">
    <groups>
      <group name="cucumber">
        <method signature="AbstractTestNGCucumberTests.runScenario(io.cucumber.testng.PickleWrapper,io.cucumber.testng.FeatureWrapper)[pri:0, instance:testRunners.runner@7e07db1f]" name="runScenario" class="io.cucumber.testng.AbstractTestNGCucumberTests"/>
      </group> <!-- cucumber -->
    </groups>
    <test started-at="2024-10-14T16:55:35 TRT" name="Cucumber" finished-at="2024-10-14T16:56:03 TRT" duration-ms="28080">
      <class name="testRunners.runner">
        <test-method is-config="true" signature="setUpClass(org.testng.ITestContext)[pri:0, instance:testRunners.runner@7e07db1f]" started-at="2024-10-14T16:55:35 TRT" name="setUpClass" finished-at="2024-10-14T16:55:35 TRT" duration-ms="212" status="PASS">
          <params>
            <param index="0">
              <value>
                <![CDATA[org.testng.TestRunner@2bf2d6eb]]>
              </value>
            </param>
          </params>
          <reporter-output>
          </reporter-output>
        </test-method> <!-- setUpClass -->
        <test-method signature="runScenario(io.cucumber.testng.PickleWrapper,io.cucumber.testng.FeatureWrapper)[pri:0, instance:testRunners.runner@7e07db1f]" started-at="2024-10-14T16:55:35 TRT" name="runScenario" description="Runs Cucumber Scenarios" data-provider="scenarios" finished-at="2024-10-14T16:56:02 TRT" duration-ms="26863" status="PASS">
          <params>
            <param index="0">
              <value>
                <![CDATA["Successful User Registration with different data"]]>
              </value>
            </param>
            <param index="1">
              <value>
                <![CDATA["Milli Piyango Register Check Test Cases"]]>
              </value>
            </param>
          </params>
          <reporter-output>
          </reporter-output>
        </test-method> <!-- runScenario -->
        <test-method is-config="true" signature="tearDownClass()[pri:0, instance:testRunners.runner@7e07db1f]" started-at="2024-10-14T16:56:02 TRT" name="tearDownClass" finished-at="2024-10-14T16:56:03 TRT" duration-ms="989" status="PASS">
          <reporter-output>
          </reporter-output>
        </test-method> <!-- tearDownClass -->
      </class> <!-- testRunners.runner -->
    </test> <!-- Cucumber -->
  </suite> <!-- Cucumber Project -->
</testng-results>
