<?xml version="1.0" encoding="UTF-8"?>
<testsuite xmlns:xsi="http://www.w3.org/2001/XMLSchema-instance" xsi:noNamespaceSchemaLocation="https://maven.apache.org/surefire/maven-surefire-plugin/xsd/surefire-test-report-3.0.xsd" version="3.0" name="TestSuite" time="1228.351" tests="9" errors="0" skipped="0" failures="9">
  <properties>
[...]
</properties>
  <testcase name="runScenario[&quot;Successful login with valid &quot;correctTcID&quot; credentials via API&quot;, &quot;Milli Piyango Login API Test Cases&quot;](1)" classname="testRunners.runner" time="65.964">
    <failure message="Expected status code 200 but got 422&#10;Response body: {&quot;status&quot;:&quot;FAILURE&quot;,&quot;requestId&quot;:&quot;7f667ee2-dca9-4d41-9961-1c7a71e4ff53&quot;,&quot;datetime&quot;:&quot;05-04-2026 21:55:36&quot;,&quot;error&quot;:{&quot;errorInfo&quot;:&quot;err.empty&quot;}} expected [200] but found [422]" type="java.lang.AssertionError"><![CDATA[java.lang.AssertionError: 
Expected status code 200 but got 422
Response body: {"status":"FAILURE","requestId":"7f667ee2-dca9-4d41-9961-1c7a71e4ff53","datetime":"05-04-2026 21:55:36","error":{"errorInfo":"err.empty"}} expected [200] but found [422]
	at org.testng.Assert.fail(Assert.java:110)
	at org.testng.Assert.failNotEquals(Assert.java:1413)
	at org.testng.Assert.assertEqualsImpl(Assert.java:149)
	at org.testng.Assert.assertEquals(Assert.java:131)
	at org.testng.Assert.assertEquals(Assert.java:1240)
	at stepDefinitions.ApiLoginStepDefinitions.apiResponseStatusCodeShouldBe(ApiLoginStepDefinitions.java:48)
	at ✽.API response status code should be 200(file:///Users/yusuf/software/test/CucumberProjects/selenium-project-main/src/test/resources/Features/ApiLogin.feature:7)
]]></failure>
    <system-out><![CDATA[2026-04-05T21:54:30.019501 [LOG] COOKIE CACHE CLEARED

@api @apiLogin @apiLoginSuccessful
Scenario Outline: Successful login with valid "correctTcID" credentials via API              &amp#27;[90m# src/test/resources/Features/ApiLogin.feature:13&amp#27;[0m
2026-04-05T21:54:30.097817 [LOG] FETCHING FRESH AKAMAI COOKIES VIA SELENIUM...
2026-04-05T21:54:32.098615 [LOG] NAVIGATING TO: HTTPS://TEST-WWW.MILLIPIYANGOONLINE.COM
2026-04-05T21:55:16.237887 [LOG] OPENING LOGIN PAGE...
2026-04-05T21:55:29.866988 [LOG] COOKIE POPUP CLOSED
2026-04-05T21:55:29.867162 [LOG] FILLING LOGIN FORM...
2026-04-05T21:55:34.945828 [LOG] ERROR: FAILED TO FETCH COOKIES VIA SELENIUM: ELEMENT NOT INTERACTABLE
  (SESSION INFO: CHROME=146.0.7680.178)
BUILD INFO: VERSION: '4.27.0', REVISION: 'D6E718D134'
SYSTEM INFO: OS.NAME: 'MAC OS X', OS.ARCH: 'AARCH64', OS.VERSION: '26.0.1', JAVA.VERSION: '17.0.15'
DRIVER INFO: ORG.OPENQA.SELENIUM.CHROME.CHROMEDRIVER
COMMAND: [20FC0B173AFB53E883AEDCC67537814D, SENDKEYSTOELEMENT {VALUE=[LJAVA.LANG.CHARSEQUENCE;@387A80AB, ID=F.A61C160FF9A174DCE64F5A5886D44C55.D.6B2E82C680D69DCAEE5EC3A3F71B326D.E.221}]
CAPABILITIES {ACCEPTINSECURECERTS: FALSE, BROWSERNAME: CHROME, BROWSERVERSION: 146.0.7680.178, CHROME: {CHROMEDRIVERVERSION: 146.0.7680.165 (4B989DA09E1..., USERDATADIR: /VAR/FOLDERS/T1/RL_V5FCD6BG...}, FEDCM:ACCOUNTS: TRUE, GOOG:CHROMEOPTIONS: {DEBUGGERADDRESS: LOCALHOST:56378}, GOOG:PROCESSID: 58743, NETWORKCONNECTIONENABLED: FALSE, PAGELOADSTRATEGY: EAGER, PLATFORMNAME: MAC, PROXY: PROXY(), SE:CDP: WS://LOCALHOST:56378/DEVTOO..., SE:CDPVERSION: 146.0.7680.178, SETWINDOWRECT: TRUE, STRICTFILEINTERACTABILITY: FALSE, TIMEOUTS: {IMPLICIT: 0, PAGELOAD: 300000, SCRIPT: 30000}, UNHANDLEDPROMPTBEHAVIOR: DISMISS AND NOTIFY, WEBAUTHN:EXTENSION:CREDBLOB: TRUE, WEBAUTHN:EXTENSION:LARGEBLOB: TRUE, WEBAUTHN:EXTENSION:MINPINLENGTH: TRUE, WEBAUTHN:EXTENSION:PRF: TRUE, WEBAUTHN:VIRTUALAUTHENTICATORS: TRUE}
ELEMENT: [[CHROMEDRIVER: CHROME ON MAC (20FC0B173AFB53E883AEDCC67537814D)] -> ID: USERNAME]
SESSION ID: 20FC0B173AFB53E883AEDCC67537814D
2026-04-05T21:55:34.947625 [LOG] USING FALLBACK: READING COOKIES FROM CONFIG.PROPERTIES
Request method:	POST
Request URI:	https://test-areaprivata.millipiyangoonline.com/authentication-ms/ms/auth/login
Proxy:			<none>
Request params:	<none>
Query params:	<none>
Form params:	<none>
Path params:	<none>
Headers:		accept=*/*
				accept-language=en-US,en;q=0.9,tr;q=0.8
				User-Agent=Mozilla/5.0 (Macintosh; Intel Mac OS X 10_15_7) AppleWebKit/537.36 (KHTML, like Gecko) Chrome/145.0.0.0 Safari/537.36
				Origin=https://test-www.millipiyangoonline.com
				Referer=https://test-www.millipiyangoonline.com/
				sec-ch-ua="Not:A-Brand";v="99", "Google Chrome";v="145", "Chromium";v="145"
				sec-ch-ua-mobile=?0
				sec-ch-ua-platform="macOS"
				Sec-Fetch-Site=same-site
				Sec-Fetch-Mode=cors
				Sec-Fetch-Dest=empty
				priority=u=1, i
				Content-Type=application/json
Cookies:		<none>
Multiparts:		<none>
Body:
{
    "channelId": 1,
    "password": "Piyango.1",
    "accountCode": "30646944444",
    "requestId": "7f667ee2-dca9-4d41-9961-1c7a71e4ff53",
    "sessionId": "0a75fce9-ec8e-4310-a25b-36c291d3a4e2",
    "channelInfo": "Mozilla/5.0 (Macintosh; Intel Mac OS X 10_15_7) AppleWebKit/537.36 (KHTML, like Gecko) Chrome/145.0.0.0 Safari/537.36",
    "flagConto": "1",
    "recaptchaToken": ""
}
HTTP/1.1 422 Unprocessable Entity
Content-Type: application/json
Content-Length: 138
X-Content-Type-Options: nosniff
X-XSS-Protection: 1; mode=block
Strict-Transport-Security: max-age=63072000; includeSubDomains; preload
X-Frame-Options: DENY
X-Robots-Tag: noindex
X-Request-Id: d1d0e63a3d2e395ee7232b3b7baf69aa
Expires: Sun, 05 Apr 2026 18:55:36 GMT
Cache-Control: max-age=0, no-cache, no-store
Pragma: no-cache
Date: Sun, 05 Apr 2026 18:55:36 GMT
Connection: close
Set-Cookie: XSRF-TOKEN=4ac268e1-0499-4e28-887e-609e994b0145; Path=/; Secure
Set-Cookie: ak_bmsc=D8F8954D6FBDC5EBD574FBD9DCE693C4~000000000000000000000000000000~YAAQtXYHQCfN2k+dAQAAZR0AXx9WQvkJH9a58MCaSUGgu/Qfjccwc+UlC37I5NA+bwA2y9uhJpzWSum6gU/yD32qxvt1Uz1TFmfcw9JoAvQtgOY0FJBrDmLqSf1C69S1OgN8dnHxp5TGUP+YFDjPa13IVIiRHoX1sAqBgEU6/dDlBqFHoHq5rCn8PNfmknP1xvoajTDaPruvfu+xUe+DwIx9Tud19DsY27owd3R1DiupHBp0ktfB2jXrrwq5HB0SuQoCR01Ct+AUwQJ2SRSP4671axWzDmI7wm7u0BPCbJILFyjRGIQG2n9L8WoD9wGkr55oe7dH+LoKJhxPknlEopiPjR/+YCxrBBVxFNPOSn9rTfgsRBrMYXw=; Domain=.millipiyangoonline.com; Path=/; Expires=Sun, 05 Apr 2026 20:55:36 GMT; Max-Age=7200; HttpOnly
Set-Cookie: bm_sz=05B14B566BF95F6618B01B356E0F48D6~YAAQtXYHQCjN2k+dAQAAZR0AXx8spWEQFZtY6QClMQVPigJTWTjldnAOX/ZpWCW3gE4VRWq3wJnZVS7VXSIOfsabS9gIfNoTsVCEpShlyveLY6lmkNKzlyVzizJuR5YsPrJWChaVbrrMDvHpHe0f8jzrft0TqyBbeNvrDAuVct8q35iHhSeYfJgBtGq4MjnB8u9UrHZU9xZtZ5TyfYNyA6sG1eThywRElIEytFOCt/tfbc8jo2SAbP/6YkEtcHU6IaOVL7Msi0KyjzpQ0XJidmCaDFJRhsU9lrjLtLlnFuIGYu2rBjII/A+Qopf+iYk84677NzM66Sp2qEWUt9Z35OlYZhQgwEHITgxdbjbRUSVeFg6Tm9eIWMLy+Q==~4604993~3748661; Domain=.millipiyangoonline.com; Path=/; Expires=Sun, 05 Apr 2026 22:55:36 GMT; Max-Age=14400
Access-Control-Allow-Origin: https://test-www.millipiyangoonline.com
Access-Control-Allow-Credentials: true
Vary: Origin
Access-Control-Expose-Headers: Server, range, hdntl, hdnts, Akamai-Mon-Iucid-Ing, Akamai-Mon-Iucid-Del, x-queueit-redirect

{
    "status": "FAILURE",
    "requestId": "7f667ee2-dca9-4d41-9961-1c7a71e4ff53",
    "datetime": "05-04-2026 21:55:36",
    "error": {
        "errorInfo": "err.empty"
    }
}
  &amp#27;[32mGiven &amp#27;[0m&amp#27;[32mUser sends a POST request to login endpoint with &amp#27;[0m&amp#27;[32m&amp#27;[1m"correctTcID"&amp#27;[0m&amp#27;[32m and &amp#27;[0m&amp#27;[32m&amp#27;[1m"correctPassword"&amp#27;[0m &amp#27;[90m# stepDefinitions.ApiLoginStepDefinitions.userSendsLoginRequest(java.lang.String,java.lang.String)&amp#27;[0m
  &amp#27;[31mThen &amp#27;[0m&amp#27;[31mAPI response status code should be &amp#27;[0m&amp#27;[31m&amp#27;[1m200&amp#27;[0m                                                &amp#27;[90m# stepDefinitions.ApiLoginStepDefinitions.apiResponseStatusCodeShouldBe(int)&amp#27;[0m
      &amp#27;[31mjava.lang.AssertionError: Expected status code 200 but got 422
Response body: {"status":"FAILURE","requestId":"7f667ee2-dca9-4d41-9961-1c7a71e4ff53","datetime":"05-04-2026 21:55:36","error":{"errorInfo":"err.empty"}} expected [200] but found [422]
	at org.testng.Assert.fail(Assert.java:110)
	at org.testng.Assert.failNotEquals(Assert.java:1413)
	at org.testng.Assert.assertEqualsImpl(Assert.java:149)
	at org.testng.Assert.assertEquals(Assert.java:131)
	at org.testng.Assert.assertEquals(Assert.java:1240)
	at stepDefinitions.ApiLoginStepDefinitions.apiResponseStatusCodeShouldBe(ApiLoginStepDefinitions.java:48)
	at ✽.API response status code should be 200(file:///Users/yusuf/software/test/CucumberProjects/selenium-project-main/src/test/resources/Features/ApiLogin.feature:7)
&amp#27;[0m
  &amp#27;[36mAnd &amp#27;[0m&amp#27;[36mAPI response body should not be empty&amp#27;[0m                                                  &amp#27;[90m# stepDefinitions.ApiLoginStepDefinitions.apiResponseBodyShouldNotBeEmpty()&amp#27;[0m
  &amp#27;[36mAnd &amp#27;[0m&amp#27;[36mAPI response should contain a token field&amp#27;[0m                                              &amp#27;[90m# stepDefinitions.ApiLoginStepDefinitions.apiResponseShouldContainTokenField()&amp#27;[0m
]]></system-out>
    <system-err><![CDATA[log4j:WARN No appenders could be found for logger (org.testng.TestNG).
log4j:WARN Please initialize the log4j system properly.
log4j:WARN See http://logging.apache.org/log4j/1.2/faq.html#noconfig for more info.
Apr 05, 2026 9:54:32 PM org.openqa.selenium.devtools.CdpVersionFinder findNearestMatch
WARNING: Unable to find CDP implementation matching 146
Apr 05, 2026 9:54:32 PM org.openqa.selenium.chromium.ChromiumDriver lambda$new$5
WARNING: Unable to find version of CDP to use for 146.0.7680.178. You may need to include a dependency on a specific version of the CDP using something similar to `org.seleniumhq.selenium:selenium-devtools-v86:4.27.0` where the version ("v86") matches the version of the chromium-based browser you're using and the version number of the artifact is the same as Selenium's.
org.openqa.selenium.ElementNotInteractableException: element not interactable
  (Session info: chrome=146.0.7680.178)
Build info: version: '4.27.0', revision: 'd6e718d134'
System info: os.name: 'Mac OS X', os.arch: 'aarch64', os.version: '26.0.1', java.version: '17.0.15'
Driver info: org.openqa.selenium.chrome.ChromeDriver
Command: [20fc0b173afb53e883aedcc67537814d, sendKeysToElement {value=[Ljava.lang.CharSequence;@387a80ab, id=f.A61C160FF9A174DCE64F5A5886D44C55.d.6B2E82C680D69DCAEE5EC3A3F71B326D.e.221}]
Capabilities {acceptInsecureCerts: false, browserName: chrome, browserVersion: 146.0.7680.178, chrome: {chromedriverVersion: 146.0.7680.165 (4b989da09e1..., userDataDir: /var/folders/t1/rl_v5fcd6bg...}, fedcm:accounts: true, goog:chromeOptions: {debuggerAddress: localhost:56378}, goog:processID: 58743, networkConnectionEnabled: false, pageLoadStrategy: eager, platformName: mac, proxy: Proxy(), se:cdp: ws://localhost:56378/devtoo..., se:cdpVersion: 146.0.7680.178, setWindowRect: true, strictFileInteractability: false, timeouts: {implicit: 0, pageLoad: 300000, script: 30000}, unhandledPromptBehavior: dismiss and notify, webauthn:extension:credBlob: true, webauthn:extension:largeBlob: true, webauthn:extension:minPinLength: true, webauthn:extension:prf: true, webauthn:virtualAuthenticators: true}
Element: [[ChromeDriver: chrome on mac (20fc0b173afb53e883aedcc67537814d)] -> id: username]
Session ID: 20fc0b173afb53e883aedcc67537814d
	at java.base/jdk.internal.reflect.NativeConstructorAccessorImpl.newInstance0(Native Method)
	at java.base/jdk.internal.reflect.NativeConstructorAccessorImpl.newInstance(NativeConstructorAccessorImpl.java:77)
	at java.base/jdk.internal.reflect.DelegatingConstructorAccessorImpl.newInstance(DelegatingConstructorAccessorImpl.java:45)
	at java.base/java.lang.reflect.Constructor.newInstanceWithCaller(Constructor.java:500)
	at java.base/java.lang.reflect.Constructor.newInstance(Constructor.java:481)
	at org.openqa.selenium.remote.ErrorCodec.decode(ErrorCodec.java:167)
	at org.openqa.selenium.remote.codec.w3c.W3CHttpResponseCodec.decode(W3CHttpResponseCodec.java:138)
	at org.openqa.selenium.remote.codec.w3c.W3CHttpResponseCodec.decode(W3CHttpResponseCodec.java:50)
	at org.openqa.selenium.remote.HttpCommandExecutor.execute(HttpCommandExecutor.java:190)
	at org.openqa.selenium.remote.service.DriverCommandExecutor.invokeExecute(DriverCommandExecutor.java:216)
	at org.openqa.selenium.remote.service.DriverCommandExecutor.execute(DriverCommandExecutor.java:174)
	at org.openqa.selenium.remote.RemoteWebDriver.execute(RemoteWebDriver.java:545)
	at org.openqa.selenium.remote.RemoteWebElement.execute(RemoteWebElement.java:223)
	at org.openqa.selenium.remote.RemoteWebElement.sendKeys(RemoteWebElement.java:110)
	at util.SeleniumCookieHelper.getAkamaiCookies(SeleniumCookieHelper.java:101)
	at util.ApiAuthHelper.login(ApiAuthHelper.java:35)
	at stepDefinitions.ApiLoginStepDefinitions.userSendsLoginRequest(ApiLoginStepDefinitions.java:40)
	at java.base/jdk.internal.reflect.NativeMethodAccessorImpl.invoke0(Native Method)
	at java.base/jdk.internal.reflect.NativeMethodAccessorImpl.invoke(NativeMethodAccessorImpl.java:77)
	at java.base/jdk.internal.reflect.DelegatingMethodAccessorImpl.invoke(DelegatingMethodAccessorImpl.java:43)
	at java.base/java.lang.reflect.Method.invoke(Method.java:569)
	at io.cucumber.java.Invoker.doInvoke(Invoker.java:66)
	at io.cucumber.java.Invoker.invoke(Invoker.java:24)
	at io.cucumber.java.AbstractGlueDefinition.invokeMethod(AbstractGlueDefinition.java:47)
	at io.cucumber.java.JavaStepDefinition.execute(JavaStepDefinition.java:29)
	at io.cucumber.core.runner.CoreStepDefinition.execute(CoreStepDefinition.java:66)
	at io.cucumber.core.runner.PickleStepDefinitionMatch.runStep(PickleStepDefinitionMatch.java:63)
	at io.cucumber.core.runner.ExecutionMode$1.execute(ExecutionMode.java:10)
	at io.cucumber.core.runner.TestStep.executeStep(TestStep.java:85)
	at io.cucumber.core.runner.TestStep.run(TestStep.java:57)
	at io.cucumber.core.runner.PickleStepTestStep.run(PickleStepTestStep.java:51)
	at io.cucumber.core.runner.TestCase.run(TestCase.java:84)
	at io.cucumber.core.runner.Runner.runPickle(Runner.java:75)
	at io.cucumber.testng.TestNGCucumberRunner.lambda$runScenario$1(TestNGCucumberRunner.java:132)
	at io.cucumber.core.runtime.CucumberExecutionContext.lambda$runTestCase$5(CucumberExecutionContext.java:129)
	at io.cucumber.core.runtime.RethrowingThrowableCollector.executeAndThrow(RethrowingThrowableCollector.java:23)
	at io.cucumber.core.runtime.CucumberExecutionContext.runTestCase(CucumberExecutionContext.java:129)
	at io.cucumber.testng.TestNGCucumberRunner.runScenario(TestNGCucumberRunner.java:129)
	at io.cucumber.testng.AbstractTestNGCucumberTests.runScenario(AbstractTestNGCucumberTests.java:35)
	at java.base/jdk.internal.reflect.NativeMethodAccessorImpl.invoke0(Native Method)
	at java.base/jdk.internal.reflect.NativeMethodAccessorImpl.invoke(NativeMethodAccessorImpl.java:77)
	at java.base/jdk.internal.reflect.DelegatingMethodAccessorImpl.invoke(DelegatingMethodAccessorImpl.java:43)
	at java.base/java.lang.reflect.Method.invoke(Method.java:569)
	at org.testng.internal.invokers.MethodInvocationHelper.invokeMethod(MethodInvocationHelper.java:135)
	at org.testng.internal.invokers.TestInvoker.invokeMethod(TestInvoker.java:673)
	at org.testng.internal.invokers.TestInvoker.invokeTestMethod(TestInvoker.java:220)
	at org.testng.internal.invokers.MethodRunner.runInSequence(MethodRunner.java:50)
	at org.testng.internal.invokers.TestInvoker$MethodInvocationAgent.invoke(TestInvoker.java:945)
	at org.testng.internal.invokers.TestInvoker.invokeTestMethods(TestInvoker.java:193)
	at org.testng.internal.invokers.TestMethodWorker.invokeTestMethods(TestMethodWorker.java:146)
	at org.testng.internal.invokers.TestMethodWorker.run(TestMethodWorker.java:128)
	at java.base/java.util.concurrent.ThreadPoolExecutor.runWorker(ThreadPoolExecutor.java:1136)
	at java.base/java.util.concurrent.ThreadPoolExecutor$Worker.run(ThreadPoolExecutor.java:635)
	at java.base/java.lang.Thread.run(Thread.java:840)
]]></system-err>
  </testcase>
  <testcase name="runScenario[&quot;Successful login with valid &quot;correctAccountNo&quot; credentials via API&quot;, &quot;Milli Piyango Login API Test Cases&quot;](2)" classname="testRunners.runner" time="95.229">
    <failure message="Expected status code 200 but got 422&#10;Response body: {&quot;status&quot;:&quot;FAILURE&quot;,&quot;requestId&quot;:&quot;188ab416-4f6e-4df1-810b-fcb98ec77471&quot;,&quot;datetime&quot;:&quot;05-04-2026 21:57:11&quot;,&quot;error&quot;:{&quot;errorInfo&quot;:&quot;err.empty&quot;}} expected [200] but found [422]" type="java.lang.AssertionError"><![CDATA[java.lang.AssertionError: 
Expected status code 200 but got 422
Response body: {"status":"FAILURE","requestId":"188ab416-4f6e-4df1-810b-fcb98ec77471","datetime":"05-04-2026 21:57:11","error":{"errorInfo":"err.empty"}} expected [200] but found [422]
	at org.testng.Assert.fail(Assert.java:110)
	at org.testng.Assert.failNotEquals(Assert.java:1413)
	at org.testng.Assert.assertEqualsImpl(Assert.java:149)
	at org.testng.Assert.assertEquals(Assert.java:131)
	at org.testng.Assert.assertEquals(Assert.java:1240)
	at stepDefinitions.ApiLoginStepDefinitions.apiResponseStatusCodeShouldBe(ApiLoginStepDefinitions.java:48)
	at ✽.API response status code should be 200(file:///Users/yusuf/software/test/CucumberProjects/selenium-project-main/src/test/resources/Features/ApiLogin.feature:7)
]]></failure>
    <system-out><![CDATA[
@api @apiLogin @apiLoginSuccessful
Scenario Outline: Successful login with valid "correctAccountNo" credentials via API              &amp#27;[90m# src/test/resources/Features/ApiLogin.feature:14&amp#27;[0m
2026-04-05T21:55:36.022736 [LOG] FETCHING FRESH AKAMAI COOKIES VIA SELENIUM...
2026-04-05T21:55:39.946637 [LOG] NAVIGATING TO: HTTPS://TEST-WWW.MILLIPIYANGOONLINE.COM
2026-04-05T21:56:39.954078 [LOG] HOMEPAGE TIMEOUT (EXPECTED WITH EAGER MODE), CONTINUING...
2026-04-05T21:56:39.954140 [LOG] OPENING LOGIN PAGE...
2026-04-05T21:57:05.804660 [LOG] COOKIE POPUP CLOSED
2026-04-05T21:57:05.804942 [LOG] FILLING LOGIN FORM...
2026-04-05T21:57:10.849438 [LOG] ERROR: FAILED TO FETCH COOKIES VIA SELENIUM: ELEMENT NOT INTERACTABLE
  (SESSION INFO: CHROME=146.0.7680.178)
BUILD INFO: VERSION: '4.27.0', REVISION: 'D6E718D134'
SYSTEM INFO: OS.NAME: 'MAC OS X', OS.ARCH: 'AARCH64', OS.VERSION: '26.0.1', JAVA.VERSION: '17.0.15'
DRIVER INFO: ORG.OPENQA.SELENIUM.CHROME.CHROMEDRIVER
COMMAND: [1AF304C8032AE6E63D8B97D670DCAD24, SENDKEYSTOELEMENT {VALUE=[LJAVA.LANG.CHARSEQUENCE;@9272709, ID=F.266EDE125CAAAE1C02CFE2F0790A2684.D.5829451D685507327D558A6620EF121B.E.30}]
CAPABILITIES {ACCEPTINSECURECERTS: FALSE, BROWSERNAME: CHROME, BROWSERVERSION: 146.0.7680.178, CHROME: {CHROMEDRIVERVERSION: 146.0.7680.165 (4B989DA09E1..., USERDATADIR: /VAR/FOLDERS/T1/RL_V5FCD6BG...}, FEDCM:ACCOUNTS: TRUE, GOOG:CHROMEOPTIONS: {DEBUGGERADDRESS: LOCALHOST:56428}, GOOG:PROCESSID: 59584, NETWORKCONNECTIONENABLED: FALSE, PAGELOADSTRATEGY: EAGER, PLATFORMNAME: MAC, PROXY: PROXY(), SE:CDP: WS://LOCALHOST:56428/DEVTOO..., SE:CDPVERSION: 146.0.7680.178, SETWINDOWRECT: TRUE, STRICTFILEINTERACTABILITY: FALSE, TIMEOUTS: {IMPLICIT: 0, PAGELOAD: 300000, SCRIPT: 30000}, UNHANDLEDPROMPTBEHAVIOR: DISMISS AND NOTIFY, WEBAUTHN:EXTENSION:CREDBLOB: TRUE, WEBAUTHN:EXTENSION:LARGEBLOB: TRUE, WEBAUTHN:EXTENSION:MINPINLENGTH: TRUE, WEBAUTHN:EXTENSION:PRF: TRUE, WEBAUTHN:VIRTUALAUTHENTICATORS: TRUE}
ELEMENT: [[CHROMEDRIVER: CHROME ON MAC (1AF304C8032AE6E63D8B97D670DCAD24)] -> ID: USERNAME]
SESSION ID: 1AF304C8032AE6E63D8B97D670DCAD24
2026-04-05T21:57:10.851088 [LOG] USING FALLBACK: READING COOKIES FROM CONFIG.PROPERTIES
Request method:	POST
Request URI:	https://test-areaprivata.millipiyangoonline.com/authentication-ms/ms/auth/login
Proxy:			<none>
Request params:	<none>
Query params:	<none>
Form params:	<none>
Path params:	<none>
Headers:		accept=*/*
				accept-language=en-US,en;q=0.9,tr;q=0.8
				User-Agent=Mozilla/5.0 (Macintosh; Intel Mac OS X 10_15_7) AppleWebKit/537.36 (KHTML, like Gecko) Chrome/145.0.0.0 Safari/537.36
				Origin=https://test-www.millipiyangoonline.com
				Referer=https://test-www.millipiyangoonline.com/
				sec-ch-ua="Not:A-Brand";v="99", "Google Chrome";v="145", "Chromium";v="145"
				sec-ch-ua-mobile=?0
				sec-ch-ua-platform="macOS"
				Sec-Fetch-Site=same-site
				Sec-Fetch-Mode=cors
				Sec-Fetch-Dest=empty
				priority=u=1, i
				Content-Type=application/json
Cookies:		<none>
Multiparts:		<none>
Body:
{
    "channelId": 1,
    "password": "Piyango.1",
    "accountCode": "9920240916353401",
    "requestId": "188ab416-4f6e-4df1-810b-fcb98ec77471",
    "sessionId": "9d43e41c-eb95-49cd-8610-1064c208afd8",
    "channelInfo": "Mozilla/5.0 (Macintosh; Intel Mac OS X 10_15_7) AppleWebKit/537.36 (KHTML, like Gecko) Chrome/145.0.0.0 Safari/537.36",
    "flagConto": "1",
    "recaptchaToken": ""
}
HTTP/1.1 422 Unprocessable Entity
Content-Type: application/json
Content-Length: 138
X-Content-Type-Options: nosniff
X-XSS-Protection: 1; mode=block
Strict-Transport-Security: max-age=63072000; includeSubDomains; preload
X-Frame-Options: DENY
X-Robots-Tag: noindex
X-Request-Id: 847ae4430fd0ea75400af53d2c5d8d25
Expires: Sun, 05 Apr 2026 18:57:11 GMT
Cache-Control: max-age=0, no-cache, no-store
Pragma: no-cache
Date: Sun, 05 Apr 2026 18:57:11 GMT
Connection: close
Set-Cookie: XSRF-TOKEN=9849f6ca-267a-412a-bf91-60b3ab4f171b; Path=/; Secure
Set-Cookie: ak_bmsc=560F39A86C08B1408701EF4892FF3032~000000000000000000000000000000~YAAQtHYHQBbTZF6dAQAAm5EBXx804R9dQSrn/0y024BwR19EIkf1kEa7E2YhcGHBjer3AREKiEA+lAYinNVYz+LOIstlKhWgS7IzY7WR3peEaJtAnro7sr0ipUqkouubSyjxDPfjKkzp2yskWdhxIgLmf3VTsXy4MixfdNNtEfCjtAH+49pmDWKPtVTa3WrQ0earwLKMtiWh4L1uIXDelZ05IsTmLGyFV2Rb4JSfgWkV1bP3os6zckdwf1mWqyovBuB2C7B7tP7ZSQuHCaTjEZtjMWeakxJf4SOhCq4p9fU8n2v4+iRCP4qHRObMKsAzP48rTgFOhow26qmTwdyvYx0NLTzXCAosQKIcaws/E1dDBZxnZCsbqIk=; Domain=.millipiyangoonline.com; Path=/; Expires=Sun, 05 Apr 2026 20:57:11 GMT; Max-Age=7200; HttpOnly
Set-Cookie: bm_sz=A60EDC4F77C4926D0EC5847F814DF9DA~YAAQtHYHQBfTZF6dAQAAm5EBXx9PQ2yr2QmGLFfnPVfHeVzqviAOxs1xVWvJp66Im7i1KfiJfolQX5UfjhF/TBr6IL3QX2KVK5uENO4vbl0Qa00GLVT9yzKLsp18IwnM9E51ykXjxZHu+2sbSLVdDqnV2tZPTypW83LtBGAAby6MSOErKS6ZVRwP/NDLrumd1rnlOmnE8Yopp9pYG3+sIjHtjBTcdsC8dmpY59BFPka+EnAoZxIbkksaOL38snnlBeO9tPF3IfJzqB/c81r0yZ/HibiKjkeRGGMKdjbRPnIoty99YxPqRKn7XGar6UFADeXnPjwbF1twAcY93cfKfKjPwhAyc086EZwH22AtK6Vkd7ibr/01Uu1vEA==~4337729~3621433; Domain=.millipiyangoonline.com; Path=/; Expires=Sun, 05 Apr 2026 22:57:11 GMT; Max-Age=14400
Access-Control-Allow-Origin: https://test-www.millipiyangoonline.com
Access-Control-Allow-Credentials: true
Vary: Origin
Access-Control-Expose-Headers: Server, range, hdntl, hdnts, Akamai-Mon-Iucid-Ing, Akamai-Mon-Iucid-Del, x-queueit-redirect

{
    "status": "FAILURE",
    "requestId": "188ab416-4f6e-4df1-810b-fcb98ec77471",
    "datetime": "05-04-2026 21:57:11",
    "error": {
        "errorInfo": "err.empty"
    }
}
  &amp#27;[32mGiven &amp#27;[0m&amp#27;[32mUser sends a POST request to login endpoint with &amp#27;[0m&amp#27;[32m&amp#27;[1m"correctAccountNo"&amp#27;[0m&amp#27;[32m and &amp#27;[0m&amp#27;[32m&amp#27;[1m"correctPassword"&amp#27;[0m &amp#27;[90m# stepDefinitions.ApiLoginStepDefinitions.userSendsLoginRequest(java.lang.String,java.lang.String)&amp#27;[0m
  &amp#27;[31mThen &amp#27;[0m&amp#27;[31mAPI response status code should be &amp#27;[0m&amp#27;[31m&amp#27;[1m200&amp#27;[0m                                                     &amp#27;[90m# stepDefinitions.ApiLoginStepDefinitions.apiResponseStatusCodeShouldBe(int)&amp#27;[0m
      &amp#27;[31mjava.lang.AssertionError: Expected status code 200 but got 422
Response body: {"status":"FAILURE","requestId":"188ab416-4f6e-4df1-810b-fcb98ec77471","datetime":"05-04-2026 21:57:11","error":{"errorInfo":"err.empty"}} expected [200] but found [422]
	at org.testng.Assert.fail(Assert.java:110)
	at org.testng.Assert.failNotEquals(Assert.java:1413)
	at org.testng.Assert.assertEqualsImpl(Assert.java:149)
	at org.testng.Assert.assertEquals(Assert.java:131)
	at org.testng.Assert.assertEquals(Assert.java:1240)
	at stepDefinitions.ApiLoginStepDefinitions.apiResponseStatusCodeShouldBe(ApiLoginStepDefinitions.java:48)
	at ✽.API response status code should be 200(file:///Users/yusuf/software/test/CucumberProjects/selenium-project-main/src/test/resources/Features/ApiLogin.feature:7)
&amp#27;[0m
  &amp#27;[36mAnd &amp#27;[0m&amp#27;[36mAPI response body should not be empty&amp#27;[0m                                                       &amp#27;[90m# stepDefinitions.ApiLoginStepDefinitions.apiResponseBodyShouldNotBeEmpty()&amp#27;[0m
  &amp#27;[36mAnd &amp#27;[0m&amp#27;[36mAPI response should contain a token field&amp#27;[0m                                                   &amp#27;[90m# stepDefinitions.ApiLoginStepDefinitions.apiResponseShouldContainTokenField()&amp#27;[0m
]]></system-out>
    <system-err><![CDATA[Apr 05, 2026 9:55:39 PM org.openqa.selenium.devtools.CdpVersionFinder findNearestMatch
WARNING: Unable to find CDP implementation matching 146
Apr 05, 2026 9:55:39 PM org.openqa.selenium.chromium.ChromiumDriver lambda$new$5
WARNING: Unable to find version of CDP to use for 146.0.7680.178. You may need to include a dependency on a specific version of the CDP using something similar to `org.seleniumhq.selenium:selenium-devtools-v86:4.27.0` where the version ("v86") matches the version of the chromium-based browser you're using and the version number of the artifact is the same as Selenium's.
org.openqa.selenium.ElementNotInteractableException: element not interactable
  (Session info: chrome=146.0.7680.178)
Build info: version: '4.27.0', revision: 'd6e718d134'
System info: os.name: 'Mac OS X', os.arch: 'aarch64', os.version: '26.0.1', java.version: '17.0.15'
Driver info: org.openqa.selenium.chrome.ChromeDriver
Command: [1af304c8032ae6e63d8b97d670dcad24, sendKeysToElement {value=[Ljava.lang.CharSequence;@9272709, id=f.266EDE125CAAAE1C02CFE2F0790A2684.d.5829451D685507327D558A6620EF121B.e.30}]
Capabilities {acceptInsecureCerts: false, browserName: chrome, browserVersion: 146.0.7680.178, chrome: {chromedriverVersion: 146.0.7680.165 (4b989da09e1..., userDataDir: /var/folders/t1/rl_v5fcd6bg...}, fedcm:accounts: true, goog:chromeOptions: {debuggerAddress: localhost:56428}, goog:processID: 59584, networkConnectionEnabled: false, pageLoadStrategy: eager, platformName: mac, proxy: Proxy(), se:cdp: ws://localhost:56428/devtoo..., se:cdpVersion: 146.0.7680.178, setWindowRect: true, strictFileInteractability: false, timeouts: {implicit: 0, pageLoad: 300000, script: 30000}, unhandledPromptBehavior: dismiss and notify, webauthn:extension:credBlob: true, webauthn:extension:largeBlob: true, webauthn:extension:minPinLength: true, webauthn:extension:prf: true, webauthn:virtualAuthenticators: true}
Element: [[ChromeDriver: chrome on mac (1af304c8032ae6e63d8b97d670dcad24)] -> id: username]
Session ID: 1af304c8032ae6e63d8b97d670dcad24
	at java.base/jdk.internal.reflect.NativeConstructorAccessorImpl.newInstance0(Native Method)
	at java.base/jdk.internal.reflect.NativeConstructorAccessorImpl.newInstance(NativeConstructorAccessorImpl.java:77)
	at java.base/jdk.internal.reflect.DelegatingConstructorAccessorImpl.newInstance(DelegatingConstructorAccessorImpl.java:45)
	at java.base/java.lang.reflect.Constructor.newInstanceWithCaller(Constructor.java:500)
	at java.base/java.lang.reflect.Constructor.newInstance(Constructor.java:481)
	at org.openqa.selenium.remote.ErrorCodec.decode(ErrorCodec.java:167)
	at org.openqa.selenium.remote.codec.w3c.W3CHttpResponseCodec.decode(W3CHttpResponseCodec.java:138)
	at org.openqa.selenium.remote.codec.w3c.W3CHttpResponseCodec.decode(W3CHttpResponseCodec.java:50)
	at org.openqa.selenium.remote.HttpCommandExecutor.execute(HttpCommandExecutor.java:190)
	at org.openqa.selenium.remote.service.DriverCommandExecutor.invokeExecute(DriverCommandExecutor.java:216)
	at org.openqa.selenium.remote.service.DriverCommandExecutor.execute(DriverCommandExecutor.java:174)
	at org.openqa.selenium.remote.RemoteWebDriver.execute(RemoteWebDriver.java:545)
	at org.openqa.selenium.remote.RemoteWebElement.execute(RemoteWebElement.java:223)
	at org.openqa.selenium.remote.RemoteWebElement.sendKeys(RemoteWebElement.java:110)
	at util.SeleniumCookieHelper.getAkamaiCookies(SeleniumCookieHelper.java:101)
	at util.ApiAuthHelper.login(ApiAuthHelper.java:35)
	at stepDefinitions.ApiLoginStepDefinitions.userSendsLoginRequest(ApiLoginStepDefinitions.java:40)
	at java.base/jdk.internal.reflect.NativeMethodAccessorImpl.invoke0(Native Method)
	at java.base/jdk.internal.reflect.NativeMethodAccessorImpl.invoke(NativeMethodAccessorImpl.java:77)
	at java.base/jdk.internal.reflect.DelegatingMethodAccessorImpl.invoke(DelegatingMethodAccessorImpl.java:43)
	at java.base/java.lang.reflect.Method.invoke(Method.java:569)
	at io.cucumber.java.Invoker.doInvoke(Invoker.java:66)
	at io.cucumber.java.Invoker.invoke(Invoker.java:24)
	at io.cucumber.java.AbstractGlueDefinition.invokeMethod(AbstractGlueDefinition.java:47)
	at io.cucumber.java.JavaStepDefinition.execute(JavaStepDefinition.java:29)
	at io.cucumber.core.runner.CoreStepDefinition.execute(CoreStepDefinition.java:66)
	at io.cucumber.core.runner.PickleStepDefinitionMatch.runStep(PickleStepDefinitionMatch.java:63)
	at io.cucumber.core.runner.ExecutionMode$1.execute(ExecutionMode.java:10)
	at io.cucumber.core.runner.TestStep.executeStep(TestStep.java:85)
	at io.cucumber.core.runner.TestStep.run(TestStep.java:57)
	at io.cucumber.core.runner.PickleStepTestStep.run(PickleStepTestStep.java:51)
	at io.cucumber.core.runner.TestCase.run(TestCase.java:84)
	at io.cucumber.core.runner.Runner.runPickle(Runner.java:75)
	at io.cucumber.testng.TestNGCucumberRunner.lambda$runScenario$1(TestNGCucumberRunner.java:132)
	at io.cucumber.core.runtime.CucumberExecutionContext.lambda$runTestCase$5(CucumberExecutionContext.java:129)
	at io.cucumber.core.runtime.RethrowingThrowableCollector.executeAndThrow(RethrowingThrowableCollector.java:23)
	at io.cucumber.core.runtime.CucumberExecutionContext.runTestCase(CucumberExecutionContext.java:129)
	at io.cucumber.testng.TestNGCucumberRunner.runScenario(TestNGCucumberRunner.java:129)
	at io.cucumber.testng.AbstractTestNGCucumberTests.runScenario(AbstractTestNGCucumberTests.java:35)
	at java.base/jdk.internal.reflect.NativeMethodAccessorImpl.invoke0(Native Method)
	at java.base/jdk.internal.reflect.NativeMethodAccessorImpl.invoke(NativeMethodAccessorImpl.java:77)
	at java.base/jdk.internal.reflect.DelegatingMethodAccessorImpl.invoke(DelegatingMethodAccessorImpl.java:43)
	at java.base/java.lang.reflect.Method.invoke(Method.java:569)
	at org.testng.internal.invokers.MethodInvocationHelper.invokeMethod(MethodInvocationHelper.java:135)
	at org.testng.internal.invokers.TestInvoker.invokeMethod(TestInvoker.java:673)
	at org.testng.internal.invokers.TestInvoker.invokeTestMethod(TestInvoker.java:220)
	at org.testng.internal.invokers.MethodRunner.runInSequence(MethodRunner.java:50)
	at org.testng.internal.invokers.TestInvoker$MethodInvocationAgent.invoke(TestInvoker.java:945)
	at org.testng.internal.invokers.TestInvoker.invokeTestMethods(TestInvoker.java:193)
	at org.testng.internal.invokers.TestMethodWorker.invokeTestMethods(TestMethodWorker.java:146)
	at org.testng.internal.invokers.TestMethodWorker.run(TestMethodWorker.java:128)
	at java.base/java.util.concurrent.ThreadPoolExecutor.runWorker(ThreadPoolExecutor.java:1136)
	at java.base/java.util.concurrent.ThreadPoolExecutor$Worker.run(ThreadPoolExecutor.java:635)
	at java.base/java.lang.Thread.run(Thread.java:840)
]]></system-err>
  </testcase>
  <testcase name="runScenario[&quot;Successful login with valid &quot;correctEmail&quot; credentials via API&quot;, &quot;Milli Piyango Login API Test Cases&quot;](3)" classname="testRunners.runner" time="94.713">
    <failure message="Expected status code 200 but got 422&#10;Response body: {&quot;status&quot;:&quot;FAILURE&quot;,&quot;requestId&quot;:&quot;08378a11-d344-409c-b0af-6a02c84c9fbf&quot;,&quot;datetime&quot;:&quot;05-04-2026 21:58:46&quot;,&quot;error&quot;:{&quot;errorInfo&quot;:&quot;err.empty&quot;}} expected [200] but found [422]" type="java.lang.AssertionError"><![CDATA[java.lang.AssertionError: 
Expected status code 200 but got 422
Response body: {"status":"FAILURE","requestId":"08378a11-d344-409c-b0af-6a02c84c9fbf","datetime":"05-04-2026 21:58:46","error":{"errorInfo":"err.empty"}} expected [200] but found [422]
	at org.testng.Assert.fail(Assert.java:110)
	at org.testng.Assert.failNotEquals(Assert.java:1413)
	at org.testng.Assert.assertEqualsImpl(Assert.java:149)
	at org.testng.Assert.assertEquals(Assert.java:131)
	at org.testng.Assert.assertEquals(Assert.java:1240)
	at stepDefinitions.ApiLoginStepDefinitions.apiResponseStatusCodeShouldBe(ApiLoginStepDefinitions.java:48)
	at ✽.API response status code should be 200(file:///Users/yusuf/software/test/CucumberProjects/selenium-project-main/src/test/resources/Features/ApiLogin.feature:7)
]]></failure>
    <system-out><![CDATA[
@api @apiLogin @apiLoginSuccessful
Scenario Outline: Successful login with valid "correctEmail" credentials via API              &amp#27;[90m# src/test/resources/Features/ApiLogin.feature:15&amp#27;[0m
2026-04-05T21:57:11.248625 [LOG] FETCHING FRESH AKAMAI COOKIES VIA SELENIUM...
2026-04-05T21:57:12.850438 [LOG] NAVIGATING TO: HTTPS://TEST-WWW.MILLIPIYANGOONLINE.COM
2026-04-05T21:58:12.854442 [LOG] HOMEPAGE TIMEOUT (EXPECTED WITH EAGER MODE), CONTINUING...
2026-04-05T21:58:12.854530 [LOG] OPENING LOGIN PAGE...
2026-04-05T21:58:40.555334 [LOG] COOKIE POPUP CLOSED
2026-04-05T21:58:40.555403 [LOG] FILLING LOGIN FORM...
2026-04-05T21:58:45.622458 [LOG] ERROR: FAILED TO FETCH COOKIES VIA SELENIUM: ELEMENT NOT INTERACTABLE
  (SESSION INFO: CHROME=146.0.7680.178)
BUILD INFO: VERSION: '4.27.0', REVISION: 'D6E718D134'
SYSTEM INFO: OS.NAME: 'MAC OS X', OS.ARCH: 'AARCH64', OS.VERSION: '26.0.1', JAVA.VERSION: '17.0.15'
DRIVER INFO: ORG.OPENQA.SELENIUM.CHROME.CHROMEDRIVER
COMMAND: [739C6CC0AD5CFDD0B31ADFAFD22BC5B0, SENDKEYSTOELEMENT {VALUE=[LJAVA.LANG.CHARSEQUENCE;@719EFFFD, ID=F.C97DF2C7B663D25C94096B7AEAAABEFA.D.787CC5A4D2F0FC38E90BA190113D9919.E.31}]
CAPABILITIES {ACCEPTINSECURECERTS: FALSE, BROWSERNAME: CHROME, BROWSERVERSION: 146.0.7680.178, CHROME: {CHROMEDRIVERVERSION: 146.0.7680.165 (4B989DA09E1..., USERDATADIR: /VAR/FOLDERS/T1/RL_V5FCD6BG...}, FEDCM:ACCOUNTS: TRUE, GOOG:CHROMEOPTIONS: {DEBUGGERADDRESS: LOCALHOST:56527}, GOOG:PROCESSID: 61356, NETWORKCONNECTIONENABLED: FALSE, PAGELOADSTRATEGY: EAGER, PLATFORMNAME: MAC, PROXY: PROXY(), SE:CDP: WS://LOCALHOST:56527/DEVTOO..., SE:CDPVERSION: 146.0.7680.178, SETWINDOWRECT: TRUE, STRICTFILEINTERACTABILITY: FALSE, TIMEOUTS: {IMPLICIT: 0, PAGELOAD: 300000, SCRIPT: 30000}, UNHANDLEDPROMPTBEHAVIOR: DISMISS AND NOTIFY, WEBAUTHN:EXTENSION:CREDBLOB: TRUE, WEBAUTHN:EXTENSION:LARGEBLOB: TRUE, WEBAUTHN:EXTENSION:MINPINLENGTH: TRUE, WEBAUTHN:EXTENSION:PRF: TRUE, WEBAUTHN:VIRTUALAUTHENTICATORS: TRUE}
ELEMENT: [[CHROMEDRIVER: CHROME ON MAC (739C6CC0AD5CFDD0B31ADFAFD22BC5B0)] -> ID: USERNAME]
SESSION ID: 739C6CC0AD5CFDD0B31ADFAFD22BC5B0
2026-04-05T21:58:45.622907 [LOG] USING FALLBACK: READING COOKIES FROM CONFIG.PROPERTIES
Request method:	POST
Request URI:	https://test-areaprivata.millipiyangoonline.com/authentication-ms/ms/auth/login
Proxy:			<none>
Request params:	<none>
Query params:	<none>
Form params:	<none>
Path params:	<none>
Headers:		accept=*/*
				accept-language=en-US,en;q=0.9,tr;q=0.8
				User-Agent=Mozilla/5.0 (Macintosh; Intel Mac OS X 10_15_7) AppleWebKit/537.36 (KHTML, like Gecko) Chrome/145.0.0.0 Safari/537.36
				Origin=https://test-www.millipiyangoonline.com
				Referer=https://test-www.millipiyangoonline.com/
				sec-ch-ua="Not:A-Brand";v="99", "Google Chrome";v="145", "Chromium";v="145"
				sec-ch-ua-mobile=?0
				sec-ch-ua-platform="macOS"
				Sec-Fetch-Site=same-site
				Sec-Fetch-Mode=cors
				Sec-Fetch-Dest=empty
				priority=u=1, i
				Content-Type=application/json
Cookies:		<none>
Multiparts:		<none>
Body:
{
    "channelId": 1,
    "password": "Piyango.1",
    "accountCode": "yusuf.demirci@sisal.com",
    "requestId": "08378a11-d344-409c-b0af-6a02c84c9fbf",
    "sessionId": "bfbb34ac-0216-492f-9e41-34c5bbfd1212",
    "channelInfo": "Mozilla/5.0 (Macintosh; Intel Mac OS X 10_15_7) AppleWebKit/537.36 (KHTML, like Gecko) Chrome/145.0.0.0 Safari/537.36",
    "flagConto": "1",
    "recaptchaToken": ""
}
HTTP/1.1 422 Unprocessable Entity
Content-Type: application/json
Content-Length: 138
X-Content-Type-Options: nosniff
X-XSS-Protection: 1; mode=block
Strict-Transport-Security: max-age=63072000; includeSubDomains; preload
X-Frame-Options: DENY
X-Robots-Tag: noindex
X-Request-Id: 641ebb939c67d7cb8449d2643b906c27
Expires: Sun, 05 Apr 2026 18:58:46 GMT
Cache-Control: max-age=0, no-cache, no-store
Pragma: no-cache
Date: Sun, 05 Apr 2026 18:58:46 GMT
Connection: close
Set-Cookie: XSRF-TOKEN=2d6ccb9b-a27d-482c-8387-c567dd7f1c31; Path=/; Secure
Set-Cookie: ak_bmsc=6003A9B624FEA3BC59A630F5F875A30C~000000000000000000000000000000~YAAQtXYHQLDk20+dAQAAkAMDXx+QNPl0ipUOQT5qaC9nv3JUerWR/lVfKvX03Orf23xq6TJL1ArzzmMSh42rlSmCkBwnRY1ucMK3T/V6L8EY4E9KRH2bhVKkCkR8n8W0Ur/ezxwlx9gIodq0VfOfKB9GLlMhMyHU7XjjtTF2n4ZeinYT1qFd0ZMPtpGF9SqWdeCEhfnvJyqdid++XiXTBvuxyYzd6fP4hfhVHdvE90hVAiQ8/JEprgjdqXpmDAz6Q6BEEvtJ9tmeOOYqjqF3+88gvO9hJXKqARijxeRUbwRhe4I8KC6KA/woPKClYV/e+FzM0f+pMZND0Lz8Wf0I30VnHB+Tph2nVgIY7zuEqiBqmqqvyDbBM/o=; Domain=.millipiyangoonline.com; Path=/; Expires=Sun, 05 Apr 2026 20:58:46 GMT; Max-Age=7200; HttpOnly
Set-Cookie: bm_sz=56F59A10B11B3D6A2FB58285AAAF1693~YAAQtXYHQLHk20+dAQAAkAMDXx9SHq0faDJ+P7I0MQRYYDhlD5EQx0dujzOmJeEu+d3wYy56W7izci7N44OTlByQRNA3WsoDZGlNEYAHRQCJeMC0t6oNlF/cLoj6qSJujsccP0/5A+lDRb+sUUJi53ep9Pc2HyonbEs2xz0VUQ5UWXVfujZkTq4QasnyzEvIsxNmw1HUWPPtsjv5OwM2HbP7PGColwhyihHh2qEJ9qBdKJUCzyoYw8/Mn1uddeUw2G36RXw4z+1Lux+r1KKXodOAlvM4jhOV2UZ18MjyyGF9tYrxkNxt7Y8+0OL68fUvhUTuH2d0WpOF6XKDcOf7Cx2ikqhjz2mx8rB7qB1GTsIaFsOHSTCJz+G49g==~3420725~4403269; Domain=.millipiyangoonline.com; Path=/; Expires=Sun, 05 Apr 2026 22:58:46 GMT; Max-Age=14400
Access-Control-Allow-Origin: https://test-www.millipiyangoonline.com
Access-Control-Allow-Credentials: true
Vary: Origin
Access-Control-Expose-Headers: Server, range, hdntl, hdnts, Akamai-Mon-Iucid-Ing, Akamai-Mon-Iucid-Del, x-queueit-redirect

{
    "status": "FAILURE",
    "requestId": "08378a11-d344-409c-b0af-6a02c84c9fbf",
    "datetime": "05-04-2026 21:58:46",
    "error": {
        "errorInfo": "err.empty"
    }
}
  &amp#27;[32mGiven &amp#27;[0m&amp#27;[32mUser sends a POST request to login endpoint with &amp#27;[0m&amp#27;[32m&amp#27;[1m"correctEmail"&amp#27;[0m&amp#27;[32m and &amp#27;[0m&amp#27;[32m&amp#27;[1m"correctPassword"&amp#27;[0m &amp#27;[90m# stepDefinitions.ApiLoginStepDefinitions.userSendsLoginRequest(java.lang.String,java.lang.String)&amp#27;[0m
  &amp#27;[31mThen &amp#27;[0m&amp#27;[31mAPI response status code should be &amp#27;[0m&amp#27;[31m&amp#27;[1m200&amp#27;[0m                                                 &amp#27;[90m# stepDefinitions.ApiLoginStepDefinitions.apiResponseStatusCodeShouldBe(int)&amp#27;[0m
      &amp#27;[31mjava.lang.AssertionError: Expected status code 200 but got 422
Response body: {"status":"FAILURE","requestId":"08378a11-d344-409c-b0af-6a02c84c9fbf","datetime":"05-04-2026 21:58:46","error":{"errorInfo":"err.empty"}} expected [200] but found [422]
	at org.testng.Assert.fail(Assert.java:110)
	at org.testng.Assert.failNotEquals(Assert.java:1413)
	at org.testng.Assert.assertEqualsImpl(Assert.java:149)
	at org.testng.Assert.assertEquals(Assert.java:131)
	at org.testng.Assert.assertEquals(Assert.java:1240)
	at stepDefinitions.ApiLoginStepDefinitions.apiResponseStatusCodeShouldBe(ApiLoginStepDefinitions.java:48)
	at ✽.API response status code should be 200(file:///Users/yusuf/software/test/CucumberProjects/selenium-project-main/src/test/resources/Features/ApiLogin.feature:7)
&amp#27;[0m
  &amp#27;[36mAnd &amp#27;[0m&amp#27;[36mAPI response body should not be empty&amp#27;[0m                                                   &amp#27;[90m# stepDefinitions.ApiLoginStepDefinitions.apiResponseBodyShouldNotBeEmpty()&amp#27;[0m
  &amp#27;[36mAnd &amp#27;[0m&amp#27;[36mAPI response should contain a token field&amp#27;[0m                                               &amp#27;[90m# stepDefinitions.ApiLoginStepDefinitions.apiResponseShouldContainTokenField()&amp#27;[0m
]]></system-out>
    <system-err><![CDATA[Apr 05, 2026 9:57:12 PM org.openqa.selenium.devtools.CdpVersionFinder findNearestMatch
WARNING: Unable to find CDP implementation matching 146
Apr 05, 2026 9:57:12 PM org.openqa.selenium.chromium.ChromiumDriver lambda$new$5
WARNING: Unable to find version of CDP to use for 146.0.7680.178. You may need to include a dependency on a specific version of the CDP using something similar to `org.seleniumhq.selenium:selenium-devtools-v86:4.27.0` where the version ("v86") matches the version of the chromium-based browser you're using and the version number of the artifact is the same as Selenium's.
org.openqa.selenium.ElementNotInteractableException: element not interactable
  (Session info: chrome=146.0.7680.178)
Build info: version: '4.27.0', revision: 'd6e718d134'
System info: os.name: 'Mac OS X', os.arch: 'aarch64', os.version: '26.0.1', java.version: '17.0.15'
Driver info: org.openqa.selenium.chrome.ChromeDriver
Command: [739c6cc0ad5cfdd0b31adfafd22bc5b0, sendKeysToElement {value=[Ljava.lang.CharSequence;@719efffd, id=f.C97DF2C7B663D25C94096B7AEAAABEFA.d.787CC5A4D2F0FC38E90BA190113D9919.e.31}]
Capabilities {acceptInsecureCerts: false, browserName: chrome, browserVersion: 146.0.7680.178, chrome: {chromedriverVersion: 146.0.7680.165 (4b989da09e1..., userDataDir: /var/folders/t1/rl_v5fcd6bg...}, fedcm:accounts: true, goog:chromeOptions: {debuggerAddress: localhost:56527}, goog:processID: 61356, networkConnectionEnabled: false, pageLoadStrategy: eager, platformName: mac, proxy: Proxy(), se:cdp: ws://localhost:56527/devtoo..., se:cdpVersion: 146.0.7680.178, setWindowRect: true, strictFileInteractability: false, timeouts: {implicit: 0, pageLoad: 300000, script: 30000}, unhandledPromptBehavior: dismiss and notify, webauthn:extension:credBlob: true, webauthn:extension:largeBlob: true, webauthn:extension:minPinLength: true, webauthn:extension:prf: true, webauthn:virtualAuthenticators: true}
Element: [[ChromeDriver: chrome on mac (739c6cc0ad5cfdd0b31adfafd22bc5b0)] -> id: username]
Session ID: 739c6cc0ad5cfdd0b31adfafd22bc5b0
	at java.base/jdk.internal.reflect.NativeConstructorAccessorImpl.newInstance0(Native Method)
	at java.base/jdk.internal.reflect.NativeConstructorAccessorImpl.newInstance(NativeConstructorAccessorImpl.java:77)
	at java.base/jdk.internal.reflect.DelegatingConstructorAccessorImpl.newInstance(DelegatingConstructorAccessorImpl.java:45)
	at java.base/java.lang.reflect.Constructor.newInstanceWithCaller(Constructor.java:500)
	at java.base/java.lang.reflect.Constructor.newInstance(Constructor.java:481)
	at org.openqa.selenium.remote.ErrorCodec.decode(ErrorCodec.java:167)
	at org.openqa.selenium.remote.codec.w3c.W3CHttpResponseCodec.decode(W3CHttpResponseCodec.java:138)
	at org.openqa.selenium.remote.codec.w3c.W3CHttpResponseCodec.decode(W3CHttpResponseCodec.java:50)
	at org.openqa.selenium.remote.HttpCommandExecutor.execute(HttpCommandExecutor.java:190)
	at org.openqa.selenium.remote.service.DriverCommandExecutor.invokeExecute(DriverCommandExecutor.java:216)
	at org.openqa.selenium.remote.service.DriverCommandExecutor.execute(DriverCommandExecutor.java:174)
	at org.openqa.selenium.remote.RemoteWebDriver.execute(RemoteWebDriver.java:545)
	at org.openqa.selenium.remote.RemoteWebElement.execute(RemoteWebElement.java:223)
	at org.openqa.selenium.remote.RemoteWebElement.sendKeys(RemoteWebElement.java:110)
	at util.SeleniumCookieHelper.getAkamaiCookies(SeleniumCookieHelper.java:101)
	at util.ApiAuthHelper.login(ApiAuthHelper.java:35)
	at stepDefinitions.ApiLoginStepDefinitions.userSendsLoginRequest(ApiLoginStepDefinitions.java:40)
	at java.base/jdk.internal.reflect.NativeMethodAccessorImpl.invoke0(Native Method)
	at java.base/jdk.internal.reflect.NativeMethodAccessorImpl.invoke(NativeMethodAccessorImpl.java:77)
	at java.base/jdk.internal.reflect.DelegatingMethodAccessorImpl.invoke(DelegatingMethodAccessorImpl.java:43)
	at java.base/java.lang.reflect.Method.invoke(Method.java:569)
	at io.cucumber.java.Invoker.doInvoke(Invoker.java:66)
	at io.cucumber.java.Invoker.invoke(Invoker.java:24)
	at io.cucumber.java.AbstractGlueDefinition.invokeMethod(AbstractGlueDefinition.java:47)
	at io.cucumber.java.JavaStepDefinition.execute(JavaStepDefinition.java:29)
	at io.cucumber.core.runner.CoreStepDefinition.execute(CoreStepDefinition.java:66)
	at io.cucumber.core.runner.PickleStepDefinitionMatch.runStep(PickleStepDefinitionMatch.java:63)
	at io.cucumber.core.runner.ExecutionMode$1.execute(ExecutionMode.java:10)
	at io.cucumber.core.runner.TestStep.executeStep(TestStep.java:85)
	at io.cucumber.core.runner.TestStep.run(TestStep.java:57)
	at io.cucumber.core.runner.PickleStepTestStep.run(PickleStepTestStep.java:51)
	at io.cucumber.core.runner.TestCase.run(TestCase.java:84)
	at io.cucumber.core.runner.Runner.runPickle(Runner.java:75)
	at io.cucumber.testng.TestNGCucumberRunner.lambda$runScenario$1(TestNGCucumberRunner.java:132)
	at io.cucumber.core.runtime.CucumberExecutionContext.lambda$runTestCase$5(CucumberExecutionContext.java:129)
	at io.cucumber.core.runtime.RethrowingThrowableCollector.executeAndThrow(RethrowingThrowableCollector.java:23)
	at io.cucumber.core.runtime.CucumberExecutionContext.runTestCase(CucumberExecutionContext.java:129)
	at io.cucumber.testng.TestNGCucumberRunner.runScenario(TestNGCucumberRunner.java:129)
	at io.cucumber.testng.AbstractTestNGCucumberTests.runScenario(AbstractTestNGCucumberTests.java:35)
	at java.base/jdk.internal.reflect.NativeMethodAccessorImpl.invoke0(Native Method)
	at java.base/jdk.internal.reflect.NativeMethodAccessorImpl.invoke(NativeMethodAccessorImpl.java:77)
	at java.base/jdk.internal.reflect.DelegatingMethodAccessorImpl.invoke(DelegatingMethodAccessorImpl.java:43)
	at java.base/java.lang.reflect.Method.invoke(Method.java:569)
	at org.testng.internal.invokers.MethodInvocationHelper.invokeMethod(MethodInvocationHelper.java:135)
	at org.testng.internal.invokers.TestInvoker.invokeMethod(TestInvoker.java:673)
	at org.testng.internal.invokers.TestInvoker.invokeTestMethod(TestInvoker.java:220)
	at org.testng.internal.invokers.MethodRunner.runInSequence(MethodRunner.java:50)
	at org.testng.internal.invokers.TestInvoker$MethodInvocationAgent.invoke(TestInvoker.java:945)
	at org.testng.internal.invokers.TestInvoker.invokeTestMethods(TestInvoker.java:193)
	at org.testng.internal.invokers.TestMethodWorker.invokeTestMethods(TestMethodWorker.java:146)
	at org.testng.internal.invokers.TestMethodWorker.run(TestMethodWorker.java:128)
	at java.base/java.util.concurrent.ThreadPoolExecutor.runWorker(ThreadPoolExecutor.java:1136)
	at java.base/java.util.concurrent.ThreadPoolExecutor$Worker.run(ThreadPoolExecutor.java:635)
	at java.base/java.lang.Thread.run(Thread.java:840)
]]></system-err>
  </testcase>
  <testcase name="runScenario[&quot;Successful login with valid &quot;correctTcID&quot; credentials via API&quot;, &quot;Milli Piyango Login API Test Cases&quot;](1)" classname="testRunners.FailedScenariosRunner" time="69.827">
    <failure message="Expected status code 200 but got 422&#10;Response body: {&quot;status&quot;:&quot;FAILURE&quot;,&quot;requestId&quot;:&quot;094b15a3-e4f5-40fa-9d67-2a0a5385822f&quot;,&quot;datetime&quot;:&quot;05-04-2026 21:59:59&quot;,&quot;error&quot;:{&quot;errorInfo&quot;:&quot;err.empty&quot;}} expected [200] but found [422]" type="java.lang.AssertionError"><![CDATA[java.lang.AssertionError: 
Expected status code 200 but got 422
Response body: {"status":"FAILURE","requestId":"094b15a3-e4f5-40fa-9d67-2a0a5385822f","datetime":"05-04-2026 21:59:59","error":{"errorInfo":"err.empty"}} expected [200] but found [422]
	at org.testng.Assert.fail(Assert.java:110)
	at org.testng.Assert.failNotEquals(Assert.java:1413)
	at org.testng.Assert.assertEqualsImpl(Assert.java:149)
	at org.testng.Assert.assertEquals(Assert.java:131)
	at org.testng.Assert.assertEquals(Assert.java:1240)
	at stepDefinitions.ApiLoginStepDefinitions.apiResponseStatusCodeShouldBe(ApiLoginStepDefinitions.java:48)
	at ✽.API response status code should be 200(file:///Users/yusuf/software/test/CucumberProjects/selenium-project-main/src/test/resources/Features/ApiLogin.feature:7)
]]></failure>
    <system-out><![CDATA[2026-04-05T21:58:45.952266 [LOG] COOKIE CACHE CLEARED

&amp#27;[31mFailed scenarios:&amp#27;[0m
file:///Users/yusuf/software/test/CucumberProjects/selenium-project-main/src/test/resources/Features/ApiLogin.feature:13 # Successful login with valid "correctTcID" credentials via API
file:///Users/yusuf/software/test/CucumberProjects/selenium-project-main/src/test/resources/Features/ApiLogin.feature:14 # Successful login with valid "correctAccountNo" credentials via API
file:///Users/yusuf/software/test/CucumberProjects/selenium-project-main/src/test/resources/Features/ApiLogin.feature:15 # Successful login with valid "correctEmail" credentials via API

3 Scenarios (&amp#27;[31m3 failed&amp#27;[0m)
12 Steps (&amp#27;[31m3 failed&amp#27;[0m, &amp#27;[36m6 skipped&amp#27;[0m, &amp#27;[32m3 passed&amp#27;[0m)
4m15.960s


java.lang.AssertionError: Expected status code 200 but got 422
Response body: {"status":"FAILURE","requestId":"7f667ee2-dca9-4d41-9961-1c7a71e4ff53","datetime":"05-04-2026 21:55:36","error":{"errorInfo":"err.empty"}} expected [200] but found [422]
	at org.testng.Assert.fail(Assert.java:110)
	at org.testng.Assert.failNotEquals(Assert.java:1413)
	at org.testng.Assert.assertEqualsImpl(Assert.java:149)
	at org.testng.Assert.assertEquals(Assert.java:131)
	at org.testng.Assert.assertEquals(Assert.java:1240)
	at stepDefinitions.ApiLoginStepDefinitions.apiResponseStatusCodeShouldBe(ApiLoginStepDefinitions.java:48)
	at ✽.API response status code should be 200(file:///Users/yusuf/software/test/CucumberProjects/selenium-project-main/src/test/resources/Features/ApiLogin.feature:7)

java.lang.AssertionError: Expected status code 200 but got 422
Response body: {"status":"FAILURE","requestId":"188ab416-4f6e-4df1-810b-fcb98ec77471","datetime":"05-04-2026 21:57:11","error":{"errorInfo":"err.empty"}} expected [200] but found [422]
	at org.testng.Assert.fail(Assert.java:110)
	at org.testng.Assert.failNotEquals(Assert.java:1413)
	at org.testng.Assert.assertEqualsImpl(Assert.java:149)
	at org.testng.Assert.assertEquals(Assert.java:131)
	at org.testng.Assert.assertEquals(Assert.java:1240)
	at stepDefinitions.ApiLoginStepDefinitions.apiResponseStatusCodeShouldBe(ApiLoginStepDefinitions.java:48)
	at ✽.API response status code should be 200(file:///Users/yusuf/software/test/CucumberProjects/selenium-project-main/src/test/resources/Features/ApiLogin.feature:7)

java.lang.AssertionError: Expected status code 200 but got 422
Response body: {"status":"FAILURE","requestId":"08378a11-d344-409c-b0af-6a02c84c9fbf","datetime":"05-04-2026 21:58:46","error":{"errorInfo":"err.empty"}} expected [200] but found [422]
	at org.testng.Assert.fail(Assert.java:110)
	at org.testng.Assert.failNotEquals(Assert.java:1413)
	at org.testng.Assert.assertEqualsImpl(Assert.java:149)
	at org.testng.Assert.assertEquals(Assert.java:131)
	at org.testng.Assert.assertEquals(Assert.java:1240)
	at stepDefinitions.ApiLoginStepDefinitions.apiResponseStatusCodeShouldBe(ApiLoginStepDefinitions.java:48)
	at ✽.API response status code should be 200(file:///Users/yusuf/software/test/CucumberProjects/selenium-project-main/src/test/resources/Features/ApiLogin.feature:7)


2026-04-05T21:58:49.113153 [LOG] COOKIE CACHE CLEARED

@api @apiLogin @apiLoginSuccessful
Scenario Outline: Successful login with valid "correctTcID" credentials via API              &amp#27;[90m# src/test/resources/Features/ApiLogin.feature:13&amp#27;[0m
2026-04-05T21:58:49.125284 [LOG] FETCHING FRESH AKAMAI COOKIES VIA SELENIUM...
2026-04-05T21:58:54.453812 [LOG] NAVIGATING TO: HTTPS://TEST-WWW.MILLIPIYANGOONLINE.COM
2026-04-05T21:59:46.773949 [LOG] OPENING LOGIN PAGE...
2026-04-05T21:59:53.390316 [LOG] COOKIE POPUP CLOSED
2026-04-05T21:59:53.390725 [LOG] FILLING LOGIN FORM...
2026-04-05T21:59:58.534356 [LOG] ERROR: FAILED TO FETCH COOKIES VIA SELENIUM: ELEMENT NOT INTERACTABLE
  (SESSION INFO: CHROME=146.0.7680.178)
BUILD INFO: VERSION: '4.27.0', REVISION: 'D6E718D134'
SYSTEM INFO: OS.NAME: 'MAC OS X', OS.ARCH: 'AARCH64', OS.VERSION: '26.0.1', JAVA.VERSION: '17.0.15'
DRIVER INFO: ORG.OPENQA.SELENIUM.CHROME.CHROMEDRIVER
COMMAND: [7218F7D3E45D4C9F2292013733E6A214, SENDKEYSTOELEMENT {VALUE=[LJAVA.LANG.CHARSEQUENCE;@7C999C53, ID=F.04B8293089AA5C61850DB1BF7BDBEF9A.D.DF0C9F3E5341E9A73286AFC4B0DEFD25.E.216}]
CAPABILITIES {ACCEPTINSECURECERTS: FALSE, BROWSERNAME: CHROME, BROWSERVERSION: 146.0.7680.178, CHROME: {CHROMEDRIVERVERSION: 146.0.7680.165 (4B989DA09E1..., USERDATADIR: /VAR/FOLDERS/T1/RL_V5FCD6BG...}, FEDCM:ACCOUNTS: TRUE, GOOG:CHROMEOPTIONS: {DEBUGGERADDRESS: LOCALHOST:56681}, GOOG:PROCESSID: 63061, NETWORKCONNECTIONENABLED: FALSE, PAGELOADSTRATEGY: EAGER, PLATFORMNAME: MAC, PROXY: PROXY(), SE:CDP: WS://LOCALHOST:56681/DEVTOO..., SE:CDPVERSION: 146.0.7680.178, SETWINDOWRECT: TRUE, STRICTFILEINTERACTABILITY: FALSE, TIMEOUTS: {IMPLICIT: 0, PAGELOAD: 300000, SCRIPT: 30000}, UNHANDLEDPROMPTBEHAVIOR: DISMISS AND NOTIFY, WEBAUTHN:EXTENSION:CREDBLOB: TRUE, WEBAUTHN:EXTENSION:LARGEBLOB: TRUE, WEBAUTHN:EXTENSION:MINPINLENGTH: TRUE, WEBAUTHN:EXTENSION:PRF: TRUE, WEBAUTHN:VIRTUALAUTHENTICATORS: TRUE}
ELEMENT: [[CHROMEDRIVER: CHROME ON MAC (7218F7D3E45D4C9F2292013733E6A214)] -> ID: USERNAME]
SESSION ID: 7218F7D3E45D4C9F2292013733E6A214
2026-04-05T21:59:58.535044 [LOG] USING FALLBACK: READING COOKIES FROM CONFIG.PROPERTIES
Request method:	POST
Request URI:	https://test-areaprivata.millipiyangoonline.com/authentication-ms/ms/auth/login
Proxy:			<none>
Request params:	<none>
Query params:	<none>
Form params:	<none>
Path params:	<none>
Headers:		accept=*/*
				accept-language=en-US,en;q=0.9,tr;q=0.8
				User-Agent=Mozilla/5.0 (Macintosh; Intel Mac OS X 10_15_7) AppleWebKit/537.36 (KHTML, like Gecko) Chrome/145.0.0.0 Safari/537.36
				Origin=https://test-www.millipiyangoonline.com
				Referer=https://test-www.millipiyangoonline.com/
				sec-ch-ua="Not:A-Brand";v="99", "Google Chrome";v="145", "Chromium";v="145"
				sec-ch-ua-mobile=?0
				sec-ch-ua-platform="macOS"
				Sec-Fetch-Site=same-site
				Sec-Fetch-Mode=cors
				Sec-Fetch-Dest=empty
				priority=u=1, i
				Content-Type=application/json
Cookies:		<none>
Multiparts:		<none>
Body:
{
    "channelId": 1,
    "password": "Piyango.1",
    "accountCode": "30646944444",
    "requestId": "094b15a3-e4f5-40fa-9d67-2a0a5385822f",
    "sessionId": "4a281fd5-549d-4d26-8aca-343801d904cb",
    "channelInfo": "Mozilla/5.0 (Macintosh; Intel Mac OS X 10_15_7) AppleWebKit/537.36 (KHTML, like Gecko) Chrome/145.0.0.0 Safari/537.36",
    "flagConto": "1",
    "recaptchaToken": ""
}
HTTP/1.1 422 Unprocessable Entity
Content-Type: application/json
Content-Length: 138
X-Content-Type-Options: nosniff
X-XSS-Protection: 1; mode=block
Strict-Transport-Security: max-age=63072000; includeSubDomains; preload
X-Frame-Options: DENY
X-Robots-Tag: noindex
X-Request-Id: 7d31dc7bd55910ae7b758b48d305153c
Expires: Sun, 05 Apr 2026 18:59:59 GMT
Cache-Control: max-age=0, no-cache, no-store
Pragma: no-cache
Date: Sun, 05 Apr 2026 18:59:59 GMT
Connection: close
Set-Cookie: XSRF-TOKEN=72022ab7-e207-476a-9861-d8b6a4e1f7c8; Path=/; Secure
Set-Cookie: ak_bmsc=C064F1F1D09545137BBD9054DA1BD1DF~000000000000000000000000000000~YAAQtXYHQKtF3E+dAQAAeSAEXx91zLXL7VS+Hna8R5+YJDWhQPSgsi9KZRp7HatIxAGvVSWC50mQEPFEZicuTSI6oCeWwJw4/gsqWAmO8R+ROdCSfZhQNf+VKDhFQB4dKsByUGcCdKryQHFEw78XZ+Tg1svKfE9pukRiYU66x4F2EMWYyOxtPf7MV5cuepX6ragHtiVjo8jQyyMT7ZEx4AZ8gP+hdWA2SJv2QOPG1TzaUc6FiWUdoODOBPtLh0CnrzO+tMLB75Kttx5vASZB3urYKstuYj6N510mV7ToryUh1IqEQ0GLJW0m+Ed7H5M1ffncBVJHECmghVb67Qv+vBULEu9JfJ3xD5tDmeKnUOuw3u2JbmpceCk=; Domain=.millipiyangoonline.com; Path=/; Expires=Sun, 05 Apr 2026 20:59:59 GMT; Max-Age=7200; HttpOnly
Set-Cookie: bm_sz=23554AF5D66C6A8537B179FA70998367~YAAQtXYHQKxF3E+dAQAAeSAEXx+8STKdJJy8BoyRYfOHrtkILHWeo1F9XtAmb+R1ZMRpO6+IVauJWWOSyrECxd1lXnxyoEPy6P/OA7sRLWLU10+SZHF/Mik2TqNEYVDgFV2R4LVak4Zcq4TZzUY5c7ifxELEo2wxZ4P1xNgS7piXlWwji6U9rn/ZTi0o+FcgYcec/4M1rDmaEZ4xIVJwQBi8zaNDVeJ6O9lJo1V4G/sen6DkKqg/ljrCO9woAsiIbN/dzm8bVxSOfyYQYvp7L2VH8YlGaCyYX4nrltY6MY0+Xsb+fXYE7+XN9ywAlAq8Tc/poHd2bhkG6ELNulQWnAcDwpC7j5oVRR+6tSxEz4E6PcPZOXdQZFF8jA==~3687984~4339521; Domain=.millipiyangoonline.com; Path=/; Expires=Sun, 05 Apr 2026 22:59:59 GMT; Max-Age=14400
Access-Control-Allow-Origin: https://test-www.millipiyangoonline.com
Access-Control-Allow-Credentials: true
Vary: Origin
Access-Control-Expose-Headers: Server, range, hdntl, hdnts, Akamai-Mon-Iucid-Ing, Akamai-Mon-Iucid-Del, x-queueit-redirect

{
    "status": "FAILURE",
    "requestId": "094b15a3-e4f5-40fa-9d67-2a0a5385822f",
    "datetime": "05-04-2026 21:59:59",
    "error": {
        "errorInfo": "err.empty"
    }
}
  &amp#27;[32mGiven &amp#27;[0m&amp#27;[32mUser sends a POST request to login endpoint with &amp#27;[0m&amp#27;[32m&amp#27;[1m"correctTcID"&amp#27;[0m&amp#27;[32m and &amp#27;[0m&amp#27;[32m&amp#27;[1m"correctPassword"&amp#27;[0m &amp#27;[90m# stepDefinitions.ApiLoginStepDefinitions.userSendsLoginRequest(java.lang.String,java.lang.String)&amp#27;[0m
  &amp#27;[31mThen &amp#27;[0m&amp#27;[31mAPI response status code should be &amp#27;[0m&amp#27;[31m&amp#27;[1m200&amp#27;[0m                                                &amp#27;[90m# stepDefinitions.ApiLoginStepDefinitions.apiResponseStatusCodeShouldBe(int)&amp#27;[0m
      &amp#27;[31mjava.lang.AssertionError: Expected status code 200 but got 422
Response body: {"status":"FAILURE","requestId":"094b15a3-e4f5-40fa-9d67-2a0a5385822f","datetime":"05-04-2026 21:59:59","error":{"errorInfo":"err.empty"}} expected [200] but found [422]
	at org.testng.Assert.fail(Assert.java:110)
	at org.testng.Assert.failNotEquals(Assert.java:1413)
	at org.testng.Assert.assertEqualsImpl(Assert.java:149)
	at org.testng.Assert.assertEquals(Assert.java:131)
	at org.testng.Assert.assertEquals(Assert.java:1240)
	at stepDefinitions.ApiLoginStepDefinitions.apiResponseStatusCodeShouldBe(ApiLoginStepDefinitions.java:48)
	at ✽.API response status code should be 200(file:///Users/yusuf/software/test/CucumberProjects/selenium-project-main/src/test/resources/Features/ApiLogin.feature:7)
&amp#27;[0m
  &amp#27;[36mAnd &amp#27;[0m&amp#27;[36mAPI response body should not be empty&amp#27;[0m                                                  &amp#27;[90m# stepDefinitions.ApiLoginStepDefinitions.apiResponseBodyShouldNotBeEmpty()&amp#27;[0m
  &amp#27;[36mAnd &amp#27;[0m&amp#27;[36mAPI response should contain a token field&amp#27;[0m                                              &amp#27;[90m# stepDefinitions.ApiLoginStepDefinitions.apiResponseShouldContainTokenField()&amp#27;[0m
]]></system-out>
    <system-err><![CDATA[&amp#27;[1m&amp#27;[32m┌──────────────────────────────────────────────────────────────────────────┐&amp#27;[39m&amp#27;[22m
&amp#27;[1m&amp#27;[32m│&amp#27;[39m&amp#27;[22m View your Cucumber Report at:                                            &amp#27;[1m&amp#27;[32m│&amp#27;[39m&amp#27;[22m
&amp#27;[1m&amp#27;[32m│&amp#27;[39m&amp#27;[22m &amp#27;[1m&amp#27;[4m&amp#27;[36mhttps://reports.cucumber.io/reports/e711c763-53a5-4e8b-850b-6cdc1ac0f80e&amp#27;[39m&amp#27;[24m&amp#27;[22m &amp#27;[1m&amp#27;[32m│&amp#27;[39m&amp#27;[22m
&amp#27;[1m&amp#27;[32m│&amp#27;[39m&amp#27;[22m                                                                          &amp#27;[1m&amp#27;[32m│&amp#27;[39m&amp#27;[22m
&amp#27;[1m&amp#27;[32m│&amp#27;[39m&amp#27;[22m &amp#27;[1mThis report will self-destruct in 24h.&amp#27;[22m                                   &amp#27;[1m&amp#27;[32m│&amp#27;[39m&amp#27;[22m
&amp#27;[1m&amp#27;[32m└──────────────────────────────────────────────────────────────────────────┘&amp#27;[39m&amp#27;[22mApr 05, 2026 9:58:54 PM org.openqa.selenium.devtools.CdpVersionFinder findNearestMatch
WARNING: Unable to find CDP implementation matching 146
Apr 05, 2026 9:58:54 PM org.openqa.selenium.chromium.ChromiumDriver lambda$new$5
WARNING: Unable to find version of CDP to use for 146.0.7680.178. You may need to include a dependency on a specific version of the CDP using something similar to `org.seleniumhq.selenium:selenium-devtools-v86:4.27.0` where the version ("v86") matches the version of the chromium-based browser you're using and the version number of the artifact is the same as Selenium's.
org.openqa.selenium.ElementNotInteractableException: element not interactable
  (Session info: chrome=146.0.7680.178)
Build info: version: '4.27.0', revision: 'd6e718d134'
System info: os.name: 'Mac OS X', os.arch: 'aarch64', os.version: '26.0.1', java.version: '17.0.15'
Driver info: org.openqa.selenium.chrome.ChromeDriver
Command: [7218f7d3e45d4c9f2292013733e6a214, sendKeysToElement {value=[Ljava.lang.CharSequence;@7c999c53, id=f.04B8293089AA5C61850DB1BF7BDBEF9A.d.DF0C9F3E5341E9A73286AFC4B0DEFD25.e.216}]
Capabilities {acceptInsecureCerts: false, browserName: chrome, browserVersion: 146.0.7680.178, chrome: {chromedriverVersion: 146.0.7680.165 (4b989da09e1..., userDataDir: /var/folders/t1/rl_v5fcd6bg...}, fedcm:accounts: true, goog:chromeOptions: {debuggerAddress: localhost:56681}, goog:processID: 63061, networkConnectionEnabled: false, pageLoadStrategy: eager, platformName: mac, proxy: Proxy(), se:cdp: ws://localhost:56681/devtoo..., se:cdpVersion: 146.0.7680.178, setWindowRect: true, strictFileInteractability: false, timeouts: {implicit: 0, pageLoad: 300000, script: 30000}, unhandledPromptBehavior: dismiss and notify, webauthn:extension:credBlob: true, webauthn:extension:largeBlob: true, webauthn:extension:minPinLength: true, webauthn:extension:prf: true, webauthn:virtualAuthenticators: true}
Element: [[ChromeDriver: chrome on mac (7218f7d3e45d4c9f2292013733e6a214)] -> id: username]
Session ID: 7218f7d3e45d4c9f2292013733e6a214
	at java.base/jdk.internal.reflect.NativeConstructorAccessorImpl.newInstance0(Native Method)
	at java.base/jdk.internal.reflect.NativeConstructorAccessorImpl.newInstance(NativeConstructorAccessorImpl.java:77)
	at java.base/jdk.internal.reflect.DelegatingConstructorAccessorImpl.newInstance(DelegatingConstructorAccessorImpl.java:45)
	at java.base/java.lang.reflect.Constructor.newInstanceWithCaller(Constructor.java:500)
	at java.base/java.lang.reflect.Constructor.newInstance(Constructor.java:481)
	at org.openqa.selenium.remote.ErrorCodec.decode(ErrorCodec.java:167)
	at org.openqa.selenium.remote.codec.w3c.W3CHttpResponseCodec.decode(W3CHttpResponseCodec.java:138)
	at org.openqa.selenium.remote.codec.w3c.W3CHttpResponseCodec.decode(W3CHttpResponseCodec.java:50)
	at org.openqa.selenium.remote.HttpCommandExecutor.execute(HttpCommandExecutor.java:190)
	at org.openqa.selenium.remote.service.DriverCommandExecutor.invokeExecute(DriverCommandExecutor.java:216)
	at org.openqa.selenium.remote.service.DriverCommandExecutor.execute(DriverCommandExecutor.java:174)
	at org.openqa.selenium.remote.RemoteWebDriver.execute(RemoteWebDriver.java:545)
	at org.openqa.selenium.remote.RemoteWebElement.execute(RemoteWebElement.java:223)
	at org.openqa.selenium.remote.RemoteWebElement.sendKeys(RemoteWebElement.java:110)
	at util.SeleniumCookieHelper.getAkamaiCookies(SeleniumCookieHelper.java:101)
	at util.ApiAuthHelper.login(ApiAuthHelper.java:35)
	at stepDefinitions.ApiLoginStepDefinitions.userSendsLoginRequest(ApiLoginStepDefinitions.java:40)
	at java.base/jdk.internal.reflect.NativeMethodAccessorImpl.invoke0(Native Method)
	at java.base/jdk.internal.reflect.NativeMethodAccessorImpl.invoke(NativeMethodAccessorImpl.java:77)
	at java.base/jdk.internal.reflect.DelegatingMethodAccessorImpl.invoke(DelegatingMethodAccessorImpl.java:43)
	at java.base/java.lang.reflect.Method.invoke(Method.java:569)
	at io.cucumber.java.Invoker.doInvoke(Invoker.java:66)
	at io.cucumber.java.Invoker.invoke(Invoker.java:24)
	at io.cucumber.java.AbstractGlueDefinition.invokeMethod(AbstractGlueDefinition.java:47)
	at io.cucumber.java.JavaStepDefinition.execute(JavaStepDefinition.java:29)
	at io.cucumber.core.runner.CoreStepDefinition.execute(CoreStepDefinition.java:66)
	at io.cucumber.core.runner.PickleStepDefinitionMatch.runStep(PickleStepDefinitionMatch.java:63)
	at io.cucumber.core.runner.ExecutionMode$1.execute(ExecutionMode.java:10)
	at io.cucumber.core.runner.TestStep.executeStep(TestStep.java:85)
	at io.cucumber.core.runner.TestStep.run(TestStep.java:57)
	at io.cucumber.core.runner.PickleStepTestStep.run(PickleStepTestStep.java:51)
	at io.cucumber.core.runner.TestCase.run(TestCase.java:84)
	at io.cucumber.core.runner.Runner.runPickle(Runner.java:75)
	at io.cucumber.testng.TestNGCucumberRunner.lambda$runScenario$1(TestNGCucumberRunner.java:132)
	at io.cucumber.core.runtime.CucumberExecutionContext.lambda$runTestCase$5(CucumberExecutionContext.java:129)
	at io.cucumber.core.runtime.RethrowingThrowableCollector.executeAndThrow(RethrowingThrowableCollector.java:23)
	at io.cucumber.core.runtime.CucumberExecutionContext.runTestCase(CucumberExecutionContext.java:129)
	at io.cucumber.testng.TestNGCucumberRunner.runScenario(TestNGCucumberRunner.java:129)
	at io.cucumber.testng.AbstractTestNGCucumberTests.runScenario(AbstractTestNGCucumberTests.java:35)
	at java.base/jdk.internal.reflect.NativeMethodAccessorImpl.invoke0(Native Method)
	at java.base/jdk.internal.reflect.NativeMethodAccessorImpl.invoke(NativeMethodAccessorImpl.java:77)
	at java.base/jdk.internal.reflect.DelegatingMethodAccessorImpl.invoke(DelegatingMethodAccessorImpl.java:43)
	at java.base/java.lang.reflect.Method.invoke(Method.java:569)
	at org.testng.internal.invokers.MethodInvocationHelper.invokeMethod(MethodInvocationHelper.java:135)
	at org.testng.internal.invokers.TestInvoker.invokeMethod(TestInvoker.java:673)
	at org.testng.internal.invokers.TestInvoker.invokeTestMethod(TestInvoker.java:220)
	at org.testng.internal.invokers.MethodRunner.runInSequence(MethodRunner.java:50)
	at org.testng.internal.invokers.TestInvoker$MethodInvocationAgent.invoke(TestInvoker.java:945)
	at org.testng.internal.invokers.TestInvoker.invokeTestMethods(TestInvoker.java:193)
	at org.testng.internal.invokers.TestMethodWorker.invokeTestMethods(TestMethodWorker.java:146)
	at org.testng.internal.invokers.TestMethodWorker.run(TestMethodWorker.java:128)
	at java.base/java.util.concurrent.ThreadPoolExecutor.runWorker(ThreadPoolExecutor.java:1136)
	at java.base/java.util.concurrent.ThreadPoolExecutor$Worker.run(ThreadPoolExecutor.java:635)
	at java.base/java.lang.Thread.run(Thread.java:840)
]]></system-err>
  </testcase>
  <testcase name="runScenario[&quot;Successful login with valid &quot;correctAccountNo&quot; credentials via API&quot;, &quot;Milli Piyango Login API Test Cases&quot;](2)" classname="testRunners.FailedScenariosRunner" time="63.342">
    <failure message="Expected status code 200 but got 422&#10;Response body: {&quot;status&quot;:&quot;FAILURE&quot;,&quot;requestId&quot;:&quot;944ddb20-dfba-4a2d-b479-267adfe0597e&quot;,&quot;datetime&quot;:&quot;05-04-2026 22:01:02&quot;,&quot;error&quot;:{&quot;errorInfo&quot;:&quot;err.empty&quot;}} expected [200] but found [422]" type="java.lang.AssertionError"><![CDATA[java.lang.AssertionError: 
Expected status code 200 but got 422
Response body: {"status":"FAILURE","requestId":"944ddb20-dfba-4a2d-b479-267adfe0597e","datetime":"05-04-2026 22:01:02","error":{"errorInfo":"err.empty"}} expected [200] but found [422]
	at org.testng.Assert.fail(Assert.java:110)
	at org.testng.Assert.failNotEquals(Assert.java:1413)
	at org.testng.Assert.assertEqualsImpl(Assert.java:149)
	at org.testng.Assert.assertEquals(Assert.java:131)
	at org.testng.Assert.assertEquals(Assert.java:1240)
	at stepDefinitions.ApiLoginStepDefinitions.apiResponseStatusCodeShouldBe(ApiLoginStepDefinitions.java:48)
	at ✽.API response status code should be 200(file:///Users/yusuf/software/test/CucumberProjects/selenium-project-main/src/test/resources/Features/ApiLogin.feature:7)
]]></failure>
    <system-out><![CDATA[
@api @apiLogin @apiLoginSuccessful
Scenario Outline: Successful login with valid "correctAccountNo" credentials via API              &amp#27;[90m# src/test/resources/Features/ApiLogin.feature:14&amp#27;[0m
2026-04-05T21:59:58.954460 [LOG] FETCHING FRESH AKAMAI COOKIES VIA SELENIUM...
2026-04-05T22:00:00.001540 [LOG] NAVIGATING TO: HTTPS://TEST-WWW.MILLIPIYANGOONLINE.COM
2026-04-05T22:00:35.097369 [LOG] OPENING LOGIN PAGE...
2026-04-05T22:00:44.149372 [LOG] COOKIE POPUP CLOSED
2026-04-05T22:00:44.149755 [LOG] FILLING LOGIN FORM...
2026-04-05T22:00:49.191834 [LOG] ERROR: FAILED TO FETCH COOKIES VIA SELENIUM: ELEMENT NOT INTERACTABLE
  (SESSION INFO: CHROME=146.0.7680.178)
BUILD INFO: VERSION: '4.27.0', REVISION: 'D6E718D134'
SYSTEM INFO: OS.NAME: 'MAC OS X', OS.ARCH: 'AARCH64', OS.VERSION: '26.0.1', JAVA.VERSION: '17.0.15'
DRIVER INFO: ORG.OPENQA.SELENIUM.CHROME.CHROMEDRIVER
COMMAND: [CD914E4F57254D04A388AEF69A5AD9C7, SENDKEYSTOELEMENT {VALUE=[LJAVA.LANG.CHARSEQUENCE;@33B4732E, ID=F.415E7B8CD82D8BEBE0A84A1074CB19A4.D.90A8E71D2C523631F0475007FD89AB43.E.207}]
CAPABILITIES {ACCEPTINSECURECERTS: FALSE, BROWSERNAME: CHROME, BROWSERVERSION: 146.0.7680.178, CHROME: {CHROMEDRIVERVERSION: 146.0.7680.165 (4B989DA09E1..., USERDATADIR: /VAR/FOLDERS/T1/RL_V5FCD6BG...}, FEDCM:ACCOUNTS: TRUE, GOOG:CHROMEOPTIONS: {DEBUGGERADDRESS: LOCALHOST:56749}, GOOG:PROCESSID: 63849, NETWORKCONNECTIONENABLED: FALSE, PAGELOADSTRATEGY: EAGER, PLATFORMNAME: MAC, PROXY: PROXY(), SE:CDP: WS://LOCALHOST:56749/DEVTOO..., SE:CDPVERSION: 146.0.7680.178, SETWINDOWRECT: TRUE, STRICTFILEINTERACTABILITY: FALSE, TIMEOUTS: {IMPLICIT: 0, PAGELOAD: 300000, SCRIPT: 30000}, UNHANDLEDPROMPTBEHAVIOR: DISMISS AND NOTIFY, WEBAUTHN:EXTENSION:CREDBLOB: TRUE, WEBAUTHN:EXTENSION:LARGEBLOB: TRUE, WEBAUTHN:EXTENSION:MINPINLENGTH: TRUE, WEBAUTHN:EXTENSION:PRF: TRUE, WEBAUTHN:VIRTUALAUTHENTICATORS: TRUE}
ELEMENT: [[CHROMEDRIVER: CHROME ON MAC (CD914E4F57254D04A388AEF69A5AD9C7)] -> ID: USERNAME]
SESSION ID: CD914E4F57254D04A388AEF69A5AD9C7
2026-04-05T22:00:49.192661 [LOG] USING FALLBACK: READING COOKIES FROM CONFIG.PROPERTIES
Request method:	POST
Request URI:	https://test-areaprivata.millipiyangoonline.com/authentication-ms/ms/auth/login
Proxy:			<none>
Request params:	<none>
Query params:	<none>
Form params:	<none>
Path params:	<none>
Headers:		accept=*/*
				accept-language=en-US,en;q=0.9,tr;q=0.8
				User-Agent=Mozilla/5.0 (Macintosh; Intel Mac OS X 10_15_7) AppleWebKit/537.36 (KHTML, like Gecko) Chrome/145.0.0.0 Safari/537.36
				Origin=https://test-www.millipiyangoonline.com
				Referer=https://test-www.millipiyangoonline.com/
				sec-ch-ua="Not:A-Brand";v="99", "Google Chrome";v="145", "Chromium";v="145"
				sec-ch-ua-mobile=?0
				sec-ch-ua-platform="macOS"
				Sec-Fetch-Site=same-site
				Sec-Fetch-Mode=cors
				Sec-Fetch-Dest=empty
				priority=u=1, i
				Content-Type=application/json
Cookies:		<none>
Multiparts:		<none>
Body:
{
    "channelId": 1,
    "password": "Piyango.1",
    "accountCode": "9920240916353401",
    "requestId": "944ddb20-dfba-4a2d-b479-267adfe0597e",
    "sessionId": "e4717cd0-c144-4892-88c0-cfc5a68566ea",
    "channelInfo": "Mozilla/5.0 (Macintosh; Intel Mac OS X 10_15_7) AppleWebKit/537.36 (KHTML, like Gecko) Chrome/145.0.0.0 Safari/537.36",
    "flagConto": "1",
    "recaptchaToken": ""
}
HTTP/1.1 422 Unprocessable Entity
Content-Type: application/json
Content-Length: 138
X-Content-Type-Options: nosniff
X-XSS-Protection: 1; mode=block
Strict-Transport-Security: max-age=63072000; includeSubDomains; preload
X-Frame-Options: DENY
X-Robots-Tag: noindex
X-Request-Id: bed7dd53dd50a2a6a4a7e8641fb7fb1e
Expires: Sun, 05 Apr 2026 19:01:02 GMT
Cache-Control: max-age=0, no-cache, no-store
Pragma: no-cache
Date: Sun, 05 Apr 2026 19:01:02 GMT
Connection: close
Set-Cookie: XSRF-TOKEN=242980d9-7f0d-4018-8aed-6dcb2b13a1cf; Path=/; Secure
Set-Cookie: ak_bmsc=16803398F681372C6BAF28437B75AD33~000000000000000000000000000000~YAAQtHYHQGCAaF6dAQAAMRgFXx+RajS45OXmGiJ7cwLjrR/9lEI/nOpxuwbxmFVMYOHMHKd82az+US8CXfaQQSCHAya9K4y+hLoAEYqWu53v607pRt+KlxsxjLc3qLBhw3NkMz/+jzwqqwxtipleTRYCWDO06M8OCbM67oMAfDijBTMmQoV7r/+n8TTDjrfnX89XO+V6uJWFagQAsb08W1es6CucAH2fIRiyyAMGSDyOTsVb4s3Ol1itQWx72DcqzyBq3u5TVCSOYuXbMclVpwE1pkby7YcFUgghZ+HCXxTAUXoQP5B8id2fc5vDaI9Ga0XYRci1sHmi4Sup9jwrb2TwUWXuRqJM4uQqW4ztsNcWO4pbSmM7u0o=; Domain=.millipiyangoonline.com; Path=/; Expires=Sun, 05 Apr 2026 21:01:02 GMT; Max-Age=7200; HttpOnly
Set-Cookie: bm_sz=01339B435CC3EC5FD74F48942395F18C~YAAQtHYHQGKAaF6dAQAAMRgFXx+4LfdULPEpCdw9BmJcfSFoW//nA2cIcVr7fIGZD1s4arpmv1x51MmjTFZ1Y5uKrkOUJG7gkB4NC4CUCIvoqCxGEWQEBsbAkOZ7cTZ8CKtumqVOuCRbYLcDfgnKNbIOpTk9YuPxuy1N3Qyuhx/bn1+Hr5IxkWOY+2LscFEuJSLWCiuNBf9nTGOva95ASlOry9si79BESPHK1zl4AH8Yr8f938wO0G4I7J8wpFPjgOfrgsosHQjq6QkKGMYDEvOE3749apRWfIgDE22edHf9mC7bH0nx/MwnFG57oV6LvchPvJZH8ppJX4vKnieifjyUsMKBwF0caQy4SHRDW8QVyRNX2yagfWCLyg==~4539971~3290680; Domain=.millipiyangoonline.com; Path=/; Expires=Sun, 05 Apr 2026 23:01:02 GMT; Max-Age=14400
Access-Control-Allow-Origin: https://test-www.millipiyangoonline.com
Access-Control-Allow-Credentials: true
Vary: Origin
Access-Control-Expose-Headers: Server, range, hdntl, hdnts, Akamai-Mon-Iucid-Ing, Akamai-Mon-Iucid-Del, x-queueit-redirect

{
    "status": "FAILURE",
    "requestId": "944ddb20-dfba-4a2d-b479-267adfe0597e",
    "datetime": "05-04-2026 22:01:02",
    "error": {
        "errorInfo": "err.empty"
    }
}
  &amp#27;[32mGiven &amp#27;[0m&amp#27;[32mUser sends a POST request to login endpoint with &amp#27;[0m&amp#27;[32m&amp#27;[1m"correctAccountNo"&amp#27;[0m&amp#27;[32m and &amp#27;[0m&amp#27;[32m&amp#27;[1m"correctPassword"&amp#27;[0m &amp#27;[90m# stepDefinitions.ApiLoginStepDefinitions.userSendsLoginRequest(java.lang.String,java.lang.String)&amp#27;[0m
  &amp#27;[31mThen &amp#27;[0m&amp#27;[31mAPI response status code should be &amp#27;[0m&amp#27;[31m&amp#27;[1m200&amp#27;[0m                                                     &amp#27;[90m# stepDefinitions.ApiLoginStepDefinitions.apiResponseStatusCodeShouldBe(int)&amp#27;[0m
      &amp#27;[31mjava.lang.AssertionError: Expected status code 200 but got 422
Response body: {"status":"FAILURE","requestId":"944ddb20-dfba-4a2d-b479-267adfe0597e","datetime":"05-04-2026 22:01:02","error":{"errorInfo":"err.empty"}} expected [200] but found [422]
	at org.testng.Assert.fail(Assert.java:110)
	at org.testng.Assert.failNotEquals(Assert.java:1413)
	at org.testng.Assert.assertEqualsImpl(Assert.java:149)
	at org.testng.Assert.assertEquals(Assert.java:131)
	at org.testng.Assert.assertEquals(Assert.java:1240)
	at stepDefinitions.ApiLoginStepDefinitions.apiResponseStatusCodeShouldBe(ApiLoginStepDefinitions.java:48)
	at ✽.API response status code should be 200(file:///Users/yusuf/software/test/CucumberProjects/selenium-project-main/src/test/resources/Features/ApiLogin.feature:7)
&amp#27;[0m
  &amp#27;[36mAnd &amp#27;[0m&amp#27;[36mAPI response body should not be empty&amp#27;[0m                                                       &amp#27;[90m# stepDefinitions.ApiLoginStepDefinitions.apiResponseBodyShouldNotBeEmpty()&amp#27;[0m
  &amp#27;[36mAnd &amp#27;[0m&amp#27;[36mAPI response should contain a token field&amp#27;[0m                                                   &amp#27;[90m# stepDefinitions.ApiLoginStepDefinitions.apiResponseShouldContainTokenField()&amp#27;[0m
]]></system-out>
    <system-err><![CDATA[Apr 05, 2026 9:59:59 PM org.openqa.selenium.devtools.CdpVersionFinder findNearestMatch
WARNING: Unable to find CDP implementation matching 146
Apr 05, 2026 9:59:59 PM org.openqa.selenium.chromium.ChromiumDriver lambda$new$5
WARNING: Unable to find version of CDP to use for 146.0.7680.178. You may need to include a dependency on a specific version of the CDP using something similar to `org.seleniumhq.selenium:selenium-devtools-v86:4.27.0` where the version ("v86") matches the version of the chromium-based browser you're using and the version number of the artifact is the same as Selenium's.
org.openqa.selenium.ElementNotInteractableException: element not interactable
  (Session info: chrome=146.0.7680.178)
Build info: version: '4.27.0', revision: 'd6e718d134'
System info: os.name: 'Mac OS X', os.arch: 'aarch64', os.version: '26.0.1', java.version: '17.0.15'
Driver info: org.openqa.selenium.chrome.ChromeDriver
Command: [cd914e4f57254d04a388aef69a5ad9c7, sendKeysToElement {value=[Ljava.lang.CharSequence;@33b4732e, id=f.415E7B8CD82D8BEBE0A84A1074CB19A4.d.90A8E71D2C523631F0475007FD89AB43.e.207}]
Capabilities {acceptInsecureCerts: false, browserName: chrome, browserVersion: 146.0.7680.178, chrome: {chromedriverVersion: 146.0.7680.165 (4b989da09e1..., userDataDir: /var/folders/t1/rl_v5fcd6bg...}, fedcm:accounts: true, goog:chromeOptions: {debuggerAddress: localhost:56749}, goog:processID: 63849, networkConnectionEnabled: false, pageLoadStrategy: eager, platformName: mac, proxy: Proxy(), se:cdp: ws://localhost:56749/devtoo..., se:cdpVersion: 146.0.7680.178, setWindowRect: true, strictFileInteractability: false, timeouts: {implicit: 0, pageLoad: 300000, script: 30000}, unhandledPromptBehavior: dismiss and notify, webauthn:extension:credBlob: true, webauthn:extension:largeBlob: true, webauthn:extension:minPinLength: true, webauthn:extension:prf: true, webauthn:virtualAuthenticators: true}
Element: [[ChromeDriver: chrome on mac (cd914e4f57254d04a388aef69a5ad9c7)] -> id: username]
Session ID: cd914e4f57254d04a388aef69a5ad9c7
	at java.base/jdk.internal.reflect.NativeConstructorAccessorImpl.newInstance0(Native Method)
	at java.base/jdk.internal.reflect.NativeConstructorAccessorImpl.newInstance(NativeConstructorAccessorImpl.java:77)
	at java.base/jdk.internal.reflect.DelegatingConstructorAccessorImpl.newInstance(DelegatingConstructorAccessorImpl.java:45)
	at java.base/java.lang.reflect.Constructor.newInstanceWithCaller(Constructor.java:500)
	at java.base/java.lang.reflect.Constructor.newInstance(Constructor.java:481)
	at org.openqa.selenium.remote.ErrorCodec.decode(ErrorCodec.java:167)
	at org.openqa.selenium.remote.codec.w3c.W3CHttpResponseCodec.decode(W3CHttpResponseCodec.java:138)
	at org.openqa.selenium.remote.codec.w3c.W3CHttpResponseCodec.decode(W3CHttpResponseCodec.java:50)
	at org.openqa.selenium.remote.HttpCommandExecutor.execute(HttpCommandExecutor.java:190)
	at org.openqa.selenium.remote.service.DriverCommandExecutor.invokeExecute(DriverCommandExecutor.java:216)
	at org.openqa.selenium.remote.service.DriverCommandExecutor.execute(DriverCommandExecutor.java:174)
	at org.openqa.selenium.remote.RemoteWebDriver.execute(RemoteWebDriver.java:545)
	at org.openqa.selenium.remote.RemoteWebElement.execute(RemoteWebElement.java:223)
	at org.openqa.selenium.remote.RemoteWebElement.sendKeys(RemoteWebElement.java:110)
	at util.SeleniumCookieHelper.getAkamaiCookies(SeleniumCookieHelper.java:101)
	at util.ApiAuthHelper.login(ApiAuthHelper.java:35)
	at stepDefinitions.ApiLoginStepDefinitions.userSendsLoginRequest(ApiLoginStepDefinitions.java:40)
	at java.base/jdk.internal.reflect.NativeMethodAccessorImpl.invoke0(Native Method)
	at java.base/jdk.internal.reflect.NativeMethodAccessorImpl.invoke(NativeMethodAccessorImpl.java:77)
	at java.base/jdk.internal.reflect.DelegatingMethodAccessorImpl.invoke(DelegatingMethodAccessorImpl.java:43)
	at java.base/java.lang.reflect.Method.invoke(Method.java:569)
	at io.cucumber.java.Invoker.doInvoke(Invoker.java:66)
	at io.cucumber.java.Invoker.invoke(Invoker.java:24)
[...]
	at java.base/java.lang.reflect.Constructor.newInstanceWithCaller(Constructor.java:500)
	at java.base/java.lang.reflect.Constructor.newInstance(Constructor.java:481)
	at org.openqa.selenium.remote.ErrorCodec.decode(ErrorCodec.java:167)
	at org.openqa.selenium.remote.codec.w3c.W3CHttpResponseCodec.decode(W3CHttpResponseCodec.java:138)
	at org.openqa.selenium.remote.codec.w3c.W3CHttpResponseCodec.decode(W3CHttpResponseCodec.java:50)
	at org.openqa.selenium.remote.HttpCommandExecutor.execute(HttpCommandExecutor.java:190)
	at org.openqa.selenium.remote.service.DriverCommandExecutor.invokeExecute(DriverCommandExecutor.java:216)
	at org.openqa.selenium.remote.service.DriverCommandExecutor.execute(DriverCommandExecutor.java:174)
	at org.openqa.selenium.remote.RemoteWebDriver.execute(RemoteWebDriver.java:545)
	at org.openqa.selenium.remote.RemoteWebElement.execute(RemoteWebElement.java:223)
	at org.openqa.selenium.remote.RemoteWebElement.sendKeys(RemoteWebElement.java:110)
	at util.SeleniumCookieHelper.getAkamaiCookies(SeleniumCookieHelper.java:101)
	at util.ApiAuthHelper.login(ApiAuthHelper.java:35)
	at stepDefinitions.ApiLoginStepDefinitions.userSendsLoginRequest(ApiLoginStepDefinitions.java:40)
	at java.base/jdk.internal.reflect.NativeMethodAccessorImpl.invoke0(Native Method)
	at java.base/jdk.internal.reflect.NativeMethodAccessorImpl.invoke(NativeMethodAccessorImpl.java:77)
	at java.base/jdk.internal.reflect.DelegatingMethodAccessorImpl.invoke(DelegatingMethodAccessorImpl.java:43)
	at java.base/java.lang.reflect.Method.invoke(Method.java:569)
	at io.cucumber.java.Invoker.doInvoke(Invoker.java:66)
	at io.cucumber.java.Invoker.invoke(Invoker.java:24)
	at io.cucumber.java.AbstractGlueDefinition.invokeMethod(AbstractGlueDefinition.java:47)
	at io.cucumber.java.JavaStepDefinition.execute(JavaStepDefinition.java:29)
	at io.cucumber.core.runner.CoreStepDefinition.execute(CoreStepDefinition.java:66)
	at io.cucumber.core.runner.PickleStepDefinitionMatch.runStep(PickleStepDefinitionMatch.java:63)
	at io.cucumber.core.runner.ExecutionMode$1.execute(ExecutionMode.java:10)
	at io.cucumber.core.runner.TestStep.executeStep(TestStep.java:85)
	at io.cucumber.core.runner.TestStep.run(TestStep.java:57)
	at io.cucumber.core.runner.PickleStepTestStep.run(PickleStepTestStep.java:51)
	at io.cucumber.core.runner.TestCase.run(TestCase.java:84)
	at io.cucumber.core.runner.Runner.runPickle(Runner.java:75)
	at io.cucumber.testng.TestNGCucumberRunner.lambda$runScenario$1(TestNGCucumberRunner.java:132)
	at io.cucumber.core.runtime.CucumberExecutionContext.lambda$runTestCase$5(CucumberExecutionContext.java:129)
	at io.cucumber.core.runtime.RethrowingThrowableCollector.executeAndThrow(RethrowingThrowableCollector.java:23)
	at io.cucumber.core.runtime.CucumberExecutionContext.runTestCase(CucumberExecutionContext.java:129)
	at io.cucumber.testng.TestNGCucumberRunner.runScenario(TestNGCucumberRunner.java:129)
	at io.cucumber.testng.AbstractTestNGCucumberTests.runScenario(AbstractTestNGCucumberTests.java:35)
	at java.base/jdk.internal.reflect.NativeMethodAccessorImpl.invoke0(Native Method)
	at java.base/jdk.internal.reflect.NativeMethodAccessorImpl.invoke(NativeMethodAccessorImpl.java:77)
	at java.base/jdk.internal.reflect.DelegatingMethodAccessorImpl.invoke(DelegatingMethodAccessorImpl.java:43)
	at java.base/java.lang.reflect.Method.invoke(Method.java:569)
	at org.testng.internal.invokers.MethodInvocationHelper.invokeMethod(MethodInvocationHelper.java:135)
	at org.testng.internal.invokers.TestInvoker.invokeMethod(TestInvoker.java:673)
	at org.testng.internal.invokers.TestInvoker.invokeTestMethod(TestInvoker.java:220)
	at org.testng.internal.invokers.MethodRunner.runInSequence(MethodRunner.java:50)
	at org.testng.internal.invokers.TestInvoker$MethodInvocationAgent.invoke(TestInvoker.java:945)
	at org.testng.internal.invokers.TestInvoker.invokeTestMethods(TestInvoker.java:193)
	at org.testng.internal.invokers.TestMethodWorker.invokeTestMethods(TestMethodWorker.java:146)
	at org.testng.internal.invokers.TestMethodWorker.run(TestMethodWorker.java:128)
	at java.base/java.util.concurrent.ThreadPoolExecutor.runWorker(ThreadPoolExecutor.java:1136)
	at java.base/java.util.concurrent.ThreadPoolExecutor$Worker.run(ThreadPoolExecutor.java:635)
	at java.base/java.lang.Thread.run(Thread.java:840)
]]></system-err>
  </testcase>
  <testcase name="runScenario[&quot;Successful login with valid &quot;correctEmail&quot; credentials via API&quot;, &quot;Milli Piyango Login API Test Cases&quot;](3)" classname="testRunners.ApiRunner" time="43.329">
    <failure message="Expected status code 200 but got 422&#10;Response body: {&quot;status&quot;:&quot;FAILURE&quot;,&quot;requestId&quot;:&quot;8e37b733-f4e3-4ad5-b980-43833c5d67bd&quot;,&quot;datetime&quot;:&quot;05-04-2026 22:14:55&quot;,&quot;error&quot;:{&quot;errorInfo&quot;:&quot;err.empty&quot;}} expected [200] but found [422]" type="java.lang.AssertionError"><![CDATA[java.lang.AssertionError: 
Expected status code 200 but got 422
Response body: {"status":"FAILURE","requestId":"8e37b733-f4e3-4ad5-b980-43833c5d67bd","datetime":"05-04-2026 22:14:55","error":{"errorInfo":"err.empty"}} expected [200] but found [422]
	at org.testng.Assert.fail(Assert.java:110)
	at org.testng.Assert.failNotEquals(Assert.java:1413)
	at org.testng.Assert.assertEqualsImpl(Assert.java:149)
	at org.testng.Assert.assertEquals(Assert.java:131)
	at org.testng.Assert.assertEquals(Assert.java:1240)
	at stepDefinitions.ApiLoginStepDefinitions.apiResponseStatusCodeShouldBe(ApiLoginStepDefinitions.java:48)
	at ✽.API response status code should be 200(file:///Users/yusuf/software/test/CucumberProjects/selenium-project-main/src/test/resources/Features/ApiLogin.feature:7)
]]></failure>
    <system-out><![CDATA[
@api @apiLogin @apiLoginSuccessful
Scenario Outline: Successful login with valid "correctEmail" credentials via API              &amp#27;[90m# src/test/resources/Features/ApiLogin.feature:15&amp#27;[0m
2026-04-05T22:14:11.787015 [LOG] FETCHING FRESH AKAMAI COOKIES VIA SELENIUM...
2026-04-05T22:14:13.879163 [LOG] NAVIGATING TO: HTTPS://TEST-WWW.MILLIPIYANGOONLINE.COM
2026-04-05T22:14:29.842800 [LOG] OPENING LOGIN PAGE...
2026-04-05T22:14:35.516648 [LOG] COOKIE POPUP CLOSED
2026-04-05T22:14:35.516851 [LOG] FILLING LOGIN FORM...
2026-04-05T22:14:40.665595 [LOG] ERROR: FAILED TO FETCH COOKIES VIA SELENIUM: ELEMENT NOT INTERACTABLE
  (SESSION INFO: CHROME=146.0.7680.178)
BUILD INFO: VERSION: '4.27.0', REVISION: 'D6E718D134'
SYSTEM INFO: OS.NAME: 'MAC OS X', OS.ARCH: 'AARCH64', OS.VERSION: '26.0.1', JAVA.VERSION: '17.0.15'
DRIVER INFO: ORG.OPENQA.SELENIUM.CHROME.CHROMEDRIVER
COMMAND: [7D1B8954210BBA09EB7E34058AF0C418, SENDKEYSTOELEMENT {VALUE=[LJAVA.LANG.CHARSEQUENCE;@7F49457C, ID=F.C39ABE7A0B24D8EBF28B732F601EA80E.D.49FB90F78F6B8AF43BC8B52976AF920C.E.208}]
CAPABILITIES {ACCEPTINSECURECERTS: FALSE, BROWSERNAME: CHROME, BROWSERVERSION: 146.0.7680.178, CHROME: {CHROMEDRIVERVERSION: 146.0.7680.165 (4B989DA09E1..., USERDATADIR: /VAR/FOLDERS/T1/RL_V5FCD6BG...}, FEDCM:ACCOUNTS: TRUE, GOOG:CHROMEOPTIONS: {DEBUGGERADDRESS: LOCALHOST:57042}, GOOG:PROCESSID: 66030, NETWORKCONNECTIONENABLED: FALSE, PAGELOADSTRATEGY: EAGER, PLATFORMNAME: MAC, PROXY: PROXY(), SE:CDP: WS://LOCALHOST:57042/DEVTOO..., SE:CDPVERSION: 146.0.7680.178, SETWINDOWRECT: TRUE, STRICTFILEINTERACTABILITY: FALSE, TIMEOUTS: {IMPLICIT: 0, PAGELOAD: 300000, SCRIPT: 30000}, UNHANDLEDPROMPTBEHAVIOR: DISMISS AND NOTIFY, WEBAUTHN:EXTENSION:CREDBLOB: TRUE, WEBAUTHN:EXTENSION:LARGEBLOB: TRUE, WEBAUTHN:EXTENSION:MINPINLENGTH: TRUE, WEBAUTHN:EXTENSION:PRF: TRUE, WEBAUTHN:VIRTUALAUTHENTICATORS: TRUE}
ELEMENT: [[CHROMEDRIVER: CHROME ON MAC (7D1B8954210BBA09EB7E34058AF0C418)] -> ID: USERNAME]
SESSION ID: 7D1B8954210BBA09EB7E34058AF0C418
2026-04-05T22:14:40.666125 [LOG] USING FALLBACK: READING COOKIES FROM CONFIG.PROPERTIES
Request method:	POST
Request URI:	https://test-areaprivata.millipiyangoonline.com/authentication-ms/ms/auth/login
Proxy:			<none>
Request params:	<none>
Query params:	<none>
Form params:	<none>
Path params:	<none>
Headers:		accept=*/*
				accept-language=en-US,en;q=0.9,tr;q=0.8
				User-Agent=Mozilla/5.0 (Macintosh; Intel Mac OS X 10_15_7) AppleWebKit/537.36 (KHTML, like Gecko) Chrome/145.0.0.0 Safari/537.36
				Origin=https://test-www.millipiyangoonline.com
				Referer=https://test-www.millipiyangoonline.com/
				sec-ch-ua="Not:A-Brand";v="99", "Google Chrome";v="145", "Chromium";v="145"
				sec-ch-ua-mobile=?0
				sec-ch-ua-platform="macOS"
				Sec-Fetch-Site=same-site
				Sec-Fetch-Mode=cors
				Sec-Fetch-Dest=empty
				priority=u=1, i
				Content-Type=application/json
Cookies:		<none>
Multiparts:		<none>
Body:
{
    "channelId": 1,
    "password": "Piyango.1",
    "accountCode": "yusuf.demirci@sisal.com",
    "requestId": "8e37b733-f4e3-4ad5-b980-43833c5d67bd",
    "sessionId": "3e80f9c1-e92b-409f-93fc-c6023cf37dce",
    "channelInfo": "Mozilla/5.0 (Macintosh; Intel Mac OS X 10_15_7) AppleWebKit/537.36 (KHTML, like Gecko) Chrome/145.0.0.0 Safari/537.36",
    "flagConto": "1",
    "recaptchaToken": ""
}
HTTP/1.1 422 Unprocessable Entity
Content-Type: application/json
Content-Length: 138
X-Content-Type-Options: nosniff
X-XSS-Protection: 1; mode=block
Strict-Transport-Security: max-age=63072000; includeSubDomains; preload
X-Frame-Options: DENY
X-Robots-Tag: noindex
X-Request-Id: e1975d3ae9eb2d9964ba6f665d781bf7
Expires: Sun, 05 Apr 2026 19:14:55 GMT
Cache-Control: max-age=0, no-cache, no-store
Pragma: no-cache
Date: Sun, 05 Apr 2026 19:14:55 GMT
Connection: close
Set-Cookie: XSRF-TOKEN=695af95b-b20b-4e69-8531-a5b478abcade; Path=/; Secure
Set-Cookie: ak_bmsc=D5DD63305D07DF1BE48AC5D08CA3C398~000000000000000000000000000000~YAAQp3YHQG4JgB6dAQAAec0RXx+RUw5P4N/0tdrrcJ5W6e1DSWGtyQEC574yhacLSefv2UdfKYNqmQsRz2qxDgfwhhs1Ooz2PgwRlQ55KoflnvVtKkc5Bl3cjxV96GNeq6f3lP60Zx0lPCDAF8OMUehSqvzcPCRGGYKdkRIdtHV8oVmjlrgS4/SDbQQjGadLO6ZWPpBf4CuUxptbnKs0w11jcS0M60kDKdQNVT1rQB+uCcT8Lh8bcl/CrXWYo3XCe6bnjJ1UlABphdP3sO5thRAJCya/ZzghpEQLqQcdeOR0KJ8utEhmCXkRkTY/o49vsLBfe57k20U1wd99drkiE39faJ1+O/oU3mZhaChm5tzhUHIE+TbCS14=; Domain=.millipiyangoonline.com; Path=/; Expires=Sun, 05 Apr 2026 21:14:55 GMT; Max-Age=7200; HttpOnly
Set-Cookie: bm_sz=3FE21764F62DBCA3569CCA49FE0B8064~YAAQp3YHQG8JgB6dAQAAec0RXx/9rv8hAhkuL4FtahrYlCIXPRs90qegCAqkSrSAHDJHLmXhzfyfYPya0QiMeS+Mcw8L1hTLETB3Ne0K/YVdd4zSLzcf++GrbfHgwccFJm8SrDlYt0gh45l6h5Hu75WtUTlNeFWUbvKDNAO0nLu2vxWtKkzLDFtbxXICe5IGBcmhJKQZi41cGz/50ilod1DG/j7u3ttYa/AiAwaXoQQuiWZTmKmOF6mxFOi8opgzmOOeXPwyl181E1Z8XM2ZLsL+3LEdpMTFVRCSGRBNPbiN/9sYMqy12X6ZEslu/I7GJ35iHYc0bnzW3uTwsZuqk5naTtYaLb76ReeqLE9Un6xq/j4pkml3KEY/5w==~3158835~3683396; Domain=.millipiyangoonline.com; Path=/; Expires=Sun, 05 Apr 2026 23:14:55 GMT; Max-Age=14400
Access-Control-Allow-Origin: https://test-www.millipiyangoonline.com
Access-Control-Allow-Credentials: true
Vary: Origin
Access-Control-Expose-Headers: Server, range, hdntl, hdnts, Akamai-Mon-Iucid-Ing, Akamai-Mon-Iucid-Del, x-queueit-redirect

{
    "status": "FAILURE",
    "requestId": "8e37b733-f4e3-4ad5-b980-43833c5d67bd",
    "datetime": "05-04-2026 22:14:55",
    "error": {
        "errorInfo": "err.empty"
    }
}
  &amp#27;[32mGiven &amp#27;[0m&amp#27;[32mUser sends a POST request to login endpoint with &amp#27;[0m&amp#27;[32m&amp#27;[1m"correctEmail"&amp#27;[0m&amp#27;[32m and &amp#27;[0m&amp#27;[32m&amp#27;[1m"correctPassword"&amp#27;[0m &amp#27;[90m# stepDefinitions.ApiLoginStepDefinitions.userSendsLoginRequest(java.lang.String,java.lang.String)&amp#27;[0m
  &amp#27;[31mThen &amp#27;[0m&amp#27;[31mAPI response status code should be &amp#27;[0m&amp#27;[31m&amp#27;[1m200&amp#27;[0m                                                 &amp#27;[90m# stepDefinitions.ApiLoginStepDefinitions.apiResponseStatusCodeShouldBe(int)&amp#27;[0m
      &amp#27;[31mjava.lang.AssertionError: Expected status code 200 but got 422
Response body: {"status":"FAILURE","requestId":"8e37b733-f4e3-4ad5-b980-43833c5d67bd","datetime":"05-04-2026 22:14:55","error":{"errorInfo":"err.empty"}} expected [200] but found [422]
	at org.testng.Assert.fail(Assert.java:110)
	at org.testng.Assert.failNotEquals(Assert.java:1413)
	at org.testng.Assert.assertEqualsImpl(Assert.java:149)
	at org.testng.Assert.assertEquals(Assert.java:131)
	at org.testng.Assert.assertEquals(Assert.java:1240)
	at stepDefinitions.ApiLoginStepDefinitions.apiResponseStatusCodeShouldBe(ApiLoginStepDefinitions.java:48)
	at ✽.API response status code should be 200(file:///Users/yusuf/software/test/CucumberProjects/selenium-project-main/src/test/resources/Features/ApiLogin.feature:7)
&amp#27;[0m
  &amp#27;[36mAnd &amp#27;[0m&amp#27;[36mAPI response body should not be empty&amp#27;[0m                                                   &amp#27;[90m# stepDefinitions.ApiLoginStepDefinitions.apiResponseBodyShouldNotBeEmpty()&amp#27;[0m
  &amp#27;[36mAnd &amp#27;[0m&amp#27;[36mAPI response should contain a token field&amp#27;[0m                                               &amp#27;[90m# stepDefinitions.ApiLoginStepDefinitions.apiResponseShouldContainTokenField()&amp#27;[0m
]]></system-out>
    <system-err><![CDATA[Apr 05, 2026 10:14:13 PM org.openqa.selenium.devtools.CdpVersionFinder findNearestMatch
WARNING: Unable to find CDP implementation matching 146
Apr 05, 2026 10:14:13 PM org.openqa.selenium.chromium.ChromiumDriver lambda$new$5
WARNING: Unable to find version of CDP to use for 146.0.7680.178. You may need to include a dependency on a specific version of the CDP using something similar to `org.seleniumhq.selenium:selenium-devtools-v86:4.27.0` where the version ("v86") matches the version of the chromium-based browser you're using and the version number of the artifact is the same as Selenium's.
org.openqa.selenium.ElementNotInteractableException: element not interactable
  (Session info: chrome=146.0.7680.178)
Build info: version: '4.27.0', revision: 'd6e718d134'
System info: os.name: 'Mac OS X', os.arch: 'aarch64', os.version: '26.0.1', java.version: '17.0.15'
Driver info: org.openqa.selenium.chrome.ChromeDriver
Command: [7d1b8954210bba09eb7e34058af0c418, sendKeysToElement {value=[Ljava.lang.CharSequence;@7f49457c, id=f.C39ABE7A0B24D8EBF28B732F601EA80E.d.49FB90F78F6B8AF43BC8B52976AF920C.e.208}]
Capabilities {acceptInsecureCerts: false, browserName: chrome, browserVersion: 146.0.7680.178, chrome: {chromedriverVersion: 146.0.7680.165 (4b989da09e1..., userDataDir: /var/folders/t1/rl_v5fcd6bg...}, fedcm:accounts: true, goog:chromeOptions: {debuggerAddress: localhost:57042}, goog:processID: 66030, networkConnectionEnabled: false, pageLoadStrategy: eager, platformName: mac, proxy: Proxy(), se:cdp: ws://localhost:57042/devtoo..., se:cdpVersion: 146.0.7680.178, setWindowRect: true, strictFileInteractability: false, timeouts: {implicit: 0, pageLoad: 300000, script: 30000}, unhandledPromptBehavior: dismiss and notify, webauthn:extension:credBlob: true, webauthn:extension:largeBlob: true, webauthn:extension:minPinLength: true, webauthn:extension:prf: true, webauthn:virtualAuthenticators: true}
Element: [[ChromeDriver: chrome on mac (7d1b8954210bba09eb7e34058af0c418)] -> id: username]
Session ID: 7d1b8954210bba09eb7e34058af0c418
	at java.base/jdk.internal.reflect.NativeConstructorAccessorImpl.newInstance0(Native Method)
	at java.base/jdk.internal.reflect.NativeConstructorAccessorImpl.newInstance(NativeConstructorAccessorImpl.java:77)
	at java.base/jdk.internal.reflect.DelegatingConstructorAccessorImpl.newInstance(DelegatingConstructorAccessorImpl.java:45)
	at java.base/java.lang.reflect.Constructor.newInstanceWithCaller(Constructor.java:500)
	at java.base/java.lang.reflect.Constructor.newInstance(Constructor.java:481)
	at org.openqa.selenium.remote.ErrorCodec.decode(ErrorCodec.java:167)
	at org.openqa.selenium.remote.codec.w3c.W3CHttpResponseCodec.decode(W3CHttpResponseCodec.java:138)
	at org.openqa.selenium.remote.codec.w3c.W3CHttpResponseCodec.decode(W3CHttpResponseCodec.java:50)
	at org.openqa.selenium.remote.HttpCommandExecutor.execute(HttpCommandExecutor.java:190)
	at org.openqa.selenium.remote.service.DriverCommandExecutor.invokeExecute(DriverCommandExecutor.java:216)
	at org.openqa.selenium.remote.service.DriverCommandExecutor.execute(DriverCommandExecutor.java:174)
	at org.openqa.selenium.remote.RemoteWebDriver.execute(RemoteWebDriver.java:545)
	at org.openqa.selenium.remote.RemoteWebElement.execute(RemoteWebElement.java:223)
	at org.openqa.selenium.remote.RemoteWebElement.sendKeys(RemoteWebElement.java:110)
	at util.SeleniumCookieHelper.getAkamaiCookies(SeleniumCookieHelper.java:101)
	at util.ApiAuthHelper.login(ApiAuthHelper.java:35)
	at stepDefinitions.ApiLoginStepDefinitions.userSendsLoginRequest(ApiLoginStepDefinitions.java:40)
	at java.base/jdk.internal.reflect.NativeMethodAccessorImpl.invoke0(Native Method)
	at java.base/jdk.internal.reflect.NativeMethodAccessorImpl.invoke(NativeMethodAccessorImpl.java:77)
	at java.base/jdk.internal.reflect.DelegatingMethodAccessorImpl.invoke(DelegatingMethodAccessorImpl.java:43)
	at java.base/java.lang.reflect.Method.invoke(Method.java:569)
	at io.cucumber.java.Invoker.doInvoke(Invoker.java:66)
	at io.cucumber.java.Invoker.invoke(Invoker.java:24)
	at io.cucumber.java.AbstractGlueDefinition.invokeMethod(AbstractGlueDefinition.java:47)
	at io.cucumber.java.JavaStepDefinition.execute(JavaStepDefinition.java:29)
	at io.cucumber.core.runner.CoreStepDefinition.execute(CoreStepDefinition.java:66)
	at io.cucumber.core.runner.PickleStepDefinitionMatch.runStep(PickleStepDefinitionMatch.java:63)
	at io.cucumber.core.runner.ExecutionMode$1.execute(ExecutionMode.java:10)
	at io.cucumber.core.runner.TestStep.executeStep(TestStep.java:85)
	at io.cucumber.core.runner.TestStep.run(TestStep.java:57)
	at io.cucumber.core.runner.PickleStepTestStep.run(PickleStepTestStep.java:51)
	at io.cucumber.core.runner.TestCase.run(TestCase.java:84)
	at io.cucumber.core.runner.Runner.runPickle(Runner.java:75)
	at io.cucumber.testng.TestNGCucumberRunner.lambda$runScenario$1(TestNGCucumberRunner.java:132)
	at io.cucumber.core.runtime.CucumberExecutionContext.lambda$runTestCase$5(CucumberExecutionContext.java:129)
	at io.cucumber.core.runtime.RethrowingThrowableCollector.executeAndThrow(RethrowingThrowableCollector.java:23)
	at io.cucumber.core.runtime.CucumberExecutionContext.runTestCase(CucumberExecutionContext.java:129)
	at io.cucumber.testng.TestNGCucumberRunner.runScenario(TestNGCucumberRunner.java:129)
	at io.cucumber.testng.AbstractTestNGCucumberTests.runScenario(AbstractTestNGCucumberTests.java:35)
	at java.base/jdk.internal.reflect.NativeMethodAccessorImpl.invoke0(Native Method)
	at java.base/jdk.internal.reflect.NativeMethodAccessorImpl.invoke(NativeMethodAccessorImpl.java:77)
	at java.base/jdk.internal.reflect.DelegatingMethodAccessorImpl.invoke(DelegatingMethodAccessorImpl.java:43)
	at java.base/java.lang.reflect.Method.invoke(Method.java:569)
	at org.testng.internal.invokers.MethodInvocationHelper.invokeMethod(MethodInvocationHelper.java:135)
	at org.testng.internal.invokers.TestInvoker.invokeMethod(TestInvoker.java:673)
	at org.testng.internal.invokers.TestInvoker.invokeTestMethod(TestInvoker.java:220)
	at org.testng.internal.invokers.MethodRunner.runInSequence(MethodRunner.java:50)
	at org.testng.internal.invokers.TestInvoker$MethodInvocationAgent.invoke(TestInvoker.java:945)
	at org.testng.internal.invokers.TestInvoker.invokeTestMethods(TestInvoker.java:193)
	at org.testng.internal.invokers.TestMethodWorker.invokeTestMethods(TestMethodWorker.java:146)
	at org.testng.internal.invokers.TestMethodWorker.run(TestMethodWorker.java:128)
	at java.base/java.util.concurrent.ThreadPoolExecutor.runWorker(ThreadPoolExecutor.java:1136)
	at java.base/java.util.concurrent.ThreadPoolExecutor$Worker.run(ThreadPoolExecutor.java:635)
	at java.base/java.lang.Thread.run(Thread.java:840)
]]></system-err>
  </testcase>
</testsuite>