<?xml version="1.0" encoding="UTF-8"?>
<testsuite xmlns:xsi="http://www.w3.org/2001/XMLSchema-instance" xsi:noNamespaceSchemaLocation="https://maven.apache.org/surefire/maven-surefire-plugin/xsd/surefire-test-report-3.0.xsd" version="3.0" name="TestSuite" time="59.864" tests="2" errors="0" skipped="0" failures="2">
  <properties>
[...]
</properties>
  <testcase name="runScenario[&quot;&quot;Sayisal Loto&quot; - User is able to buy ticket &quot;with&quot; SuperStar on tab : &quot;simple&quot;&quot;, &quot;Lottery Games Test Cases&quot;](1)" classname="testRunners.runner" time="47.337">
    <failure message="Expected condition failed: waiting for visibility of [[ChromeDriver: chrome on mac (81f98c250baf33fe407005a3124e0fd4)] -&gt; css selector: span[class=&apos;userDetailsBalance&apos;]] (tried for 30 second(s) with 500 milliseconds interval)&#10;Build info: version: &apos;4.27.0&apos;, revision: &apos;d6e718d134&apos;&#10;System info: os.name: &apos;Mac OS X&apos;, os.arch: &apos;aarch64&apos;, os.version: &apos;26.0.1&apos;, java.version: &apos;17.0.15&apos;&#10;Driver info: org.openqa.selenium.chrome.ChromeDriver&#10;Capabilities {acceptInsecureCerts: false, browserName: chrome, browserVersion: 144.0.7559.133, chrome: {chromedriverVersion: 144.0.7559.133 (7da823b1d59..., userDataDir: /var/folders/t1/rl_v5fcd6bg...}, fedcm:accounts: true, goog:chromeOptions: {debuggerAddress: localhost:59681}, goog:processID: 52859, networkConnectionEnabled: false, pageLoadStrategy: normal, platformName: mac, proxy: Proxy(), se:cdp: ws://localhost:59681/devtoo..., se:cdpVersion: 144.0.7559.133, setWindowRect: true, strictFileInteractability: false, timeouts: {implicit: 0, pageLoad: 300000, script: 30000}, unhandledPromptBehavior: dismiss and notify, webauthn:extension:credBlob: true, webauthn:extension:largeBlob: true, webauthn:extension:minPinLength: true, webauthn:extension:prf: true, webauthn:virtualAuthenticators: true}&#10;Session ID: 81f98c250baf33fe407005a3124e0fd4" type="org.openqa.selenium.TimeoutException"><![CDATA[org.openqa.selenium.TimeoutException: 
Expected condition failed: waiting for visibility of [[ChromeDriver: chrome on mac (81f98c250baf33fe407005a3124e0fd4)] -> css selector: span[class='userDetailsBalance']] (tried for 30 second(s) with 500 milliseconds interval)
Build info: version: '4.27.0', revision: 'd6e718d134'
System info: os.name: 'Mac OS X', os.arch: 'aarch64', os.version: '26.0.1', java.version: '17.0.15'
Driver info: org.openqa.selenium.chrome.ChromeDriver
Capabilities {acceptInsecureCerts: false, browserName: chrome, browserVersion: 144.0.7559.133, chrome: {chromedriverVersion: 144.0.7559.133 (7da823b1d59..., userDataDir: /var/folders/t1/rl_v5fcd6bg...}, fedcm:accounts: true, goog:chromeOptions: {debuggerAddress: localhost:59681}, goog:processID: 52859, networkConnectionEnabled: false, pageLoadStrategy: normal, platformName: mac, proxy: Proxy(), se:cdp: ws://localhost:59681/devtoo..., se:cdpVersion: 144.0.7559.133, setWindowRect: true, strictFileInteractability: false, timeouts: {implicit: 0, pageLoad: 300000, script: 30000}, unhandledPromptBehavior: dismiss and notify, webauthn:extension:credBlob: true, webauthn:extension:largeBlob: true, webauthn:extension:minPinLength: true, webauthn:extension:prf: true, webauthn:virtualAuthenticators: true}
Session ID: 81f98c250baf33fe407005a3124e0fd4
	at org.openqa.selenium.support.ui.WebDriverWait.timeoutException(WebDriverWait.java:84)
	at org.openqa.selenium.support.ui.FluentWait.until(FluentWait.java:228)
	at util.ElementHelper.checkVisible(ElementHelper.java:24)
	at Pages.LoginPage.checkSuccessful(LoginPage.java:79)
	at Pages.LoginPage.login(LoginPage.java:91)
	at util.Hooks.beforeScenarioWithLogin(Hooks.java:36)
]]></failure>
    <system-out><![CDATA[
@LotteryGames @e2e @LoginRequired @sansTopuSimple
Scenario Outline: "Sayisal Loto" - User is able to buy ticket "with" SuperStar on tab : "simple"   &amp#27;[90m# src/test/resources/Features/LotteryGames.feature:15&amp#27;[0m
      &amp#27;[31morg.openqa.selenium.TimeoutException: Expected condition failed: waiting for visibility of [[ChromeDriver: chrome on mac (81f98c250baf33fe407005a3124e0fd4)] -> css selector: span[class='userDetailsBalance']] (tried for 30 second(s) with 500 milliseconds interval)
Build info: version: '4.27.0', revision: 'd6e718d134'
System info: os.name: 'Mac OS X', os.arch: 'aarch64', os.version: '26.0.1', java.version: '17.0.15'
Driver info: org.openqa.selenium.chrome.ChromeDriver
Capabilities {acceptInsecureCerts: false, browserName: chrome, browserVersion: 144.0.7559.133, chrome: {chromedriverVersion: 144.0.7559.133 (7da823b1d59..., userDataDir: /var/folders/t1/rl_v5fcd6bg...}, fedcm:accounts: true, goog:chromeOptions: {debuggerAddress: localhost:59681}, goog:processID: 52859, networkConnectionEnabled: false, pageLoadStrategy: normal, platformName: mac, proxy: Proxy(), se:cdp: ws://localhost:59681/devtoo..., se:cdpVersion: 144.0.7559.133, setWindowRect: true, strictFileInteractability: false, timeouts: {implicit: 0, pageLoad: 300000, script: 30000}, unhandledPromptBehavior: dismiss and notify, webauthn:extension:credBlob: true, webauthn:extension:largeBlob: true, webauthn:extension:minPinLength: true, webauthn:extension:prf: true, webauthn:virtualAuthenticators: true}
Session ID: 81f98c250baf33fe407005a3124e0fd4
	at org.openqa.selenium.support.ui.WebDriverWait.timeoutException(WebDriverWait.java:84)
	at org.openqa.selenium.support.ui.FluentWait.until(FluentWait.java:228)
	at util.ElementHelper.checkVisible(ElementHelper.java:24)
	at Pages.LoginPage.checkSuccessful(LoginPage.java:79)
	at Pages.LoginPage.login(LoginPage.java:91)
	at util.Hooks.beforeScenarioWithLogin(Hooks.java:36)
&amp#27;[0m
  &amp#27;[36mWhen &amp#27;[0m&amp#27;[36mUser navigates to the &amp#27;[0m&amp#27;[36m&amp#27;[1m"Sayisal Loto"&amp#27;[0m&amp#27;[36m game page from homepage&amp#27;[0m                                &amp#27;[90m# stepDefinitions.LotteryGamesStepDefinitions.userNavigatesToTheGamePageFromHomepage(java.lang.String)&amp#27;[0m
  &amp#27;[36mAnd &amp#27;[0m&amp#27;[36mUser navigates to &amp#27;[0m&amp#27;[36m&amp#27;[1m"simple"&amp#27;[0m&amp#27;[36m tab on game&amp#27;[0m                                                       &amp#27;[90m# stepDefinitions.LotteryGamesStepDefinitions.userNavigatesToTabOnGame(java.lang.String)&amp#27;[0m
  &amp#27;[36mAnd &amp#27;[0m&amp#27;[36mUser enters &amp#27;[0m&amp#27;[36m&amp#27;[1m1&amp#27;[0m&amp#27;[36m row by random button&amp#27;[0m                                                           &amp#27;[90m# stepDefinitions.LotteryGamesStepDefinitions.userEntersRowByRandomButton(int)&amp#27;[0m
  &amp#27;[36mThen &amp#27;[0m&amp#27;[36mUser verifies the ticket was bought successfully&amp#27;[0m                                            &amp#27;[90m# stepDefinitions.LotteryGamesStepDefinitions.userVerifiesTheTicketWasBoughtSuccessfully()&amp#27;[0m
  &amp#27;[36mThen &amp#27;[0m&amp#27;[36mUser verifies the receipt elements for &amp#27;[0m&amp#27;[36m&amp#27;[1m1&amp#27;[0m&amp#27;[36m draw &amp#27;[0m&amp#27;[36m&amp#27;[1m1&amp#27;[0m&amp#27;[36m column &amp#27;[0m&amp#27;[36m&amp#27;[1m6&amp#27;[0m&amp#27;[36m standart number &amp#27;[0m&amp#27;[36m&amp#27;[1m1&amp#27;[0m&amp#27;[36m superstar number&amp#27;[0m &amp#27;[90m# stepDefinitions.LotteryGamesStepDefinitions.userVerifiesTheReceiptElementsForDrawColumnStandartNumberSuperstarNumber(int,int,int,int)&amp#27;[0m
  &amp#27;[36mThen &amp#27;[0m&amp#27;[36mUser verifies the details of the ticket for &amp#27;[0m&amp#27;[36m&amp#27;[1m"Sayisal Loto"&amp#27;[0m                                  &amp#27;[90m# stepDefinitions.LotteryGamesStepDefinitions.userVerifiesTheDetailsOfTheTicketFor(java.lang.String)&amp#27;[0m
]]></system-out>
    <system-err><![CDATA[log4j:WARN No appenders could be found for logger (org.testng.TestNG).
log4j:WARN Please initialize the log4j system properly.
log4j:WARN See http://logging.apache.org/log4j/1.2/faq.html#noconfig for more info.
Feb 14, 2026 9:30:23 PM org.openqa.selenium.devtools.CdpVersionFinder findNearestMatch
WARNING: Unable to find CDP implementation matching 144
Feb 14, 2026 9:30:23 PM org.openqa.selenium.chromium.ChromiumDriver lambda$new$5
WARNING: Unable to find version of CDP to use for 144.0.7559.133. You may need to include a dependency on a specific version of the CDP using something similar to `org.seleniumhq.selenium:selenium-devtools-v86:4.27.0` where the version ("v86") matches the version of the chromium-based browser you're using and the version number of the artifact is the same as Selenium's.
]]></system-err>
  </testcase>
  <testcase name="runScenario[&quot;&quot;Sayisal Loto&quot; - User is able to buy ticket &quot;with&quot; SuperStar on tab : &quot;simple&quot;&quot;, &quot;Lottery Games Test Cases&quot;](1)" classname="testRunners.FailedScenariosRunner" time="4.287">
    <failure message="target frame detached&#10;  (failed to check if window was closed: disconnected: Unable to receive message from renderer)&#10;  (Session info: chrome=144.0.7559.133)&#10;Build info: version: &apos;4.27.0&apos;, revision: &apos;d6e718d134&apos;&#10;System info: os.name: &apos;Mac OS X&apos;, os.arch: &apos;aarch64&apos;, os.version: &apos;26.0.1&apos;, java.version: &apos;17.0.15&apos;&#10;Driver info: org.openqa.selenium.chrome.ChromeDriver&#10;Command: [62b712c50941cb434102ee613c5329ac, get {url=http://test-www.millipiyangoonline.com/}]&#10;Capabilities {acceptInsecureCerts: false, browserName: chrome, browserVersion: 144.0.7559.133, chrome: {chromedriverVersion: 144.0.7559.133 (7da823b1d59..., userDataDir: /var/folders/t1/rl_v5fcd6bg...}, fedcm:accounts: true, goog:chromeOptions: {debuggerAddress: localhost:59823}, goog:processID: 53374, networkConnectionEnabled: false, pageLoadStrategy: normal, platformName: mac, proxy: Proxy(), se:cdp: ws://localhost:59823/devtoo..., se:cdpVersion: 144.0.7559.133, setWindowRect: true, strictFileInteractability: false, timeouts: {implicit: 0, pageLoad: 300000, script: 30000}, unhandledPromptBehavior: dismiss and notify, webauthn:extension:credBlob: true, webauthn:extension:largeBlob: true, webauthn:extension:minPinLength: true, webauthn:extension:prf: true, webauthn:virtualAuthenticators: true}&#10;Session ID: 62b712c50941cb434102ee613c5329ac" type="org.openqa.selenium.WebDriverException"><![CDATA[org.openqa.selenium.WebDriverException: 
target frame detached
  (failed to check if window was closed: disconnected: Unable to receive message from renderer)
  (Session info: chrome=144.0.7559.133)
Build info: version: '4.27.0', revision: 'd6e718d134'
System info: os.name: 'Mac OS X', os.arch: 'aarch64', os.version: '26.0.1', java.version: '17.0.15'
Driver info: org.openqa.selenium.chrome.ChromeDriver
Command: [62b712c50941cb434102ee613c5329ac, get {url=http://test-www.millipiyangoonline.com/}]
Capabilities {acceptInsecureCerts: false, browserName: chrome, browserVersion: 144.0.7559.133, chrome: {chromedriverVersion: 144.0.7559.133 (7da823b1d59..., userDataDir: /var/folders/t1/rl_v5fcd6bg...}, fedcm:accounts: true, goog:chromeOptions: {debuggerAddress: localhost:59823}, goog:processID: 53374, networkConnectionEnabled: false, pageLoadStrategy: normal, platformName: mac, proxy: Proxy(), se:cdp: ws://localhost:59823/devtoo..., se:cdpVersion: 144.0.7559.133, setWindowRect: true, strictFileInteractability: false, timeouts: {implicit: 0, pageLoad: 300000, script: 30000}, unhandledPromptBehavior: dismiss and notify, webauthn:extension:credBlob: true, webauthn:extension:largeBlob: true, webauthn:extension:minPinLength: true, webauthn:extension:prf: true, webauthn:virtualAuthenticators: true}
Session ID: 62b712c50941cb434102ee613c5329ac
	at java.base/jdk.internal.reflect.NativeConstructorAccessorImpl.newInstance0(Native Method)
	at java.base/jdk.internal.reflect.NativeConstructorAccessorImpl.newInstance(NativeConstructorAccessorImpl.java:77)
	at java.base/jdk.internal.reflect.DelegatingConstructorAccessorImpl.newInstance(DelegatingConstructorAccessorImpl.java:45)
	at java.base/java.lang.reflect.Constructor.newInstanceWithCaller(Constructor.java:500)
	at java.base/java.lang.reflect.Constructor.newInstance(Constructor.java:481)
	at org.openqa.selenium.remote.ErrorCodec.decode(ErrorCodec.java:167)
	at org.openqa.selenium.remote.codec.w3c.W3CHttpResponseCodec.decode(W3CHttpResponseCodec.java:138)
	at org.openqa.selenium.remote.codec.w3c.W3CHttpResponseCodec.decode(W3CHttpResponseCodec.java:50)
	at org.openqa.selenium.remote.HttpCommandExecutor.execute(HttpCommandExecutor.java:190)
	at org.openqa.selenium.remote.service.DriverCommandExecutor.invokeExecute(DriverCommandExecutor.java:216)
	at org.openqa.selenium.remote.service.DriverCommandExecutor.execute(DriverCommandExecutor.java:174)
	at org.openqa.selenium.remote.RemoteWebDriver.execute(RemoteWebDriver.java:545)
	at org.openqa.selenium.remote.RemoteWebDriver.get(RemoteWebDriver.java:313)
	at util.DriverFactory.initializeDriver(DriverFactory.java:44)
	at util.Hooks.initializeDriverAndHandleCookies(Hooks.java:20)
	at util.Hooks.beforeScenarioWithLogin(Hooks.java:33)
]]></failure>
    <system-out><![CDATA[
&amp#27;[31mFailed scenarios:&amp#27;[0m
file:///Users/yusuf/software/test/CucumberProjects/selenium-project-main/src/test/resources/Features/LotteryGames.feature:15 # "Sayisal Loto" - User is able to buy ticket "with" SuperStar on tab : "simple"

1 Scenarios (&amp#27;[31m1 failed&amp#27;[0m)
6 Steps (&amp#27;[36m6 skipped&amp#27;[0m)
0m47.563s


org.openqa.selenium.TimeoutException: Expected condition failed: waiting for visibility of [[ChromeDriver: chrome on mac (81f98c250baf33fe407005a3124e0fd4)] -> css selector: span[class='userDetailsBalance']] (tried for 30 second(s) with 500 milliseconds interval)
Build info: version: '4.27.0', revision: 'd6e718d134'
System info: os.name: 'Mac OS X', os.arch: 'aarch64', os.version: '26.0.1', java.version: '17.0.15'
Driver info: org.openqa.selenium.chrome.ChromeDriver
Capabilities {acceptInsecureCerts: false, browserName: chrome, browserVersion: 144.0.7559.133, chrome: {chromedriverVersion: 144.0.7559.133 (7da823b1d59..., userDataDir: /var/folders/t1/rl_v5fcd6bg...}, fedcm:accounts: true, goog:chromeOptions: {debuggerAddress: localhost:59681}, goog:processID: 52859, networkConnectionEnabled: false, pageLoadStrategy: normal, platformName: mac, proxy: Proxy(), se:cdp: ws://localhost:59681/devtoo..., se:cdpVersion: 144.0.7559.133, setWindowRect: true, strictFileInteractability: false, timeouts: {implicit: 0, pageLoad: 300000, script: 30000}, unhandledPromptBehavior: dismiss and notify, webauthn:extension:credBlob: true, webauthn:extension:largeBlob: true, webauthn:extension:minPinLength: true, webauthn:extension:prf: true, webauthn:virtualAuthenticators: true}
Session ID: 81f98c250baf33fe407005a3124e0fd4
	at org.openqa.selenium.support.ui.WebDriverWait.timeoutException(WebDriverWait.java:84)
	at org.openqa.selenium.support.ui.FluentWait.until(FluentWait.java:228)
	at util.ElementHelper.checkVisible(ElementHelper.java:24)
	at Pages.LoginPage.checkSuccessful(LoginPage.java:79)
	at Pages.LoginPage.login(LoginPage.java:91)
	at util.Hooks.beforeScenarioWithLogin(Hooks.java:36)



@LotteryGames @e2e @LoginRequired @sansTopuSimple
Scenario Outline: "Sayisal Loto" - User is able to buy ticket "with" SuperStar on tab : "simple"   &amp#27;[90m# src/test/resources/Features/LotteryGames.feature:15&amp#27;[0m
      &amp#27;[31morg.openqa.selenium.WebDriverException: target frame detached
  (failed to check if window was closed: disconnected: Unable to receive message from renderer)
  (Session info: chrome=144.0.7559.133)
Build info: version: '4.27.0', revision: 'd6e718d134'
System info: os.name: 'Mac OS X', os.arch: 'aarch64', os.version: '26.0.1', java.version: '17.0.15'
Driver info: org.openqa.selenium.chrome.ChromeDriver
Command: [62b712c50941cb434102ee613c5329ac, get {url=http://test-www.millipiyangoonline.com/}]
Capabilities {acceptInsecureCerts: false, browserName: chrome, browserVersion: 144.0.7559.133, chrome: {chromedriverVersion: 144.0.7559.133 (7da823b1d59..., userDataDir: /var/folders/t1/rl_v5fcd6bg...}, fedcm:accounts: true, goog:chromeOptions: {debuggerAddress: localhost:59823}, goog:processID: 53374, networkConnectionEnabled: false, pageLoadStrategy: normal, platformName: mac, proxy: Proxy(), se:cdp: ws://localhost:59823/devtoo..., se:cdpVersion: 144.0.7559.133, setWindowRect: true, strictFileInteractability: false, timeouts: {implicit: 0, pageLoad: 300000, script: 30000}, unhandledPromptBehavior: dismiss and notify, webauthn:extension:credBlob: true, webauthn:extension:largeBlob: true, webauthn:extension:minPinLength: true, webauthn:extension:prf: true, webauthn:virtualAuthenticators: true}
Session ID: 62b712c50941cb434102ee613c5329ac
	at java.base/jdk.internal.reflect.NativeConstructorAccessorImpl.newInstance0(Native Method)
	at java.base/jdk.internal.reflect.NativeConstructorAccessorImpl.newInstance(NativeConstructorAccessorImpl.java:77)
	at java.base/jdk.internal.reflect.DelegatingConstructorAccessorImpl.newInstance(DelegatingConstructorAccessorImpl.java:45)
	at java.base/java.lang.reflect.Constructor.newInstanceWithCaller(Constructor.java:500)
	at java.base/java.lang.reflect.Constructor.newInstance(Constructor.java:481)
	at org.openqa.selenium.remote.ErrorCodec.decode(ErrorCodec.java:167)
	at org.openqa.selenium.remote.codec.w3c.W3CHttpResponseCodec.decode(W3CHttpResponseCodec.java:138)
	at org.openqa.selenium.remote.codec.w3c.W3CHttpResponseCodec.decode(W3CHttpResponseCodec.java:50)
	at org.openqa.selenium.remote.HttpCommandExecutor.execute(HttpCommandExecutor.java:190)
	at org.openqa.selenium.remote.service.DriverCommandExecutor.invokeExecute(DriverCommandExecutor.java:216)
	at org.openqa.selenium.remote.service.DriverCommandExecutor.execute(DriverCommandExecutor.java:174)
	at org.openqa.selenium.remote.RemoteWebDriver.execute(RemoteWebDriver.java:545)
	at org.openqa.selenium.remote.RemoteWebDriver.get(RemoteWebDriver.java:313)
	at util.DriverFactory.initializeDriver(DriverFactory.java:44)
	at util.Hooks.initializeDriverAndHandleCookies(Hooks.java:20)
	at util.Hooks.beforeScenarioWithLogin(Hooks.java:33)
&amp#27;[0m
  &amp#27;[36mWhen &amp#27;[0m&amp#27;[36mUser navigates to the &amp#27;[0m&amp#27;[36m&amp#27;[1m"Sayisal Loto"&amp#27;[0m&amp#27;[36m game page from homepage&amp#27;[0m                                &amp#27;[90m# stepDefinitions.LotteryGamesStepDefinitions.userNavigatesToTheGamePageFromHomepage(java.lang.String)&amp#27;[0m
  &amp#27;[36mAnd &amp#27;[0m&amp#27;[36mUser navigates to &amp#27;[0m&amp#27;[36m&amp#27;[1m"simple"&amp#27;[0m&amp#27;[36m tab on game&amp#27;[0m                                                       &amp#27;[90m# stepDefinitions.LotteryGamesStepDefinitions.userNavigatesToTabOnGame(java.lang.String)&amp#27;[0m
  &amp#27;[36mAnd &amp#27;[0m&amp#27;[36mUser enters &amp#27;[0m&amp#27;[36m&amp#27;[1m1&amp#27;[0m&amp#27;[36m row by random button&amp#27;[0m                                                           &amp#27;[90m# stepDefinitions.LotteryGamesStepDefinitions.userEntersRowByRandomButton(int)&amp#27;[0m
  &amp#27;[36mThen &amp#27;[0m&amp#27;[36mUser verifies the ticket was bought successfully&amp#27;[0m                                            &amp#27;[90m# stepDefinitions.LotteryGamesStepDefinitions.userVerifiesTheTicketWasBoughtSuccessfully()&amp#27;[0m
  &amp#27;[36mThen &amp#27;[0m&amp#27;[36mUser verifies the receipt elements for &amp#27;[0m&amp#27;[36m&amp#27;[1m1&amp#27;[0m&amp#27;[36m draw &amp#27;[0m&amp#27;[36m&amp#27;[1m1&amp#27;[0m&amp#27;[36m column &amp#27;[0m&amp#27;[36m&amp#27;[1m6&amp#27;[0m&amp#27;[36m standart number &amp#27;[0m&amp#27;[36m&amp#27;[1m1&amp#27;[0m&amp#27;[36m superstar number&amp#27;[0m &amp#27;[90m# stepDefinitions.LotteryGamesStepDefinitions.userVerifiesTheReceiptElementsForDrawColumnStandartNumberSuperstarNumber(int,int,int,int)&amp#27;[0m
  &amp#27;[36mThen &amp#27;[0m&amp#27;[36mUser verifies the details of the ticket for &amp#27;[0m&amp#27;[36m&amp#27;[1m"Sayisal Loto"&amp#27;[0m                                  &amp#27;[90m# stepDefinitions.LotteryGamesStepDefinitions.userVerifiesTheDetailsOfTheTicketFor(java.lang.String)&amp#27;[0m
]]></system-out>
    <system-err><![CDATA[&amp#27;[1m&amp#27;[32m┌──────────────────────────────────────────────────────────────────────────┐&amp#27;[39m&amp#27;[22m
&amp#27;[1m&amp#27;[32m│&amp#27;[39m&amp#27;[22m View your Cucumber Report at:                                            &amp#27;[1m&amp#27;[32m│&amp#27;[39m&amp#27;[22m
&amp#27;[1m&amp#27;[32m│&amp#27;[39m&amp#27;[22m &amp#27;[1m&amp#27;[4m&amp#27;[36mhttps://reports.cucumber.io/reports/afd50237-f750-474a-bc22-9a253af253dc&amp#27;[39m&amp#27;[24m&amp#27;[22m &amp#27;[1m&amp#27;[32m│&amp#27;[39m&amp#27;[22m
&amp#27;[1m&amp#27;[32m│&amp#27;[39m&amp#27;[22m                                                                          &amp#27;[1m&amp#27;[32m│&amp#27;[39m&amp#27;[22m
&amp#27;[1m&amp#27;[32m│&amp#27;[39m&amp#27;[22m &amp#27;[1mThis report will self-destruct in 24h.&amp#27;[22m                                   &amp#27;[1m&amp#27;[32m│&amp#27;[39m&amp#27;[22m
&amp#27;[1m&amp#27;[32m└──────────────────────────────────────────────────────────────────────────┘&amp#27;[39m&amp#27;[22mFeb 14, 2026 9:31:11 PM org.openqa.selenium.devtools.CdpVersionFinder findNearestMatch
WARNING: Unable to find CDP implementation matching 144
Feb 14, 2026 9:31:11 PM org.openqa.selenium.chromium.ChromiumDriver lambda$new$5
WARNING: Unable to find version of CDP to use for 144.0.7559.133. You may need to include a dependency on a specific version of the CDP using something similar to `org.seleniumhq.selenium:selenium-devtools-v86:4.27.0` where the version ("v86") matches the version of the chromium-based browser you're using and the version number of the artifact is the same as Selenium's.
]]></system-err>
  </testcase>
</testsuite>