<?xml version="1.0" encoding="UTF-8"?>
<testsuite xmlns:xsi="http://www.w3.org/2001/XMLSchema-instance" xsi:noNamespaceSchemaLocation="https://maven.apache.org/surefire/maven-surefire-plugin/xsd/surefire-test-report-3.0.xsd" version="3.0" name="TestSuite" time="56.072" tests="4" errors="0" skipped="0" failures="4">
  <properties>
[...]
</properties>
  <testcase name="runScenario[&quot;User verifies that can update the password to the &quot;Piyango.59&quot; on Password Retrieval Screen&quot;, &quot;Milli Piyango Login Check Test Cases&quot;](1)" classname="testRunners.runner" time="8.546">
    <failure message="element click intercepted: Element &lt;button type=&quot;submit&quot; id=&quot;frg-button&quot; class=&quot;btn-login&quot; data-sitekey=&quot;6LdVl7MaAAAAAB99j0O1rzBTVEviZW5WdSBYylWn&quot;&gt;...&lt;/button&gt; is not clickable at point (680, 458). Other element would receive the click: &lt;td class=&quot;day&quot;&gt;...&lt;/td&gt;&#10;  (Session info: chrome=142.0.7444.176)&#10;Build info: version: &apos;4.27.0&apos;, revision: &apos;d6e718d134&apos;&#10;System info: os.name: &apos;Mac OS X&apos;, os.arch: &apos;aarch64&apos;, os.version: &apos;26.0.1&apos;, java.version: &apos;17.0.15&apos;&#10;Driver info: org.openqa.selenium.chrome.ChromeDriver&#10;Command: [3cb1c89be11358d3f3fcc7d7d118a996, clickElement {id=f.BDAE43CF1AABEB3CBF0CE8C24FC5B482.d.DF067B719CA73E83DADF91D19CDF81A1.e.41}]&#10;Capabilities {acceptInsecureCerts: false, browserName: chrome, browserVersion: 142.0.7444.176, chrome: {chromedriverVersion: 142.0.7444.175 (302067f14a4..., userDataDir: /var/folders/t1/rl_v5fcd6bg...}, fedcm:accounts: true, goog:chromeOptions: {debuggerAddress: localhost:49339}, goog:processID: 5443, networkConnectionEnabled: false, pageLoadStrategy: normal, platformName: mac, proxy: Proxy(), se:cdp: ws://localhost:49339/devtoo..., se:cdpVersion: 142.0.7444.176, setWindowRect: true, strictFileInteractability: false, timeouts: {implicit: 0, pageLoad: 300000, script: 30000}, unhandledPromptBehavior: dismiss and notify, webauthn:extension:credBlob: true, webauthn:extension:largeBlob: true, webauthn:extension:minPinLength: true, webauthn:extension:prf: true, webauthn:virtualAuthenticators: true}&#10;Element: [[ChromeDriver: chrome on mac (3cb1c89be11358d3f3fcc7d7d118a996)] -&gt; id: frg-button]&#10;Session ID: 3cb1c89be11358d3f3fcc7d7d118a996" type="org.openqa.selenium.ElementClickInterceptedException"><![CDATA[org.openqa.selenium.ElementClickInterceptedException: 
element click intercepted: Element <button type="submit" id="frg-button" class="btn-login" data-sitekey="6LdVl7MaAAAAAB99j0O1rzBTVEviZW5WdSBYylWn">...</button> is not clickable at point (680, 458). Other element would receive the click: <td class="day">...</td>
  (Session info: chrome=142.0.7444.176)
Build info: version: '4.27.0', revision: 'd6e718d134'
System info: os.name: 'Mac OS X', os.arch: 'aarch64', os.version: '26.0.1', java.version: '17.0.15'
Driver info: org.openqa.selenium.chrome.ChromeDriver
Command: [3cb1c89be11358d3f3fcc7d7d118a996, clickElement {id=f.BDAE43CF1AABEB3CBF0CE8C24FC5B482.d.DF067B719CA73E83DADF91D19CDF81A1.e.41}]
Capabilities {acceptInsecureCerts: false, browserName: chrome, browserVersion: 142.0.7444.176, chrome: {chromedriverVersion: 142.0.7444.175 (302067f14a4..., userDataDir: /var/folders/t1/rl_v5fcd6bg...}, fedcm:accounts: true, goog:chromeOptions: {debuggerAddress: localhost:49339}, goog:processID: 5443, networkConnectionEnabled: false, pageLoadStrategy: normal, platformName: mac, proxy: Proxy(), se:cdp: ws://localhost:49339/devtoo..., se:cdpVersion: 142.0.7444.176, setWindowRect: true, strictFileInteractability: false, timeouts: {implicit: 0, pageLoad: 300000, script: 30000}, unhandledPromptBehavior: dismiss and notify, webauthn:extension:credBlob: true, webauthn:extension:largeBlob: true, webauthn:extension:minPinLength: true, webauthn:extension:prf: true, webauthn:virtualAuthenticators: true}
Element: [[ChromeDriver: chrome on mac (3cb1c89be11358d3f3fcc7d7d118a996)] -> id: frg-button]
Session ID: 3cb1c89be11358d3f3fcc7d7d118a996
	at java.base/jdk.internal.reflect.NativeConstructorAccessorImpl.newInstance0(Native Method)
	at java.base/jdk.internal.reflect.NativeConstructorAccessorImpl.newInstance(NativeConstructorAccessorImpl.java:77)
	at java.base/jdk.internal.reflect.DelegatingConstructorAccessorImpl.newInstance(DelegatingConstructorAccessorImpl.java:45)
	at java.base/java.lang.reflect.Constructor.newInstanceWithCaller(Constructor.java:500)
	at java.base/java.lang.reflect.Constructor.newInstance(Constructor.java:481)
	at org.openqa.selenium.remote.ErrorCodec.decode(ErrorCodec.java:167)
	at org.openqa.selenium.remote.codec.w3c.W3CHttpResponseCodec.decode(W3CHttpResponseCodec.java:138)
	at org.openqa.selenium.remote.codec.w3c.W3CHttpResponseCodec.decode(W3CHttpResponseCodec.java:50)
	at org.openqa.selenium.remote.HttpCommandExecutor.execute(HttpCommandExecutor.java:190)
	at org.openqa.selenium.remote.service.DriverCommandExecutor.invokeExecute(DriverCommandExecutor.java:216)
	at org.openqa.selenium.remote.service.DriverCommandExecutor.execute(DriverCommandExecutor.java:174)
	at org.openqa.selenium.remote.RemoteWebDriver.execute(RemoteWebDriver.java:545)
	at org.openqa.selenium.remote.RemoteWebElement.execute(RemoteWebElement.java:223)
	at org.openqa.selenium.remote.RemoteWebElement.click(RemoteWebElement.java:76)
	at java.base/jdk.internal.reflect.NativeMethodAccessorImpl.invoke0(Native Method)
	at java.base/jdk.internal.reflect.NativeMethodAccessorImpl.invoke(NativeMethodAccessorImpl.java:77)
	at java.base/jdk.internal.reflect.DelegatingMethodAccessorImpl.invoke(DelegatingMethodAccessorImpl.java:43)
	at java.base/java.lang.reflect.Method.invoke(Method.java:569)
	at org.openqa.selenium.support.pagefactory.internal.LocatingElementHandler.invoke(LocatingElementHandler.java:51)
	at jdk.proxy2/jdk.proxy2.$Proxy25.click(Unknown Source)
	at util.ElementHelper.click(ElementHelper.java:44)
	at Pages.PasswordRetrievalPage.fillPasswordRetrievalForm(PasswordRetrievalPage.java:73)
	at stepDefinitions.LoginPageStepDefinitions.userFillsThePasswordRetrievalFormWith(LoginPageStepDefinitions.java:69)
	at ✽.User fills the Password Retrieval form with "correcttcid" "10122001" "correctEmail"(file:///Users/yusuf/software/test/CucumberProjects/selenium-project-main/src/test/resources/Features/Login.feature:63)
]]></failure>
    <system-out><![CDATA[
@MilliPiyangoLogin @PasswordUpdateSuccess @password1
Scenario Outline: User verifies that can update the password to the "Piyango.59" on Password Retrieval Screen &amp#27;[90m# src/test/resources/Features/Login.feature:72&amp#27;[0m
  &amp#27;[32mGiven &amp#27;[0m&amp#27;[32mUser at home page&amp#27;[0m                                                                                     &amp#27;[90m# stepDefinitions.LoginPageStepDefinitions.userAtHomePage()&amp#27;[0m
  &amp#27;[32mWhen &amp#27;[0m&amp#27;[32mClick member login button&amp#27;[0m                                                                              &amp#27;[90m# stepDefinitions.LoginPageStepDefinitions.clickMemberLoginButton()&amp#27;[0m
  &amp#27;[32mAnd &amp#27;[0m&amp#27;[32mUser navigates to the Pasword Retrieval Page&amp#27;[0m                                                            &amp#27;[90m# stepDefinitions.LoginPageStepDefinitions.userNavigatesToThePaswordRetrievalPage()&amp#27;[0m
  &amp#27;[31mAnd &amp#27;[0m&amp#27;[31mUser fills the Password Retrieval form with &amp#27;[0m&amp#27;[31m&amp#27;[1m"correcttcid"&amp#27;[0m&amp#27;[31m &amp#27;[0m&amp#27;[31m&amp#27;[1m"10122001"&amp#27;[0m&amp#27;[31m &amp#27;[0m&amp#27;[31m&amp#27;[1m"correctEmail"&amp#27;[0m                     &amp#27;[90m# stepDefinitions.LoginPageStepDefinitions.userFillsThePasswordRetrievalFormWith(java.lang.String,java.lang.String,java.lang.String)&amp#27;[0m
      &amp#27;[31morg.openqa.selenium.ElementClickInterceptedException: element click intercepted: Element <button type="submit" id="frg-button" class="btn-login" data-sitekey="6LdVl7MaAAAAAB99j0O1rzBTVEviZW5WdSBYylWn">...</button> is not clickable at point (680, 458). Other element would receive the click: <td class="day">...</td>
  (Session info: chrome=142.0.7444.176)
Build info: version: '4.27.0', revision: 'd6e718d134'
System info: os.name: 'Mac OS X', os.arch: 'aarch64', os.version: '26.0.1', java.version: '17.0.15'
Driver info: org.openqa.selenium.chrome.ChromeDriver
Command: [3cb1c89be11358d3f3fcc7d7d118a996, clickElement {id=f.BDAE43CF1AABEB3CBF0CE8C24FC5B482.d.DF067B719CA73E83DADF91D19CDF81A1.e.41}]
Capabilities {acceptInsecureCerts: false, browserName: chrome, browserVersion: 142.0.7444.176, chrome: {chromedriverVersion: 142.0.7444.175 (302067f14a4..., userDataDir: /var/folders/t1/rl_v5fcd6bg...}, fedcm:accounts: true, goog:chromeOptions: {debuggerAddress: localhost:49339}, goog:processID: 5443, networkConnectionEnabled: false, pageLoadStrategy: normal, platformName: mac, proxy: Proxy(), se:cdp: ws://localhost:49339/devtoo..., se:cdpVersion: 142.0.7444.176, setWindowRect: true, strictFileInteractability: false, timeouts: {implicit: 0, pageLoad: 300000, script: 30000}, unhandledPromptBehavior: dismiss and notify, webauthn:extension:credBlob: true, webauthn:extension:largeBlob: true, webauthn:extension:minPinLength: true, webauthn:extension:prf: true, webauthn:virtualAuthenticators: true}
Element: [[ChromeDriver: chrome on mac (3cb1c89be11358d3f3fcc7d7d118a996)] -> id: frg-button]
Session ID: 3cb1c89be11358d3f3fcc7d7d118a996
	at java.base/jdk.internal.reflect.NativeConstructorAccessorImpl.newInstance0(Native Method)
	at java.base/jdk.internal.reflect.NativeConstructorAccessorImpl.newInstance(NativeConstructorAccessorImpl.java:77)
	at java.base/jdk.internal.reflect.DelegatingConstructorAccessorImpl.newInstance(DelegatingConstructorAccessorImpl.java:45)
	at java.base/java.lang.reflect.Constructor.newInstanceWithCaller(Constructor.java:500)
	at java.base/java.lang.reflect.Constructor.newInstance(Constructor.java:481)
	at org.openqa.selenium.remote.ErrorCodec.decode(ErrorCodec.java:167)
	at org.openqa.selenium.remote.codec.w3c.W3CHttpResponseCodec.decode(W3CHttpResponseCodec.java:138)
	at org.openqa.selenium.remote.codec.w3c.W3CHttpResponseCodec.decode(W3CHttpResponseCodec.java:50)
	at org.openqa.selenium.remote.HttpCommandExecutor.execute(HttpCommandExecutor.java:190)
	at org.openqa.selenium.remote.service.DriverCommandExecutor.invokeExecute(DriverCommandExecutor.java:216)
	at org.openqa.selenium.remote.service.DriverCommandExecutor.execute(DriverCommandExecutor.java:174)
	at org.openqa.selenium.remote.RemoteWebDriver.execute(RemoteWebDriver.java:545)
	at org.openqa.selenium.remote.RemoteWebElement.execute(RemoteWebElement.java:223)
	at org.openqa.selenium.remote.RemoteWebElement.click(RemoteWebElement.java:76)
	at java.base/jdk.internal.reflect.NativeMethodAccessorImpl.invoke0(Native Method)
	at java.base/jdk.internal.reflect.NativeMethodAccessorImpl.invoke(NativeMethodAccessorImpl.java:77)
	at java.base/jdk.internal.reflect.DelegatingMethodAccessorImpl.invoke(DelegatingMethodAccessorImpl.java:43)
	at java.base/java.lang.reflect.Method.invoke(Method.java:569)
	at org.openqa.selenium.support.pagefactory.internal.LocatingElementHandler.invoke(LocatingElementHandler.java:51)
	at jdk.proxy2/jdk.proxy2.$Proxy25.click(Unknown Source)
	at util.ElementHelper.click(ElementHelper.java:44)
	at Pages.PasswordRetrievalPage.fillPasswordRetrievalForm(PasswordRetrievalPage.java:73)
	at stepDefinitions.LoginPageStepDefinitions.userFillsThePasswordRetrievalFormWith(LoginPageStepDefinitions.java:69)
	at ✽.User fills the Password Retrieval form with "correcttcid" "10122001" "correctEmail"(file:///Users/yusuf/software/test/CucumberProjects/selenium-project-main/src/test/resources/Features/Login.feature:63)
&amp#27;[0m

    Embedding Failure Screenshot [image/png 866597 bytes]

  &amp#27;[36mAnd &amp#27;[0m&amp#27;[36mUser enters and submit OTP for password update&amp#27;[0m                                                          &amp#27;[90m# stepDefinitions.LoginPageStepDefinitions.userEntersAndSubmitOTPForPasswordUpdate()&amp#27;[0m
  &amp#27;[36mAnd &amp#27;[0m&amp#27;[36mUser changes the password with credentials &amp#27;[0m&amp#27;[36m&amp#27;[1m"Piyango.59"&amp#27;[0m&amp#27;[36m on Password Retrieval Screen and submit&amp#27;[0m         &amp#27;[90m# stepDefinitions.LoginPageStepDefinitions.userChangesThePasswordWithCredentialsOnPasswordRetrievalScreenAndSubmit(java.lang.String)&amp#27;[0m
  &amp#27;[36mAnd &amp#27;[0m&amp#27;[36mUser navigates to the Login Page from Password Update Screen&amp#27;[0m                                            &amp#27;[90m# stepDefinitions.LoginPageStepDefinitions.userNavigatesToTheLoginPageFromPasswordUpdateScreen()&amp#27;[0m
  &amp#27;[36mAnd &amp#27;[0m&amp#27;[36mUser logs into the app with "&amp#27;[0m&amp#27;[36m&amp#27;[1mPiyango.59 "tcID"&amp#27;[0m                                                          &amp#27;[90m# stepDefinitions.LoginPageStepDefinitions.userLogsIntoTheAppWith(java.lang.String,java.lang.String)&amp#27;[0m
  &amp#27;[36mThen &amp#27;[0m&amp#27;[36mUser verifies the login with &amp#27;[0m&amp#27;[36m&amp#27;[1m"Piyango.59"&amp#27;[0m&amp#27;[36m is successful&amp#27;[0m                                                &amp#27;[90m# stepDefinitions.LoginPageStepDefinitions.userVerifiesTheLoginWithIsSuccessful(java.lang.String,java.lang.String)&amp#27;[0m
]]></system-out>
    <system-err><![CDATA[log4j:WARN No appenders could be found for logger (org.testng.TestNG).
log4j:WARN Please initialize the log4j system properly.
log4j:WARN See http://logging.apache.org/log4j/1.2/faq.html#noconfig for more info.
Dec 06, 2025 6:19:51 PM org.openqa.selenium.devtools.CdpVersionFinder findNearestMatch
WARNING: Unable to find CDP implementation matching 142
Dec 06, 2025 6:19:51 PM org.openqa.selenium.chromium.ChromiumDriver lambda$new$5
WARNING: Unable to find version of CDP to use for 142.0.7444.176. You may need to include a dependency on a specific version of the CDP using something similar to `org.seleniumhq.selenium:selenium-devtools-v86:4.27.0` where the version ("v86") matches the version of the chromium-based browser you're using and the version number of the artifact is the same as Selenium's.
]]></system-err>
  </testcase>
  <testcase name="runScenario[&quot;User verifies that can update the password to the &quot;Piyango1.&quot; on Password Retrieval Screen&quot;, &quot;Milli Piyango Login Check Test Cases&quot;](2)" classname="testRunners.runner" time="24.003">
    <failure message="Expected condition failed: waiting for visibility of [[ChromeDriver: chrome on mac (b967ea924ff61dbd4a3f70d89d913f8b)] -&gt; id: opt] (tried for 10 second(s) with 500 milliseconds interval)&#10;Build info: version: &apos;4.27.0&apos;, revision: &apos;d6e718d134&apos;&#10;System info: os.name: &apos;Mac OS X&apos;, os.arch: &apos;aarch64&apos;, os.version: &apos;26.0.1&apos;, java.version: &apos;17.0.15&apos;&#10;Driver info: org.openqa.selenium.chrome.ChromeDriver&#10;Capabilities {acceptInsecureCerts: false, browserName: chrome, browserVersion: 142.0.7444.176, chrome: {chromedriverVersion: 142.0.7444.175 (302067f14a4..., userDataDir: /var/folders/t1/rl_v5fcd6bg...}, fedcm:accounts: true, goog:chromeOptions: {debuggerAddress: localhost:49389}, goog:processID: 5577, networkConnectionEnabled: false, pageLoadStrategy: normal, platformName: mac, proxy: Proxy(), se:cdp: ws://localhost:49389/devtoo..., se:cdpVersion: 142.0.7444.176, setWindowRect: true, strictFileInteractability: false, timeouts: {implicit: 0, pageLoad: 300000, script: 30000}, unhandledPromptBehavior: dismiss and notify, webauthn:extension:credBlob: true, webauthn:extension:largeBlob: true, webauthn:extension:minPinLength: true, webauthn:extension:prf: true, webauthn:virtualAuthenticators: true}&#10;Session ID: b967ea924ff61dbd4a3f70d89d913f8b" type="org.openqa.selenium.TimeoutException"><![CDATA[org.openqa.selenium.TimeoutException: 
Expected condition failed: waiting for visibility of [[ChromeDriver: chrome on mac (b967ea924ff61dbd4a3f70d89d913f8b)] -> id: opt] (tried for 10 second(s) with 500 milliseconds interval)
Build info: version: '4.27.0', revision: 'd6e718d134'
System info: os.name: 'Mac OS X', os.arch: 'aarch64', os.version: '26.0.1', java.version: '17.0.15'
Driver info: org.openqa.selenium.chrome.ChromeDriver
Capabilities {acceptInsecureCerts: false, browserName: chrome, browserVersion: 142.0.7444.176, chrome: {chromedriverVersion: 142.0.7444.175 (302067f14a4..., userDataDir: /var/folders/t1/rl_v5fcd6bg...}, fedcm:accounts: true, goog:chromeOptions: {debuggerAddress: localhost:49389}, goog:processID: 5577, networkConnectionEnabled: false, pageLoadStrategy: normal, platformName: mac, proxy: Proxy(), se:cdp: ws://localhost:49389/devtoo..., se:cdpVersion: 142.0.7444.176, setWindowRect: true, strictFileInteractability: false, timeouts: {implicit: 0, pageLoad: 300000, script: 30000}, unhandledPromptBehavior: dismiss and notify, webauthn:extension:credBlob: true, webauthn:extension:largeBlob: true, webauthn:extension:minPinLength: true, webauthn:extension:prf: true, webauthn:virtualAuthenticators: true}
Session ID: b967ea924ff61dbd4a3f70d89d913f8b
	at org.openqa.selenium.support.ui.WebDriverWait.timeoutException(WebDriverWait.java:84)
	at org.openqa.selenium.support.ui.FluentWait.until(FluentWait.java:228)
	at util.ElementHelper.checkVisible(ElementHelper.java:23)
	at Pages.PasswordRetrievalPage.enterOtp(PasswordRetrievalPage.java:54)
	at Pages.PasswordRetrievalPage.enterAndSubmitOtp(PasswordRetrievalPage.java:77)
	at stepDefinitions.LoginPageStepDefinitions.userEntersAndSubmitOTPForPasswordUpdate(LoginPageStepDefinitions.java:74)
	at ✽.User enters and submit OTP for password update(file:///Users/yusuf/software/test/CucumberProjects/selenium-project-main/src/test/resources/Features/Login.feature:64)
]]></failure>
    <system-out><![CDATA[
@MilliPiyangoLogin @PasswordUpdateSuccess @password2
Scenario Outline: User verifies that can update the password to the "Piyango1." on Password Retrieval Screen &amp#27;[90m# src/test/resources/Features/Login.feature:76&amp#27;[0m
  &amp#27;[32mGiven &amp#27;[0m&amp#27;[32mUser at home page&amp#27;[0m                                                                                    &amp#27;[90m# stepDefinitions.LoginPageStepDefinitions.userAtHomePage()&amp#27;[0m
  &amp#27;[32mWhen &amp#27;[0m&amp#27;[32mClick member login button&amp#27;[0m                                                                             &amp#27;[90m# stepDefinitions.LoginPageStepDefinitions.clickMemberLoginButton()&amp#27;[0m
  &amp#27;[32mAnd &amp#27;[0m&amp#27;[32mUser navigates to the Pasword Retrieval Page&amp#27;[0m                                                           &amp#27;[90m# stepDefinitions.LoginPageStepDefinitions.userNavigatesToThePaswordRetrievalPage()&amp#27;[0m
  &amp#27;[32mAnd &amp#27;[0m&amp#27;[32mUser fills the Password Retrieval form with &amp#27;[0m&amp#27;[32m&amp#27;[1m"correctTcID"&amp#27;[0m&amp#27;[32m &amp#27;[0m&amp#27;[32m&amp#27;[1m"10122001"&amp#27;[0m&amp#27;[32m &amp#27;[0m&amp#27;[32m&amp#27;[1m"correctEmail"&amp#27;[0m                    &amp#27;[90m# stepDefinitions.LoginPageStepDefinitions.userFillsThePasswordRetrievalFormWith(java.lang.String,java.lang.String,java.lang.String)&amp#27;[0m
  &amp#27;[31mAnd &amp#27;[0m&amp#27;[31mUser enters and submit OTP for password update&amp#27;[0m                                                         &amp#27;[90m# stepDefinitions.LoginPageStepDefinitions.userEntersAndSubmitOTPForPasswordUpdate()&amp#27;[0m
      &amp#27;[31morg.openqa.selenium.TimeoutException: Expected condition failed: waiting for visibility of [[ChromeDriver: chrome on mac (b967ea924ff61dbd4a3f70d89d913f8b)] -> id: opt] (tried for 10 second(s) with 500 milliseconds interval)
Build info: version: '4.27.0', revision: 'd6e718d134'
System info: os.name: 'Mac OS X', os.arch: 'aarch64', os.version: '26.0.1', java.version: '17.0.15'
Driver info: org.openqa.selenium.chrome.ChromeDriver
Capabilities {acceptInsecureCerts: false, browserName: chrome, browserVersion: 142.0.7444.176, chrome: {chromedriverVersion: 142.0.7444.175 (302067f14a4..., userDataDir: /var/folders/t1/rl_v5fcd6bg...}, fedcm:accounts: true, goog:chromeOptions: {debuggerAddress: localhost:49389}, goog:processID: 5577, networkConnectionEnabled: false, pageLoadStrategy: normal, platformName: mac, proxy: Proxy(), se:cdp: ws://localhost:49389/devtoo..., se:cdpVersion: 142.0.7444.176, setWindowRect: true, strictFileInteractability: false, timeouts: {implicit: 0, pageLoad: 300000, script: 30000}, unhandledPromptBehavior: dismiss and notify, webauthn:extension:credBlob: true, webauthn:extension:largeBlob: true, webauthn:extension:minPinLength: true, webauthn:extension:prf: true, webauthn:virtualAuthenticators: true}
Session ID: b967ea924ff61dbd4a3f70d89d913f8b
	at org.openqa.selenium.support.ui.WebDriverWait.timeoutException(WebDriverWait.java:84)
	at org.openqa.selenium.support.ui.FluentWait.until(FluentWait.java:228)
	at util.ElementHelper.checkVisible(ElementHelper.java:23)
	at Pages.PasswordRetrievalPage.enterOtp(PasswordRetrievalPage.java:54)
	at Pages.PasswordRetrievalPage.enterAndSubmitOtp(PasswordRetrievalPage.java:77)
	at stepDefinitions.LoginPageStepDefinitions.userEntersAndSubmitOTPForPasswordUpdate(LoginPageStepDefinitions.java:74)
	at ✽.User enters and submit OTP for password update(file:///Users/yusuf/software/test/CucumberProjects/selenium-project-main/src/test/resources/Features/Login.feature:64)
&amp#27;[0m

    Embedding Failure Screenshot [image/png 662647 bytes]

  &amp#27;[36mAnd &amp#27;[0m&amp#27;[36mUser changes the password with credentials &amp#27;[0m&amp#27;[36m&amp#27;[1m"Piyango1."&amp#27;[0m&amp#27;[36m on Password Retrieval Screen and submit&amp#27;[0m         &amp#27;[90m# stepDefinitions.LoginPageStepDefinitions.userChangesThePasswordWithCredentialsOnPasswordRetrievalScreenAndSubmit(java.lang.String)&amp#27;[0m
  &amp#27;[36mAnd &amp#27;[0m&amp#27;[36mUser navigates to the Login Page from Password Update Screen&amp#27;[0m                                           &amp#27;[90m# stepDefinitions.LoginPageStepDefinitions.userNavigatesToTheLoginPageFromPasswordUpdateScreen()&amp#27;[0m
  &amp#27;[36mAnd &amp#27;[0m&amp#27;[36mUser logs into the app with "&amp#27;[0m&amp#27;[36m&amp#27;[1mPiyango1. "tcID"&amp#27;[0m                                                          &amp#27;[90m# stepDefinitions.LoginPageStepDefinitions.userLogsIntoTheAppWith(java.lang.String,java.lang.String)&amp#27;[0m
  &amp#27;[36mThen &amp#27;[0m&amp#27;[36mUser verifies the login with &amp#27;[0m&amp#27;[36m&amp#27;[1m"Piyango1."&amp#27;[0m&amp#27;[36m is successful&amp#27;[0m                                                &amp#27;[90m# stepDefinitions.LoginPageStepDefinitions.userVerifiesTheLoginWithIsSuccessful(java.lang.String,java.lang.String)&amp#27;[0m
]]></system-out>
    <system-err><![CDATA[Dec 06, 2025 6:19:59 PM org.openqa.selenium.devtools.CdpVersionFinder findNearestMatch
WARNING: Unable to find CDP implementation matching 142
Dec 06, 2025 6:19:59 PM org.openqa.selenium.chromium.ChromiumDriver lambda$new$5
WARNING: Unable to find version of CDP to use for 142.0.7444.176. You may need to include a dependency on a specific version of the CDP using something similar to `org.seleniumhq.selenium:selenium-devtools-v86:4.27.0` where the version ("v86") matches the version of the chromium-based browser you're using and the version number of the artifact is the same as Selenium's.
]]></system-err>
  </testcase>
  <testcase name="runScenario[&quot;User verifies that can update the password to the &quot;Piyango.59&quot; on Password Retrieval Screen&quot;, &quot;Milli Piyango Login Check Test Cases&quot;](1)" classname="testRunners.FailedScenariosRunner" time="8.424">
    <failure message="element click intercepted: Element &lt;button type=&quot;submit&quot; id=&quot;frg-button&quot; class=&quot;btn-login&quot; data-sitekey=&quot;6LdVl7MaAAAAAB99j0O1rzBTVEviZW5WdSBYylWn&quot;&gt;...&lt;/button&gt; is not clickable at point (680, 458). Other element would receive the click: &lt;td class=&quot;day&quot;&gt;...&lt;/td&gt;&#10;  (Session info: chrome=142.0.7444.176)&#10;Build info: version: &apos;4.27.0&apos;, revision: &apos;d6e718d134&apos;&#10;System info: os.name: &apos;Mac OS X&apos;, os.arch: &apos;aarch64&apos;, os.version: &apos;26.0.1&apos;, java.version: &apos;17.0.15&apos;&#10;Driver info: org.openqa.selenium.chrome.ChromeDriver&#10;Command: [d38509a7d75bd9fa9304d7d0a2e34616, clickElement {id=f.2D7B48F292851F2F00F1CF7F7BB5E900.d.84E06EC4865A72FF2C102611A3CB88B1.e.41}]&#10;Capabilities {acceptInsecureCerts: false, browserName: chrome, browserVersion: 142.0.7444.176, chrome: {chromedriverVersion: 142.0.7444.175 (302067f14a4..., userDataDir: /var/folders/t1/rl_v5fcd6bg...}, fedcm:accounts: true, goog:chromeOptions: {debuggerAddress: localhost:49455}, goog:processID: 5836, networkConnectionEnabled: false, pageLoadStrategy: normal, platformName: mac, proxy: Proxy(), se:cdp: ws://localhost:49455/devtoo..., se:cdpVersion: 142.0.7444.176, setWindowRect: true, strictFileInteractability: false, timeouts: {implicit: 0, pageLoad: 300000, script: 30000}, unhandledPromptBehavior: dismiss and notify, webauthn:extension:credBlob: true, webauthn:extension:largeBlob: true, webauthn:extension:minPinLength: true, webauthn:extension:prf: true, webauthn:virtualAuthenticators: true}&#10;Element: [[ChromeDriver: chrome on mac (d38509a7d75bd9fa9304d7d0a2e34616)] -&gt; id: frg-button]&#10;Session ID: d38509a7d75bd9fa9304d7d0a2e34616" type="org.openqa.selenium.ElementClickInterceptedException"><![CDATA[org.openqa.selenium.ElementClickInterceptedException: 
element click intercepted: Element <button type="submit" id="frg-button" class="btn-login" data-sitekey="6LdVl7MaAAAAAB99j0O1rzBTVEviZW5WdSBYylWn">...</button> is not clickable at point (680, 458). Other element would receive the click: <td class="day">...</td>
  (Session info: chrome=142.0.7444.176)
Build info: version: '4.27.0', revision: 'd6e718d134'
System info: os.name: 'Mac OS X', os.arch: 'aarch64', os.version: '26.0.1', java.version: '17.0.15'
Driver info: org.openqa.selenium.chrome.ChromeDriver
Command: [d38509a7d75bd9fa9304d7d0a2e34616, clickElement {id=f.2D7B48F292851F2F00F1CF7F7BB5E900.d.84E06EC4865A72FF2C102611A3CB88B1.e.41}]
Capabilities {acceptInsecureCerts: false, browserName: chrome, browserVersion: 142.0.7444.176, chrome: {chromedriverVersion: 142.0.7444.175 (302067f14a4..., userDataDir: /var/folders/t1/rl_v5fcd6bg...}, fedcm:accounts: true, goog:chromeOptions: {debuggerAddress: localhost:49455}, goog:processID: 5836, networkConnectionEnabled: false, pageLoadStrategy: normal, platformName: mac, proxy: Proxy(), se:cdp: ws://localhost:49455/devtoo..., se:cdpVersion: 142.0.7444.176, setWindowRect: true, strictFileInteractability: false, timeouts: {implicit: 0, pageLoad: 300000, script: 30000}, unhandledPromptBehavior: dismiss and notify, webauthn:extension:credBlob: true, webauthn:extension:largeBlob: true, webauthn:extension:minPinLength: true, webauthn:extension:prf: true, webauthn:virtualAuthenticators: true}
Element: [[ChromeDriver: chrome on mac (d38509a7d75bd9fa9304d7d0a2e34616)] -> id: frg-button]
Session ID: d38509a7d75bd9fa9304d7d0a2e34616
	at java.base/jdk.internal.reflect.NativeConstructorAccessorImpl.newInstance0(Native Method)
	at java.base/jdk.internal.reflect.NativeConstructorAccessorImpl.newInstance(NativeConstructorAccessorImpl.java:77)
	at java.base/jdk.internal.reflect.DelegatingConstructorAccessorImpl.newInstance(DelegatingConstructorAccessorImpl.java:45)
	at java.base/java.lang.reflect.Constructor.newInstanceWithCaller(Constructor.java:500)
	at java.base/java.lang.reflect.Constructor.newInstance(Constructor.java:481)
	at org.openqa.selenium.remote.ErrorCodec.decode(ErrorCodec.java:167)
	at org.openqa.selenium.remote.codec.w3c.W3CHttpResponseCodec.decode(W3CHttpResponseCodec.java:138)
	at org.openqa.selenium.remote.codec.w3c.W3CHttpResponseCodec.decode(W3CHttpResponseCodec.java:50)
	at org.openqa.selenium.remote.HttpCommandExecutor.execute(HttpCommandExecutor.java:190)
	at org.openqa.selenium.remote.service.DriverCommandExecutor.invokeExecute(DriverCommandExecutor.java:216)
	at org.openqa.selenium.remote.service.DriverCommandExecutor.execute(DriverCommandExecutor.java:174)
	at org.openqa.selenium.remote.RemoteWebDriver.execute(RemoteWebDriver.java:545)
	at org.openqa.selenium.remote.RemoteWebElement.execute(RemoteWebElement.java:223)
	at org.openqa.selenium.remote.RemoteWebElement.click(RemoteWebElement.java:76)
	at java.base/jdk.internal.reflect.NativeMethodAccessorImpl.invoke0(Native Method)
	at java.base/jdk.internal.reflect.NativeMethodAccessorImpl.invoke(NativeMethodAccessorImpl.java:77)
	at java.base/jdk.internal.reflect.DelegatingMethodAccessorImpl.invoke(DelegatingMethodAccessorImpl.java:43)
	at java.base/java.lang.reflect.Method.invoke(Method.java:569)
	at org.openqa.selenium.support.pagefactory.internal.LocatingElementHandler.invoke(LocatingElementHandler.java:51)
	at jdk.proxy2/jdk.proxy2.$Proxy25.click(Unknown Source)
	at util.ElementHelper.click(ElementHelper.java:44)
	at Pages.PasswordRetrievalPage.fillPasswordRetrievalForm(PasswordRetrievalPage.java:73)
	at stepDefinitions.LoginPageStepDefinitions.userFillsThePasswordRetrievalFormWith(LoginPageStepDefinitions.java:69)
	at ✽.User fills the Password Retrieval form with "correcttcid" "10122001" "correctEmail"(file:///Users/yusuf/software/test/CucumberProjects/selenium-project-main/src/test/resources/Features/Login.feature:63)
]]></failure>
    <system-out><![CDATA[
&amp#27;[31mFailed scenarios:&amp#27;[0m
file:///Users/yusuf/software/test/CucumberProjects/selenium-project-main/src/test/resources/Features/Login.feature:72 # User verifies that can update the password to the "Piyango.59" on Password Retrieval Screen
file:///Users/yusuf/software/test/CucumberProjects/selenium-project-main/src/test/resources/Features/Login.feature:76 # User verifies that can update the password to the "Piyango1." on Password Retrieval Screen

2 Scenarios (&amp#27;[31m2 failed&amp#27;[0m)
18 Steps (&amp#27;[31m2 failed&amp#27;[0m, &amp#27;[36m9 skipped&amp#27;[0m, &amp#27;[32m7 passed&amp#27;[0m)
0m32.598s


org.openqa.selenium.ElementClickInterceptedException: element click intercepted: Element <button type="submit" id="frg-button" class="btn-login" data-sitekey="6LdVl7MaAAAAAB99j0O1rzBTVEviZW5WdSBYylWn">...</button> is not clickable at point (680, 458). Other element would receive the click: <td class="day">...</td>
  (Session info: chrome=142.0.7444.176)
Build info: version: '4.27.0', revision: 'd6e718d134'
System info: os.name: 'Mac OS X', os.arch: 'aarch64', os.version: '26.0.1', java.version: '17.0.15'
Driver info: org.openqa.selenium.chrome.ChromeDriver
Command: [3cb1c89be11358d3f3fcc7d7d118a996, clickElement {id=f.BDAE43CF1AABEB3CBF0CE8C24FC5B482.d.DF067B719CA73E83DADF91D19CDF81A1.e.41}]
Capabilities {acceptInsecureCerts: false, browserName: chrome, browserVersion: 142.0.7444.176, chrome: {chromedriverVersion: 142.0.7444.175 (302067f14a4..., userDataDir: /var/folders/t1/rl_v5fcd6bg...}, fedcm:accounts: true, goog:chromeOptions: {debuggerAddress: localhost:49339}, goog:processID: 5443, networkConnectionEnabled: false, pageLoadStrategy: normal, platformName: mac, proxy: Proxy(), se:cdp: ws://localhost:49339/devtoo..., se:cdpVersion: 142.0.7444.176, setWindowRect: true, strictFileInteractability: false, timeouts: {implicit: 0, pageLoad: 300000, script: 30000}, unhandledPromptBehavior: dismiss and notify, webauthn:extension:credBlob: true, webauthn:extension:largeBlob: true, webauthn:extension:minPinLength: true, webauthn:extension:prf: true, webauthn:virtualAuthenticators: true}
Element: [[ChromeDriver: chrome on mac (3cb1c89be11358d3f3fcc7d7d118a996)] -> id: frg-button]
Session ID: 3cb1c89be11358d3f3fcc7d7d118a996
	at java.base/jdk.internal.reflect.NativeConstructorAccessorImpl.newInstance0(Native Method)
	at java.base/jdk.internal.reflect.NativeConstructorAccessorImpl.newInstance(NativeConstructorAccessorImpl.java:77)
	at java.base/jdk.internal.reflect.DelegatingConstructorAccessorImpl.newInstance(DelegatingConstructorAccessorImpl.java:45)
	at java.base/java.lang.reflect.Constructor.newInstanceWithCaller(Constructor.java:500)
	at java.base/java.lang.reflect.Constructor.newInstance(Constructor.java:481)
	at org.openqa.selenium.remote.ErrorCodec.decode(ErrorCodec.java:167)
	at org.openqa.selenium.remote.codec.w3c.W3CHttpResponseCodec.decode(W3CHttpResponseCodec.java:138)
	at org.openqa.selenium.remote.codec.w3c.W3CHttpResponseCodec.decode(W3CHttpResponseCodec.java:50)
	at org.openqa.selenium.remote.HttpCommandExecutor.execute(HttpCommandExecutor.java:190)
	at org.openqa.selenium.remote.service.DriverCommandExecutor.invokeExecute(DriverCommandExecutor.java:216)
	at org.openqa.selenium.remote.service.DriverCommandExecutor.execute(DriverCommandExecutor.java:174)
	at org.openqa.selenium.remote.RemoteWebDriver.execute(RemoteWebDriver.java:545)
	at org.openqa.selenium.remote.RemoteWebElement.execute(RemoteWebElement.java:223)
	at org.openqa.selenium.remote.RemoteWebElement.click(RemoteWebElement.java:76)
	at java.base/jdk.internal.reflect.NativeMethodAccessorImpl.invoke0(Native Method)
	at java.base/jdk.internal.reflect.NativeMethodAccessorImpl.invoke(NativeMethodAccessorImpl.java:77)
	at java.base/jdk.internal.reflect.DelegatingMethodAccessorImpl.invoke(DelegatingMethodAccessorImpl.java:43)
	at java.base/java.lang.reflect.Method.invoke(Method.java:569)
	at org.openqa.selenium.support.pagefactory.internal.LocatingElementHandler.invoke(LocatingElementHandler.java:51)
	at jdk.proxy2/jdk.proxy2.$Proxy25.click(Unknown Source)
	at util.ElementHelper.click(ElementHelper.java:44)
	at Pages.PasswordRetrievalPage.fillPasswordRetrievalForm(PasswordRetrievalPage.java:73)
	at stepDefinitions.LoginPageStepDefinitions.userFillsThePasswordRetrievalFormWith(LoginPageStepDefinitions.java:69)
	at ✽.User fills the Password Retrieval form with "correcttcid" "10122001" "correctEmail"(file:///Users/yusuf/software/test/CucumberProjects/selenium-project-main/src/test/resources/Features/Login.feature:63)

org.openqa.selenium.TimeoutException: Expected condition failed: waiting for visibility of [[ChromeDriver: chrome on mac (b967ea924ff61dbd4a3f70d89d913f8b)] -> id: opt] (tried for 10 second(s) with 500 milliseconds interval)
Build info: version: '4.27.0', revision: 'd6e718d134'
System info: os.name: 'Mac OS X', os.arch: 'aarch64', os.version: '26.0.1', java.version: '17.0.15'
Driver info: org.openqa.selenium.chrome.ChromeDriver
Capabilities {acceptInsecureCerts: false, browserName: chrome, browserVersion: 142.0.7444.176, chrome: {chromedriverVersion: 142.0.7444.175 (302067f14a4..., userDataDir: /var/folders/t1/rl_v5fcd6bg...}, fedcm:accounts: true, goog:chromeOptions: {debuggerAddress: localhost:49389}, goog:processID: 5577, networkConnectionEnabled: false, pageLoadStrategy: normal, platformName: mac, proxy: Proxy(), se:cdp: ws://localhost:49389/devtoo..., se:cdpVersion: 142.0.7444.176, setWindowRect: true, strictFileInteractability: false, timeouts: {implicit: 0, pageLoad: 300000, script: 30000}, unhandledPromptBehavior: dismiss and notify, webauthn:extension:credBlob: true, webauthn:extension:largeBlob: true, webauthn:extension:minPinLength: true, webauthn:extension:prf: true, webauthn:virtualAuthenticators: true}
Session ID: b967ea924ff61dbd4a3f70d89d913f8b
	at org.openqa.selenium.support.ui.WebDriverWait.timeoutException(WebDriverWait.java:84)
	at org.openqa.selenium.support.ui.FluentWait.until(FluentWait.java:228)
	at util.ElementHelper.checkVisible(ElementHelper.java:23)
	at Pages.PasswordRetrievalPage.enterOtp(PasswordRetrievalPage.java:54)
	at Pages.PasswordRetrievalPage.enterAndSubmitOtp(PasswordRetrievalPage.java:77)
	at stepDefinitions.LoginPageStepDefinitions.userEntersAndSubmitOTPForPasswordUpdate(LoginPageStepDefinitions.java:74)
	at ✽.User enters and submit OTP for password update(file:///Users/yusuf/software/test/CucumberProjects/selenium-project-main/src/test/resources/Features/Login.feature:64)



@MilliPiyangoLogin @PasswordUpdateSuccess @password1
Scenario Outline: User verifies that can update the password to the "Piyango.59" on Password Retrieval Screen &amp#27;[90m# src/test/resources/Features/Login.feature:72&amp#27;[0m
  &amp#27;[32mGiven &amp#27;[0m&amp#27;[32mUser at home page&amp#27;[0m                                                                                     &amp#27;[90m# stepDefinitions.LoginPageStepDefinitions.userAtHomePage()&amp#27;[0m
  &amp#27;[32mWhen &amp#27;[0m&amp#27;[32mClick member login button&amp#27;[0m                                                                              &amp#27;[90m# stepDefinitions.LoginPageStepDefinitions.clickMemberLoginButton()&amp#27;[0m
  &amp#27;[32mAnd &amp#27;[0m&amp#27;[32mUser navigates to the Pasword Retrieval Page&amp#27;[0m                                                            &amp#27;[90m# stepDefinitions.LoginPageStepDefinitions.userNavigatesToThePaswordRetrievalPage()&amp#27;[0m
  &amp#27;[31mAnd &amp#27;[0m&amp#27;[31mUser fills the Password Retrieval form with &amp#27;[0m&amp#27;[31m&amp#27;[1m"correcttcid"&amp#27;[0m&amp#27;[31m &amp#27;[0m&amp#27;[31m&amp#27;[1m"10122001"&amp#27;[0m&amp#27;[31m &amp#27;[0m&amp#27;[31m&amp#27;[1m"correctEmail"&amp#27;[0m                     &amp#27;[90m# stepDefinitions.LoginPageStepDefinitions.userFillsThePasswordRetrievalFormWith(java.lang.String,java.lang.String,java.lang.String)&amp#27;[0m
      &amp#27;[31morg.openqa.selenium.ElementClickInterceptedException: element click intercepted: Element <button type="submit" id="frg-button" class="btn-login" data-sitekey="6LdVl7MaAAAAAB99j0O1rzBTVEviZW5WdSBYylWn">...</button> is not clickable at point (680, 458). Other element would receive the click: <td class="day">...</td>
  (Session info: chrome=142.0.7444.176)
Build info: version: '4.27.0', revision: 'd6e718d134'
System info: os.name: 'Mac OS X', os.arch: 'aarch64', os.version: '26.0.1', java.version: '17.0.15'
Driver info: org.openqa.selenium.chrome.ChromeDriver
Command: [d38509a7d75bd9fa9304d7d0a2e34616, clickElement {id=f.2D7B48F292851F2F00F1CF7F7BB5E900.d.84E06EC4865A72FF2C102611A3CB88B1.e.41}]
Capabilities {acceptInsecureCerts: false, browserName: chrome, browserVersion: 142.0.7444.176, chrome: {chromedriverVersion: 142.0.7444.175 (302067f14a4..., userDataDir: /var/folders/t1/rl_v5fcd6bg...}, fedcm:accounts: true, goog:chromeOptions: {debuggerAddress: localhost:49455}, goog:processID: 5836, networkConnectionEnabled: false, pageLoadStrategy: normal, platformName: mac, proxy: Proxy(), se:cdp: ws://localhost:49455/devtoo..., se:cdpVersion: 142.0.7444.176, setWindowRect: true, strictFileInteractability: false, timeouts: {implicit: 0, pageLoad: 300000, script: 30000}, unhandledPromptBehavior: dismiss and notify, webauthn:extension:credBlob: true, webauthn:extension:largeBlob: true, webauthn:extension:minPinLength: true, webauthn:extension:prf: true, webauthn:virtualAuthenticators: true}
Element: [[ChromeDriver: chrome on mac (d38509a7d75bd9fa9304d7d0a2e34616)] -> id: frg-button]
Session ID: d38509a7d75bd9fa9304d7d0a2e34616
	at java.base/jdk.internal.reflect.NativeConstructorAccessorImpl.newInstance0(Native Method)
	at java.base/jdk.internal.reflect.NativeConstructorAccessorImpl.newInstance(NativeConstructorAccessorImpl.java:77)
	at java.base/jdk.internal.reflect.DelegatingConstructorAccessorImpl.newInstance(DelegatingConstructorAccessorImpl.java:45)
	at java.base/java.lang.reflect.Constructor.newInstanceWithCaller(Constructor.java:500)
	at java.base/java.lang.reflect.Constructor.newInstance(Constructor.java:481)
	at org.openqa.selenium.remote.ErrorCodec.decode(ErrorCodec.java:167)
	at org.openqa.selenium.remote.codec.w3c.W3CHttpResponseCodec.decode(W3CHttpResponseCodec.java:138)
	at org.openqa.selenium.remote.codec.w3c.W3CHttpResponseCodec.decode(W3CHttpResponseCodec.java:50)
	at org.openqa.selenium.remote.HttpCommandExecutor.execute(HttpCommandExecutor.java:190)
	at org.openqa.selenium.remote.service.DriverCommandExecutor.invokeExecute(DriverCommandExecutor.java:216)
	at org.openqa.selenium.remote.service.DriverCommandExecutor.execute(DriverCommandExecutor.java:174)
	at org.openqa.selenium.remote.RemoteWebDriver.execute(RemoteWebDriver.java:545)
	at org.openqa.selenium.remote.RemoteWebElement.execute(RemoteWebElement.java:223)
	at org.openqa.selenium.remote.RemoteWebElement.click(RemoteWebElement.java:76)
	at java.base/jdk.internal.reflect.NativeMethodAccessorImpl.invoke0(Native Method)
	at java.base/jdk.internal.reflect.NativeMethodAccessorImpl.invoke(NativeMethodAccessorImpl.java:77)
	at java.base/jdk.internal.reflect.DelegatingMethodAccessorImpl.invoke(DelegatingMethodAccessorImpl.java:43)
	at java.base/java.lang.reflect.Method.invoke(Method.java:569)
	at org.openqa.selenium.support.pagefactory.internal.LocatingElementHandler.invoke(LocatingElementHandler.java:51)
	at jdk.proxy2/jdk.proxy2.$Proxy25.click(Unknown Source)
	at util.ElementHelper.click(ElementHelper.java:44)
	at Pages.PasswordRetrievalPage.fillPasswordRetrievalForm(PasswordRetrievalPage.java:73)
	at stepDefinitions.LoginPageStepDefinitions.userFillsThePasswordRetrievalFormWith(LoginPageStepDefinitions.java:69)
	at ✽.User fills the Password Retrieval form with "correcttcid" "10122001" "correctEmail"(file:///Users/yusuf/software/test/CucumberProjects/selenium-project-main/src/test/resources/Features/Login.feature:63)
&amp#27;[0m

    Embedding Failure Screenshot [image/png 867671 bytes]

  &amp#27;[36mAnd &amp#27;[0m&amp#27;[36mUser enters and submit OTP for password update&amp#27;[0m                                                          &amp#27;[90m# stepDefinitions.LoginPageStepDefinitions.userEntersAndSubmitOTPForPasswordUpdate()&amp#27;[0m
  &amp#27;[36mAnd &amp#27;[0m&amp#27;[36mUser changes the password with credentials &amp#27;[0m&amp#27;[36m&amp#27;[1m"Piyango.59"&amp#27;[0m&amp#27;[36m on Password Retrieval Screen and submit&amp#27;[0m         &amp#27;[90m# stepDefinitions.LoginPageStepDefinitions.userChangesThePasswordWithCredentialsOnPasswordRetrievalScreenAndSubmit(java.lang.String)&amp#27;[0m
  &amp#27;[36mAnd &amp#27;[0m&amp#27;[36mUser navigates to the Login Page from Password Update Screen&amp#27;[0m                                            &amp#27;[90m# stepDefinitions.LoginPageStepDefinitions.userNavigatesToTheLoginPageFromPasswordUpdateScreen()&amp#27;[0m
  &amp#27;[36mAnd &amp#27;[0m&amp#27;[36mUser logs into the app with "&amp#27;[0m&amp#27;[36m&amp#27;[1mPiyango.59 "tcID"&amp#27;[0m                                                          &amp#27;[90m# stepDefinitions.LoginPageStepDefinitions.userLogsIntoTheAppWith(java.lang.String,java.lang.String)&amp#27;[0m
  &amp#27;[36mThen &amp#27;[0m&amp#27;[36mUser verifies the login with &amp#27;[0m&amp#27;[36m&amp#27;[1m"Piyango.59"&amp#27;[0m&amp#27;[36m is successful&amp#27;[0m                                                &amp#27;[90m# stepDefinitions.LoginPageStepDefinitions.userVerifiesTheLoginWithIsSuccessful(java.lang.String,java.lang.String)&amp#27;[0m
]]></system-out>
    <system-err><![CDATA[&amp#27;[1m&amp#27;[32m┌──────────────────────────────────────────────────────────────────────────┐&amp#27;[39m&amp#27;[22m
&amp#27;[1m&amp#27;[32m│&amp#27;[39m&amp#27;[22m View your Cucumber Report at:                                            &amp#27;[1m&amp#27;[32m│&amp#27;[39m&amp#27;[22m
&amp#27;[1m&amp#27;[32m│&amp#27;[39m&amp#27;[22m &amp#27;[1m&amp#27;[4m&amp#27;[36mhttps://reports.cucumber.io/reports/6c76245b-3523-4c54-890a-dcbc779f36cc&amp#27;[39m&amp#27;[24m&amp#27;[22m &amp#27;[1m&amp#27;[32m│&amp#27;[39m&amp#27;[22m
&amp#27;[1m&amp#27;[32m│&amp#27;[39m&amp#27;[22m                                                                          &amp#27;[1m&amp#27;[32m│&amp#27;[39m&amp#27;[22m
&amp#27;[1m&amp#27;[32m│&amp#27;[39m&amp#27;[22m &amp#27;[1mThis report will self-destruct in 24h.&amp#27;[22m                                   &amp#27;[1m&amp#27;[32m│&amp#27;[39m&amp#27;[22m
&amp#27;[1m&amp#27;[32m└──────────────────────────────────────────────────────────────────────────┘&amp#27;[39m&amp#27;[22mDec 06, 2025 6:20:27 PM org.openqa.selenium.devtools.CdpVersionFinder findNearestMatch
WARNING: Unable to find CDP implementation matching 142
Dec 06, 2025 6:20:27 PM org.openqa.selenium.chromium.ChromiumDriver lambda$new$5
WARNING: Unable to find version of CDP to use for 142.0.7444.176. You may need to include a dependency on a specific version of the CDP using something similar to `org.seleniumhq.selenium:selenium-devtools-v86:4.27.0` where the version ("v86") matches the version of the chromium-based browser you're using and the version number of the artifact is the same as Selenium's.
]]></system-err>
  </testcase>
  <testcase name="runScenario[&quot;User verifies that can update the password to the &quot;Piyango1.&quot; on Password Retrieval Screen&quot;, &quot;Milli Piyango Login Check Test Cases&quot;](2)" classname="testRunners.FailedScenariosRunner" time="8.236">
    <failure message="element click intercepted: Element &lt;button type=&quot;submit&quot; id=&quot;frg-button&quot; class=&quot;btn-login&quot; data-sitekey=&quot;6LdVl7MaAAAAAB99j0O1rzBTVEviZW5WdSBYylWn&quot;&gt;...&lt;/button&gt; is not clickable at point (680, 458). Other element would receive the click: &lt;td class=&quot;day&quot;&gt;...&lt;/td&gt;&#10;  (Session info: chrome=142.0.7444.176)&#10;Build info: version: &apos;4.27.0&apos;, revision: &apos;d6e718d134&apos;&#10;System info: os.name: &apos;Mac OS X&apos;, os.arch: &apos;aarch64&apos;, os.version: &apos;26.0.1&apos;, java.version: &apos;17.0.15&apos;&#10;Driver info: org.openqa.selenium.chrome.ChromeDriver&#10;Command: [949f49c9387d2743effedf60502e5e70, clickElement {id=f.C90A57F33CCB439BE31F5B3E9CC0709D.d.62FF7802E6A86B3CBDA3C0B856D38F58.e.39}]&#10;Capabilities {acceptInsecureCerts: false, browserName: chrome, browserVersion: 142.0.7444.176, chrome: {chromedriverVersion: 142.0.7444.175 (302067f14a4..., userDataDir: /var/folders/t1/rl_v5fcd6bg...}, fedcm:accounts: true, goog:chromeOptions: {debuggerAddress: localhost:49510}, goog:processID: 5967, networkConnectionEnabled: false, pageLoadStrategy: normal, platformName: mac, proxy: Proxy(), se:cdp: ws://localhost:49510/devtoo..., se:cdpVersion: 142.0.7444.176, setWindowRect: true, strictFileInteractability: false, timeouts: {implicit: 0, pageLoad: 300000, script: 30000}, unhandledPromptBehavior: dismiss and notify, webauthn:extension:credBlob: true, webauthn:extension:largeBlob: true, webauthn:extension:minPinLength: true, webauthn:extension:prf: true, webauthn:virtualAuthenticators: true}&#10;Element: [[ChromeDriver: chrome on mac (949f49c9387d2743effedf60502e5e70)] -&gt; id: frg-button]&#10;Session ID: 949f49c9387d2743effedf60502e5e70" type="org.openqa.selenium.ElementClickInterceptedException"><![CDATA[org.openqa.selenium.ElementClickInterceptedException: 
element click intercepted: Element <button type="submit" id="frg-button" class="btn-login" data-sitekey="6LdVl7MaAAAAAB99j0O1rzBTVEviZW5WdSBYylWn">...</button> is not clickable at point (680, 458). Other element would receive the click: <td class="day">...</td>
  (Session info: chrome=142.0.7444.176)
Build info: version: '4.27.0', revision: 'd6e718d134'
System info: os.name: 'Mac OS X', os.arch: 'aarch64', os.version: '26.0.1', java.version: '17.0.15'
Driver info: org.openqa.selenium.chrome.ChromeDriver
Command: [949f49c9387d2743effedf60502e5e70, clickElement {id=f.C90A57F33CCB439BE31F5B3E9CC0709D.d.62FF7802E6A86B3CBDA3C0B856D38F58.e.39}]
Capabilities {acceptInsecureCerts: false, browserName: chrome, browserVersion: 142.0.7444.176, chrome: {chromedriverVersion: 142.0.7444.175 (302067f14a4..., userDataDir: /var/folders/t1/rl_v5fcd6bg...}, fedcm:accounts: true, goog:chromeOptions: {debuggerAddress: localhost:49510}, goog:processID: 5967, networkConnectionEnabled: false, pageLoadStrategy: normal, platformName: mac, proxy: Proxy(), se:cdp: ws://localhost:49510/devtoo..., se:cdpVersion: 142.0.7444.176, setWindowRect: true, strictFileInteractability: false, timeouts: {implicit: 0, pageLoad: 300000, script: 30000}, unhandledPromptBehavior: dismiss and notify, webauthn:extension:credBlob: true, webauthn:extension:largeBlob: true, webauthn:extension:minPinLength: true, webauthn:extension:prf: true, webauthn:virtualAuthenticators: true}
Element: [[ChromeDriver: chrome on mac (949f49c9387d2743effedf60502e5e70)] -> id: frg-button]
Session ID: 949f49c9387d2743effedf60502e5e70
	at java.base/jdk.internal.reflect.NativeConstructorAccessorImpl.newInstance0(Native Method)
	at java.base/jdk.internal.reflect.NativeConstructorAccessorImpl.newInstance(NativeConstructorAccessorImpl.java:77)
	at java.base/jdk.internal.reflect.DelegatingConstructorAccessorImpl.newInstance(DelegatingConstructorAccessorImpl.java:45)
	at java.base/java.lang.reflect.Constructor.newInstanceWithCaller(Constructor.java:500)
	at java.base/java.lang.reflect.Constructor.newInstance(Constructor.java:481)
	at org.openqa.selenium.remote.ErrorCodec.decode(ErrorCodec.java:167)
	at org.openqa.selenium.remote.codec.w3c.W3CHttpResponseCodec.decode(W3CHttpResponseCodec.java:138)
	at org.openqa.selenium.remote.codec.w3c.W3CHttpResponseCodec.decode(W3CHttpResponseCodec.java:50)
	at org.openqa.selenium.remote.HttpCommandExecutor.execute(HttpCommandExecutor.java:190)
	at org.openqa.selenium.remote.service.DriverCommandExecutor.invokeExecute(DriverCommandExecutor.java:216)
	at org.openqa.selenium.remote.service.DriverCommandExecutor.execute(DriverCommandExecutor.java:174)
	at org.openqa.selenium.remote.RemoteWebDriver.execute(RemoteWebDriver.java:545)
	at org.openqa.selenium.remote.RemoteWebElement.execute(RemoteWebElement.java:223)
	at org.openqa.selenium.remote.RemoteWebElement.click(RemoteWebElement.java:76)
	at java.base/jdk.internal.reflect.NativeMethodAccessorImpl.invoke0(Native Method)
	at java.base/jdk.internal.reflect.NativeMethodAccessorImpl.invoke(NativeMethodAccessorImpl.java:77)
	at java.base/jdk.internal.reflect.DelegatingMethodAccessorImpl.invoke(DelegatingMethodAccessorImpl.java:43)
	at java.base/java.lang.reflect.Method.invoke(Method.java:569)
	at org.openqa.selenium.support.pagefactory.internal.LocatingElementHandler.invoke(LocatingElementHandler.java:51)
	at jdk.proxy2/jdk.proxy2.$Proxy25.click(Unknown Source)
	at util.ElementHelper.click(ElementHelper.java:44)
	at Pages.PasswordRetrievalPage.fillPasswordRetrievalForm(PasswordRetrievalPage.java:73)
	at stepDefinitions.LoginPageStepDefinitions.userFillsThePasswordRetrievalFormWith(LoginPageStepDefinitions.java:69)
	at ✽.User fills the Password Retrieval form with "correctTcID" "10122001" "correctEmail"(file:///Users/yusuf/software/test/CucumberProjects/selenium-project-main/src/test/resources/Features/Login.feature:63)
]]></failure>
    <system-out><![CDATA[
@MilliPiyangoLogin @PasswordUpdateSuccess @password2
Scenario Outline: User verifies that can update the password to the "Piyango1." on Password Retrieval Screen &amp#27;[90m# src/test/resources/Features/Login.feature:76&amp#27;[0m
  &amp#27;[32mGiven &amp#27;[0m&amp#27;[32mUser at home page&amp#27;[0m                                                                                    &amp#27;[90m# stepDefinitions.LoginPageStepDefinitions.userAtHomePage()&amp#27;[0m
  &amp#27;[32mWhen &amp#27;[0m&amp#27;[32mClick member login button&amp#27;[0m                                                                             &amp#27;[90m# stepDefinitions.LoginPageStepDefinitions.clickMemberLoginButton()&amp#27;[0m
  &amp#27;[32mAnd &amp#27;[0m&amp#27;[32mUser navigates to the Pasword Retrieval Page&amp#27;[0m                                                           &amp#27;[90m# stepDefinitions.LoginPageStepDefinitions.userNavigatesToThePaswordRetrievalPage()&amp#27;[0m
  &amp#27;[31mAnd &amp#27;[0m&amp#27;[31mUser fills the Password Retrieval form with &amp#27;[0m&amp#27;[31m&amp#27;[1m"correctTcID"&amp#27;[0m&amp#27;[31m &amp#27;[0m&amp#27;[31m&amp#27;[1m"10122001"&amp#27;[0m&amp#27;[31m &amp#27;[0m&amp#27;[31m&amp#27;[1m"correctEmail"&amp#27;[0m                    &amp#27;[90m# stepDefinitions.LoginPageStepDefinitions.userFillsThePasswordRetrievalFormWith(java.lang.String,java.lang.String,java.lang.String)&amp#27;[0m
      &amp#27;[31morg.openqa.selenium.ElementClickInterceptedException: element click intercepted: Element <button type="submit" id="frg-button" class="btn-login" data-sitekey="6LdVl7MaAAAAAB99j0O1rzBTVEviZW5WdSBYylWn">...</button> is not clickable at point (680, 458). Other element would receive the click: <td class="day">...</td>
  (Session info: chrome=142.0.7444.176)
Build info: version: '4.27.0', revision: 'd6e718d134'
System info: os.name: 'Mac OS X', os.arch: 'aarch64', os.version: '26.0.1', java.version: '17.0.15'
Driver info: org.openqa.selenium.chrome.ChromeDriver
Command: [949f49c9387d2743effedf60502e5e70, clickElement {id=f.C90A57F33CCB439BE31F5B3E9CC0709D.d.62FF7802E6A86B3CBDA3C0B856D38F58.e.39}]
Capabilities {acceptInsecureCerts: false, browserName: chrome, browserVersion: 142.0.7444.176, chrome: {chromedriverVersion: 142.0.7444.175 (302067f14a4..., userDataDir: /var/folders/t1/rl_v5fcd6bg...}, fedcm:accounts: true, goog:chromeOptions: {debuggerAddress: localhost:49510}, goog:processID: 5967, networkConnectionEnabled: false, pageLoadStrategy: normal, platformName: mac, proxy: Proxy(), se:cdp: ws://localhost:49510/devtoo..., se:cdpVersion: 142.0.7444.176, setWindowRect: true, strictFileInteractability: false, timeouts: {implicit: 0, pageLoad: 300000, script: 30000}, unhandledPromptBehavior: dismiss and notify, webauthn:extension:credBlob: true, webauthn:extension:largeBlob: true, webauthn:extension:minPinLength: true, webauthn:extension:prf: true, webauthn:virtualAuthenticators: true}
Element: [[ChromeDriver: chrome on mac (949f49c9387d2743effedf60502e5e70)] -> id: frg-button]
Session ID: 949f49c9387d2743effedf60502e5e70
	at java.base/jdk.internal.reflect.NativeConstructorAccessorImpl.newInstance0(Native Method)
	at java.base/jdk.internal.reflect.NativeConstructorAccessorImpl.newInstance(NativeConstructorAccessorImpl.java:77)
	at java.base/jdk.internal.reflect.DelegatingConstructorAccessorImpl.newInstance(DelegatingConstructorAccessorImpl.java:45)
	at java.base/java.lang.reflect.Constructor.newInstanceWithCaller(Constructor.java:500)
	at java.base/java.lang.reflect.Constructor.newInstance(Constructor.java:481)
	at org.openqa.selenium.remote.ErrorCodec.decode(ErrorCodec.java:167)
	at org.openqa.selenium.remote.codec.w3c.W3CHttpResponseCodec.decode(W3CHttpResponseCodec.java:138)
	at org.openqa.selenium.remote.codec.w3c.W3CHttpResponseCodec.decode(W3CHttpResponseCodec.java:50)
	at org.openqa.selenium.remote.HttpCommandExecutor.execute(HttpCommandExecutor.java:190)
	at org.openqa.selenium.remote.service.DriverCommandExecutor.invokeExecute(DriverCommandExecutor.java:216)
	at org.openqa.selenium.remote.service.DriverCommandExecutor.execute(DriverCommandExecutor.java:174)
	at org.openqa.selenium.remote.RemoteWebDriver.execute(RemoteWebDriver.java:545)
	at org.openqa.selenium.remote.RemoteWebElement.execute(RemoteWebElement.java:223)
	at org.openqa.selenium.remote.RemoteWebElement.click(RemoteWebElement.java:76)
	at java.base/jdk.internal.reflect.NativeMethodAccessorImpl.invoke0(Native Method)
	at java.base/jdk.internal.reflect.NativeMethodAccessorImpl.invoke(NativeMethodAccessorImpl.java:77)
	at java.base/jdk.internal.reflect.DelegatingMethodAccessorImpl.invoke(DelegatingMethodAccessorImpl.java:43)
	at java.base/java.lang.reflect.Method.invoke(Method.java:569)
	at org.openqa.selenium.support.pagefactory.internal.LocatingElementHandler.invoke(LocatingElementHandler.java:51)
	at jdk.proxy2/jdk.proxy2.$Proxy25.click(Unknown Source)
	at util.ElementHelper.click(ElementHelper.java:44)
	at Pages.PasswordRetrievalPage.fillPasswordRetrievalForm(PasswordRetrievalPage.java:73)
	at stepDefinitions.LoginPageStepDefinitions.userFillsThePasswordRetrievalFormWith(LoginPageStepDefinitions.java:69)
	at ✽.User fills the Password Retrieval form with "correctTcID" "10122001" "correctEmail"(file:///Users/yusuf/software/test/CucumberProjects/selenium-project-main/src/test/resources/Features/Login.feature:63)
&amp#27;[0m

    Embedding Failure Screenshot [image/png 867671 bytes]

  &amp#27;[36mAnd &amp#27;[0m&amp#27;[36mUser enters and submit OTP for password update&amp#27;[0m                                                         &amp#27;[90m# stepDefinitions.LoginPageStepDefinitions.userEntersAndSubmitOTPForPasswordUpdate()&amp#27;[0m
  &amp#27;[36mAnd &amp#27;[0m&amp#27;[36mUser changes the password with credentials &amp#27;[0m&amp#27;[36m&amp#27;[1m"Piyango1."&amp#27;[0m&amp#27;[36m on Password Retrieval Screen and submit&amp#27;[0m         &amp#27;[90m# stepDefinitions.LoginPageStepDefinitions.userChangesThePasswordWithCredentialsOnPasswordRetrievalScreenAndSubmit(java.lang.String)&amp#27;[0m
  &amp#27;[36mAnd &amp#27;[0m&amp#27;[36mUser navigates to the Login Page from Password Update Screen&amp#27;[0m                                           &amp#27;[90m# stepDefinitions.LoginPageStepDefinitions.userNavigatesToTheLoginPageFromPasswordUpdateScreen()&amp#27;[0m
  &amp#27;[36mAnd &amp#27;[0m&amp#27;[36mUser logs into the app with "&amp#27;[0m&amp#27;[36m&amp#27;[1mPiyango1. "tcID"&amp#27;[0m                                                          &amp#27;[90m# stepDefinitions.LoginPageStepDefinitions.userLogsIntoTheAppWith(java.lang.String,java.lang.String)&amp#27;[0m
  &amp#27;[36mThen &amp#27;[0m&amp#27;[36mUser verifies the login with &amp#27;[0m&amp#27;[36m&amp#27;[1m"Piyango1."&amp#27;[0m&amp#27;[36m is successful&amp#27;[0m                                                &amp#27;[90m# stepDefinitions.LoginPageStepDefinitions.userVerifiesTheLoginWithIsSuccessful(java.lang.String,java.lang.String)&amp#27;[0m
]]></system-out>
    <system-err><![CDATA[Dec 06, 2025 6:20:36 PM org.openqa.selenium.devtools.CdpVersionFinder findNearestMatch
WARNING: Unable to find CDP implementation matching 142
Dec 06, 2025 6:20:36 PM org.openqa.selenium.chromium.ChromiumDriver lambda$new$5
WARNING: Unable to find version of CDP to use for 142.0.7444.176. You may need to include a dependency on a specific version of the CDP using something similar to `org.seleniumhq.selenium:selenium-devtools-v86:4.27.0` where the version ("v86") matches the version of the chromium-based browser you're using and the version number of the artifact is the same as Selenium's.
]]></system-err>
  </testcase>
</testsuite>