<?xml version="1.0" encoding="UTF-8"?>
<testng-results ignored="0" total="1" passed="0" failed="1" skipped="0">
  <reporter-output>
  </reporter-output>
  <suite started-at="2024-11-18T21:22:59 GMT+03:00" name="Cucumber Project" finished-at="2024-11-18T21:23:23 GMT+03:00" duration-ms="24051">
    <groups>
      <group name="cucumber">
        <method signature="AbstractTestNGCucumberTests.runScenario(io.cucumber.testng.PickleWrapper,io.cucumber.testng.FeatureWrapper)[pri:0, instance:testRunners.runner@2a3b5b47]" name="runScenario" class="io.cucumber.testng.AbstractTestNGCucumberTests"/>
      </group> <!-- cucumber -->
    </groups>
    <test started-at="2024-11-18T21:22:59 GMT+03:00" name="Cucumber" finished-at="2024-11-18T21:23:23 GMT+03:00" duration-ms="24051">
      <class name="testRunners.runner">
        <test-method is-config="true" signature="setUpClass(org.testng.ITestContext)[pri:0, instance:testRunners.runner@2a3b5b47]" started-at="2024-11-18T21:22:59 GMT+03:00" name="setUpClass" finished-at="2024-11-18T21:22:59 GMT+03:00" duration-ms="264" status="PASS">
          <params>
            <param index="0">
              <value>
                <![CDATA[org.testng.TestRunner@49e5f737]]>
              </value>
            </param>
          </params>
          <reporter-output>
          </reporter-output>
        </test-method> <!-- setUpClass -->
        <test-method signature="runScenario(io.cucumber.testng.PickleWrapper,io.cucumber.testng.FeatureWrapper)[pri:0, instance:testRunners.runner@2a3b5b47]" started-at="2024-11-18T21:22:59 GMT+03:00" name="runScenario" description="Runs Cucumber Scenarios" data-provider="scenarios" finished-at="2024-11-18T21:23:20 GMT+03:00" duration-ms="20774" status="FAIL">
          <params>
            <param index="0">
              <value>
                <![CDATA["Verify unsuccessful virtual gaming"]]>
              </value>
            </param>
            <param index="1">
              <value>
                <![CDATA["Milli Piyango Virtual Game Test Cases"]]>
              </value>
            </param>
          </params>
          <exception class="org.openqa.selenium.TimeoutException">
            <message>
              <![CDATA[timeout: Timed out receiving message from renderer: 10.000
  (Session info: chrome=131.0.6778.70)
Build info: version: '4.14.0', revision: 'e5a96349ce'
System info: os.name: 'Mac OS X', os.arch: 'aarch64', os.version: '14.6.1', java.version: '23.0.1'
Driver info: org.openqa.selenium.chrome.ChromeDriver
Command: [cbc6686c7ab2dedf2bedbc2e98ae358e, clickElement {id=f.3AE241A7FB5389C4E035A4E2B5979660.d.B0A96BF7822773317730FB1E9F45928A.e.169}]
Capabilities {acceptInsecureCerts: false, browserName: chrome, browserVersion: 131.0.6778.70, chrome: {chromedriverVersion: 131.0.6778.69 (77e2244bbcda..., userDataDir: /var/folders/t1/rl_v5fcd6bg...}, fedcm:accounts: true, goog:chromeOptions: {debuggerAddress: localhost:51588}, networkConnectionEnabled: false, pageLoadStrategy: normal, platformName: mac, proxy: Proxy(), se:cdp: ws://localhost:51588/devtoo..., se:cdpVersion: 131.0.6778.70, setWindowRect: true, strictFileInteractability: false, timeouts: {implicit: 0, pageLoad: 300000, script: 30000}, unhandledPromptBehavior: dismiss and notify, webauthn:extension:credBlob: true, webauthn:extension:largeBlob: true, webauthn:extension:minPinLength: true, webauthn:extension:prf: true, webauthn:virtualAuthenticators: true}
Element: [[ChromeDriver: chrome on mac (cbc6686c7ab2dedf2bedbc2e98ae358e)] -> xpath: //span[normalize-space()='Sanal Oyunlar']]
Session ID: cbc6686c7ab2dedf2bedbc2e98ae358e]]>
            </message>
            <full-stacktrace>
              <![CDATA[org.openqa.selenium.TimeoutException: timeout: Timed out receiving message from renderer: 10.000
  (Session info: chrome=131.0.6778.70)
Build info: version: '4.14.0', revision: 'e5a96349ce'
System info: os.name: 'Mac OS X', os.arch: 'aarch64', os.version: '14.6.1', java.version: '23.0.1'
Driver info: org.openqa.selenium.chrome.ChromeDriver
Command: [cbc6686c7ab2dedf2bedbc2e98ae358e, clickElement {id=f.3AE241A7FB5389C4E035A4E2B5979660.d.B0A96BF7822773317730FB1E9F45928A.e.169}]
Capabilities {acceptInsecureCerts: false, browserName: chrome, browserVersion: 131.0.6778.70, chrome: {chromedriverVersion: 131.0.6778.69 (77e2244bbcda..., userDataDir: /var/folders/t1/rl_v5fcd6bg...}, fedcm:accounts: true, goog:chromeOptions: {debuggerAddress: localhost:51588}, networkConnectionEnabled: false, pageLoadStrategy: normal, platformName: mac, proxy: Proxy(), se:cdp: ws://localhost:51588/devtoo..., se:cdpVersion: 131.0.6778.70, setWindowRect: true, strictFileInteractability: false, timeouts: {implicit: 0, pageLoad: 300000, script: 30000}, unhandledPromptBehavior: dismiss and notify, webauthn:extension:credBlob: true, webauthn:extension:largeBlob: true, webauthn:extension:minPinLength: true, webauthn:extension:prf: true, webauthn:virtualAuthenticators: true}
Element: [[ChromeDriver: chrome on mac (cbc6686c7ab2dedf2bedbc2e98ae358e)] -> xpath: //span[normalize-space()='Sanal Oyunlar']]
Session ID: cbc6686c7ab2dedf2bedbc2e98ae358e
at java.base/jdk.internal.reflect.DirectConstructorHandleAccessor.newInstance(DirectConstructorHandleAccessor.java:62)
at java.base/java.lang.reflect.Constructor.newInstanceWithCaller(Constructor.java:501)
at java.base/java.lang.reflect.Constructor.newInstance(Constructor.java:485)
at org.openqa.selenium.remote.codec.w3c.W3CHttpResponseCodec.createException(W3CHttpResponseCodec.java:200)
at org.openqa.selenium.remote.codec.w3c.W3CHttpResponseCodec.decode(W3CHttpResponseCodec.java:133)
at org.openqa.selenium.remote.codec.w3c.W3CHttpResponseCodec.decode(W3CHttpResponseCodec.java:52)
at org.openqa.selenium.remote.HttpCommandExecutor.execute(HttpCommandExecutor.java:191)
at org.openqa.selenium.remote.service.DriverCommandExecutor.invokeExecute(DriverCommandExecutor.java:196)
at org.openqa.selenium.remote.service.DriverCommandExecutor.execute(DriverCommandExecutor.java:171)
at org.openqa.selenium.remote.RemoteWebDriver.execute(RemoteWebDriver.java:602)
at org.openqa.selenium.remote.RemoteWebElement.execute(RemoteWebElement.java:224)
at org.openqa.selenium.remote.RemoteWebElement.click(RemoteWebElement.java:77)
at java.base/jdk.internal.reflect.DirectMethodHandleAccessor.invoke(DirectMethodHandleAccessor.java:103)
at java.base/java.lang.reflect.Method.invoke(Method.java:580)
at org.openqa.selenium.support.pagefactory.internal.LocatingElementHandler.invoke(LocatingElementHandler.java:51)
at jdk.proxy2/jdk.proxy2.$Proxy25.click(Unknown Source)
at util.ElementHelper.click(ElementHelper.java:34)
at Pages.VirtualGame.navigateToVirtualGamePage(VirtualGame.java:48)
at stepDefinitions.VirtualGameStepDefinitions.userNavigatesToVirtualGamesPage(VirtualGameStepDefinitions.java:17)
at ✽.User navigates to the Sanal Oyunlar page(file:///Users/yusuf/software/test/CucumberProjects/Cucumber-Milli-Piyango/src/test/resources/Features/VirtualGame.feature:6)
]]>
            </full-stacktrace>
          </exception> <!-- org.openqa.selenium.TimeoutException -->
          <reporter-output>
          </reporter-output>
        </test-method> <!-- runScenario -->
        <test-method is-config="true" signature="tearDownClass()[pri:0, instance:testRunners.runner@2a3b5b47]" started-at="2024-11-18T21:23:20 GMT+03:00" name="tearDownClass" finished-at="2024-11-18T21:23:23 GMT+03:00" duration-ms="3002" status="PASS">
          <reporter-output>
          </reporter-output>
        </test-method> <!-- tearDownClass -->
      </class> <!-- testRunners.runner -->
    </test> <!-- Cucumber -->
  </suite> <!-- Cucumber Project -->
</testng-results>
