<?xml version="1.0" encoding="UTF-8"?>
<testsuite xmlns:xsi="http://www.w3.org/2001/XMLSchema-instance" xsi:noNamespaceSchemaLocation="https://maven.apache.org/surefire/maven-surefire-plugin/xsd/surefire-test-report-3.0.xsd" version="3.0" name="TestSuite" time="24.312" tests="1" errors="0" skipped="0" failures="1">
  <properties>
[...]
</properties>
  <testcase name="runScenario[&quot;Verify unsuccessful virtual gaming&quot;, &quot;Milli Piyango Virtual Game Test Cases&quot;](1)" classname="testRunners.runner" time="20.775">
    <failure message="timeout: Timed out receiving message from renderer: 10.000&#10;  (Session info: chrome=131.0.6778.70)&#10;Build info: version: &apos;4.14.0&apos;, revision: &apos;e5a96349ce&apos;&#10;System info: os.name: &apos;Mac OS X&apos;, os.arch: &apos;aarch64&apos;, os.version: &apos;14.6.1&apos;, java.version: &apos;23.0.1&apos;&#10;Driver info: org.openqa.selenium.chrome.ChromeDriver&#10;Command: [cbc6686c7ab2dedf2bedbc2e98ae358e, clickElement {id=f.3AE241A7FB5389C4E035A4E2B5979660.d.B0A96BF7822773317730FB1E9F45928A.e.169}]&#10;Capabilities {acceptInsecureCerts: false, browserName: chrome, browserVersion: 131.0.6778.70, chrome: {chromedriverVersion: 131.0.6778.69 (77e2244bbcda..., userDataDir: /var/folders/t1/rl_v5fcd6bg...}, fedcm:accounts: true, goog:chromeOptions: {debuggerAddress: localhost:51588}, networkConnectionEnabled: false, pageLoadStrategy: normal, platformName: mac, proxy: Proxy(), se:cdp: ws://localhost:51588/devtoo..., se:cdpVersion: 131.0.6778.70, setWindowRect: true, strictFileInteractability: false, timeouts: {implicit: 0, pageLoad: 300000, script: 30000}, unhandledPromptBehavior: dismiss and notify, webauthn:extension:credBlob: true, webauthn:extension:largeBlob: true, webauthn:extension:minPinLength: true, webauthn:extension:prf: true, webauthn:virtualAuthenticators: true}&#10;Element: [[ChromeDriver: chrome on mac (cbc6686c7ab2dedf2bedbc2e98ae358e)] -&gt; xpath: //span[normalize-space()=&apos;Sanal Oyunlar&apos;]]&#10;Session ID: cbc6686c7ab2dedf2bedbc2e98ae358e" type="org.openqa.selenium.TimeoutException"><![CDATA[org.openqa.selenium.TimeoutException: 
timeout: Timed out receiving message from renderer: 10.000
  (Session info: chrome=131.0.6778.70)
Build info: version: '4.14.0', revision: 'e5a96349ce'
System info: os.name: 'Mac OS X', os.arch: 'aarch64', os.version: '14.6.1', java.version: '23.0.1'
Driver info: org.openqa.selenium.chrome.ChromeDriver
Command: [cbc6686c7ab2dedf2bedbc2e98ae358e, clickElement {id=f.3AE241A7FB5389C4E035A4E2B5979660.d.B0A96BF7822773317730FB1E9F45928A.e.169}]
Capabilities {acceptInsecureCerts: false, browserName: chrome, browserVersion: 131.0.6778.70, chrome: {chromedriverVersion: 131.0.6778.69 (77e2244bbcda..., userDataDir: /var/folders/t1/rl_v5fcd6bg...}, fedcm:accounts: true, goog:chromeOptions: {debuggerAddress: localhost:51588}, networkConnectionEnabled: false, pageLoadStrategy: normal, platformName: mac, proxy: Proxy(), se:cdp: ws://localhost:51588/devtoo..., se:cdpVersion: 131.0.6778.70, setWindowRect: true, strictFileInteractability: false, timeouts: {implicit: 0, pageLoad: 300000, script: 30000}, unhandledPromptBehavior: dismiss and notify, webauthn:extension:credBlob: true, webauthn:extension:largeBlob: true, webauthn:extension:minPinLength: true, webauthn:extension:prf: true, webauthn:virtualAuthenticators: true}
Element: [[ChromeDriver: chrome on mac (cbc6686c7ab2dedf2bedbc2e98ae358e)] -> xpath: //span[normalize-space()='Sanal Oyunlar']]
Session ID: cbc6686c7ab2dedf2bedbc2e98ae358e
	at java.base/jdk.internal.reflect.DirectConstructorHandleAccessor.newInstance(DirectConstructorHandleAccessor.java:62)
	at java.base/java.lang.reflect.Constructor.newInstanceWithCaller(Constructor.java:501)
	at java.base/java.lang.reflect.Constructor.newInstance(Constructor.java:485)
	at org.openqa.selenium.remote.codec.w3c.W3CHttpResponseCodec.createException(W3CHttpResponseCodec.java:200)
	at org.openqa.selenium.remote.codec.w3c.W3CHttpResponseCodec.decode(W3CHttpResponseCodec.java:133)
	at org.openqa.selenium.remote.codec.w3c.W3CHttpResponseCodec.decode(W3CHttpResponseCodec.java:52)
	at org.openqa.selenium.remote.HttpCommandExecutor.execute(HttpCommandExecutor.java:191)
	at org.openqa.selenium.remote.service.DriverCommandExecutor.invokeExecute(DriverCommandExecutor.java:196)
	at org.openqa.selenium.remote.service.DriverCommandExecutor.execute(DriverCommandExecutor.java:171)
	at org.openqa.selenium.remote.RemoteWebDriver.execute(RemoteWebDriver.java:602)
	at org.openqa.selenium.remote.RemoteWebElement.execute(RemoteWebElement.java:224)
	at org.openqa.selenium.remote.RemoteWebElement.click(RemoteWebElement.java:77)
	at java.base/jdk.internal.reflect.DirectMethodHandleAccessor.invoke(DirectMethodHandleAccessor.java:103)
	at java.base/java.lang.reflect.Method.invoke(Method.java:580)
	at org.openqa.selenium.support.pagefactory.internal.LocatingElementHandler.invoke(LocatingElementHandler.java:51)
	at jdk.proxy2/jdk.proxy2.$Proxy25.click(Unknown Source)
	at util.ElementHelper.click(ElementHelper.java:34)
	at Pages.VirtualGame.navigateToVirtualGamePage(VirtualGame.java:48)
	at stepDefinitions.VirtualGameStepDefinitions.userNavigatesToVirtualGamesPage(VirtualGameStepDefinitions.java:17)
	at ✽.User navigates to the Sanal Oyunlar page(file:///Users/yusuf/software/test/CucumberProjects/Cucumber-Milli-Piyango/src/test/resources/Features/VirtualGame.feature:6)
]]></failure>
    <system-out><![CDATA[
@MilliPiyangoVirtualGame @UnsuccessfulVirtualGamePlay @SkipLogin
Scenario Outline: Verify unsuccessful virtual gaming                              &amp#27;[90m# src/test/resources/Features/VirtualGame.feature:11&amp#27;[0m
  &amp#27;[31mGiven &amp#27;[0m&amp#27;[31mUser navigates to the Sanal Oyunlar page&amp#27;[0m                                  &amp#27;[90m# stepDefinitions.VirtualGameStepDefinitions.userNavigatesToVirtualGamesPage()&amp#27;[0m
      &amp#27;[31morg.openqa.selenium.TimeoutException: timeout: Timed out receiving message from renderer: 10.000
  (Session info: chrome=131.0.6778.70)
Build info: version: '4.14.0', revision: 'e5a96349ce'
System info: os.name: 'Mac OS X', os.arch: 'aarch64', os.version: '14.6.1', java.version: '23.0.1'
Driver info: org.openqa.selenium.chrome.ChromeDriver
Command: [cbc6686c7ab2dedf2bedbc2e98ae358e, clickElement {id=f.3AE241A7FB5389C4E035A4E2B5979660.d.B0A96BF7822773317730FB1E9F45928A.e.169}]
Capabilities {acceptInsecureCerts: false, browserName: chrome, browserVersion: 131.0.6778.70, chrome: {chromedriverVersion: 131.0.6778.69 (77e2244bbcda..., userDataDir: /var/folders/t1/rl_v5fcd6bg...}, fedcm:accounts: true, goog:chromeOptions: {debuggerAddress: localhost:51588}, networkConnectionEnabled: false, pageLoadStrategy: normal, platformName: mac, proxy: Proxy(), se:cdp: ws://localhost:51588/devtoo..., se:cdpVersion: 131.0.6778.70, setWindowRect: true, strictFileInteractability: false, timeouts: {implicit: 0, pageLoad: 300000, script: 30000}, unhandledPromptBehavior: dismiss and notify, webauthn:extension:credBlob: true, webauthn:extension:largeBlob: true, webauthn:extension:minPinLength: true, webauthn:extension:prf: true, webauthn:virtualAuthenticators: true}
Element: [[ChromeDriver: chrome on mac (cbc6686c7ab2dedf2bedbc2e98ae358e)] -> xpath: //span[normalize-space()='Sanal Oyunlar']]
Session ID: cbc6686c7ab2dedf2bedbc2e98ae358e
	at java.base/jdk.internal.reflect.DirectConstructorHandleAccessor.newInstance(DirectConstructorHandleAccessor.java:62)
	at java.base/java.lang.reflect.Constructor.newInstanceWithCaller(Constructor.java:501)
	at java.base/java.lang.reflect.Constructor.newInstance(Constructor.java:485)
	at org.openqa.selenium.remote.codec.w3c.W3CHttpResponseCodec.createException(W3CHttpResponseCodec.java:200)
	at org.openqa.selenium.remote.codec.w3c.W3CHttpResponseCodec.decode(W3CHttpResponseCodec.java:133)
	at org.openqa.selenium.remote.codec.w3c.W3CHttpResponseCodec.decode(W3CHttpResponseCodec.java:52)
	at org.openqa.selenium.remote.HttpCommandExecutor.execute(HttpCommandExecutor.java:191)
	at org.openqa.selenium.remote.service.DriverCommandExecutor.invokeExecute(DriverCommandExecutor.java:196)
	at org.openqa.selenium.remote.service.DriverCommandExecutor.execute(DriverCommandExecutor.java:171)
	at org.openqa.selenium.remote.RemoteWebDriver.execute(RemoteWebDriver.java:602)
	at org.openqa.selenium.remote.RemoteWebElement.execute(RemoteWebElement.java:224)
	at org.openqa.selenium.remote.RemoteWebElement.click(RemoteWebElement.java:77)
	at java.base/jdk.internal.reflect.DirectMethodHandleAccessor.invoke(DirectMethodHandleAccessor.java:103)
	at java.base/java.lang.reflect.Method.invoke(Method.java:580)
	at org.openqa.selenium.support.pagefactory.internal.LocatingElementHandler.invoke(LocatingElementHandler.java:51)
	at jdk.proxy2/jdk.proxy2.$Proxy25.click(Unknown Source)
	at util.ElementHelper.click(ElementHelper.java:34)
	at Pages.VirtualGame.navigateToVirtualGamePage(VirtualGame.java:48)
	at stepDefinitions.VirtualGameStepDefinitions.userNavigatesToVirtualGamesPage(VirtualGameStepDefinitions.java:17)
	at ✽.User navigates to the Sanal Oyunlar page(file:///Users/yusuf/software/test/CucumberProjects/Cucumber-Milli-Piyango/src/test/resources/Features/VirtualGame.feature:6)
&amp#27;[0m

    Embedding screnshot [image/png 521126 bytes]

  &amp#27;[36mWhen &amp#27;[0m&amp#27;[36mUser clicks on the Inspired 3 game button&amp#27;[0m                                  &amp#27;[90m# stepDefinitions.VirtualGameStepDefinitions.userClicksOnTheGameButton()&amp#27;[0m
  &amp#27;[36mThen &amp#27;[0m&amp#27;[36mThe user receives an &amp#27;[0m&amp#27;[36m&amp#27;[1m"Oops! A problem has occured"&amp#27;[0m&amp#27;[36m message in a new window&amp#27;[0m &amp#27;[90m# stepDefinitions.VirtualGameStepDefinitions.checkUnsuccessfulVirtualGames(java.lang.String)&amp#27;[0m
]]></system-out>
    <system-err><![CDATA[log4j:WARN No appenders could be found for logger (org.testng.TestNG).
log4j:WARN Please initialize the log4j system properly.
log4j:WARN See http://logging.apache.org/log4j/1.2/faq.html#noconfig for more info.
Nov 18, 2024 9:23:00 PM org.openqa.selenium.devtools.CdpVersionFinder findNearestMatch
WARNING: Unable to find CDP implementation matching 131
Nov 18, 2024 9:23:00 PM org.openqa.selenium.chromium.ChromiumDriver lambda$new$5
WARNING: Unable to find version of CDP to use for 131.0.6778.70. You may need to include a dependency on a specific version of the CDP using something similar to `org.seleniumhq.selenium:selenium-devtools-v86:4.14.0` where the version ("v86") matches the version of the chromium-based browser you're using and the version number of the artifact is the same as Selenium's.
]]></system-err>
  </testcase>
</testsuite>