<?xml version="1.0" encoding="UTF-8"?>
<testsuite xmlns:xsi="http://www.w3.org/2001/XMLSchema-instance" xsi:noNamespaceSchemaLocation="https://maven.apache.org/surefire/maven-surefire-plugin/xsd/surefire-test-report-3.0.xsd" version="3.0" name="TestSuite" time="29.718" tests="3" errors="0" skipped="0" failures="0">
  <properties>
[...]
</properties>
  <testcase name="runScenario[&quot;Check  &quot;empty&quot; username &quot;empty&quot; password for login&quot;, &quot;Milli Piyango Login Check Test Cases&quot;](1)" classname="testRunners.runner" time="6.691">
    <system-out><![CDATA[
@MilliPiyangoLogin @AllEmpty
Scenario Outline: Check  "empty" username "empty" password for login &amp#27;[90m# src/test/resources/Features/Login.feature:15&amp#27;[0m
  &amp#27;[32mGiven &amp#27;[0m&amp#27;[32mUser at home page&amp#27;[0m                                            &amp#27;[90m# stepDefinitions.LoginPageStepDefinitions.userAtHomePage()&amp#27;[0m
  &amp#27;[32mWhen &amp#27;[0m&amp#27;[32mClick member login button&amp#27;[0m                                     &amp#27;[90m# stepDefinitions.LoginPageStepDefinitions.clickMemberLoginButton()&amp#27;[0m
  &amp#27;[32mAnd &amp#27;[0m&amp#27;[32mwrite &amp#27;[0m&amp#27;[32m&amp#27;[1m"empty"&amp#27;[0m&amp#27;[32m for username field&amp#27;[0m                               &amp#27;[90m# stepDefinitions.LoginPageStepDefinitions.writeForUsernameField(java.lang.String)&amp#27;[0m
  &amp#27;[32mAnd &amp#27;[0m&amp#27;[32mwrite &amp#27;[0m&amp#27;[32m&amp#27;[1m"empty"&amp#27;[0m&amp#27;[32m for password field&amp#27;[0m                               &amp#27;[90m# stepDefinitions.LoginPageStepDefinitions.writeForPasswordField(java.lang.String)&amp#27;[0m
  &amp#27;[32mAnd &amp#27;[0m&amp#27;[32mClick login button&amp#27;[0m                                             &amp#27;[90m# stepDefinitions.LoginPageStepDefinitions.clickLoginButton()&amp#27;[0m
Element [[ChromeDriver: chrome on mac (a09701a8e7c32550478636d76ee0d7cb)] -> css selector: span[class='userDetailsBalance']] is not visible as expected.
  &amp#27;[32mThen &amp#27;[0m&amp#27;[32mCheck unsuccessful login&amp#27;[0m                                      &amp#27;[90m# stepDefinitions.LoginPageStepDefinitions.checkUnsuccessfulLogin()&amp#27;[0m
]]></system-out>
    <system-err><![CDATA[log4j:WARN No appenders could be found for logger (org.testng.TestNG).
log4j:WARN Please initialize the log4j system properly.
log4j:WARN See http://logging.apache.org/log4j/1.2/faq.html#noconfig for more info.
Nov 06, 2024 8:43:36 PM org.openqa.selenium.devtools.CdpVersionFinder findNearestMatch
WARNING: Unable to find CDP implementation matching 130
Nov 06, 2024 8:43:36 PM org.openqa.selenium.chromium.ChromiumDriver lambda$new$5
WARNING: Unable to find version of CDP to use for 130.0.6723.92. You may need to include a dependency on a specific version of the CDP using something similar to `org.seleniumhq.selenium:selenium-devtools-v86:4.14.0` where the version ("v86") matches the version of the chromium-based browser you're using and the version number of the artifact is the same as Selenium's.
]]></system-err>
  </testcase>
  <testcase name="runScenario[&quot;Check  &quot;abcdefg&quot; username &quot;empty&quot; password for login&quot;, &quot;Milli Piyango Login Check Test Cases&quot;](2)" classname="testRunners.runner" time="10.788">
    <system-out><![CDATA[
@MilliPiyangoLogin @AllEmpty
Scenario Outline: Check  "abcdefg" username "empty" password for login &amp#27;[90m# src/test/resources/Features/Login.feature:16&amp#27;[0m
  &amp#27;[32mGiven &amp#27;[0m&amp#27;[32mUser at home page&amp#27;[0m                                              &amp#27;[90m# stepDefinitions.LoginPageStepDefinitions.userAtHomePage()&amp#27;[0m
  &amp#27;[32mWhen &amp#27;[0m&amp#27;[32mClick member login button&amp#27;[0m                                       &amp#27;[90m# stepDefinitions.LoginPageStepDefinitions.clickMemberLoginButton()&amp#27;[0m
  &amp#27;[32mAnd &amp#27;[0m&amp#27;[32mwrite &amp#27;[0m&amp#27;[32m&amp#27;[1m"abcdefg"&amp#27;[0m&amp#27;[32m for username field&amp#27;[0m                               &amp#27;[90m# stepDefinitions.LoginPageStepDefinitions.writeForUsernameField(java.lang.String)&amp#27;[0m
  &amp#27;[32mAnd &amp#27;[0m&amp#27;[32mwrite &amp#27;[0m&amp#27;[32m&amp#27;[1m"empty"&amp#27;[0m&amp#27;[32m for password field&amp#27;[0m                                 &amp#27;[90m# stepDefinitions.LoginPageStepDefinitions.writeForPasswordField(java.lang.String)&amp#27;[0m
  &amp#27;[32mAnd &amp#27;[0m&amp#27;[32mClick login button&amp#27;[0m                                               &amp#27;[90m# stepDefinitions.LoginPageStepDefinitions.clickLoginButton()&amp#27;[0m
Element [[ChromeDriver: chrome on mac (0d8474f564c64d813378097ae9937231)] -> css selector: span[class='userDetailsBalance']] is not visible as expected.
  &amp#27;[32mThen &amp#27;[0m&amp#27;[32mCheck unsuccessful login&amp#27;[0m                                        &amp#27;[90m# stepDefinitions.LoginPageStepDefinitions.checkUnsuccessfulLogin()&amp#27;[0m
]]></system-out>
    <system-err><![CDATA[Nov 06, 2024 8:43:42 PM org.openqa.selenium.devtools.CdpVersionFinder findNearestMatch
WARNING: Unable to find CDP implementation matching 130
Nov 06, 2024 8:43:42 PM org.openqa.selenium.chromium.ChromiumDriver lambda$new$5
WARNING: Unable to find version of CDP to use for 130.0.6723.92. You may need to include a dependency on a specific version of the CDP using something similar to `org.seleniumhq.selenium:selenium-devtools-v86:4.14.0` where the version ("v86") matches the version of the chromium-based browser you're using and the version number of the artifact is the same as Selenium's.
]]></system-err>
  </testcase>
  <testcase name="runScenario[&quot;Check  &quot;empty&quot; username &quot;123456&quot; password for login&quot;, &quot;Milli Piyango Login Check Test Cases&quot;](3)" classname="testRunners.runner" time="10.402">
    <system-out><![CDATA[
@MilliPiyangoLogin @AllEmpty
Scenario Outline: Check  "empty" username "123456" password for login &amp#27;[90m# src/test/resources/Features/Login.feature:17&amp#27;[0m
  &amp#27;[32mGiven &amp#27;[0m&amp#27;[32mUser at home page&amp#27;[0m                                             &amp#27;[90m# stepDefinitions.LoginPageStepDefinitions.userAtHomePage()&amp#27;[0m
  &amp#27;[32mWhen &amp#27;[0m&amp#27;[32mClick member login button&amp#27;[0m                                      &amp#27;[90m# stepDefinitions.LoginPageStepDefinitions.clickMemberLoginButton()&amp#27;[0m
  &amp#27;[32mAnd &amp#27;[0m&amp#27;[32mwrite &amp#27;[0m&amp#27;[32m&amp#27;[1m"empty"&amp#27;[0m&amp#27;[32m for username field&amp#27;[0m                                &amp#27;[90m# stepDefinitions.LoginPageStepDefinitions.writeForUsernameField(java.lang.String)&amp#27;[0m
  &amp#27;[32mAnd &amp#27;[0m&amp#27;[32mwrite &amp#27;[0m&amp#27;[32m&amp#27;[1m"123456"&amp#27;[0m&amp#27;[32m for password field&amp#27;[0m                               &amp#27;[90m# stepDefinitions.LoginPageStepDefinitions.writeForPasswordField(java.lang.String)&amp#27;[0m
  &amp#27;[32mAnd &amp#27;[0m&amp#27;[32mClick login button&amp#27;[0m                                              &amp#27;[90m# stepDefinitions.LoginPageStepDefinitions.clickLoginButton()&amp#27;[0m
Element [[ChromeDriver: chrome on mac (4c3276c20d923304b42609d9129b3e79)] -> css selector: span[class='userDetailsBalance']] is not visible as expected.
  &amp#27;[32mThen &amp#27;[0m&amp#27;[32mCheck unsuccessful login&amp#27;[0m                                       &amp#27;[90m# stepDefinitions.LoginPageStepDefinitions.checkUnsuccessfulLogin()&amp#27;[0m
]]></system-out>
    <system-err><![CDATA[Nov 06, 2024 8:43:53 PM org.openqa.selenium.devtools.CdpVersionFinder findNearestMatch
WARNING: Unable to find CDP implementation matching 130
Nov 06, 2024 8:43:53 PM org.openqa.selenium.chromium.ChromiumDriver lambda$new$5
WARNING: Unable to find version of CDP to use for 130.0.6723.92. You may need to include a dependency on a specific version of the CDP using something similar to `org.seleniumhq.selenium:selenium-devtools-v86:4.14.0` where the version ("v86") matches the version of the chromium-based browser you're using and the version number of the artifact is the same as Selenium's.
]]></system-err>
  </testcase>
</testsuite>