<?xml version="1.0" encoding="UTF-8"?>
<testng-results ignored="0" total="3" passed="3" failed="0" skipped="0">
  <reporter-output>
  </reporter-output>
  <suite started-at="2024-10-29T15:24:43 TRT" name="Cucumber Project" finished-at="2024-10-29T15:25:18 TRT" duration-ms="34129">
    <groups>
      <group name="cucumber">
        <method signature="AbstractTestNGCucumberTests.runScenario(io.cucumber.testng.PickleWrapper,io.cucumber.testng.FeatureWrapper)[pri:0, instance:testRunners.runner@7e07db1f]" name="runScenario" class="io.cucumber.testng.AbstractTestNGCucumberTests"/>
      </group> <!-- cucumber -->
    </groups>
    <test started-at="2024-10-29T15:24:43 TRT" name="Cucumber" finished-at="2024-10-29T15:25:18 TRT" duration-ms="34129">
      <class name="testRunners.runner">
        <test-method is-config="true" signature="setUpClass(org.testng.ITestContext)[pri:0, instance:testRunners.runner@7e07db1f]" started-at="2024-10-29T15:24:43 TRT" name="setUpClass" finished-at="2024-10-29T15:24:44 TRT" duration-ms="249" status="PASS">
          <params>
            <param index="0">
              <value>
                <![CDATA[org.testng.TestRunner@2de23121]]>
              </value>
            </param>
          </params>
          <reporter-output>
          </reporter-output>
        </test-method> <!-- setUpClass -->
        <test-method signature="runScenario(io.cucumber.testng.PickleWrapper,io.cucumber.testng.FeatureWrapper)[pri:0, instance:testRunners.runner@7e07db1f]" started-at="2024-10-29T15:24:44 TRT" name="runScenario" description="Runs Cucumber Scenarios" data-provider="scenarios" finished-at="2024-10-29T15:24:56 TRT" duration-ms="12439" status="PASS">
          <params>
            <param index="0">
              <value>
                <![CDATA["Check  "empty" username "empty" password for login"]]>
              </value>
            </param>
            <param index="1">
              <value>
                <![CDATA["Milli Piyango Login Check Test Cases"]]>
              </value>
            </param>
          </params>
          <reporter-output>
          </reporter-output>
        </test-method> <!-- runScenario -->
        <test-method signature="runScenario(io.cucumber.testng.PickleWrapper,io.cucumber.testng.FeatureWrapper)[pri:0, instance:testRunners.runner@7e07db1f]" started-at="2024-10-29T15:24:56 TRT" name="runScenario" description="Runs Cucumber Scenarios" data-provider="scenarios" finished-at="2024-10-29T15:25:07 TRT" duration-ms="10469" status="PASS">
          <params>
            <param index="0">
              <value>
                <![CDATA["Check  "abcdefg" username "empty" password for login"]]>
              </value>
            </param>
            <param index="1">
              <value>
                <![CDATA["Milli Piyango Login Check Test Cases"]]>
              </value>
            </param>
          </params>
          <reporter-output>
          </reporter-output>
        </test-method> <!-- runScenario -->
        <test-method signature="runScenario(io.cucumber.testng.PickleWrapper,io.cucumber.testng.FeatureWrapper)[pri:0, instance:testRunners.runner@7e07db1f]" started-at="2024-10-29T15:25:07 TRT" name="runScenario" description="Runs Cucumber Scenarios" data-provider="scenarios" finished-at="2024-10-29T15:25:16 TRT" duration-ms="9156" status="PASS">
          <params>
            <param index="0">
              <value>
                <![CDATA["Check  "empty" username "123456" password for login"]]>
              </value>
            </param>
            <param index="1">
              <value>
                <![CDATA["Milli Piyango Login Check Test Cases"]]>
              </value>
            </param>
          </params>
          <reporter-output>
          </reporter-output>
        </test-method> <!-- runScenario -->
        <test-method is-config="true" signature="tearDownClass()[pri:0, instance:testRunners.runner@7e07db1f]" started-at="2024-10-29T15:25:16 TRT" name="tearDownClass" finished-at="2024-10-29T15:25:18 TRT" duration-ms="1802" status="PASS">
          <reporter-output>
          </reporter-output>
        </test-method> <!-- tearDownClass -->
      </class> <!-- testRunners.runner -->
    </test> <!-- Cucumber -->
  </suite> <!-- Cucumber Project -->
</testng-results>
