<?xml version="1.0" encoding="UTF-8"?>
<testng-results ignored="0" total="1" passed="0" failed="1" skipped="0">
  <reporter-output>
  </reporter-output>
  <suite started-at="2025-01-08T19:30:22 GMT+03:00" name="Cucumber Project" finished-at="2025-01-08T19:31:01 GMT+03:00" duration-ms="38565">
    <groups>
      <group name="cucumber">
        <method signature="AbstractTestNGCucumberTests.runScenario(io.cucumber.testng.PickleWrapper,io.cucumber.testng.FeatureWrapper)[pri:0, instance:testRunners.runner@5542c4ed]" name="runScenario" class="io.cucumber.testng.AbstractTestNGCucumberTests"/>
      </group> <!-- cucumber -->
    </groups>
    <test started-at="2025-01-08T19:30:22 GMT+03:00" name="Cucumber" finished-at="2025-01-08T19:31:01 GMT+03:00" duration-ms="38565">
      <class name="testRunners.runner">
        <test-method is-config="true" signature="setUpClass(org.testng.ITestContext)[pri:0, instance:testRunners.runner@5542c4ed]" started-at="2025-01-08T19:30:22 GMT+03:00" name="setUpClass" finished-at="2025-01-08T19:30:22 GMT+03:00" duration-ms="340" status="PASS">
          <params>
            <param index="0">
              <value>
                <![CDATA[org.testng.TestRunner@3c947bc5]]>
              </value>
            </param>
          </params>
          <reporter-output>
          </reporter-output>
        </test-method> <!-- setUpClass -->
        <test-method signature="runScenario(io.cucumber.testng.PickleWrapper,io.cucumber.testng.FeatureWrapper)[pri:0, instance:testRunners.runner@5542c4ed]" started-at="2025-01-08T19:30:22 GMT+03:00" name="runScenario" description="Runs Cucumber Scenarios" data-provider="scenarios" finished-at="2025-01-08T19:30:58 GMT+03:00" duration-ms="35440" status="FAIL">
          <params>
            <param index="0">
              <value>
                <![CDATA["Verify that the ticket has been played"]]>
              </value>
            </param>
            <param index="1">
              <value>
                <![CDATA["Milli Piyango Ticket Test Cases"]]>
              </value>
            </param>
          </params>
          <exception class="org.openqa.selenium.NoSuchWindowException">
            <message>
              <![CDATA[no such window: target window already closed
from unknown error: web view not found
  (Session info: chrome=131.0.6778.264)
Build info: version: '4.27.0', revision: 'd6e718d134'
System info: os.name: 'Windows 10', os.arch: 'amd64', os.version: '10.0', java.version: '23.0.1'
Driver info: org.openqa.selenium.chrome.ChromeDriver
Command: [6aa321b9462edff0b6be4b41fdd642a7, findElement {using=id, value=superLotoCardFrame}]
Capabilities {acceptInsecureCerts: false, browserName: chrome, browserVersion: 131.0.6778.264, chrome: {chromedriverVersion: 131.0.6778.264 (2d05e315153..., userDataDir: C:\Users\demirci\AppData\Lo...}, fedcm:accounts: true, goog:chromeOptions: {debuggerAddress: localhost:49862}, networkConnectionEnabled: false, pageLoadStrategy: normal, platformName: windows, proxy: Proxy(), se:cdp: ws://localhost:49862/devtoo..., se:cdpVersion: 131.0.6778.264, setWindowRect: true, strictFileInteractability: false, timeouts: {implicit: 0, pageLoad: 300000, script: 30000}, unhandledPromptBehavior: dismiss and notify, webauthn:extension:credBlob: true, webauthn:extension:largeBlob: true, webauthn:extension:minPinLength: true, webauthn:extension:prf: true, webauthn:virtualAuthenticators: true}
Session ID: 6aa321b9462edff0b6be4b41fdd642a7]]>
            </message>
            <full-stacktrace>
              <![CDATA[org.openqa.selenium.NoSuchWindowException: no such window: target window already closed
from unknown error: web view not found
  (Session info: chrome=131.0.6778.264)
Build info: version: '4.27.0', revision: 'd6e718d134'
System info: os.name: 'Windows 10', os.arch: 'amd64', os.version: '10.0', java.version: '23.0.1'
Driver info: org.openqa.selenium.chrome.ChromeDriver
Command: [6aa321b9462edff0b6be4b41fdd642a7, findElement {using=id, value=superLotoCardFrame}]
Capabilities {acceptInsecureCerts: false, browserName: chrome, browserVersion: 131.0.6778.264, chrome: {chromedriverVersion: 131.0.6778.264 (2d05e315153..., userDataDir: C:\Users\demirci\AppData\Lo...}, fedcm:accounts: true, goog:chromeOptions: {debuggerAddress: localhost:49862}, networkConnectionEnabled: false, pageLoadStrategy: normal, platformName: windows, proxy: Proxy(), se:cdp: ws://localhost:49862/devtoo..., se:cdpVersion: 131.0.6778.264, setWindowRect: true, strictFileInteractability: false, timeouts: {implicit: 0, pageLoad: 300000, script: 30000}, unhandledPromptBehavior: dismiss and notify, webauthn:extension:credBlob: true, webauthn:extension:largeBlob: true, webauthn:extension:minPinLength: true, webauthn:extension:prf: true, webauthn:virtualAuthenticators: true}
Session ID: 6aa321b9462edff0b6be4b41fdd642a7
at java.base/jdk.internal.reflect.DirectConstructorHandleAccessor.newInstance(DirectConstructorHandleAccessor.java:62)
at java.base/java.lang.reflect.Constructor.newInstanceWithCaller(Constructor.java:501)
at java.base/java.lang.reflect.Constructor.newInstance(Constructor.java:485)
at org.openqa.selenium.remote.ErrorCodec.decode(ErrorCodec.java:167)
at org.openqa.selenium.remote.codec.w3c.W3CHttpResponseCodec.decode(W3CHttpResponseCodec.java:138)
at org.openqa.selenium.remote.codec.w3c.W3CHttpResponseCodec.decode(W3CHttpResponseCodec.java:50)
at org.openqa.selenium.remote.HttpCommandExecutor.execute(HttpCommandExecutor.java:190)
at org.openqa.selenium.remote.service.DriverCommandExecutor.invokeExecute(DriverCommandExecutor.java:216)
at org.openqa.selenium.remote.service.DriverCommandExecutor.execute(DriverCommandExecutor.java:174)
at org.openqa.selenium.remote.RemoteWebDriver.execute(RemoteWebDriver.java:545)
at org.openqa.selenium.remote.ElementLocation$ElementFinder$2.findElement(ElementLocation.java:165)
at org.openqa.selenium.remote.ElementLocation.findElement(ElementLocation.java:59)
at org.openqa.selenium.remote.RemoteWebDriver.findElement(RemoteWebDriver.java:368)
at org.openqa.selenium.remote.RemoteWebDriver.findElement(RemoteWebDriver.java:362)
at org.openqa.selenium.support.pagefactory.DefaultElementLocator.findElement(DefaultElementLocator.java:68)
at org.openqa.selenium.support.pagefactory.internal.LocatingElementHandler.invoke(LocatingElementHandler.java:38)
at jdk.proxy2/jdk.proxy2.$Proxy25.toString(Unknown Source)
at java.base/java.lang.String.valueOf(String.java:4556)
at org.openqa.selenium.support.ui.ExpectedConditions$19.toString(ExpectedConditions.java:553)
at java.base/java.lang.String.valueOf(String.java:4556)
at org.openqa.selenium.support.ui.FluentWait.until(FluentWait.java:225)
at Pages.VerifyTicketPlayedPage.navigateToOnNumaraPage(VerifyTicketPlayedPage.java:47)
at stepDefinitions.VerifyTicketPlayedStepDefinitions.userNavigatesToTheOnNumaraPage(VerifyTicketPlayedStepDefinitions.java:17)
at ✽.User navigates to the "Super Loto" page(file:///C:/Users/demirci/OneDrive%20-%20SISAL%20SPA/Desktop/selenium-project/src/test/resources/Features/VerifyTicketPlayed.feature:6)
]]>
            </full-stacktrace>
          </exception> <!-- org.openqa.selenium.NoSuchWindowException -->
          <reporter-output>
          </reporter-output>
        </test-method> <!-- runScenario -->
        <test-method is-config="true" signature="tearDownClass()[pri:0, instance:testRunners.runner@5542c4ed]" started-at="2025-01-08T19:30:58 GMT+03:00" name="tearDownClass" finished-at="2025-01-08T19:31:01 GMT+03:00" duration-ms="2763" status="PASS">
          <reporter-output>
          </reporter-output>
        </test-method> <!-- tearDownClass -->
      </class> <!-- testRunners.runner -->
    </test> <!-- Cucumber -->
  </suite> <!-- Cucumber Project -->
</testng-results>
