<?xml version="1.0" encoding="UTF-8"?>
<testng-results ignored="0" total="3" passed="3" failed="0" skipped="0">
  <reporter-output>
  </reporter-output>
  <suite started-at="2024-12-08T20:09:13 GMT+03:00" name="Cucumber Project" finished-at="2024-12-08T20:10:03 GMT+03:00" duration-ms="50688">
    <groups>
      <group name="cucumber">
        <method signature="AbstractTestNGCucumberTests.runScenario(io.cucumber.testng.PickleWrapper,io.cucumber.testng.FeatureWrapper)[pri:0, instance:testRunners.runner@5542c4ed]" name="runScenario" class="io.cucumber.testng.AbstractTestNGCucumberTests"/>
      </group> <!-- cucumber -->
    </groups>
    <test started-at="2024-12-08T20:09:13 GMT+03:00" name="Cucumber" finished-at="2024-12-08T20:10:03 GMT+03:00" duration-ms="50688">
      <class name="testRunners.runner">
        <test-method is-config="true" signature="setUpClass(org.testng.ITestContext)[pri:0, instance:testRunners.runner@5542c4ed]" started-at="2024-12-08T20:09:13 GMT+03:00" name="setUpClass" finished-at="2024-12-08T20:09:13 GMT+03:00" duration-ms="375" status="PASS">
          <params>
            <param index="0">
              <value>
                <![CDATA[org.testng.TestRunner@87a85e1]]>
              </value>
            </param>
          </params>
          <reporter-output>
          </reporter-output>
        </test-method> <!-- setUpClass -->
        <test-method signature="runScenario(io.cucumber.testng.PickleWrapper,io.cucumber.testng.FeatureWrapper)[pri:0, instance:testRunners.runner@5542c4ed]" started-at="2024-12-08T20:09:13 GMT+03:00" name="runScenario" description="Runs Cucumber Scenarios" data-provider="scenarios" finished-at="2024-12-08T20:09:27 GMT+03:00" duration-ms="14128" status="PASS">
          <params>
            <param index="0">
              <value>
                <![CDATA["Correct "correctTcID" Username &  Correct "correctPassword" Password for login"]]>
              </value>
            </param>
            <param index="1">
              <value>
                <![CDATA["Milli Piyango Login Check Test Cases"]]>
              </value>
            </param>
          </params>
          <reporter-output>
          </reporter-output>
        </test-method> <!-- runScenario -->
        <test-method signature="runScenario(io.cucumber.testng.PickleWrapper,io.cucumber.testng.FeatureWrapper)[pri:0, instance:testRunners.runner@5542c4ed]" started-at="2024-12-08T20:09:27 GMT+03:00" name="runScenario" description="Runs Cucumber Scenarios" data-provider="scenarios" finished-at="2024-12-08T20:09:48 GMT+03:00" duration-ms="20480" status="PASS">
          <params>
            <param index="0">
              <value>
                <![CDATA["Correct "correctAccountNo" Username &  Correct "correctPassword" Password for login"]]>
              </value>
            </param>
            <param index="1">
              <value>
                <![CDATA["Milli Piyango Login Check Test Cases"]]>
              </value>
            </param>
          </params>
          <reporter-output>
          </reporter-output>
        </test-method> <!-- runScenario -->
        <test-method signature="runScenario(io.cucumber.testng.PickleWrapper,io.cucumber.testng.FeatureWrapper)[pri:0, instance:testRunners.runner@5542c4ed]" started-at="2024-12-08T20:09:48 GMT+03:00" name="runScenario" description="Runs Cucumber Scenarios" data-provider="scenarios" finished-at="2024-12-08T20:10:02 GMT+03:00" duration-ms="14327" status="PASS">
          <params>
            <param index="0">
              <value>
                <![CDATA["Correct "correctEmail" Username &  Correct "correctPassword" Password for login"]]>
              </value>
            </param>
            <param index="1">
              <value>
                <![CDATA["Milli Piyango Login Check Test Cases"]]>
              </value>
            </param>
          </params>
          <reporter-output>
          </reporter-output>
        </test-method> <!-- runScenario -->
        <test-method is-config="true" signature="tearDownClass()[pri:0, instance:testRunners.runner@5542c4ed]" started-at="2024-12-08T20:10:02 GMT+03:00" name="tearDownClass" finished-at="2024-12-08T20:10:03 GMT+03:00" duration-ms="1347" status="PASS">
          <reporter-output>
          </reporter-output>
        </test-method> <!-- tearDownClass -->
      </class> <!-- testRunners.runner -->
    </test> <!-- Cucumber -->
  </suite> <!-- Cucumber Project -->
</testng-results>
