<?xml version="1.0" encoding="UTF-8"?>
<testng-results ignored="0" total="3" passed="3" failed="0" skipped="0">
  <reporter-output>
  </reporter-output>
  <suite started-at="2025-07-11T18:14:47 TRT" name="Cucumber Project" finished-at="2025-07-11T18:15:27 TRT" duration-ms="40967">
    <groups>
      <group name="cucumber">
        <method signature="AbstractTestNGCucumberTests.runScenario(io.cucumber.testng.PickleWrapper,io.cucumber.testng.FeatureWrapper)[pri:0, instance:testRunners.runner@9353778]" name="runScenario" class="io.cucumber.testng.AbstractTestNGCucumberTests"/>
        <method signature="AbstractTestNGCucumberTests.runScenario(io.cucumber.testng.PickleWrapper,io.cucumber.testng.FeatureWrapper)[pri:0, instance:testRunners.FailedScenariosRunner@6eda5c9]" name="runScenario" class="io.cucumber.testng.AbstractTestNGCucumberTests"/>
      </group> <!-- cucumber -->
    </groups>
    <test started-at="2025-07-11T18:14:47 TRT" name="Cucumber" finished-at="2025-07-11T18:15:27 TRT" duration-ms="40529">
      <class name="testRunners.runner">
        <test-method is-config="true" signature="setUpClass(org.testng.ITestContext)[pri:0, instance:testRunners.runner@9353778]" started-at="2025-07-11T18:14:47 TRT" name="setUpClass" finished-at="2025-07-11T18:14:47 TRT" duration-ms="215" status="PASS">
          <params>
            <param index="0">
              <value>
                <![CDATA[org.testng.TestRunner@3e694b3f]]>
              </value>
            </param>
          </params>
          <reporter-output>
          </reporter-output>
        </test-method> <!-- setUpClass -->
        <test-method signature="runScenario(io.cucumber.testng.PickleWrapper,io.cucumber.testng.FeatureWrapper)[pri:0, instance:testRunners.runner@9353778]" started-at="2025-07-11T18:14:47 TRT" name="runScenario" description="Runs Cucumber Scenarios" data-provider="scenarios" finished-at="2025-07-11T18:14:59 TRT" duration-ms="12431" status="PASS">
          <params>
            <param index="0">
              <value>
                <![CDATA["Correct "correctTcID" Username &  Correct "correctPassword" Password for login"]]>
              </value>
            </param>
            <param index="1">
              <value>
                <![CDATA["Milli Piyango Login Check Test Cases"]]>
              </value>
            </param>
          </params>
          <reporter-output>
          </reporter-output>
        </test-method> <!-- runScenario -->
        <test-method signature="runScenario(io.cucumber.testng.PickleWrapper,io.cucumber.testng.FeatureWrapper)[pri:0, instance:testRunners.runner@9353778]" started-at="2025-07-11T18:14:59 TRT" name="runScenario" description="Runs Cucumber Scenarios" data-provider="scenarios" finished-at="2025-07-11T18:15:13 TRT" duration-ms="13518" status="PASS">
          <params>
            <param index="0">
              <value>
                <![CDATA["Correct "correctAccountNo" Username &  Correct "correctPassword" Password for login"]]>
              </value>
            </param>
            <param index="1">
              <value>
                <![CDATA["Milli Piyango Login Check Test Cases"]]>
              </value>
            </param>
          </params>
          <reporter-output>
          </reporter-output>
        </test-method> <!-- runScenario -->
        <test-method signature="runScenario(io.cucumber.testng.PickleWrapper,io.cucumber.testng.FeatureWrapper)[pri:0, instance:testRunners.runner@9353778]" started-at="2025-07-11T18:15:13 TRT" name="runScenario" description="Runs Cucumber Scenarios" data-provider="scenarios" finished-at="2025-07-11T18:15:24 TRT" duration-ms="11469" status="PASS">
          <params>
            <param index="0">
              <value>
                <![CDATA["Correct "correctEmail" Username &  Correct "correctPassword" Password for login"]]>
              </value>
            </param>
            <param index="1">
              <value>
                <![CDATA["Milli Piyango Login Check Test Cases"]]>
              </value>
            </param>
          </params>
          <reporter-output>
          </reporter-output>
        </test-method> <!-- runScenario -->
        <test-method is-config="true" signature="tearDownClass()[pri:0, instance:testRunners.runner@9353778]" started-at="2025-07-11T18:15:24 TRT" name="tearDownClass" finished-at="2025-07-11T18:15:27 TRT" duration-ms="2886" status="PASS">
          <reporter-output>
          </reporter-output>
        </test-method> <!-- tearDownClass -->
      </class> <!-- testRunners.runner -->
    </test> <!-- Cucumber -->
    <test started-at="2025-07-11T18:15:27 TRT" name="Failed Scenarios Tests" finished-at="2025-07-11T18:15:27 TRT" duration-ms="414">
      <class name="testRunners.FailedScenariosRunner">
        <test-method is-config="true" signature="setUpClass(org.testng.ITestContext)[pri:0, instance:testRunners.FailedScenariosRunner@6eda5c9]" started-at="2025-07-11T18:15:27 TRT" name="setUpClass" finished-at="2025-07-11T18:15:27 TRT" duration-ms="14" status="PASS">
          <params>
            <param index="0">
              <value>
                <![CDATA[org.testng.TestRunner@1bb5a082]]>
              </value>
            </param>
          </params>
          <reporter-output>
          </reporter-output>
        </test-method> <!-- setUpClass -->
        <test-method is-config="true" signature="tearDownClass()[pri:0, instance:testRunners.FailedScenariosRunner@6eda5c9]" started-at="2025-07-11T18:15:27 TRT" name="tearDownClass" finished-at="2025-07-11T18:15:27 TRT" duration-ms="400" status="PASS">
          <reporter-output>
          </reporter-output>
        </test-method> <!-- tearDownClass -->
      </class> <!-- testRunners.FailedScenariosRunner -->
    </test> <!-- Failed Scenarios Tests -->
  </suite> <!-- Cucumber Project -->
</testng-results>
