<?xml version="1.0" encoding="UTF-8"?>
<testng-results ignored="0" total="0" passed="0" failed="0" skipped="0">
  <reporter-output>
  </reporter-output>
  <suite started-at="2026-04-07T22:18:11 TRT" name="Surefire suite" finished-at="2026-04-07T22:18:11 TRT" duration-ms="2">
    <groups>
    </groups>
    <test started-at="2026-04-07T22:18:11 TRT" name="Surefire test" finished-at="2026-04-07T22:18:11 TRT" duration-ms="2">
    </test> <!-- Surefire test -->
  </suite> <!-- Surefire suite -->
</testng-results>
