<?xml version="1.0" encoding="UTF-8"?>
<testng-results ignored="0" total="1" passed="1" failed="0" skipped="0">
  <reporter-output>
  </reporter-output>
  <suite started-at="2025-12-13T12:49:49 TRT" name="Cucumber Project" finished-at="2025-12-13T12:50:14 TRT" duration-ms="25418">
    <groups>
      <group name="cucumber">
        <method signature="AbstractTestNGCucumberTests.runScenario(io.cucumber.testng.PickleWrapper,io.cucumber.testng.FeatureWrapper)[pri:0, instance:testRunners.runner@2d7275fc]" name="runScenario" class="io.cucumber.testng.AbstractTestNGCucumberTests"/>
        <method signature="AbstractTestNGCucumberTests.runScenario(io.cucumber.testng.PickleWrapper,io.cucumber.testng.FeatureWrapper)[pri:0, instance:testRunners.FailedScenariosRunner@799f10e1]" name="runScenario" class="io.cucumber.testng.AbstractTestNGCucumberTests"/>
      </group> <!-- cucumber -->
    </groups>
    <test started-at="2025-12-13T12:49:49 TRT" name="Cucumber" finished-at="2025-12-13T12:50:14 TRT" duration-ms="24985">
      <class name="testRunners.runner">
        <test-method is-config="true" signature="setUpClass(org.testng.ITestContext)[pri:0, instance:testRunners.runner@2d7275fc]" started-at="2025-12-13T12:49:49 TRT" name="setUpClass" finished-at="2025-12-13T12:49:49 TRT" duration-ms="250" status="PASS">
          <params>
            <param index="0">
              <value>
                <![CDATA[org.testng.TestRunner@20d525]]>
              </value>
            </param>
          </params>
          <reporter-output>
          </reporter-output>
        </test-method> <!-- setUpClass -->
        <test-method signature="runScenario(io.cucumber.testng.PickleWrapper,io.cucumber.testng.FeatureWrapper)[pri:0, instance:testRunners.runner@2d7275fc]" started-at="2025-12-13T12:49:49 TRT" name="runScenario" description="Runs Cucumber Scenarios" data-provider="scenarios" finished-at="2025-12-13T12:50:12 TRT" duration-ms="22797" status="PASS">
          <params>
            <param index="0">
              <value>
                <![CDATA["Game filtering on Biletlerim page"]]>
              </value>
            </param>
            <param index="1">
              <value>
                <![CDATA["Gaming History Feature"]]>
              </value>
            </param>
          </params>
          <reporter-output>
          </reporter-output>
        </test-method> <!-- runScenario -->
        <test-method is-config="true" signature="tearDownClass()[pri:0, instance:testRunners.runner@2d7275fc]" started-at="2025-12-13T12:50:12 TRT" name="tearDownClass" finished-at="2025-12-13T12:50:14 TRT" duration-ms="1926" status="PASS">
          <reporter-output>
          </reporter-output>
        </test-method> <!-- tearDownClass -->
      </class> <!-- testRunners.runner -->
    </test> <!-- Cucumber -->
    <test started-at="2025-12-13T12:50:14 TRT" name="Failed Scenarios Tests" finished-at="2025-12-13T12:50:14 TRT" duration-ms="411">
      <class name="testRunners.FailedScenariosRunner">
        <test-method is-config="true" signature="setUpClass(org.testng.ITestContext)[pri:0, instance:testRunners.FailedScenariosRunner@799f10e1]" started-at="2025-12-13T12:50:14 TRT" name="setUpClass" finished-at="2025-12-13T12:50:14 TRT" duration-ms="13" status="PASS">
          <params>
            <param index="0">
              <value>
                <![CDATA[org.testng.TestRunner@6200f9cb]]>
              </value>
            </param>
          </params>
          <reporter-output>
          </reporter-output>
        </test-method> <!-- setUpClass -->
        <test-method is-config="true" signature="tearDownClass()[pri:0, instance:testRunners.FailedScenariosRunner@799f10e1]" started-at="2025-12-13T12:50:14 TRT" name="tearDownClass" finished-at="2025-12-13T12:50:14 TRT" duration-ms="397" status="PASS">
          <reporter-output>
          </reporter-output>
        </test-method> <!-- tearDownClass -->
      </class> <!-- testRunners.FailedScenariosRunner -->
    </test> <!-- Failed Scenarios Tests -->
  </suite> <!-- Cucumber Project -->
</testng-results>
