<?xml version="1.0" encoding="UTF-8"?>
<testsuite xmlns:xsi="http://www.w3.org/2001/XMLSchema-instance" xsi:noNamespaceSchemaLocation="https://maven.apache.org/surefire/maven-surefire-plugin/xsd/surefire-test-report-3.0.xsd" version="3.0" name="TestSuite" time="24.947" tests="1" errors="0" skipped="0" failures="1">
  <properties>
[...]
</properties>
  <testcase name="runScenario[&quot;OnNumara ticket detail check on Biletlerim page&quot;, &quot;Milli Piyango Ticket Detail Test Cases&quot;](1)" classname="testRunners.runner" time="22.239">
    <failure message="element click intercepted: Element &lt;img src=&quot;/area-riservata/assets/Arrow-Small-Right-Blue-B3s2ZO0S.svg&quot; alt=&quot;Next arrow icon&quot;&gt; is not clickable at point (1420, 327). Other element would receive the click: &lt;div aria-hidden=&quot;true&quot; class=&quot;MuiBackdrop-root css-2n0bt3-backdrop&quot; style=&quot;opacity: 1; transition: opacity 225ms cubic-bezier(0.4, 0, 0.2, 1);&quot;&gt;...&lt;/div&gt;&#10;  (Session info: chrome=131.0.6778.205)&#10;Build info: version: &apos;4.14.0&apos;, revision: &apos;e5a96349ce&apos;&#10;System info: os.name: &apos;Windows 10&apos;, os.arch: &apos;amd64&apos;, os.version: &apos;10.0&apos;, java.version: &apos;23.0.1&apos;&#10;Driver info: org.openqa.selenium.chrome.ChromeDriver&#10;Command: [be7735fc03c4717f7535499f52cc622b, clickElement {id=f.2CB4CFDDC0B43060FF75006166FCDB97.d.F539A984CAAE154B10C753AA60AB191E.e.299}]&#10;Capabilities {acceptInsecureCerts: false, browserName: chrome, browserVersion: 131.0.6778.205, chrome: {chromedriverVersion: 131.0.6778.204 (52183f9e99a..., userDataDir: C:\Users\demirci\AppData\Lo...}, fedcm:accounts: true, goog:chromeOptions: {debuggerAddress: localhost:60635}, networkConnectionEnabled: false, pageLoadStrategy: normal, platformName: windows, proxy: Proxy(), se:cdp: ws://localhost:60635/devtoo..., se:cdpVersion: 131.0.6778.205, setWindowRect: true, strictFileInteractability: false, timeouts: {implicit: 0, pageLoad: 300000, script: 30000}, unhandledPromptBehavior: dismiss and notify, webauthn:extension:credBlob: true, webauthn:extension:largeBlob: true, webauthn:extension:minPinLength: true, webauthn:extension:prf: true, webauthn:virtualAuthenticators: true}&#10;Element: [[ChromeDriver: chrome on windows (be7735fc03c4717f7535499f52cc622b)] -&gt; css selector: img[alt=&apos;Next arrow icon&apos;]]&#10;Session ID: be7735fc03c4717f7535499f52cc622b" type="org.openqa.selenium.ElementClickInterceptedException"><![CDATA[org.openqa.selenium.ElementClickInterceptedException: 
element click intercepted: Element <img src="/area-riservata/assets/Arrow-Small-Right-Blue-B3s2ZO0S.svg" alt="Next arrow icon"> is not clickable at point (1420, 327). Other element would receive the click: <div aria-hidden="true" class="MuiBackdrop-root css-2n0bt3-backdrop" style="opacity: 1; transition: opacity 225ms cubic-bezier(0.4, 0, 0.2, 1);">...</div>
  (Session info: chrome=131.0.6778.205)
Build info: version: '4.14.0', revision: 'e5a96349ce'
System info: os.name: 'Windows 10', os.arch: 'amd64', os.version: '10.0', java.version: '23.0.1'
Driver info: org.openqa.selenium.chrome.ChromeDriver
Command: [be7735fc03c4717f7535499f52cc622b, clickElement {id=f.2CB4CFDDC0B43060FF75006166FCDB97.d.F539A984CAAE154B10C753AA60AB191E.e.299}]
Capabilities {acceptInsecureCerts: false, browserName: chrome, browserVersion: 131.0.6778.205, chrome: {chromedriverVersion: 131.0.6778.204 (52183f9e99a..., userDataDir: C:\Users\demirci\AppData\Lo...}, fedcm:accounts: true, goog:chromeOptions: {debuggerAddress: localhost:60635}, networkConnectionEnabled: false, pageLoadStrategy: normal, platformName: windows, proxy: Proxy(), se:cdp: ws://localhost:60635/devtoo..., se:cdpVersion: 131.0.6778.205, setWindowRect: true, strictFileInteractability: false, timeouts: {implicit: 0, pageLoad: 300000, script: 30000}, unhandledPromptBehavior: dismiss and notify, webauthn:extension:credBlob: true, webauthn:extension:largeBlob: true, webauthn:extension:minPinLength: true, webauthn:extension:prf: true, webauthn:virtualAuthenticators: true}
Element: [[ChromeDriver: chrome on windows (be7735fc03c4717f7535499f52cc622b)] -> css selector: img[alt='Next arrow icon']]
Session ID: be7735fc03c4717f7535499f52cc622b
	at java.base/jdk.internal.reflect.DirectConstructorHandleAccessor.newInstance(DirectConstructorHandleAccessor.java:62)
	at java.base/java.lang.reflect.Constructor.newInstanceWithCaller(Constructor.java:501)
	at java.base/java.lang.reflect.Constructor.newInstance(Constructor.java:485)
	at org.openqa.selenium.remote.codec.w3c.W3CHttpResponseCodec.createException(W3CHttpResponseCodec.java:200)
	at org.openqa.selenium.remote.codec.w3c.W3CHttpResponseCodec.decode(W3CHttpResponseCodec.java:133)
	at org.openqa.selenium.remote.codec.w3c.W3CHttpResponseCodec.decode(W3CHttpResponseCodec.java:52)
	at org.openqa.selenium.remote.HttpCommandExecutor.execute(HttpCommandExecutor.java:191)
	at org.openqa.selenium.remote.service.DriverCommandExecutor.invokeExecute(DriverCommandExecutor.java:196)
	at org.openqa.selenium.remote.service.DriverCommandExecutor.execute(DriverCommandExecutor.java:171)
	at org.openqa.selenium.remote.RemoteWebDriver.execute(RemoteWebDriver.java:602)
	at org.openqa.selenium.remote.RemoteWebElement.execute(RemoteWebElement.java:224)
	at org.openqa.selenium.remote.RemoteWebElement.click(RemoteWebElement.java:77)
	at java.base/jdk.internal.reflect.DirectMethodHandleAccessor.invoke(DirectMethodHandleAccessor.java:103)
	at java.base/java.lang.reflect.Method.invoke(Method.java:580)
	at org.openqa.selenium.support.pagefactory.internal.LocatingElementHandler.invoke(LocatingElementHandler.java:51)
	at jdk.proxy2/jdk.proxy2.$Proxy25.click(Unknown Source)
	at util.ElementHelper.click(ElementHelper.java:32)
	at Pages.TicketFilteringPage.selectOnNumaraGameFilter(TicketFilteringPage.java:50)
	at stepDefinitions.TicketFilteringStepDefinitions.theUserFiltersBySelectingTheOnNumaraGame(TicketFilteringStepDefinitions.java:23)
	at ✽.The user filters by selecting the On Numara game(file:///C:/Users/demirci/OneDrive%20-%20SISAL%20SPA/Desktop/selenium-project/src/test/resources/Features/CheckTicketDetail.feature:7)
]]></failure>
    <system-out><![CDATA[
@MilliPiyangoCheckTicketDetail @OnNumaraTicketDetail @SkipLogin
Scenario: OnNumara ticket detail check on Biletlerim page                    &amp#27;[90m# src/test/resources/Features/CheckTicketDetail.feature:5&amp#27;[0m
  &amp#27;[32mGiven &amp#27;[0m&amp#27;[32mUser navigates to the Biletlerim page&amp#27;[0m                                &amp#27;[90m# stepDefinitions.TicketFilteringStepDefinitions.userNavigatesToTheBiletlerimPage()&amp#27;[0m
  &amp#27;[31mWhen &amp#27;[0m&amp#27;[31mThe user filters by selecting the On Numara game&amp#27;[0m                      &amp#27;[90m# stepDefinitions.TicketFilteringStepDefinitions.theUserFiltersBySelectingTheOnNumaraGame()&amp#27;[0m
      &amp#27;[31morg.openqa.selenium.ElementClickInterceptedException: element click intercepted: Element <img src="/area-riservata/assets/Arrow-Small-Right-Blue-B3s2ZO0S.svg" alt="Next arrow icon"> is not clickable at point (1420, 327). Other element would receive the click: <div aria-hidden="true" class="MuiBackdrop-root css-2n0bt3-backdrop" style="opacity: 1; transition: opacity 225ms cubic-bezier(0.4, 0, 0.2, 1);">...</div>
  (Session info: chrome=131.0.6778.205)
Build info: version: '4.14.0', revision: 'e5a96349ce'
System info: os.name: 'Windows 10', os.arch: 'amd64', os.version: '10.0', java.version: '23.0.1'
Driver info: org.openqa.selenium.chrome.ChromeDriver
Command: [be7735fc03c4717f7535499f52cc622b, clickElement {id=f.2CB4CFDDC0B43060FF75006166FCDB97.d.F539A984CAAE154B10C753AA60AB191E.e.299}]
Capabilities {acceptInsecureCerts: false, browserName: chrome, browserVersion: 131.0.6778.205, chrome: {chromedriverVersion: 131.0.6778.204 (52183f9e99a..., userDataDir: C:\Users\demirci\AppData\Lo...}, fedcm:accounts: true, goog:chromeOptions: {debuggerAddress: localhost:60635}, networkConnectionEnabled: false, pageLoadStrategy: normal, platformName: windows, proxy: Proxy(), se:cdp: ws://localhost:60635/devtoo..., se:cdpVersion: 131.0.6778.205, setWindowRect: true, strictFileInteractability: false, timeouts: {implicit: 0, pageLoad: 300000, script: 30000}, unhandledPromptBehavior: dismiss and notify, webauthn:extension:credBlob: true, webauthn:extension:largeBlob: true, webauthn:extension:minPinLength: true, webauthn:extension:prf: true, webauthn:virtualAuthenticators: true}
Element: [[ChromeDriver: chrome on windows (be7735fc03c4717f7535499f52cc622b)] -> css selector: img[alt='Next arrow icon']]
Session ID: be7735fc03c4717f7535499f52cc622b
	at java.base/jdk.internal.reflect.DirectConstructorHandleAccessor.newInstance(DirectConstructorHandleAccessor.java:62)
	at java.base/java.lang.reflect.Constructor.newInstanceWithCaller(Constructor.java:501)
	at java.base/java.lang.reflect.Constructor.newInstance(Constructor.java:485)
	at org.openqa.selenium.remote.codec.w3c.W3CHttpResponseCodec.createException(W3CHttpResponseCodec.java:200)
	at org.openqa.selenium.remote.codec.w3c.W3CHttpResponseCodec.decode(W3CHttpResponseCodec.java:133)
	at org.openqa.selenium.remote.codec.w3c.W3CHttpResponseCodec.decode(W3CHttpResponseCodec.java:52)
	at org.openqa.selenium.remote.HttpCommandExecutor.execute(HttpCommandExecutor.java:191)
	at org.openqa.selenium.remote.service.DriverCommandExecutor.invokeExecute(DriverCommandExecutor.java:196)
	at org.openqa.selenium.remote.service.DriverCommandExecutor.execute(DriverCommandExecutor.java:171)
	at org.openqa.selenium.remote.RemoteWebDriver.execute(RemoteWebDriver.java:602)
	at org.openqa.selenium.remote.RemoteWebElement.execute(RemoteWebElement.java:224)
	at org.openqa.selenium.remote.RemoteWebElement.click(RemoteWebElement.java:77)
	at java.base/jdk.internal.reflect.DirectMethodHandleAccessor.invoke(DirectMethodHandleAccessor.java:103)
	at java.base/java.lang.reflect.Method.invoke(Method.java:580)
	at org.openqa.selenium.support.pagefactory.internal.LocatingElementHandler.invoke(LocatingElementHandler.java:51)
	at jdk.proxy2/jdk.proxy2.$Proxy25.click(Unknown Source)
	at util.ElementHelper.click(ElementHelper.java:32)
	at Pages.TicketFilteringPage.selectOnNumaraGameFilter(TicketFilteringPage.java:50)
	at stepDefinitions.TicketFilteringStepDefinitions.theUserFiltersBySelectingTheOnNumaraGame(TicketFilteringStepDefinitions.java:23)
	at ✽.The user filters by selecting the On Numara game(file:///C:/Users/demirci/OneDrive%20-%20SISAL%20SPA/Desktop/selenium-project/src/test/resources/Features/CheckTicketDetail.feature:7)
&amp#27;[0m

    Embedding screnshot [image/png 132729 bytes]

  &amp#27;[36mWhen &amp#27;[0m&amp#27;[36mThe user filters by selecting the Çekiliş Bekleyen status&amp#27;[0m             &amp#27;[90m# stepDefinitions.CheckTicketDetailStepDefinitions.theUserFiltersBySelectingTheÇekilişBekleyenStatus()&amp#27;[0m
  &amp#27;[36mWhen &amp#27;[0m&amp#27;[36mUser clicks to the detail button&amp#27;[0m                                      &amp#27;[90m# stepDefinitions.CheckTicketDetailStepDefinitions.userClicksToTheDetailButton()&amp#27;[0m
  &amp#27;[36mThen &amp#27;[0m&amp#27;[36mThe user confirms that the ticket detail has been successfully viewed&amp#27;[0m &amp#27;[90m# stepDefinitions.CheckTicketDetailStepDefinitions.theUserConfirmsThatTheTicketDetailHasBeenSuccessfullyViewed()&amp#27;[0m
]]></system-out>
    <system-err><![CDATA[log4j:WARN No appenders could be found for logger (org.testng.TestNG).
log4j:WARN Please initialize the log4j system properly.
log4j:WARN See http://logging.apache.org/log4j/1.2/faq.html#noconfig for more info.
Jan 01, 2025 7:33:44 PM org.openqa.selenium.devtools.CdpVersionFinder findNearestMatch
WARNING: Unable to find CDP implementation matching 131
Jan 01, 2025 7:33:44 PM org.openqa.selenium.chromium.ChromiumDriver lambda$new$5
WARNING: Unable to find version of CDP to use for 131.0.6778.205. You may need to include a dependency on a specific version of the CDP using something similar to `org.seleniumhq.selenium:selenium-devtools-v86:4.14.0` where the version ("v86") matches the version of the chromium-based browser you're using and the version number of the artifact is the same as Selenium's.
]]></system-err>
  </testcase>
</testsuite>