<?xml version="1.0" encoding="UTF-8"?>
<!-- Generated by org.testng.reporters.JUnitReportReporter -->
<testsuite hostname="MacBook-Pro.local" failures="0" tests="3" name="testRunners.runner" time="27.882" errors="0" timestamp="2024-11-06T20:44:04 TRT" skipped="0">
  <testcase classname="testRunners.runner" name="runScenario" time="10.789"/>
  <system-out/>
  <testcase classname="testRunners.runner" name="runScenario" time="10.402"/>
  <system-out/>
  <testcase classname="testRunners.runner" name="runScenario" time="6.691"/>
  <system-out/>
</testsuite> <!-- testRunners.runner -->
