<?xml version="1.0" encoding="UTF-8"?>
<!-- Generated by org.testng.reporters.JUnitReportReporter -->
<testsuite hostname="MacBook-Pro.local" failures="0" tests="1" name="testRunners.runner" time="23.978" errors="1" timestamp="2024-11-12T22:25:53 TRT" skipped="0">
  <testcase classname="testRunners.runner" name="runScenario" time="23.978">
    <error message="no such window: target window already closed
from unknown error: web view not found
  (Session info: chrome=130.0.6723.117)
Build info: version: &#039;4.14.0&#039;, revision: &#039;e5a96349ce&#039;
System info: os.name: &#039;Mac OS X&#039;, os.arch: &#039;aarch64&#039;, os.version: &#039;14.6.1&#039;, java.version: &#039;22.0.2&#039;
Driver info: org.openqa.selenium.chrome.ChromeDriver
Command: [fdd3547fd1aebc7489cda94fe0156db7, findElement {using=xpath, value=//button[@class=&#039;account-register&#039;]}]
Capabilities {acceptInsecureCerts: false, browserName: chrome, browserVersion: 130.0.6723.117, chrome: {chromedriverVersion: 130.0.6723.116 (6ac35f94ae3..., userDataDir: /var/folders/t1/rl_v5fcd6bg...}, fedcm:accounts: true, goog:chromeOptions: {debuggerAddress: localhost:58405}, networkConnectionEnabled: false, pageLoadStrategy: normal, platformName: mac, proxy: Proxy(), se:cdp: ws://localhost:58405/devtoo..., se:cdpVersion: 130.0.6723.117, setWindowRect: true, strictFileInteractability: false, timeouts: {implicit: 0, pageLoad: 300000, script: 30000}, unhandledPromptBehavior: dismiss and notify, webauthn:extension:credBlob: true, webauthn:extension:largeBlob: true, webauthn:extension:minPinLength: true, webauthn:extension:prf: true, webauthn:virtualAuthenticators: true}
Session ID: fdd3547fd1aebc7489cda94fe0156db7" type="org.openqa.selenium.NoSuchWindowException">
      <![CDATA[org.openqa.selenium.NoSuchWindowException: no such window: target window already closed
from unknown error: web view not found
  (Session info: chrome=130.0.6723.117)
Build info: version: '4.14.0', revision: 'e5a96349ce'
System info: os.name: 'Mac OS X', os.arch: 'aarch64', os.version: '14.6.1', java.version: '22.0.2'
Driver info: org.openqa.selenium.chrome.ChromeDriver
Command: [fdd3547fd1aebc7489cda94fe0156db7, findElement {using=xpath, value=//button[@class='account-register']}]
Capabilities {acceptInsecureCerts: false, browserName: chrome, browserVersion: 130.0.6723.117, chrome: {chromedriverVersion: 130.0.6723.116 (6ac35f94ae3..., userDataDir: /var/folders/t1/rl_v5fcd6bg...}, fedcm:accounts: true, goog:chromeOptions: {debuggerAddress: localhost:58405}, networkConnectionEnabled: false, pageLoadStrategy: normal, platformName: mac, proxy: Proxy(), se:cdp: ws://localhost:58405/devtoo..., se:cdpVersion: 130.0.6723.117, setWindowRect: true, strictFileInteractability: false, timeouts: {implicit: 0, pageLoad: 300000, script: 30000}, unhandledPromptBehavior: dismiss and notify, webauthn:extension:credBlob: true, webauthn:extension:largeBlob: true, webauthn:extension:minPinLength: true, webauthn:extension:prf: true, webauthn:virtualAuthenticators: true}
Session ID: fdd3547fd1aebc7489cda94fe0156db7
at java.base/jdk.internal.reflect.DirectConstructorHandleAccessor.newInstance(DirectConstructorHandleAccessor.java:62)
at java.base/java.lang.reflect.Constructor.newInstanceWithCaller(Constructor.java:502)
at java.base/java.lang.reflect.Constructor.newInstance(Constructor.java:486)
at org.openqa.selenium.remote.codec.w3c.W3CHttpResponseCodec.createException(W3CHttpResponseCodec.java:200)
at org.openqa.selenium.remote.codec.w3c.W3CHttpResponseCodec.decode(W3CHttpResponseCodec.java:133)
at org.openqa.selenium.remote.codec.w3c.W3CHttpResponseCodec.decode(W3CHttpResponseCodec.java:52)
at org.openqa.selenium.remote.HttpCommandExecutor.execute(HttpCommandExecutor.java:191)
at org.openqa.selenium.remote.service.DriverCommandExecutor.invokeExecute(DriverCommandExecutor.java:196)
at org.openqa.selenium.remote.service.DriverCommandExecutor.execute(DriverCommandExecutor.java:171)
at org.openqa.selenium.remote.RemoteWebDriver.execute(RemoteWebDriver.java:602)
at org.openqa.selenium.remote.ElementLocation$ElementFinder$2.findElement(ElementLocation.java:165)
at org.openqa.selenium.remote.ElementLocation.findElement(ElementLocation.java:59)
at org.openqa.selenium.remote.RemoteWebDriver.findElement(RemoteWebDriver.java:359)
at org.openqa.selenium.remote.RemoteWebDriver.findElement(RemoteWebDriver.java:353)
at org.openqa.selenium.support.pagefactory.DefaultElementLocator.findElement(DefaultElementLocator.java:68)
at org.openqa.selenium.support.pagefactory.internal.LocatingElementHandler.invoke(LocatingElementHandler.java:38)
at jdk.proxy2/jdk.proxy2.$Proxy25.toString(Unknown Source)
at java.base/java.lang.StringConcatHelper.stringOf(StringConcatHelper.java:465)
at java.base/java.lang.StringConcatHelper.simpleConcat(StringConcatHelper.java:420)
at org.openqa.selenium.support.ui.ExpectedConditions$23.toString(ExpectedConditions.java:669)
at java.base/java.lang.StringConcatHelper.stringOf(StringConcatHelper.java:465)
at java.base/java.lang.StringConcatHelper.simpleConcat(StringConcatHelper.java:420)
at org.openqa.selenium.support.ui.FluentWait.until(FluentWait.java:227)
at util.ElementHelper.checkClickable(ElementHelper.java:30)
at util.ElementHelper.click(ElementHelper.java:33)
at Pages.RegisterPage.clickSubmitButton(RegisterPage.java:118)
at stepDefinitions.RegisterPageStepDefinitions.userCompletesTheRegistrationFormWith(RegisterPageStepDefinitions.java:24)
at ✽.User completes the registration form with random data(file:///Users/yusuf/software/test/CucumberProjects/Cucumber-Milli-Piyango/src/test/resources/Features/Register.feature:7)
]]>
    </error>
  </testcase> <!-- runScenario -->
  <system-out/>
</testsuite> <!-- testRunners.runner -->
