<?xml version="1.0" encoding="UTF-8"?>
<!-- Generated by org.testng.reporters.JUnitReportReporter -->
<testsuite hostname="TUR034P21S" failures="0" tests="3" name="testRunners.runner" time="48.935" errors="0" timestamp="2024-12-08T20:10:04 GMT+03:00" skipped="0">
  <testcase classname="testRunners.runner" name="runScenario" time="20.480"/>
  <system-out/>
  <testcase classname="testRunners.runner" name="runScenario" time="14.128"/>
  <system-out/>
  <testcase classname="testRunners.runner" name="runScenario" time="14.327"/>
  <system-out/>
</testsuite> <!-- testRunners.runner -->
