<?xml version="1.0" encoding="UTF-8"?>
<!-- Generated by org.testng.reporters.JUnitReportReporter -->
<testsuite hostname="MacBook-Pro.local" failures="3" tests="3" name="testRunners.ApiRunner" time="760.537" errors="0" timestamp="2026-04-05T22:14:58 TRT" skipped="0">
  <testcase classname="testRunners.ApiRunner" name="runScenario" time="43.327">
    <failure message="Expected status code 200 but got 422
Response body: {&quot;status&quot;:&quot;FAILURE&quot;,&quot;requestId&quot;:&quot;8e37b733-f4e3-4ad5-b980-43833c5d67bd&quot;,&quot;datetime&quot;:&quot;05-04-2026 22:14:55&quot;,&quot;error&quot;:{&quot;errorInfo&quot;:&quot;err.empty&quot;}} expected [200] but found [422]" type="java.lang.AssertionError">
      <![CDATA[java.lang.AssertionError: Expected status code 200 but got 422
Response body: {"status":"FAILURE","requestId":"8e37b733-f4e3-4ad5-b980-43833c5d67bd","datetime":"05-04-2026 22:14:55","error":{"errorInfo":"err.empty"}} expected [200] but found [422]
at org.testng.Assert.fail(Assert.java:110)
at org.testng.Assert.failNotEquals(Assert.java:1413)
at org.testng.Assert.assertEqualsImpl(Assert.java:149)
at org.testng.Assert.assertEquals(Assert.java:131)
at org.testng.Assert.assertEquals(Assert.java:1240)
at stepDefinitions.ApiLoginStepDefinitions.apiResponseStatusCodeShouldBe(ApiLoginStepDefinitions.java:48)
at ✽.API response status code should be 200(file:///Users/yusuf/software/test/CucumberProjects/selenium-project-main/src/test/resources/Features/ApiLogin.feature:7)
]]>
    </failure>
  </testcase> <!-- runScenario -->
  <system-out/>
  <testcase classname="testRunners.ApiRunner" name="runScenario" time="664.109">
    <failure message="Expected status code 200 but got 422
Response body: {&quot;status&quot;:&quot;FAILURE&quot;,&quot;requestId&quot;:&quot;06478919-f9d2-4f52-870d-b857cf8c3152&quot;,&quot;datetime&quot;:&quot;05-04-2026 22:13:18&quot;,&quot;error&quot;:{&quot;errorInfo&quot;:&quot;err.empty&quot;}} expected [200] but found [422]" type="java.lang.AssertionError">
      <![CDATA[java.lang.AssertionError: Expected status code 200 but got 422
Response body: {"status":"FAILURE","requestId":"06478919-f9d2-4f52-870d-b857cf8c3152","datetime":"05-04-2026 22:13:18","error":{"errorInfo":"err.empty"}} expected [200] but found [422]
at org.testng.Assert.fail(Assert.java:110)
at org.testng.Assert.failNotEquals(Assert.java:1413)
at org.testng.Assert.assertEqualsImpl(Assert.java:149)
at org.testng.Assert.assertEquals(Assert.java:131)
at org.testng.Assert.assertEquals(Assert.java:1240)
at stepDefinitions.ApiLoginStepDefinitions.apiResponseStatusCodeShouldBe(ApiLoginStepDefinitions.java:48)
at ✽.API response status code should be 200(file:///Users/yusuf/software/test/CucumberProjects/selenium-project-main/src/test/resources/Features/ApiLogin.feature:7)
]]>
    </failure>
  </testcase> <!-- runScenario -->
  <system-out/>
  <testcase classname="testRunners.ApiRunner" name="runScenario" time="53.101">
    <failure message="Expected status code 200 but got 422
Response body: {&quot;status&quot;:&quot;FAILURE&quot;,&quot;requestId&quot;:&quot;3fec6c76-b9c8-4efa-b29a-dd52655475e9&quot;,&quot;datetime&quot;:&quot;05-04-2026 22:14:12&quot;,&quot;error&quot;:{&quot;errorInfo&quot;:&quot;err.empty&quot;}} expected [200] but found [422]" type="java.lang.AssertionError">
      <![CDATA[java.lang.AssertionError: Expected status code 200 but got 422
Response body: {"status":"FAILURE","requestId":"3fec6c76-b9c8-4efa-b29a-dd52655475e9","datetime":"05-04-2026 22:14:12","error":{"errorInfo":"err.empty"}} expected [200] but found [422]
at org.testng.Assert.fail(Assert.java:110)
at org.testng.Assert.failNotEquals(Assert.java:1413)
at org.testng.Assert.assertEqualsImpl(Assert.java:149)
at org.testng.Assert.assertEquals(Assert.java:131)
at org.testng.Assert.assertEquals(Assert.java:1240)
at stepDefinitions.ApiLoginStepDefinitions.apiResponseStatusCodeShouldBe(ApiLoginStepDefinitions.java:48)
at ✽.API response status code should be 200(file:///Users/yusuf/software/test/CucumberProjects/selenium-project-main/src/test/resources/Features/ApiLogin.feature:7)
]]>
    </failure>
  </testcase> <!-- runScenario -->
  <system-out/>
</testsuite> <!-- testRunners.ApiRunner -->
