<?xml version="1.0" encoding="UTF-8"?>
<!-- Generated by org.testng.reporters.JUnitReportReporter -->
<testsuite hostname="MacBook-Pro.local" failures="3" tests="3" name="testRunners.runner" time="255.901" errors="0" timestamp="2026-04-05T22:14:58 TRT" skipped="0">
  <testcase classname="testRunners.runner" name="runScenario" time="65.962">
    <failure message="Expected status code 200 but got 422
Response body: {&quot;status&quot;:&quot;FAILURE&quot;,&quot;requestId&quot;:&quot;7f667ee2-dca9-4d41-9961-1c7a71e4ff53&quot;,&quot;datetime&quot;:&quot;05-04-2026 21:55:36&quot;,&quot;error&quot;:{&quot;errorInfo&quot;:&quot;err.empty&quot;}} expected [200] but found [422]" type="java.lang.AssertionError">
      <![CDATA[java.lang.AssertionError: Expected status code 200 but got 422
Response body: {"status":"FAILURE","requestId":"7f667ee2-dca9-4d41-9961-1c7a71e4ff53","datetime":"05-04-2026 21:55:36","error":{"errorInfo":"err.empty"}} expected [200] but found [422]
at org.testng.Assert.fail(Assert.java:110)
at org.testng.Assert.failNotEquals(Assert.java:1413)
at org.testng.Assert.assertEqualsImpl(Assert.java:149)
at org.testng.Assert.assertEquals(Assert.java:131)
at org.testng.Assert.assertEquals(Assert.java:1240)
at stepDefinitions.ApiLoginStepDefinitions.apiResponseStatusCodeShouldBe(ApiLoginStepDefinitions.java:48)
at ✽.API response status code should be 200(file:///Users/yusuf/software/test/CucumberProjects/selenium-project-main/src/test/resources/Features/ApiLogin.feature:7)
]]>
    </failure>
  </testcase> <!-- runScenario -->
  <system-out/>
  <testcase classname="testRunners.runner" name="runScenario" time="94.710">
    <failure message="Expected status code 200 but got 422
Response body: {&quot;status&quot;:&quot;FAILURE&quot;,&quot;requestId&quot;:&quot;08378a11-d344-409c-b0af-6a02c84c9fbf&quot;,&quot;datetime&quot;:&quot;05-04-2026 21:58:46&quot;,&quot;error&quot;:{&quot;errorInfo&quot;:&quot;err.empty&quot;}} expected [200] but found [422]" type="java.lang.AssertionError">
      <![CDATA[java.lang.AssertionError: Expected status code 200 but got 422
Response body: {"status":"FAILURE","requestId":"08378a11-d344-409c-b0af-6a02c84c9fbf","datetime":"05-04-2026 21:58:46","error":{"errorInfo":"err.empty"}} expected [200] but found [422]
at org.testng.Assert.fail(Assert.java:110)
at org.testng.Assert.failNotEquals(Assert.java:1413)
at org.testng.Assert.assertEqualsImpl(Assert.java:149)
at org.testng.Assert.assertEquals(Assert.java:131)
at org.testng.Assert.assertEquals(Assert.java:1240)
at stepDefinitions.ApiLoginStepDefinitions.apiResponseStatusCodeShouldBe(ApiLoginStepDefinitions.java:48)
at ✽.API response status code should be 200(file:///Users/yusuf/software/test/CucumberProjects/selenium-project-main/src/test/resources/Features/ApiLogin.feature:7)
]]>
    </failure>
  </testcase> <!-- runScenario -->
  <system-out/>
  <testcase classname="testRunners.runner" name="runScenario" time="95.229">
    <failure message="Expected status code 200 but got 422
Response body: {&quot;status&quot;:&quot;FAILURE&quot;,&quot;requestId&quot;:&quot;188ab416-4f6e-4df1-810b-fcb98ec77471&quot;,&quot;datetime&quot;:&quot;05-04-2026 21:57:11&quot;,&quot;error&quot;:{&quot;errorInfo&quot;:&quot;err.empty&quot;}} expected [200] but found [422]" type="java.lang.AssertionError">
      <![CDATA[java.lang.AssertionError: Expected status code 200 but got 422
Response body: {"status":"FAILURE","requestId":"188ab416-4f6e-4df1-810b-fcb98ec77471","datetime":"05-04-2026 21:57:11","error":{"errorInfo":"err.empty"}} expected [200] but found [422]
at org.testng.Assert.fail(Assert.java:110)
at org.testng.Assert.failNotEquals(Assert.java:1413)
at org.testng.Assert.assertEqualsImpl(Assert.java:149)
at org.testng.Assert.assertEquals(Assert.java:131)
at org.testng.Assert.assertEquals(Assert.java:1240)
at stepDefinitions.ApiLoginStepDefinitions.apiResponseStatusCodeShouldBe(ApiLoginStepDefinitions.java:48)
at ✽.API response status code should be 200(file:///Users/yusuf/software/test/CucumberProjects/selenium-project-main/src/test/resources/Features/ApiLogin.feature:7)
]]>
    </failure>
  </testcase> <!-- runScenario -->
  <system-out/>
</testsuite> <!-- testRunners.runner -->
