<?xml version="1.0" encoding="UTF-8"?>
<!-- Generated by org.testng.reporters.JUnitReportReporter -->
<testsuite hostname="MacBook-Pro.local" failures="0" tests="3" name="testRunners.runner" time="25.407" errors="0" timestamp="2024-11-06T22:10:14 TRT" skipped="0">
  <testcase classname="testRunners.runner" name="runScenario" time="7.788"/>
  <system-out/>
  <testcase classname="testRunners.runner" name="runScenario" time="9.412"/>
  <system-out/>
  <testcase classname="testRunners.runner" name="runScenario" time="8.207"/>
  <system-out/>
</testsuite> <!-- testRunners.runner -->
