<?xml version="1.0" encoding="UTF-8"?>
<!-- Generated by org.testng.reporters.JUnitReportReporter -->
<testsuite hostname="MacBook-Pro.local" failures="0" tests="3" name="testRunners.runner" time="35.226" errors="0" timestamp="2024-10-10T15:32:17 TRT" skipped="0">
  <testcase classname="testRunners.runner" name="runScenario" time="11.641"/>
  <system-out/>
  <testcase classname="testRunners.runner" name="runScenario" time="13.053"/>
  <system-out/>
  <testcase classname="testRunners.runner" name="runScenario" time="10.532"/>
  <system-out/>
</testsuite> <!-- testRunners.runner -->
